#
# There is insufficient memory for the Java Runtime Environment to continue.
# Native memory allocation (malloc) failed to allocate 1208016 bytes. Error detail: Chunk::new
# Possible reasons:
#   The system is out of physical RAM or swap space
#   This process is running with CompressedOops enabled, and the Java Heap may be blocking the growth of the native heap
# Possible solutions:
#   Reduce memory load on the system
#   Increase physical memory or swap space
#   Check if swap backing store is full
#   Decrease Java heap size (-Xmx/-Xms)
#   Decrease number of Java threads
#   Decrease Java thread stack sizes (-Xss)
#   Set larger code cache with -XX:ReservedCodeCacheSize=
#   JVM is running with Unscaled Compressed Oops mode in which the Java heap is
#     placed in the first 4GB address space. The Java Heap base address is the
#     maximum limit for the native heap growth. Please use -XX:HeapBaseMinAddress
#     to set the Java Heap base and to place the Java Heap above 4GB virtual address.
# This output file may be truncated or incomplete.
#
#  Out of Memory Error (arena.cpp:168), pid=3188, tid=43132
#
# JRE version: OpenJDK Runtime Environment Microsoft-11933218 (21.0.8+9) (build 21.0.8+9-LTS)
# Java VM: OpenJDK 64-Bit Server VM Microsoft-11933218 (21.0.8+9-LTS, mixed mode, sharing, tiered, compressed oops, compressed class ptrs, g1 gc, windows-amd64)
# No core dump will be written. Minidumps are not enabled by default on client versions of Windows
#

---------------  S U M M A R Y ------------

Command Line: --add-opens=java.base/java.lang=ALL-UNNAMED --add-opens=java.base/java.lang.invoke=ALL-UNNAMED --add-opens=java.base/java.util=ALL-UNNAMED --add-opens=java.prefs/java.util.prefs=ALL-UNNAMED --add-exports=jdk.compiler/com.sun.tools.javac.api=ALL-UNNAMED --add-exports=jdk.compiler/com.sun.tools.javac.util=ALL-UNNAMED --add-opens=java.base/java.util=ALL-UNNAMED --add-opens=java.prefs/java.util.prefs=ALL-UNNAMED --add-opens=java.base/java.nio.charset=ALL-UNNAMED --add-opens=java.base/java.net=ALL-UNNAMED --add-opens=java.base/java.util.concurrent.atomic=ALL-UNNAMED --add-opens=java.xml/javax.xml.namespace=ALL-UNNAMED -XX:MaxMetaspaceSize=384m -XX:+HeapDumpOnOutOfMemoryError -Xms256m -Xmx512m -Dfile.encoding=windows-1252 -Duser.country=US -Duser.language=en -Duser.variant -javaagent:C:\Users\dduc1\.gradle\wrapper\dists\gradle-8.14.3-bin\cv11ve7ro1n3o1j4so8xd9n66\gradle-8.14.3\lib\agents\gradle-instrumentation-agent-8.14.3.jar org.gradle.launcher.daemon.bootstrap.GradleDaemon 8.14.3

Host: AMD Ryzen 5 5600H with Radeon Graphics         , 12 cores, 15G,  Windows 11 , 64 bit Build 26100 (10.0.26100.6725)
Time: Tue Nov  4 12:11:11 2025 SE Asia Standard Time elapsed time: 18.455768 seconds (0d 0h 0m 18s)

---------------  T H R E A D  ---------------

Current thread (0x00000251f90083e0):  JavaThread "C2 CompilerThread0" daemon [_thread_in_native, id=43132, stack(0x0000006223f00000,0x0000006224000000) (1024K)]


Current CompileTask:
C2:18455 2828       4       java.lang.invoke.MethodType::makeImpl (109 bytes)

Stack: [0x0000006223f00000,0x0000006224000000]
Native frames: (J=compiled Java code, j=interpreted, Vv=VM code, C=native code)
V  [jvm.dll+0x6e1729]
V  [jvm.dll+0x8bf47b]
V  [jvm.dll+0x8c19aa]
V  [jvm.dll+0x8c2083]
V  [jvm.dll+0x289fd6]
V  [jvm.dll+0xc903d]
V  [jvm.dll+0xc958c]
V  [jvm.dll+0x3c76e2]
V  [jvm.dll+0x1ea3a6]
V  [jvm.dll+0x251db3]
V  [jvm.dll+0x251283]
V  [jvm.dll+0x1d18bf]
V  [jvm.dll+0x260f4a]
V  [jvm.dll+0x25f2b5]
V  [jvm.dll+0x40151d]
V  [jvm.dll+0x86975d]
V  [jvm.dll+0x6dff2d]
C  [ucrtbase.dll+0x37b0]
C  [KERNEL32.DLL+0x2e8d7]
C  [ntdll.dll+0x8c53c]


---------------  P R O C E S S  ---------------

Threads class SMR info:
_java_thread_list=0x00000251fafe3fb0, length=27, elements={
0x00000251e656af70, 0x00000251f4cf95f0, 0x00000251f4cfa040, 0x00000251f9000bf0,
0x00000251f9001640, 0x00000251f9002c00, 0x00000251f9003650, 0x00000251f90083e0,
0x00000251f900b420, 0x00000251f9023fd0, 0x00000251f91a5060, 0x00000251fa0c8330,
0x00000251fabec0e0, 0x00000251fabe59f0, 0x00000251fac44ea0, 0x00000251fac1b130,
0x00000251fad3ba30, 0x00000251fad3c090, 0x00000251f9556450, 0x00000251f9555dc0,
0x00000251f9553cf0, 0x00000251f9556ae0, 0x00000251f9554380, 0x00000251f9554a10,
0x00000251f9555730, 0x00000251fb6bda70, 0x00000251fadd0040
}

Java Threads: ( => current thread )
  0x00000251e656af70 JavaThread "main"                              [_thread_blocked, id=6952, stack(0x0000006223100000,0x0000006223200000) (1024K)]
  0x00000251f4cf95f0 JavaThread "Reference Handler"          daemon [_thread_blocked, id=53940, stack(0x0000006223900000,0x0000006223a00000) (1024K)]
  0x00000251f4cfa040 JavaThread "Finalizer"                  daemon [_thread_blocked, id=38184, stack(0x0000006223a00000,0x0000006223b00000) (1024K)]
  0x00000251f9000bf0 JavaThread "Signal Dispatcher"          daemon [_thread_blocked, id=27900, stack(0x0000006223b00000,0x0000006223c00000) (1024K)]
  0x00000251f9001640 JavaThread "Attach Listener"            daemon [_thread_blocked, id=54884, stack(0x0000006223c00000,0x0000006223d00000) (1024K)]
  0x00000251f9002c00 JavaThread "Service Thread"             daemon [_thread_blocked, id=54172, stack(0x0000006223d00000,0x0000006223e00000) (1024K)]
  0x00000251f9003650 JavaThread "Monitor Deflation Thread"   daemon [_thread_blocked, id=56012, stack(0x0000006223e00000,0x0000006223f00000) (1024K)]
=>0x00000251f90083e0 JavaThread "C2 CompilerThread0"         daemon [_thread_in_native, id=43132, stack(0x0000006223f00000,0x0000006224000000) (1024K)]
  0x00000251f900b420 JavaThread "C1 CompilerThread0"         daemon [_thread_blocked, id=31116, stack(0x0000006224000000,0x0000006224100000) (1024K)]
  0x00000251f9023fd0 JavaThread "Common-Cleaner"             daemon [_thread_blocked, id=27240, stack(0x0000006224100000,0x0000006224200000) (1024K)]
  0x00000251f91a5060 JavaThread "Notification Thread"        daemon [_thread_blocked, id=25204, stack(0x0000006224200000,0x0000006224300000) (1024K)]
  0x00000251fa0c8330 JavaThread "Daemon health stats"               [_thread_blocked, id=45304, stack(0x0000006224900000,0x0000006224a00000) (1024K)]
  0x00000251fabec0e0 JavaThread "Incoming local TCP Connector on port 62518"        [_thread_in_native, id=46588, stack(0x0000006224a00000,0x0000006224b00000) (1024K)]
  0x00000251fabe59f0 JavaThread "Daemon periodic checks"            [_thread_blocked, id=39076, stack(0x0000006224b00000,0x0000006224c00000) (1024K)]
  0x00000251fac44ea0 JavaThread "Daemon"                            [_thread_blocked, id=61348, stack(0x0000006224300000,0x0000006224400000) (1024K)]
  0x00000251fac1b130 JavaThread "Handler for socket connection from /127.0.0.1:62518 to /127.0.0.1:62522"        [_thread_in_native, id=50140, stack(0x0000006224c00000,0x0000006224d00000) (1024K)]
  0x00000251fad3ba30 JavaThread "Cancel handler"                    [_thread_blocked, id=16540, stack(0x0000006224d00000,0x0000006224e00000) (1024K)]
  0x00000251fad3c090 JavaThread "Daemon worker"                     [_thread_in_vm, id=43152, stack(0x0000006224e00000,0x0000006224f00000) (1024K)]
  0x00000251f9556450 JavaThread "Asynchronous log dispatcher for DefaultDaemonConnection: socket connection from /127.0.0.1:62518 to /127.0.0.1:62522"        [_thread_blocked, id=17252, stack(0x0000006224f00000,0x0000006225000000) (1024K)]
  0x00000251f9555dc0 JavaThread "Stdin handler"                     [_thread_blocked, id=23500, stack(0x0000006225000000,0x0000006225100000) (1024K)]
  0x00000251f9553cf0 JavaThread "Daemon client event forwarder"        [_thread_blocked, id=54720, stack(0x0000006225100000,0x0000006225200000) (1024K)]
  0x00000251f9556ae0 JavaThread "Cache worker for journal cache (C:\Users\dduc1\.gradle\caches\journal-1)"        [_thread_blocked, id=59116, stack(0x0000006225200000,0x0000006225300000) (1024K)]
  0x00000251f9554380 JavaThread "File lock request listener"        [_thread_in_native, id=24512, stack(0x0000006225300000,0x0000006225400000) (1024K)]
  0x00000251f9554a10 JavaThread "File lock release action executor"        [_thread_blocked, id=40280, stack(0x0000006225400000,0x0000006225500000) (1024K)]
  0x00000251f9555730 JavaThread "Cache worker for file hash cache (C:\Users\dduc1\.gradle\caches\8.14.3\fileHashes)"        [_thread_blocked, id=4016, stack(0x0000006225500000,0x0000006225600000) (1024K)]
  0x00000251fb6bda70 JavaThread "C2 CompilerThread1"         daemon [_thread_in_native, id=9560, stack(0x0000006225600000,0x0000006225700000) (1024K)]
  0x00000251fadd0040 JavaThread "C2 CompilerThread2"         daemon [_thread_in_native, id=54612, stack(0x0000006225700000,0x0000006225800000) (1024K)]
Total: 27

Other Threads:
  0x00000251f4cdcf30 VMThread "VM Thread"                           [id=60612, stack(0x0000006223800000,0x0000006223900000) (1024K)]
  0x00000251f4ccc780 WatcherThread "VM Periodic Task Thread"        [id=53244, stack(0x0000006223700000,0x0000006223800000) (1024K)]
  0x00000251e8a2b790 WorkerThread "GC Thread#0"                     [id=53356, stack(0x0000006223200000,0x0000006223300000) (1024K)]
  0x00000251f93fb110 WorkerThread "GC Thread#1"                     [id=22596, stack(0x0000006224400000,0x0000006224500000) (1024K)]
  0x00000251f933ace0 WorkerThread "GC Thread#2"                     [id=43332, stack(0x0000006224500000,0x0000006224600000) (1024K)]
  0x00000251f933b080 WorkerThread "GC Thread#3"                     [id=27004, stack(0x0000006224600000,0x0000006224700000) (1024K)]
  0x00000251f92840b0 WorkerThread "GC Thread#4"                     [id=60892, stack(0x0000006224700000,0x0000006224800000) (1024K)]
  0x00000251f9284450 WorkerThread "GC Thread#5"                     [id=40188, stack(0x0000006224800000,0x0000006224900000) (1024K)]
  0x00000251e8a30680 ConcurrentGCThread "G1 Main Marker"            [id=49892, stack(0x0000006223300000,0x0000006223400000) (1024K)]
  0x00000251e8a31090 WorkerThread "G1 Conc#0"                       [id=45640, stack(0x0000006223400000,0x0000006223500000) (1024K)]
  0x00000251e8abe520 ConcurrentGCThread "G1 Refine#0"               [id=59220, stack(0x0000006223500000,0x0000006223600000) (1024K)]
  0x00000251f4ba0650 ConcurrentGCThread "G1 Service"                [id=55152, stack(0x0000006223600000,0x0000006223700000) (1024K)]
Total: 12

Threads with active compile tasks:
C2 CompilerThread0  18509 2828       4       java.lang.invoke.MethodType::makeImpl (109 bytes)
C2 CompilerThread1  18509 2956   !   4       java.net.URLClassLoader::findClass (47 bytes)
C2 CompilerThread2  18509 2958   !   4       java.lang.ClassLoader::loadClass (121 bytes)
Total: 3

VM state: not at safepoint (normal execution)

VM Mutex/Monitor currently owned by a thread: None

Heap address: 0x00000000e0000000, size: 512 MB, Compressed Oops mode: 32-bit

CDS archive(s) mapped at: [0x000002518f000000-0x000002518fc80000-0x000002518fc80000), size 13107200, SharedBaseAddress: 0x000002518f000000, ArchiveRelocationMode: 1.
Compressed class space mapped at: 0x0000025190000000-0x00000251a4000000, reserved size: 335544320
Narrow klass base: 0x000002518f000000, Narrow klass shift: 0, Narrow klass range: 0x100000000

GC Precious Log:
 CardTable entry size: 512
 Card Set container configuration: InlinePtr #cards 5 size 8 Array Of Cards #cards 12 size 40 Howl #buckets 4 coarsen threshold 1843 Howl Bitmap #cards 512 size 80 coarsen threshold 460 Card regions per heap region 1 cards per card region 2048
 CPUs: 12 total, 12 available
 Memory: 15724M
 Large Page Support: Disabled
 NUMA Support: Disabled
 Compressed Oops: Enabled (32-bit)
 Heap Region Size: 1M
 Heap Min Capacity: 256M
 Heap Initial Capacity: 256M
 Heap Max Capacity: 512M
 Pre-touch: Disabled
 Parallel Workers: 10
 Concurrent Workers: 3
 Concurrent Refinement Workers: 10
 Periodic GC: Disabled

Heap:
 garbage-first heap   total 262144K, used 82199K [0x00000000e0000000, 0x0000000100000000)
  region size 1024K, 70 young (71680K), 5 survivors (5120K)
 Metaspace       used 17533K, committed 18048K, reserved 393216K
  class space    used 2475K, committed 2688K, reserved 327680K

Heap Regions: E=young(eden), S=young(survivor), O=old, HS=humongous(starts), HC=humongous(continues), CS=collection set, F=free, TAMS=top-at-mark-start, PB=parsable bottom
|   0|0x00000000e0000000, 0x00000000e0100000, 0x00000000e0100000|100%|HS|  |TAMS 0x00000000e0000000| PB 0x00000000e0000000| Complete 
|   1|0x00000000e0100000, 0x00000000e0200000, 0x00000000e0200000|100%|HC|  |TAMS 0x00000000e0100000| PB 0x00000000e0100000| Complete 
|   2|0x00000000e0200000, 0x00000000e0300000, 0x00000000e0300000|100%|HC|  |TAMS 0x00000000e0200000| PB 0x00000000e0200000| Complete 
|   3|0x00000000e0300000, 0x00000000e0400000, 0x00000000e0400000|100%| O|  |TAMS 0x00000000e0300000| PB 0x00000000e0300000| Untracked 
|   4|0x00000000e0400000, 0x00000000e0500000, 0x00000000e0500000|100%| O|  |TAMS 0x00000000e0400000| PB 0x00000000e0400000| Untracked 
|   5|0x00000000e0500000, 0x00000000e0600000, 0x00000000e0600000|100%| O|  |TAMS 0x00000000e0500000| PB 0x00000000e0500000| Untracked 
|   6|0x00000000e0600000, 0x00000000e0700000, 0x00000000e0700000|100%|HS|  |TAMS 0x00000000e0600000| PB 0x00000000e0600000| Complete 
|   7|0x00000000e0700000, 0x00000000e0700000, 0x00000000e0800000|  0%| F|  |TAMS 0x00000000e0700000| PB 0x00000000e0700000| Untracked 
|   8|0x00000000e0800000, 0x00000000e0900000, 0x00000000e0900000|100%| O|  |TAMS 0x00000000e0800000| PB 0x00000000e0800000| Untracked 
|   9|0x00000000e0900000, 0x00000000e0a00000, 0x00000000e0a00000|100%| O|  |TAMS 0x00000000e0900000| PB 0x00000000e0900000| Untracked 
|  10|0x00000000e0a00000, 0x00000000e0b00000, 0x00000000e0b00000|100%| O|  |TAMS 0x00000000e0a00000| PB 0x00000000e0a00000| Untracked 
|  11|0x00000000e0b00000, 0x00000000e0c00000, 0x00000000e0c00000|100%| O|  |TAMS 0x00000000e0b00000| PB 0x00000000e0b00000| Untracked 
|  12|0x00000000e0c00000, 0x00000000e0c7a600, 0x00000000e0d00000| 47%| O|  |TAMS 0x00000000e0c00000| PB 0x00000000e0c00000| Untracked 
|  13|0x00000000e0d00000, 0x00000000e0d00000, 0x00000000e0e00000|  0%| F|  |TAMS 0x00000000e0d00000| PB 0x00000000e0d00000| Untracked 
|  14|0x00000000e0e00000, 0x00000000e0e00000, 0x00000000e0f00000|  0%| F|  |TAMS 0x00000000e0e00000| PB 0x00000000e0e00000| Untracked 
|  15|0x00000000e0f00000, 0x00000000e0f00000, 0x00000000e1000000|  0%| F|  |TAMS 0x00000000e0f00000| PB 0x00000000e0f00000| Untracked 
|  16|0x00000000e1000000, 0x00000000e1000000, 0x00000000e1100000|  0%| F|  |TAMS 0x00000000e1000000| PB 0x00000000e1000000| Untracked 
|  17|0x00000000e1100000, 0x00000000e1100000, 0x00000000e1200000|  0%| F|  |TAMS 0x00000000e1100000| PB 0x00000000e1100000| Untracked 
|  18|0x00000000e1200000, 0x00000000e1200000, 0x00000000e1300000|  0%| F|  |TAMS 0x00000000e1200000| PB 0x00000000e1200000| Untracked 
|  19|0x00000000e1300000, 0x00000000e1300000, 0x00000000e1400000|  0%| F|  |TAMS 0x00000000e1300000| PB 0x00000000e1300000| Untracked 
|  20|0x00000000e1400000, 0x00000000e1400000, 0x00000000e1500000|  0%| F|  |TAMS 0x00000000e1400000| PB 0x00000000e1400000| Untracked 
|  21|0x00000000e1500000, 0x00000000e1500000, 0x00000000e1600000|  0%| F|  |TAMS 0x00000000e1500000| PB 0x00000000e1500000| Untracked 
|  22|0x00000000e1600000, 0x00000000e1600000, 0x00000000e1700000|  0%| F|  |TAMS 0x00000000e1600000| PB 0x00000000e1600000| Untracked 
|  23|0x00000000e1700000, 0x00000000e1700000, 0x00000000e1800000|  0%| F|  |TAMS 0x00000000e1700000| PB 0x00000000e1700000| Untracked 
|  24|0x00000000e1800000, 0x00000000e1800000, 0x00000000e1900000|  0%| F|  |TAMS 0x00000000e1800000| PB 0x00000000e1800000| Untracked 
|  25|0x00000000e1900000, 0x00000000e1900000, 0x00000000e1a00000|  0%| F|  |TAMS 0x00000000e1900000| PB 0x00000000e1900000| Untracked 
|  26|0x00000000e1a00000, 0x00000000e1a00000, 0x00000000e1b00000|  0%| F|  |TAMS 0x00000000e1a00000| PB 0x00000000e1a00000| Untracked 
|  27|0x00000000e1b00000, 0x00000000e1b00000, 0x00000000e1c00000|  0%| F|  |TAMS 0x00000000e1b00000| PB 0x00000000e1b00000| Untracked 
|  28|0x00000000e1c00000, 0x00000000e1c00000, 0x00000000e1d00000|  0%| F|  |TAMS 0x00000000e1c00000| PB 0x00000000e1c00000| Untracked 
|  29|0x00000000e1d00000, 0x00000000e1d00000, 0x00000000e1e00000|  0%| F|  |TAMS 0x00000000e1d00000| PB 0x00000000e1d00000| Untracked 
|  30|0x00000000e1e00000, 0x00000000e1e00000, 0x00000000e1f00000|  0%| F|  |TAMS 0x00000000e1e00000| PB 0x00000000e1e00000| Untracked 
|  31|0x00000000e1f00000, 0x00000000e1f00000, 0x00000000e2000000|  0%| F|  |TAMS 0x00000000e1f00000| PB 0x00000000e1f00000| Untracked 
|  32|0x00000000e2000000, 0x00000000e2000000, 0x00000000e2100000|  0%| F|  |TAMS 0x00000000e2000000| PB 0x00000000e2000000| Untracked 
|  33|0x00000000e2100000, 0x00000000e2100000, 0x00000000e2200000|  0%| F|  |TAMS 0x00000000e2100000| PB 0x00000000e2100000| Untracked 
|  34|0x00000000e2200000, 0x00000000e2200000, 0x00000000e2300000|  0%| F|  |TAMS 0x00000000e2200000| PB 0x00000000e2200000| Untracked 
|  35|0x00000000e2300000, 0x00000000e2300000, 0x00000000e2400000|  0%| F|  |TAMS 0x00000000e2300000| PB 0x00000000e2300000| Untracked 
|  36|0x00000000e2400000, 0x00000000e2400000, 0x00000000e2500000|  0%| F|  |TAMS 0x00000000e2400000| PB 0x00000000e2400000| Untracked 
|  37|0x00000000e2500000, 0x00000000e2500000, 0x00000000e2600000|  0%| F|  |TAMS 0x00000000e2500000| PB 0x00000000e2500000| Untracked 
|  38|0x00000000e2600000, 0x00000000e2600000, 0x00000000e2700000|  0%| F|  |TAMS 0x00000000e2600000| PB 0x00000000e2600000| Untracked 
|  39|0x00000000e2700000, 0x00000000e2700000, 0x00000000e2800000|  0%| F|  |TAMS 0x00000000e2700000| PB 0x00000000e2700000| Untracked 
|  40|0x00000000e2800000, 0x00000000e2800000, 0x00000000e2900000|  0%| F|  |TAMS 0x00000000e2800000| PB 0x00000000e2800000| Untracked 
|  41|0x00000000e2900000, 0x00000000e2900000, 0x00000000e2a00000|  0%| F|  |TAMS 0x00000000e2900000| PB 0x00000000e2900000| Untracked 
|  42|0x00000000e2a00000, 0x00000000e2a00000, 0x00000000e2b00000|  0%| F|  |TAMS 0x00000000e2a00000| PB 0x00000000e2a00000| Untracked 
|  43|0x00000000e2b00000, 0x00000000e2b00000, 0x00000000e2c00000|  0%| F|  |TAMS 0x00000000e2b00000| PB 0x00000000e2b00000| Untracked 
|  44|0x00000000e2c00000, 0x00000000e2c00000, 0x00000000e2d00000|  0%| F|  |TAMS 0x00000000e2c00000| PB 0x00000000e2c00000| Untracked 
|  45|0x00000000e2d00000, 0x00000000e2d00000, 0x00000000e2e00000|  0%| F|  |TAMS 0x00000000e2d00000| PB 0x00000000e2d00000| Untracked 
|  46|0x00000000e2e00000, 0x00000000e2e00000, 0x00000000e2f00000|  0%| F|  |TAMS 0x00000000e2e00000| PB 0x00000000e2e00000| Untracked 
|  47|0x00000000e2f00000, 0x00000000e2f00000, 0x00000000e3000000|  0%| F|  |TAMS 0x00000000e2f00000| PB 0x00000000e2f00000| Untracked 
|  48|0x00000000e3000000, 0x00000000e3000000, 0x00000000e3100000|  0%| F|  |TAMS 0x00000000e3000000| PB 0x00000000e3000000| Untracked 
|  49|0x00000000e3100000, 0x00000000e3100000, 0x00000000e3200000|  0%| F|  |TAMS 0x00000000e3100000| PB 0x00000000e3100000| Untracked 
|  50|0x00000000e3200000, 0x00000000e3200000, 0x00000000e3300000|  0%| F|  |TAMS 0x00000000e3200000| PB 0x00000000e3200000| Untracked 
|  51|0x00000000e3300000, 0x00000000e3300000, 0x00000000e3400000|  0%| F|  |TAMS 0x00000000e3300000| PB 0x00000000e3300000| Untracked 
|  52|0x00000000e3400000, 0x00000000e3400000, 0x00000000e3500000|  0%| F|  |TAMS 0x00000000e3400000| PB 0x00000000e3400000| Untracked 
|  53|0x00000000e3500000, 0x00000000e3500000, 0x00000000e3600000|  0%| F|  |TAMS 0x00000000e3500000| PB 0x00000000e3500000| Untracked 
|  54|0x00000000e3600000, 0x00000000e3600000, 0x00000000e3700000|  0%| F|  |TAMS 0x00000000e3600000| PB 0x00000000e3600000| Untracked 
|  55|0x00000000e3700000, 0x00000000e3700000, 0x00000000e3800000|  0%| F|  |TAMS 0x00000000e3700000| PB 0x00000000e3700000| Untracked 
|  56|0x00000000e3800000, 0x00000000e3800000, 0x00000000e3900000|  0%| F|  |TAMS 0x00000000e3800000| PB 0x00000000e3800000| Untracked 
|  57|0x00000000e3900000, 0x00000000e3900000, 0x00000000e3a00000|  0%| F|  |TAMS 0x00000000e3900000| PB 0x00000000e3900000| Untracked 
|  58|0x00000000e3a00000, 0x00000000e3a00000, 0x00000000e3b00000|  0%| F|  |TAMS 0x00000000e3a00000| PB 0x00000000e3a00000| Untracked 
|  59|0x00000000e3b00000, 0x00000000e3b00000, 0x00000000e3c00000|  0%| F|  |TAMS 0x00000000e3b00000| PB 0x00000000e3b00000| Untracked 
|  60|0x00000000e3c00000, 0x00000000e3c00000, 0x00000000e3d00000|  0%| F|  |TAMS 0x00000000e3c00000| PB 0x00000000e3c00000| Untracked 
|  61|0x00000000e3d00000, 0x00000000e3d00000, 0x00000000e3e00000|  0%| F|  |TAMS 0x00000000e3d00000| PB 0x00000000e3d00000| Untracked 
|  62|0x00000000e3e00000, 0x00000000e3e00000, 0x00000000e3f00000|  0%| F|  |TAMS 0x00000000e3e00000| PB 0x00000000e3e00000| Untracked 
|  63|0x00000000e3f00000, 0x00000000e3f00000, 0x00000000e4000000|  0%| F|  |TAMS 0x00000000e3f00000| PB 0x00000000e3f00000| Untracked 
|  64|0x00000000e4000000, 0x00000000e4000000, 0x00000000e4100000|  0%| F|  |TAMS 0x00000000e4000000| PB 0x00000000e4000000| Untracked 
|  65|0x00000000e4100000, 0x00000000e4100000, 0x00000000e4200000|  0%| F|  |TAMS 0x00000000e4100000| PB 0x00000000e4100000| Untracked 
|  66|0x00000000e4200000, 0x00000000e4200000, 0x00000000e4300000|  0%| F|  |TAMS 0x00000000e4200000| PB 0x00000000e4200000| Untracked 
|  67|0x00000000e4300000, 0x00000000e4300000, 0x00000000e4400000|  0%| F|  |TAMS 0x00000000e4300000| PB 0x00000000e4300000| Untracked 
|  68|0x00000000e4400000, 0x00000000e4400000, 0x00000000e4500000|  0%| F|  |TAMS 0x00000000e4400000| PB 0x00000000e4400000| Untracked 
|  69|0x00000000e4500000, 0x00000000e4500000, 0x00000000e4600000|  0%| F|  |TAMS 0x00000000e4500000| PB 0x00000000e4500000| Untracked 
|  70|0x00000000e4600000, 0x00000000e4600000, 0x00000000e4700000|  0%| F|  |TAMS 0x00000000e4600000| PB 0x00000000e4600000| Untracked 
|  71|0x00000000e4700000, 0x00000000e4700000, 0x00000000e4800000|  0%| F|  |TAMS 0x00000000e4700000| PB 0x00000000e4700000| Untracked 
|  72|0x00000000e4800000, 0x00000000e4800000, 0x00000000e4900000|  0%| F|  |TAMS 0x00000000e4800000| PB 0x00000000e4800000| Untracked 
|  73|0x00000000e4900000, 0x00000000e4900000, 0x00000000e4a00000|  0%| F|  |TAMS 0x00000000e4900000| PB 0x00000000e4900000| Untracked 
|  74|0x00000000e4a00000, 0x00000000e4a00000, 0x00000000e4b00000|  0%| F|  |TAMS 0x00000000e4a00000| PB 0x00000000e4a00000| Untracked 
|  75|0x00000000e4b00000, 0x00000000e4b00000, 0x00000000e4c00000|  0%| F|  |TAMS 0x00000000e4b00000| PB 0x00000000e4b00000| Untracked 
|  76|0x00000000e4c00000, 0x00000000e4c00000, 0x00000000e4d00000|  0%| F|  |TAMS 0x00000000e4c00000| PB 0x00000000e4c00000| Untracked 
|  77|0x00000000e4d00000, 0x00000000e4d00000, 0x00000000e4e00000|  0%| F|  |TAMS 0x00000000e4d00000| PB 0x00000000e4d00000| Untracked 
|  78|0x00000000e4e00000, 0x00000000e4e00000, 0x00000000e4f00000|  0%| F|  |TAMS 0x00000000e4e00000| PB 0x00000000e4e00000| Untracked 
|  79|0x00000000e4f00000, 0x00000000e4f00000, 0x00000000e5000000|  0%| F|  |TAMS 0x00000000e4f00000| PB 0x00000000e4f00000| Untracked 
|  80|0x00000000e5000000, 0x00000000e5000000, 0x00000000e5100000|  0%| F|  |TAMS 0x00000000e5000000| PB 0x00000000e5000000| Untracked 
|  81|0x00000000e5100000, 0x00000000e5100000, 0x00000000e5200000|  0%| F|  |TAMS 0x00000000e5100000| PB 0x00000000e5100000| Untracked 
|  82|0x00000000e5200000, 0x00000000e5200000, 0x00000000e5300000|  0%| F|  |TAMS 0x00000000e5200000| PB 0x00000000e5200000| Untracked 
|  83|0x00000000e5300000, 0x00000000e5300000, 0x00000000e5400000|  0%| F|  |TAMS 0x00000000e5300000| PB 0x00000000e5300000| Untracked 
|  84|0x00000000e5400000, 0x00000000e5400000, 0x00000000e5500000|  0%| F|  |TAMS 0x00000000e5400000| PB 0x00000000e5400000| Untracked 
|  85|0x00000000e5500000, 0x00000000e5500000, 0x00000000e5600000|  0%| F|  |TAMS 0x00000000e5500000| PB 0x00000000e5500000| Untracked 
|  86|0x00000000e5600000, 0x00000000e5600000, 0x00000000e5700000|  0%| F|  |TAMS 0x00000000e5600000| PB 0x00000000e5600000| Untracked 
|  87|0x00000000e5700000, 0x00000000e5700000, 0x00000000e5800000|  0%| F|  |TAMS 0x00000000e5700000| PB 0x00000000e5700000| Untracked 
|  88|0x00000000e5800000, 0x00000000e5800000, 0x00000000e5900000|  0%| F|  |TAMS 0x00000000e5800000| PB 0x00000000e5800000| Untracked 
|  89|0x00000000e5900000, 0x00000000e5900000, 0x00000000e5a00000|  0%| F|  |TAMS 0x00000000e5900000| PB 0x00000000e5900000| Untracked 
|  90|0x00000000e5a00000, 0x00000000e5a00000, 0x00000000e5b00000|  0%| F|  |TAMS 0x00000000e5a00000| PB 0x00000000e5a00000| Untracked 
|  91|0x00000000e5b00000, 0x00000000e5b00000, 0x00000000e5c00000|  0%| F|  |TAMS 0x00000000e5b00000| PB 0x00000000e5b00000| Untracked 
|  92|0x00000000e5c00000, 0x00000000e5c00000, 0x00000000e5d00000|  0%| F|  |TAMS 0x00000000e5c00000| PB 0x00000000e5c00000| Untracked 
|  93|0x00000000e5d00000, 0x00000000e5d00000, 0x00000000e5e00000|  0%| F|  |TAMS 0x00000000e5d00000| PB 0x00000000e5d00000| Untracked 
|  94|0x00000000e5e00000, 0x00000000e5e00000, 0x00000000e5f00000|  0%| F|  |TAMS 0x00000000e5e00000| PB 0x00000000e5e00000| Untracked 
|  95|0x00000000e5f00000, 0x00000000e5f00000, 0x00000000e6000000|  0%| F|  |TAMS 0x00000000e5f00000| PB 0x00000000e5f00000| Untracked 
|  96|0x00000000e6000000, 0x00000000e6000000, 0x00000000e6100000|  0%| F|  |TAMS 0x00000000e6000000| PB 0x00000000e6000000| Untracked 
|  97|0x00000000e6100000, 0x00000000e6100000, 0x00000000e6200000|  0%| F|  |TAMS 0x00000000e6100000| PB 0x00000000e6100000| Untracked 
|  98|0x00000000e6200000, 0x00000000e6200000, 0x00000000e6300000|  0%| F|  |TAMS 0x00000000e6200000| PB 0x00000000e6200000| Untracked 
|  99|0x00000000e6300000, 0x00000000e6300000, 0x00000000e6400000|  0%| F|  |TAMS 0x00000000e6300000| PB 0x00000000e6300000| Untracked 
| 100|0x00000000e6400000, 0x00000000e6400000, 0x00000000e6500000|  0%| F|  |TAMS 0x00000000e6400000| PB 0x00000000e6400000| Untracked 
| 101|0x00000000e6500000, 0x00000000e6500000, 0x00000000e6600000|  0%| F|  |TAMS 0x00000000e6500000| PB 0x00000000e6500000| Untracked 
| 102|0x00000000e6600000, 0x00000000e6600000, 0x00000000e6700000|  0%| F|  |TAMS 0x00000000e6600000| PB 0x00000000e6600000| Untracked 
| 103|0x00000000e6700000, 0x00000000e6700000, 0x00000000e6800000|  0%| F|  |TAMS 0x00000000e6700000| PB 0x00000000e6700000| Untracked 
| 104|0x00000000e6800000, 0x00000000e6800000, 0x00000000e6900000|  0%| F|  |TAMS 0x00000000e6800000| PB 0x00000000e6800000| Untracked 
| 105|0x00000000e6900000, 0x00000000e6900000, 0x00000000e6a00000|  0%| F|  |TAMS 0x00000000e6900000| PB 0x00000000e6900000| Untracked 
| 106|0x00000000e6a00000, 0x00000000e6a00000, 0x00000000e6b00000|  0%| F|  |TAMS 0x00000000e6a00000| PB 0x00000000e6a00000| Untracked 
| 107|0x00000000e6b00000, 0x00000000e6b00000, 0x00000000e6c00000|  0%| F|  |TAMS 0x00000000e6b00000| PB 0x00000000e6b00000| Untracked 
| 108|0x00000000e6c00000, 0x00000000e6c00000, 0x00000000e6d00000|  0%| F|  |TAMS 0x00000000e6c00000| PB 0x00000000e6c00000| Untracked 
| 109|0x00000000e6d00000, 0x00000000e6d00000, 0x00000000e6e00000|  0%| F|  |TAMS 0x00000000e6d00000| PB 0x00000000e6d00000| Untracked 
| 110|0x00000000e6e00000, 0x00000000e6e00000, 0x00000000e6f00000|  0%| F|  |TAMS 0x00000000e6e00000| PB 0x00000000e6e00000| Untracked 
| 111|0x00000000e6f00000, 0x00000000e6f00000, 0x00000000e7000000|  0%| F|  |TAMS 0x00000000e6f00000| PB 0x00000000e6f00000| Untracked 
| 112|0x00000000e7000000, 0x00000000e7000000, 0x00000000e7100000|  0%| F|  |TAMS 0x00000000e7000000| PB 0x00000000e7000000| Untracked 
| 113|0x00000000e7100000, 0x00000000e7100000, 0x00000000e7200000|  0%| F|  |TAMS 0x00000000e7100000| PB 0x00000000e7100000| Untracked 
| 114|0x00000000e7200000, 0x00000000e7200000, 0x00000000e7300000|  0%| F|  |TAMS 0x00000000e7200000| PB 0x00000000e7200000| Untracked 
| 115|0x00000000e7300000, 0x00000000e7300000, 0x00000000e7400000|  0%| F|  |TAMS 0x00000000e7300000| PB 0x00000000e7300000| Untracked 
| 116|0x00000000e7400000, 0x00000000e7400000, 0x00000000e7500000|  0%| F|  |TAMS 0x00000000e7400000| PB 0x00000000e7400000| Untracked 
| 117|0x00000000e7500000, 0x00000000e7500000, 0x00000000e7600000|  0%| F|  |TAMS 0x00000000e7500000| PB 0x00000000e7500000| Untracked 
| 118|0x00000000e7600000, 0x00000000e7600000, 0x00000000e7700000|  0%| F|  |TAMS 0x00000000e7600000| PB 0x00000000e7600000| Untracked 
| 119|0x00000000e7700000, 0x00000000e7700000, 0x00000000e7800000|  0%| F|  |TAMS 0x00000000e7700000| PB 0x00000000e7700000| Untracked 
| 120|0x00000000e7800000, 0x00000000e7800000, 0x00000000e7900000|  0%| F|  |TAMS 0x00000000e7800000| PB 0x00000000e7800000| Untracked 
| 121|0x00000000e7900000, 0x00000000e7900000, 0x00000000e7a00000|  0%| F|  |TAMS 0x00000000e7900000| PB 0x00000000e7900000| Untracked 
| 122|0x00000000e7a00000, 0x00000000e7a00000, 0x00000000e7b00000|  0%| F|  |TAMS 0x00000000e7a00000| PB 0x00000000e7a00000| Untracked 
| 123|0x00000000e7b00000, 0x00000000e7b00000, 0x00000000e7c00000|  0%| F|  |TAMS 0x00000000e7b00000| PB 0x00000000e7b00000| Untracked 
| 124|0x00000000e7c00000, 0x00000000e7c00000, 0x00000000e7d00000|  0%| F|  |TAMS 0x00000000e7c00000| PB 0x00000000e7c00000| Untracked 
| 125|0x00000000e7d00000, 0x00000000e7d00000, 0x00000000e7e00000|  0%| F|  |TAMS 0x00000000e7d00000| PB 0x00000000e7d00000| Untracked 
| 126|0x00000000e7e00000, 0x00000000e7e00000, 0x00000000e7f00000|  0%| F|  |TAMS 0x00000000e7e00000| PB 0x00000000e7e00000| Untracked 
| 127|0x00000000e7f00000, 0x00000000e7f00000, 0x00000000e8000000|  0%| F|  |TAMS 0x00000000e7f00000| PB 0x00000000e7f00000| Untracked 
| 128|0x00000000e8000000, 0x00000000e8000000, 0x00000000e8100000|  0%| F|  |TAMS 0x00000000e8000000| PB 0x00000000e8000000| Untracked 
| 129|0x00000000e8100000, 0x00000000e8100000, 0x00000000e8200000|  0%| F|  |TAMS 0x00000000e8100000| PB 0x00000000e8100000| Untracked 
| 130|0x00000000e8200000, 0x00000000e8200000, 0x00000000e8300000|  0%| F|  |TAMS 0x00000000e8200000| PB 0x00000000e8200000| Untracked 
| 131|0x00000000e8300000, 0x00000000e8300000, 0x00000000e8400000|  0%| F|  |TAMS 0x00000000e8300000| PB 0x00000000e8300000| Untracked 
| 132|0x00000000e8400000, 0x00000000e8400000, 0x00000000e8500000|  0%| F|  |TAMS 0x00000000e8400000| PB 0x00000000e8400000| Untracked 
| 133|0x00000000e8500000, 0x00000000e8500000, 0x00000000e8600000|  0%| F|  |TAMS 0x00000000e8500000| PB 0x00000000e8500000| Untracked 
| 134|0x00000000e8600000, 0x00000000e8600000, 0x00000000e8700000|  0%| F|  |TAMS 0x00000000e8600000| PB 0x00000000e8600000| Untracked 
| 135|0x00000000e8700000, 0x00000000e8700000, 0x00000000e8800000|  0%| F|  |TAMS 0x00000000e8700000| PB 0x00000000e8700000| Untracked 
| 136|0x00000000e8800000, 0x00000000e8800000, 0x00000000e8900000|  0%| F|  |TAMS 0x00000000e8800000| PB 0x00000000e8800000| Untracked 
| 137|0x00000000e8900000, 0x00000000e8900000, 0x00000000e8a00000|  0%| F|  |TAMS 0x00000000e8900000| PB 0x00000000e8900000| Untracked 
| 138|0x00000000e8a00000, 0x00000000e8a00000, 0x00000000e8b00000|  0%| F|  |TAMS 0x00000000e8a00000| PB 0x00000000e8a00000| Untracked 
| 139|0x00000000e8b00000, 0x00000000e8b00000, 0x00000000e8c00000|  0%| F|  |TAMS 0x00000000e8b00000| PB 0x00000000e8b00000| Untracked 
| 140|0x00000000e8c00000, 0x00000000e8c00000, 0x00000000e8d00000|  0%| F|  |TAMS 0x00000000e8c00000| PB 0x00000000e8c00000| Untracked 
| 141|0x00000000e8d00000, 0x00000000e8d00000, 0x00000000e8e00000|  0%| F|  |TAMS 0x00000000e8d00000| PB 0x00000000e8d00000| Untracked 
| 142|0x00000000e8e00000, 0x00000000e8e00000, 0x00000000e8f00000|  0%| F|  |TAMS 0x00000000e8e00000| PB 0x00000000e8e00000| Untracked 
| 143|0x00000000e8f00000, 0x00000000e8f00000, 0x00000000e9000000|  0%| F|  |TAMS 0x00000000e8f00000| PB 0x00000000e8f00000| Untracked 
| 144|0x00000000e9000000, 0x00000000e9000000, 0x00000000e9100000|  0%| F|  |TAMS 0x00000000e9000000| PB 0x00000000e9000000| Untracked 
| 145|0x00000000e9100000, 0x00000000e9100000, 0x00000000e9200000|  0%| F|  |TAMS 0x00000000e9100000| PB 0x00000000e9100000| Untracked 
| 146|0x00000000e9200000, 0x00000000e9200000, 0x00000000e9300000|  0%| F|  |TAMS 0x00000000e9200000| PB 0x00000000e9200000| Untracked 
| 147|0x00000000e9300000, 0x00000000e9300000, 0x00000000e9400000|  0%| F|  |TAMS 0x00000000e9300000| PB 0x00000000e9300000| Untracked 
| 148|0x00000000e9400000, 0x00000000e9400000, 0x00000000e9500000|  0%| F|  |TAMS 0x00000000e9400000| PB 0x00000000e9400000| Untracked 
| 149|0x00000000e9500000, 0x00000000e9500000, 0x00000000e9600000|  0%| F|  |TAMS 0x00000000e9500000| PB 0x00000000e9500000| Untracked 
| 150|0x00000000e9600000, 0x00000000e9600000, 0x00000000e9700000|  0%| F|  |TAMS 0x00000000e9600000| PB 0x00000000e9600000| Untracked 
| 151|0x00000000e9700000, 0x00000000e9700000, 0x00000000e9800000|  0%| F|  |TAMS 0x00000000e9700000| PB 0x00000000e9700000| Untracked 
| 152|0x00000000e9800000, 0x00000000e9800000, 0x00000000e9900000|  0%| F|  |TAMS 0x00000000e9800000| PB 0x00000000e9800000| Untracked 
| 153|0x00000000e9900000, 0x00000000e9900000, 0x00000000e9a00000|  0%| F|  |TAMS 0x00000000e9900000| PB 0x00000000e9900000| Untracked 
| 154|0x00000000e9a00000, 0x00000000e9a00000, 0x00000000e9b00000|  0%| F|  |TAMS 0x00000000e9a00000| PB 0x00000000e9a00000| Untracked 
| 155|0x00000000e9b00000, 0x00000000e9b00000, 0x00000000e9c00000|  0%| F|  |TAMS 0x00000000e9b00000| PB 0x00000000e9b00000| Untracked 
| 156|0x00000000e9c00000, 0x00000000e9c00000, 0x00000000e9d00000|  0%| F|  |TAMS 0x00000000e9c00000| PB 0x00000000e9c00000| Untracked 
| 157|0x00000000e9d00000, 0x00000000e9d00000, 0x00000000e9e00000|  0%| F|  |TAMS 0x00000000e9d00000| PB 0x00000000e9d00000| Untracked 
| 158|0x00000000e9e00000, 0x00000000e9e00000, 0x00000000e9f00000|  0%| F|  |TAMS 0x00000000e9e00000| PB 0x00000000e9e00000| Untracked 
| 159|0x00000000e9f00000, 0x00000000e9f00000, 0x00000000ea000000|  0%| F|  |TAMS 0x00000000e9f00000| PB 0x00000000e9f00000| Untracked 
| 160|0x00000000ea000000, 0x00000000ea000000, 0x00000000ea100000|  0%| F|  |TAMS 0x00000000ea000000| PB 0x00000000ea000000| Untracked 
| 161|0x00000000ea100000, 0x00000000ea100000, 0x00000000ea200000|  0%| F|  |TAMS 0x00000000ea100000| PB 0x00000000ea100000| Untracked 
| 162|0x00000000ea200000, 0x00000000ea200000, 0x00000000ea300000|  0%| F|  |TAMS 0x00000000ea200000| PB 0x00000000ea200000| Untracked 
| 163|0x00000000ea300000, 0x00000000ea300000, 0x00000000ea400000|  0%| F|  |TAMS 0x00000000ea300000| PB 0x00000000ea300000| Untracked 
| 164|0x00000000ea400000, 0x00000000ea400000, 0x00000000ea500000|  0%| F|  |TAMS 0x00000000ea400000| PB 0x00000000ea400000| Untracked 
| 165|0x00000000ea500000, 0x00000000ea500000, 0x00000000ea600000|  0%| F|  |TAMS 0x00000000ea500000| PB 0x00000000ea500000| Untracked 
| 166|0x00000000ea600000, 0x00000000ea600000, 0x00000000ea700000|  0%| F|  |TAMS 0x00000000ea600000| PB 0x00000000ea600000| Untracked 
| 167|0x00000000ea700000, 0x00000000ea700000, 0x00000000ea800000|  0%| F|  |TAMS 0x00000000ea700000| PB 0x00000000ea700000| Untracked 
| 168|0x00000000ea800000, 0x00000000ea800000, 0x00000000ea900000|  0%| F|  |TAMS 0x00000000ea800000| PB 0x00000000ea800000| Untracked 
| 169|0x00000000ea900000, 0x00000000ea900000, 0x00000000eaa00000|  0%| F|  |TAMS 0x00000000ea900000| PB 0x00000000ea900000| Untracked 
| 170|0x00000000eaa00000, 0x00000000eaa00000, 0x00000000eab00000|  0%| F|  |TAMS 0x00000000eaa00000| PB 0x00000000eaa00000| Untracked 
| 171|0x00000000eab00000, 0x00000000eab00000, 0x00000000eac00000|  0%| F|  |TAMS 0x00000000eab00000| PB 0x00000000eab00000| Untracked 
| 172|0x00000000eac00000, 0x00000000eac00000, 0x00000000ead00000|  0%| F|  |TAMS 0x00000000eac00000| PB 0x00000000eac00000| Untracked 
| 173|0x00000000ead00000, 0x00000000ead00000, 0x00000000eae00000|  0%| F|  |TAMS 0x00000000ead00000| PB 0x00000000ead00000| Untracked 
| 174|0x00000000eae00000, 0x00000000eae00000, 0x00000000eaf00000|  0%| F|  |TAMS 0x00000000eae00000| PB 0x00000000eae00000| Untracked 
| 175|0x00000000eaf00000, 0x00000000eaf00000, 0x00000000eb000000|  0%| F|  |TAMS 0x00000000eaf00000| PB 0x00000000eaf00000| Untracked 
| 176|0x00000000eb000000, 0x00000000eb000000, 0x00000000eb100000|  0%| F|  |TAMS 0x00000000eb000000| PB 0x00000000eb000000| Untracked 
| 177|0x00000000eb100000, 0x00000000eb100000, 0x00000000eb200000|  0%| F|  |TAMS 0x00000000eb100000| PB 0x00000000eb100000| Untracked 
| 178|0x00000000eb200000, 0x00000000eb200000, 0x00000000eb300000|  0%| F|  |TAMS 0x00000000eb200000| PB 0x00000000eb200000| Untracked 
| 179|0x00000000eb300000, 0x00000000eb300000, 0x00000000eb400000|  0%| F|  |TAMS 0x00000000eb300000| PB 0x00000000eb300000| Untracked 
| 180|0x00000000eb400000, 0x00000000eb400000, 0x00000000eb500000|  0%| F|  |TAMS 0x00000000eb400000| PB 0x00000000eb400000| Untracked 
| 181|0x00000000eb500000, 0x00000000eb500000, 0x00000000eb600000|  0%| F|  |TAMS 0x00000000eb500000| PB 0x00000000eb500000| Untracked 
| 182|0x00000000eb600000, 0x00000000eb600000, 0x00000000eb700000|  0%| F|  |TAMS 0x00000000eb600000| PB 0x00000000eb600000| Untracked 
| 183|0x00000000eb700000, 0x00000000eb700000, 0x00000000eb800000|  0%| F|  |TAMS 0x00000000eb700000| PB 0x00000000eb700000| Untracked 
| 184|0x00000000eb800000, 0x00000000eb800000, 0x00000000eb900000|  0%| F|  |TAMS 0x00000000eb800000| PB 0x00000000eb800000| Untracked 
| 185|0x00000000eb900000, 0x00000000eb900000, 0x00000000eba00000|  0%| F|  |TAMS 0x00000000eb900000| PB 0x00000000eb900000| Untracked 
| 186|0x00000000eba00000, 0x00000000eba80000, 0x00000000ebb00000| 50%| E|  |TAMS 0x00000000eba00000| PB 0x00000000eba00000| Complete 
| 187|0x00000000ebb00000, 0x00000000ebc00000, 0x00000000ebc00000|100%| E|CS|TAMS 0x00000000ebb00000| PB 0x00000000ebb00000| Complete 
| 188|0x00000000ebc00000, 0x00000000ebd00000, 0x00000000ebd00000|100%| E|CS|TAMS 0x00000000ebc00000| PB 0x00000000ebc00000| Complete 
| 189|0x00000000ebd00000, 0x00000000ebe00000, 0x00000000ebe00000|100%| E|CS|TAMS 0x00000000ebd00000| PB 0x00000000ebd00000| Complete 
| 190|0x00000000ebe00000, 0x00000000ebf00000, 0x00000000ebf00000|100%| E|CS|TAMS 0x00000000ebe00000| PB 0x00000000ebe00000| Complete 
| 191|0x00000000ebf00000, 0x00000000ec000000, 0x00000000ec000000|100%| E|CS|TAMS 0x00000000ebf00000| PB 0x00000000ebf00000| Complete 
| 192|0x00000000ec000000, 0x00000000ec100000, 0x00000000ec100000|100%| E|CS|TAMS 0x00000000ec000000| PB 0x00000000ec000000| Complete 
| 193|0x00000000ec100000, 0x00000000ec200000, 0x00000000ec200000|100%| E|CS|TAMS 0x00000000ec100000| PB 0x00000000ec100000| Complete 
| 194|0x00000000ec200000, 0x00000000ec300000, 0x00000000ec300000|100%| E|CS|TAMS 0x00000000ec200000| PB 0x00000000ec200000| Complete 
| 195|0x00000000ec300000, 0x00000000ec400000, 0x00000000ec400000|100%| E|CS|TAMS 0x00000000ec300000| PB 0x00000000ec300000| Complete 
| 196|0x00000000ec400000, 0x00000000ec4cb880, 0x00000000ec500000| 79%| S|CS|TAMS 0x00000000ec400000| PB 0x00000000ec400000| Complete 
| 197|0x00000000ec500000, 0x00000000ec600000, 0x00000000ec600000|100%| S|CS|TAMS 0x00000000ec500000| PB 0x00000000ec500000| Complete 
| 198|0x00000000ec600000, 0x00000000ec700000, 0x00000000ec700000|100%| S|CS|TAMS 0x00000000ec600000| PB 0x00000000ec600000| Complete 
| 199|0x00000000ec700000, 0x00000000ec800000, 0x00000000ec800000|100%| S|CS|TAMS 0x00000000ec700000| PB 0x00000000ec700000| Complete 
| 200|0x00000000ec800000, 0x00000000ec900000, 0x00000000ec900000|100%| S|CS|TAMS 0x00000000ec800000| PB 0x00000000ec800000| Complete 
| 201|0x00000000ec900000, 0x00000000eca00000, 0x00000000eca00000|100%| E|CS|TAMS 0x00000000ec900000| PB 0x00000000ec900000| Complete 
| 202|0x00000000eca00000, 0x00000000ecb00000, 0x00000000ecb00000|100%| E|CS|TAMS 0x00000000eca00000| PB 0x00000000eca00000| Complete 
| 203|0x00000000ecb00000, 0x00000000ecc00000, 0x00000000ecc00000|100%| E|CS|TAMS 0x00000000ecb00000| PB 0x00000000ecb00000| Complete 
| 204|0x00000000ecc00000, 0x00000000ecd00000, 0x00000000ecd00000|100%| E|CS|TAMS 0x00000000ecc00000| PB 0x00000000ecc00000| Complete 
| 205|0x00000000ecd00000, 0x00000000ece00000, 0x00000000ece00000|100%| E|CS|TAMS 0x00000000ecd00000| PB 0x00000000ecd00000| Complete 
| 206|0x00000000ece00000, 0x00000000ecf00000, 0x00000000ecf00000|100%| E|CS|TAMS 0x00000000ece00000| PB 0x00000000ece00000| Complete 
| 207|0x00000000ecf00000, 0x00000000ed000000, 0x00000000ed000000|100%| E|CS|TAMS 0x00000000ecf00000| PB 0x00000000ecf00000| Complete 
| 208|0x00000000ed000000, 0x00000000ed100000, 0x00000000ed100000|100%| E|CS|TAMS 0x00000000ed000000| PB 0x00000000ed000000| Complete 
| 209|0x00000000ed100000, 0x00000000ed200000, 0x00000000ed200000|100%| E|CS|TAMS 0x00000000ed100000| PB 0x00000000ed100000| Complete 
| 210|0x00000000ed200000, 0x00000000ed300000, 0x00000000ed300000|100%| E|CS|TAMS 0x00000000ed200000| PB 0x00000000ed200000| Complete 
| 211|0x00000000ed300000, 0x00000000ed400000, 0x00000000ed400000|100%| E|CS|TAMS 0x00000000ed300000| PB 0x00000000ed300000| Complete 
| 212|0x00000000ed400000, 0x00000000ed500000, 0x00000000ed500000|100%| E|CS|TAMS 0x00000000ed400000| PB 0x00000000ed400000| Complete 
| 213|0x00000000ed500000, 0x00000000ed600000, 0x00000000ed600000|100%| E|CS|TAMS 0x00000000ed500000| PB 0x00000000ed500000| Complete 
| 214|0x00000000ed600000, 0x00000000ed700000, 0x00000000ed700000|100%| E|CS|TAMS 0x00000000ed600000| PB 0x00000000ed600000| Complete 
| 215|0x00000000ed700000, 0x00000000ed800000, 0x00000000ed800000|100%| E|CS|TAMS 0x00000000ed700000| PB 0x00000000ed700000| Complete 
| 216|0x00000000ed800000, 0x00000000ed900000, 0x00000000ed900000|100%| E|CS|TAMS 0x00000000ed800000| PB 0x00000000ed800000| Complete 
| 217|0x00000000ed900000, 0x00000000eda00000, 0x00000000eda00000|100%| E|CS|TAMS 0x00000000ed900000| PB 0x00000000ed900000| Complete 
| 218|0x00000000eda00000, 0x00000000edb00000, 0x00000000edb00000|100%| E|CS|TAMS 0x00000000eda00000| PB 0x00000000eda00000| Complete 
| 219|0x00000000edb00000, 0x00000000edc00000, 0x00000000edc00000|100%| E|CS|TAMS 0x00000000edb00000| PB 0x00000000edb00000| Complete 
| 220|0x00000000edc00000, 0x00000000edd00000, 0x00000000edd00000|100%| E|CS|TAMS 0x00000000edc00000| PB 0x00000000edc00000| Complete 
| 221|0x00000000edd00000, 0x00000000ede00000, 0x00000000ede00000|100%| E|CS|TAMS 0x00000000edd00000| PB 0x00000000edd00000| Complete 
| 222|0x00000000ede00000, 0x00000000edf00000, 0x00000000edf00000|100%| E|CS|TAMS 0x00000000ede00000| PB 0x00000000ede00000| Complete 
| 223|0x00000000edf00000, 0x00000000ee000000, 0x00000000ee000000|100%| E|CS|TAMS 0x00000000edf00000| PB 0x00000000edf00000| Complete 
| 224|0x00000000ee000000, 0x00000000ee100000, 0x00000000ee100000|100%| E|CS|TAMS 0x00000000ee000000| PB 0x00000000ee000000| Complete 
| 225|0x00000000ee100000, 0x00000000ee200000, 0x00000000ee200000|100%| E|CS|TAMS 0x00000000ee100000| PB 0x00000000ee100000| Complete 
| 226|0x00000000ee200000, 0x00000000ee300000, 0x00000000ee300000|100%| E|CS|TAMS 0x00000000ee200000| PB 0x00000000ee200000| Complete 
| 227|0x00000000ee300000, 0x00000000ee400000, 0x00000000ee400000|100%| E|CS|TAMS 0x00000000ee300000| PB 0x00000000ee300000| Complete 
| 228|0x00000000ee400000, 0x00000000ee500000, 0x00000000ee500000|100%| E|CS|TAMS 0x00000000ee400000| PB 0x00000000ee400000| Complete 
| 229|0x00000000ee500000, 0x00000000ee600000, 0x00000000ee600000|100%| E|CS|TAMS 0x00000000ee500000| PB 0x00000000ee500000| Complete 
| 230|0x00000000ee600000, 0x00000000ee700000, 0x00000000ee700000|100%| E|CS|TAMS 0x00000000ee600000| PB 0x00000000ee600000| Complete 
| 231|0x00000000ee700000, 0x00000000ee800000, 0x00000000ee800000|100%| E|CS|TAMS 0x00000000ee700000| PB 0x00000000ee700000| Complete 
| 232|0x00000000ee800000, 0x00000000ee900000, 0x00000000ee900000|100%| E|CS|TAMS 0x00000000ee800000| PB 0x00000000ee800000| Complete 
| 233|0x00000000ee900000, 0x00000000eea00000, 0x00000000eea00000|100%| E|CS|TAMS 0x00000000ee900000| PB 0x00000000ee900000| Complete 
| 234|0x00000000eea00000, 0x00000000eeb00000, 0x00000000eeb00000|100%| E|CS|TAMS 0x00000000eea00000| PB 0x00000000eea00000| Complete 
| 235|0x00000000eeb00000, 0x00000000eec00000, 0x00000000eec00000|100%| E|CS|TAMS 0x00000000eeb00000| PB 0x00000000eeb00000| Complete 
| 236|0x00000000eec00000, 0x00000000eed00000, 0x00000000eed00000|100%| E|CS|TAMS 0x00000000eec00000| PB 0x00000000eec00000| Complete 
| 237|0x00000000eed00000, 0x00000000eee00000, 0x00000000eee00000|100%| E|CS|TAMS 0x00000000eed00000| PB 0x00000000eed00000| Complete 
| 238|0x00000000eee00000, 0x00000000eef00000, 0x00000000eef00000|100%| E|CS|TAMS 0x00000000eee00000| PB 0x00000000eee00000| Complete 
| 239|0x00000000eef00000, 0x00000000ef000000, 0x00000000ef000000|100%| E|CS|TAMS 0x00000000eef00000| PB 0x00000000eef00000| Complete 
| 240|0x00000000ef000000, 0x00000000ef100000, 0x00000000ef100000|100%| E|CS|TAMS 0x00000000ef000000| PB 0x00000000ef000000| Complete 
| 241|0x00000000ef100000, 0x00000000ef200000, 0x00000000ef200000|100%| E|CS|TAMS 0x00000000ef100000| PB 0x00000000ef100000| Complete 
| 242|0x00000000ef200000, 0x00000000ef300000, 0x00000000ef300000|100%| E|CS|TAMS 0x00000000ef200000| PB 0x00000000ef200000| Complete 
| 243|0x00000000ef300000, 0x00000000ef400000, 0x00000000ef400000|100%| E|CS|TAMS 0x00000000ef300000| PB 0x00000000ef300000| Complete 
| 244|0x00000000ef400000, 0x00000000ef500000, 0x00000000ef500000|100%| E|CS|TAMS 0x00000000ef400000| PB 0x00000000ef400000| Complete 
| 245|0x00000000ef500000, 0x00000000ef600000, 0x00000000ef600000|100%| E|CS|TAMS 0x00000000ef500000| PB 0x00000000ef500000| Complete 
| 246|0x00000000ef600000, 0x00000000ef700000, 0x00000000ef700000|100%| E|CS|TAMS 0x00000000ef600000| PB 0x00000000ef600000| Complete 
| 247|0x00000000ef700000, 0x00000000ef800000, 0x00000000ef800000|100%| E|CS|TAMS 0x00000000ef700000| PB 0x00000000ef700000| Complete 
| 248|0x00000000ef800000, 0x00000000ef900000, 0x00000000ef900000|100%| E|CS|TAMS 0x00000000ef800000| PB 0x00000000ef800000| Complete 
| 249|0x00000000ef900000, 0x00000000efa00000, 0x00000000efa00000|100%| E|CS|TAMS 0x00000000ef900000| PB 0x00000000ef900000| Complete 
| 250|0x00000000efa00000, 0x00000000efb00000, 0x00000000efb00000|100%| E|CS|TAMS 0x00000000efa00000| PB 0x00000000efa00000| Complete 
| 251|0x00000000efb00000, 0x00000000efc00000, 0x00000000efc00000|100%| E|CS|TAMS 0x00000000efb00000| PB 0x00000000efb00000| Complete 
| 252|0x00000000efc00000, 0x00000000efd00000, 0x00000000efd00000|100%| E|CS|TAMS 0x00000000efc00000| PB 0x00000000efc00000| Complete 
| 253|0x00000000efd00000, 0x00000000efe00000, 0x00000000efe00000|100%| E|CS|TAMS 0x00000000efd00000| PB 0x00000000efd00000| Complete 
| 254|0x00000000efe00000, 0x00000000eff00000, 0x00000000eff00000|100%| E|CS|TAMS 0x00000000efe00000| PB 0x00000000efe00000| Complete 
| 255|0x00000000eff00000, 0x00000000f0000000, 0x00000000f0000000|100%| E|CS|TAMS 0x00000000eff00000| PB 0x00000000eff00000| Complete 

Card table byte_map: [0x00000251f1750000,0x00000251f1850000] _byte_map_base: 0x00000251f1050000

Marking Bits: (CMBitMap*) 0x00000251e8a2bda0
 Bits: [0x00000251f1850000, 0x00000251f2050000)

Polling page: 0x00000251e6800000

Metaspace:

Usage:
  Non-class:     14.73 MB used.
      Class:      2.42 MB used.
       Both:     17.16 MB used.

Virtual space:
  Non-class space:       64.00 MB reserved,      15.00 MB ( 23%) committed,  1 nodes.
      Class space:      320.00 MB reserved,       2.62 MB ( <1%) committed,  1 nodes.
             Both:      384.00 MB reserved,      17.62 MB (  5%) committed. 

Chunk freelists:
   Non-Class:  64.00 KB
       Class:  13.38 MB
        Both:  13.44 MB

MaxMetaspaceSize: 384.00 MB
CompressedClassSpaceSize: 320.00 MB
Initial GC threshold: 21.00 MB
Current GC threshold: 21.00 MB
CDS: on
 - commit_granule_bytes: 65536.
 - commit_granule_words: 8192.
 - virtual_space_node_default_size: 8388608.
 - enlarge_chunks_in_place: 1.
 - use_allocation_guard: 0.


Internal statistics:

num_allocs_failed_limit: 0.
num_arena_births: 662.
num_arena_deaths: 0.
num_vsnodes_births: 2.
num_vsnodes_deaths: 0.
num_space_committed: 282.
num_space_uncommitted: 0.
num_chunks_returned_to_freelist: 0.
num_chunks_taken_from_freelist: 1306.
num_chunk_merges: 0.
num_chunk_splits: 834.
num_chunks_enlarged: 571.
num_inconsistent_stats: 0.

CodeHeap 'non-profiled nmethods': size=120000Kb used=1450Kb max_used=1450Kb free=118549Kb
 bounds [0x0000025187ad0000, 0x0000025187d40000, 0x000002518f000000]
CodeHeap 'profiled nmethods': size=120000Kb used=5700Kb max_used=5700Kb free=114299Kb
 bounds [0x0000025180000000, 0x00000251805a0000, 0x0000025187530000]
CodeHeap 'non-nmethods': size=5760Kb used=1500Kb max_used=1506Kb free=4259Kb
 bounds [0x0000025187530000, 0x00000251877a0000, 0x0000025187ad0000]
CodeCache: size=245760Kb, used=8650Kb, max_used=8656Kb, free=237107Kb
 total_blobs=3536, nmethods=2963, adapters=477, full_count=0
Compilation: enabled, stopped_count=0, restarted_count=0

Compilation events (20 events):
Event: 17.214 Thread 0x00000251f900b420 nmethod 2953 0x000002518058bb10 code [0x000002518058bd20, 0x000002518058c1a8]
Event: 17.214 Thread 0x00000251f900b420 2954       3       java.lang.invoke.MethodHandles$Lookup::makeHiddenClassDefiner (44 bytes)
Event: 17.215 Thread 0x00000251f900b420 nmethod 2954 0x000002518058c410 code [0x000002518058c640, 0x000002518058cd10]
Event: 17.263 Thread 0x00000251fadd0040 2955       4       jdk.internal.util.StrongReferenceKey::equals (28 bytes)
Event: 17.264 Thread 0x00000251fadd0040 nmethod 2955 0x0000025187c3a510 code [0x0000025187c3a6a0, 0x0000025187c3a818]
Event: 17.273 Thread 0x00000251fb6bda70 2956   !   4       java.net.URLClassLoader::findClass (47 bytes)
Event: 17.292 Thread 0x00000251fadd0040 2958   !   4       java.lang.ClassLoader::loadClass (121 bytes)
Event: 17.314 Thread 0x00000251f900b420 2960       3       jdk.internal.misc.Unsafe::putReferenceOpaque (9 bytes)
Event: 17.368 Thread 0x00000251f900b420 nmethod 2960 0x000002518058cf90 code [0x000002518058d120, 0x000002518058d280]
Event: 17.415 Thread 0x00000251f900b420 2961       3       java.util.concurrent.locks.LockSupport::setBlocker (12 bytes)
Event: 17.433 Thread 0x00000251f900b420 nmethod 2961 0x000002518058d310 code [0x000002518058d4c0, 0x000002518058d6c8]
Event: 17.801 Thread 0x00000251f900b420 2962       3       java.util.concurrent.locks.AbstractQueuedSynchronizer$Node::<init> (5 bytes)
Event: 17.801 Thread 0x00000251f900b420 nmethod 2962 0x000002518058d790 code [0x000002518058d940, 0x000002518058daa8]
Event: 18.032 Thread 0x00000251f900b420 2963       3       jdk.internal.misc.Unsafe::getAndBitwiseAndInt (27 bytes)
Event: 18.032 Thread 0x00000251f900b420 nmethod 2963 0x000002518058db90 code [0x000002518058dd40, 0x000002518058df70]
Event: 18.032 Thread 0x00000251f900b420 2964   !   3       java.util.concurrent.locks.AbstractQueuedSynchronizer$ConditionObject::newConditionNode (78 bytes)
Event: 18.033 Thread 0x00000251f900b420 nmethod 2964 0x000002518058e090 code [0x000002518058e300, 0x000002518058eae0]
Event: 18.033 Thread 0x00000251f900b420 2965   !   3       java.util.concurrent.locks.AbstractQueuedSynchronizer::tryInitializeHead (66 bytes)
Event: 18.033 Thread 0x00000251f900b420 nmethod 2965 0x000002518058ed90 code [0x000002518058ef80, 0x000002518058f520]
Event: 18.453 Thread 0x00000251f900b420 2966       3       java.util.concurrent.locks.AbstractQueuedSynchronizer$Node::getAndUnsetStatus (14 bytes)

GC Heap History (6 events):
Event: 3.701 GC heap before
{Heap before GC invocations=0 (full 0):
 garbage-first heap   total 262144K, used 22528K [0x00000000e0000000, 0x0000000100000000)
  region size 1024K, 23 young (23552K), 0 survivors (0K)
 Metaspace       used 918K, committed 1024K, reserved 393216K
  class space    used 72K, committed 128K, reserved 327680K
}
Event: 4.698 GC heap after
{Heap after GC invocations=1 (full 0):
 garbage-first heap   total 262144K, used 1610K [0x00000000e0000000, 0x0000000100000000)
  region size 1024K, 2 young (2048K), 2 survivors (2048K)
 Metaspace       used 918K, committed 1024K, reserved 393216K
  class space    used 72K, committed 128K, reserved 327680K
}
Event: 6.671 GC heap before
{Heap before GC invocations=1 (full 0):
 garbage-first heap   total 262144K, used 40522K [0x00000000e0000000, 0x0000000100000000)
  region size 1024K, 38 young (38912K), 2 survivors (2048K)
 Metaspace       used 4396K, committed 4544K, reserved 393216K
  class space    used 556K, committed 640K, reserved 327680K
}
Event: 6.676 GC heap after
{Heap after GC invocations=2 (full 0):
 garbage-first heap   total 262144K, used 10881K [0x00000000e0000000, 0x0000000100000000)
  region size 1024K, 5 young (5120K), 5 survivors (5120K)
 Metaspace       used 4396K, committed 4544K, reserved 393216K
  class space    used 556K, committed 640K, reserved 327680K
}
Event: 8.316 GC heap before
{Heap before GC invocations=2 (full 0):
 garbage-first heap   total 262144K, used 64129K [0x00000000e0000000, 0x0000000100000000)
  region size 1024K, 55 young (56320K), 5 survivors (5120K)
 Metaspace       used 5552K, committed 5760K, reserved 393216K
  class space    used 744K, committed 832K, reserved 327680K
}
Event: 8.321 GC heap after
{Heap after GC invocations=3 (full 0):
 garbage-first heap   total 262144K, used 16663K [0x00000000e0000000, 0x0000000100000000)
  region size 1024K, 5 young (5120K), 5 survivors (5120K)
 Metaspace       used 5552K, committed 5760K, reserved 393216K
  class space    used 744K, committed 832K, reserved 327680K
}

Dll operation events (15 events):
Event: 0.045 Loaded shared library C:\Users\dduc1\.jdks\ms-21.0.8\bin\java.dll
Event: 2.090 Loaded shared library C:\Users\dduc1\.jdks\ms-21.0.8\bin\jsvml.dll
Event: 2.091 Loaded shared library C:\Users\dduc1\.jdks\ms-21.0.8\bin\zip.dll
Event: 2.097 Loaded shared library C:\Users\dduc1\.jdks\ms-21.0.8\bin\instrument.dll
Event: 2.103 Loaded shared library C:\Users\dduc1\.jdks\ms-21.0.8\bin\net.dll
Event: 2.106 Loaded shared library C:\Users\dduc1\.jdks\ms-21.0.8\bin\nio.dll
Event: 2.111 Loaded shared library C:\Users\dduc1\.jdks\ms-21.0.8\bin\zip.dll
Event: 3.562 Loaded shared library C:\Users\dduc1\.jdks\ms-21.0.8\bin\jimage.dll
Event: 5.107 Loaded shared library C:\Users\dduc1\.jdks\ms-21.0.8\bin\verify.dll
Event: 5.555 Loaded shared library C:\Users\dduc1\.gradle\native\1def1411415f61bf3af743bc5b6707747c0891f09f0c88961ee8f79bc544acac\windows-amd64\native-platform.dll
Event: 5.569 Loaded shared library C:\Users\dduc1\.gradle\native\0.2.7\x86_64-windows-gnu\gradle-fileevents.dll
Event: 8.557 Loaded shared library C:\Users\dduc1\.jdks\ms-21.0.8\bin\management.dll
Event: 8.560 Loaded shared library C:\Users\dduc1\.jdks\ms-21.0.8\bin\management_ext.dll
Event: 9.268 Loaded shared library C:\Users\dduc1\.jdks\ms-21.0.8\bin\extnet.dll
Event: 10.612 Loaded shared library C:\Users\dduc1\.jdks\ms-21.0.8\bin\sunmscapi.dll

Deoptimization events (20 events):
Event: 15.305 Thread 0x00000251fad3c090 DEOPT PACKING pc=0x0000025187bd95ac sp=0x0000006224efb2a0
Event: 15.305 Thread 0x00000251fad3c090 DEOPT UNPACKING pc=0x00000251875846a2 sp=0x0000006224efb1d0 mode 2
Event: 15.540 Thread 0x00000251fad3c090 Uncommon trap: trap_request=0xffffff45 fr.pc=0x0000025187af2c1c relative=0x0000000000000d1c
Event: 15.540 Thread 0x00000251fad3c090 Uncommon trap: reason=unstable_if action=reinterpret pc=0x0000025187af2c1c method=java.io.WinNTFileSystem.resolve(Ljava/lang/String;Ljava/lang/String;)Ljava/lang/String; @ 19 c2
Event: 15.540 Thread 0x00000251fad3c090 DEOPT PACKING pc=0x0000025187af2c1c sp=0x0000006224efb600
Event: 15.540 Thread 0x00000251fad3c090 DEOPT UNPACKING pc=0x00000251875846a2 sp=0x0000006224efb598 mode 2
Event: 15.553 Thread 0x00000251fad3c090 Uncommon trap: trap_request=0xffffff45 fr.pc=0x0000025187b63890 relative=0x0000000000000630
Event: 15.554 Thread 0x00000251fad3c090 Uncommon trap: reason=unstable_if action=reinterpret pc=0x0000025187b63890 method=java.io.File.getName()Ljava/lang/String; @ 16 c2
Event: 15.556 Thread 0x00000251fad3c090 DEOPT PACKING pc=0x0000025187b63890 sp=0x0000006224efb5c0
Event: 15.556 Thread 0x00000251fad3c090 DEOPT UNPACKING pc=0x00000251875846a2 sp=0x0000006224efb590 mode 2
Event: 15.736 Thread 0x00000251fad3c090 Uncommon trap: trap_request=0xffffff45 fr.pc=0x0000025187afe514 relative=0x00000000000000f4
Event: 15.736 Thread 0x00000251fad3c090 Uncommon trap: reason=unstable_if action=reinterpret pc=0x0000025187afe514 method=java.util.HashMap.hash(Ljava/lang/Object;)I @ 1 c2
Event: 15.736 Thread 0x00000251fad3c090 DEOPT PACKING pc=0x0000025187afe514 sp=0x0000006224efc660
Event: 15.736 Thread 0x00000251fad3c090 DEOPT UNPACKING pc=0x00000251875846a2 sp=0x0000006224efc5a0 mode 2
Event: 15.736 Thread 0x00000251fad3c090 DEOPT PACKING pc=0x0000025180480c61 sp=0x0000006224efc470
Event: 15.736 Thread 0x00000251fad3c090 DEOPT UNPACKING pc=0x0000025187584e42 sp=0x0000006224efb980 mode 0
Event: 16.850 Thread 0x00000251fad3c090 Uncommon trap: trap_request=0xffffff45 fr.pc=0x0000025187b89538 relative=0x00000000000007d8
Event: 16.850 Thread 0x00000251fad3c090 Uncommon trap: reason=unstable_if action=reinterpret pc=0x0000025187b89538 method=java.util.ArrayList.grow(I)[Ljava/lang/Object; @ 17 c2
Event: 16.850 Thread 0x00000251fad3c090 DEOPT PACKING pc=0x0000025187b89538 sp=0x0000006224efd5d0
Event: 16.850 Thread 0x00000251fad3c090 DEOPT UNPACKING pc=0x00000251875846a2 sp=0x0000006224efd468 mode 2

Classes loaded (20 events):
Event: 16.976 Loading class java/lang/invoke/BoundMethodHandle$Species_LLLLLLLLLLLLLLLL
Event: 16.976 Loading class java/lang/invoke/BoundMethodHandle$Species_LLLLLLLLLLLLLLLL done
Event: 17.011 Loading class java/lang/invoke/BoundMethodHandle$Species_LLLLLLLLLLLLLLLLL
Event: 17.011 Loading class java/lang/invoke/BoundMethodHandle$Species_LLLLLLLLLLLLLLLLL done
Event: 17.026 Loading class java/lang/invoke/BoundMethodHandle$Species_LLLLLLLLLLLLLLLLLL
Event: 17.026 Loading class java/lang/invoke/BoundMethodHandle$Species_LLLLLLLLLLLLLLLLLL done
Event: 17.047 Loading class java/lang/invoke/BoundMethodHandle$Species_LLLLLLLLLLLLLLLLLLL
Event: 17.047 Loading class java/lang/invoke/BoundMethodHandle$Species_LLLLLLLLLLLLLLLLLLL done
Event: 17.057 Loading class java/lang/invoke/BoundMethodHandle$Species_LLLLLLLLLLLLLLLLLLLL
Event: 17.057 Loading class java/lang/invoke/BoundMethodHandle$Species_LLLLLLLLLLLLLLLLLLLL done
Event: 17.059 Loading class java/lang/invoke/BoundMethodHandle$Species_LLLLLLLLLLLLLLLLLLLLL
Event: 17.059 Loading class java/lang/invoke/BoundMethodHandle$Species_LLLLLLLLLLLLLLLLLLLLL done
Event: 17.061 Loading class java/lang/invoke/BoundMethodHandle$Species_LLLLLLLLLLLLLLLLLLLLLL
Event: 17.061 Loading class java/lang/invoke/BoundMethodHandle$Species_LLLLLLLLLLLLLLLLLLLLLL done
Event: 17.064 Loading class java/lang/invoke/BoundMethodHandle$Species_LLLLLLLLLLLLLLLLLLLLLLL
Event: 17.064 Loading class java/lang/invoke/BoundMethodHandle$Species_LLLLLLLLLLLLLLLLLLLLLLL done
Event: 17.069 Loading class java/lang/invoke/BoundMethodHandle$Species_LLLLLLLLLLLLLLLLLLLLLLLL
Event: 17.069 Loading class java/lang/invoke/BoundMethodHandle$Species_LLLLLLLLLLLLLLLLLLLLLLLL done
Event: 17.275 Loading class java/util/Collections$2
Event: 17.275 Loading class java/util/Collections$2 done

Classes unloaded (0 events):
No events

Classes redefined (0 events):
No events

Internal exceptions (20 events):
Event: 15.574 Thread 0x00000251fad3c090 Exception <a 'java/lang/NoSuchMethodError'{0x00000000ecb0eee0}: 'void java.lang.invoke.DirectMethodHandle$Holder.invokeStatic(java.lang.Object, java.lang.Object, java.lang.Object, java.lang.Object)'> (0x00000000ecb0eee0) 
thrown [s\src\hotspot\share\interpreter\linkResolver.cpp, line 773]
Event: 15.574 Thread 0x00000251fad3c090 Exception <a 'java/lang/NoSuchMethodError'{0x00000000ecb12c98}: 'void java.lang.invoke.DirectMethodHandle$Holder.invokeStaticInit(java.lang.Object, java.lang.Object, java.lang.Object, java.lang.Object)'> (0x00000000ecb12c98) 
thrown [s\src\hotspot\share\interpreter\linkResolver.cpp, line 773]
Event: 15.610 Thread 0x00000251fad3c090 Exception <a 'java/lang/NoSuchMethodError'{0x00000000ecb68948}: 'java.lang.Object java.lang.invoke.DirectMethodHandle$Holder.invokeInterface(java.lang.Object, java.lang.Object, java.lang.Object)'> (0x00000000ecb68948) 
thrown [s\src\hotspot\share\interpreter\linkResolver.cpp, line 773]
Event: 15.690 Thread 0x00000251fad3c090 Exception <a 'java/lang/NoSuchMethodError'{0x00000000eca6bdd0}: 'int java.lang.invoke.DirectMethodHandle$Holder.invokeSpecialIFC(java.lang.Object, java.lang.Object, java.lang.Object, java.lang.Object)'> (0x00000000eca6bdd0) 
thrown [s\src\hotspot\share\interpreter\linkResolver.cpp, line 773]
Event: 15.691 Thread 0x00000251fad3c090 Exception <a 'java/lang/IncompatibleClassChangeError'{0x00000000eca79328}: Found class java.lang.Object, but interface was expected> (0x00000000eca79328) 
thrown [s\src\hotspot\share\interpreter\linkResolver.cpp, line 840]
Event: 15.736 Thread 0x00000251fad3c090 Implicit null exception at 0x0000025187afe466 to 0x0000025187afe50a
Event: 15.787 Thread 0x00000251fad3c090 Exception <a 'java/lang/NoSuchMethodError'{0x00000000ec380cd0}: 'int java.lang.invoke.DirectMethodHandle$Holder.invokeStatic(java.lang.Object, java.lang.Object, java.lang.Object, java.lang.Object)'> (0x00000000ec380cd0) 
thrown [s\src\hotspot\share\interpreter\linkResolver.cpp, line 773]
Event: 16.964 Thread 0x00000251fad3c090 Exception <a 'java/lang/NoSuchMethodError'{0x00000000ec016558}: 'java.lang.Object java.lang.invoke.DelegatingMethodHandle$Holder.reinvoke_L(java.lang.Object, java.lang.Object, java.lang.Object, java.lang.Object, java.lang.Object, java.lang.Object, java.lang.Object, java.lang.Object, java.lang.Object, java.lang.Object, java.lang.Object, java.lang.Object, java.lang.Object, java.lang.Object, java.lang.Object, java.lang.Object, java.lang.Object, java.lang.Object, java.lang.Object, java.lang.Object, java.lang.O
Event: 16.969 Thread 0x00000251fad3c090 Exception <a 'java/lang/NoSuchMethodError'{0x00000000ec085bf0}: 'java.lang.Object java.lang.invoke.DirectMethodHandle$Holder.invokeStatic(java.lang.Object, java.lang.Object, java.lang.Object, java.lang.Object, java.lang.Object, java.lang.Object, java.lang.Object, java.lang.Object, java.lang.Object, java.lang.Object, java.lang.Object, java.lang.Object, java.lang.Object, java.lang.Object, java.lang.Object, java.lang.Object, java.lang.Object)'> (0x00000000ec085bf0) 
thrown [s\src\hotspot\share\interpreter\lin
Event: 16.973 Thread 0x00000251fad3c090 Exception <a 'java/lang/NoSuchMethodError'{0x00000000ec0ae9b8}: 'java.lang.Object java.lang.invoke.DirectMethodHandle$Holder.invokeStatic(java.lang.Object, java.lang.Object, java.lang.Object, java.lang.Object, java.lang.Object, java.lang.Object, java.lang.Object, java.lang.Object, java.lang.Object, java.lang.Object, java.lang.Object, java.lang.Object, java.lang.Object, java.lang.Object, java.lang.Object, java.lang.Object, java.lang.Object, java.lang.Object)'> (0x00000000ec0ae9b8) 
thrown [s\src\hotspot\sha
Event: 16.998 Thread 0x00000251fad3c090 Exception <a 'java/lang/NoSuchMethodError'{0x00000000ec0d8bf8}: 'java.lang.Object java.lang.invoke.DirectMethodHandle$Holder.invokeStatic(java.lang.Object, java.lang.Object, java.lang.Object, java.lang.Object, java.lang.Object, java.lang.Object, java.lang.Object, java.lang.Object, java.lang.Object, java.lang.Object, java.lang.Object, java.lang.Object, java.lang.Object, java.lang.Object, java.lang.Object, java.lang.Object, java.lang.Object, java.lang.Object, java.lang.Object)'> (0x00000000ec0d8bf8) 
thrown 
Event: 17.014 Thread 0x00000251fad3c090 Exception <a 'java/lang/NoSuchMethodError'{0x00000000ebf044c0}: 'java.lang.Object java.lang.invoke.DirectMethodHandle$Holder.invokeStatic(java.lang.Object, java.lang.Object, java.lang.Object, java.lang.Object, java.lang.Object, java.lang.Object, java.lang.Object, java.lang.Object, java.lang.Object, java.lang.Object, java.lang.Object, java.lang.Object, java.lang.Object, java.lang.Object, java.lang.Object, java.lang.Object, java.lang.Object, java.lang.Object, java.lang.Object, java.lang.Object)'> (0x00000000
Event: 17.029 Thread 0x00000251fad3c090 Exception <a 'java/lang/NoSuchMethodError'{0x00000000ebf30da8}: 'java.lang.Object java.lang.invoke.DirectMethodHandle$Holder.invokeStatic(java.lang.Object, java.lang.Object, java.lang.Object, java.lang.Object, java.lang.Object, java.lang.Object, java.lang.Object, java.lang.Object, java.lang.Object, java.lang.Object, java.lang.Object, java.lang.Object, java.lang.Object, java.lang.Object, java.lang.Object, java.lang.Object, java.lang.Object, java.lang.Object, java.lang.Object, java.lang.Object, java.lang.Obj
Event: 17.056 Thread 0x00000251fad3c090 Exception <a 'java/lang/NoSuchMethodError'{0x00000000ebf5e888}: 'java.lang.Object java.lang.invoke.DirectMethodHandle$Holder.invokeStatic(java.lang.Object, java.lang.Object, java.lang.Object, java.lang.Object, java.lang.Object, java.lang.Object, java.lang.Object, java.lang.Object, java.lang.Object, java.lang.Object, java.lang.Object, java.lang.Object, java.lang.Object, java.lang.Object, java.lang.Object, java.lang.Object, java.lang.Object, java.lang.Object, java.lang.Object, java.lang.Object, java.lang.Obj
Event: 17.058 Thread 0x00000251fad3c090 Exception <a 'java/lang/NoSuchMethodError'{0x00000000ebf8d698}: 'java.lang.Object java.lang.invoke.DirectMethodHandle$Holder.invokeStatic(java.lang.Object, java.lang.Object, java.lang.Object, java.lang.Object, java.lang.Object, java.lang.Object, java.lang.Object, java.lang.Object, java.lang.Object, java.lang.Object, java.lang.Object, java.lang.Object, java.lang.Object, java.lang.Object, java.lang.Object, java.lang.Object, java.lang.Object, java.lang.Object, java.lang.Object, java.lang.Object, java.lang.Obj
Event: 17.060 Thread 0x00000251fad3c090 Exception <a 'java/lang/NoSuchMethodError'{0x00000000ebfbcfb0}: 'java.lang.Object java.lang.invoke.DirectMethodHandle$Holder.invokeStatic(java.lang.Object, java.lang.Object, java.lang.Object, java.lang.Object, java.lang.Object, java.lang.Object, java.lang.Object, java.lang.Object, java.lang.Object, java.lang.Object, java.lang.Object, java.lang.Object, java.lang.Object, java.lang.Object, java.lang.Object, java.lang.Object, java.lang.Object, java.lang.Object, java.lang.Object, java.lang.Object, java.lang.Obj
Event: 17.062 Thread 0x00000251fad3c090 Exception <a 'java/lang/NoSuchMethodError'{0x00000000ebfed6f8}: 'java.lang.Object java.lang.invoke.DirectMethodHandle$Holder.invokeStatic(java.lang.Object, java.lang.Object, java.lang.Object, java.lang.Object, java.lang.Object, java.lang.Object, java.lang.Object, java.lang.Object, java.lang.Object, java.lang.Object, java.lang.Object, java.lang.Object, java.lang.Object, java.lang.Object, java.lang.Object, java.lang.Object, java.lang.Object, java.lang.Object, java.lang.Object, java.lang.Object, java.lang.Obj
Event: 17.067 Thread 0x00000251fad3c090 Exception <a 'java/lang/NoSuchMethodError'{0x00000000ebe1e840}: 'java.lang.Object java.lang.invoke.DirectMethodHandle$Holder.invokeStatic(java.lang.Object, java.lang.Object, java.lang.Object, java.lang.Object, java.lang.Object, java.lang.Object, java.lang.Object, java.lang.Object, java.lang.Object, java.lang.Object, java.lang.Object, java.lang.Object, java.lang.Object, java.lang.Object, java.lang.Object, java.lang.Object, java.lang.Object, java.lang.Object, java.lang.Object, java.lang.Object, java.lang.Obj
Event: 17.070 Thread 0x00000251fad3c090 Exception <a 'java/lang/NoSuchMethodError'{0x00000000ebe512c8}: 'java.lang.Object java.lang.invoke.DirectMethodHandle$Holder.invokeStatic(java.lang.Object, java.lang.Object, java.lang.Object, java.lang.Object, java.lang.Object, java.lang.Object, java.lang.Object, java.lang.Object, java.lang.Object, java.lang.Object, java.lang.Object, java.lang.Object, java.lang.Object, java.lang.Object, java.lang.Object, java.lang.Object, java.lang.Object, java.lang.Object, java.lang.Object, java.lang.Object, java.lang.Obj
Event: 17.209 Thread 0x00000251fad3c090 Exception <a 'java/lang/IncompatibleClassChangeError'{0x00000000ebd79d60}: Found class java.lang.Object, but interface was expected> (0x00000000ebd79d60) 
thrown [s\src\hotspot\share\interpreter\linkResolver.cpp, line 840]

ZGC Phase Switch (0 events):
No events

VM Operations (20 events):
Event: 10.817 Executing VM operation: HandshakeAllThreads (Deoptimize) done
Event: 10.817 Executing VM operation: Cleanup
Event: 10.818 Executing VM operation: Cleanup done
Event: 11.833 Executing VM operation: Cleanup
Event: 11.833 Executing VM operation: Cleanup done
Event: 12.841 Executing VM operation: Cleanup
Event: 13.283 Executing VM operation: Cleanup done
Event: 14.312 Executing VM operation: Cleanup
Event: 14.324 Executing VM operation: Cleanup done
Event: 14.468 Executing VM operation: HandshakeAllThreads (Deoptimize)
Event: 14.468 Executing VM operation: HandshakeAllThreads (Deoptimize) done
Event: 15.508 Executing VM operation: Cleanup
Event: 15.508 Executing VM operation: Cleanup done
Event: 16.523 Executing VM operation: Cleanup
Event: 16.523 Executing VM operation: Cleanup done
Event: 17.100 Executing VM operation: HandshakeAllThreads (Deoptimize)
Event: 17.174 Executing VM operation: HandshakeAllThreads (Deoptimize) done
Event: 17.175 Executing VM operation: HandshakeAllThreads (Deoptimize)
Event: 17.175 Executing VM operation: HandshakeAllThreads (Deoptimize) done
Event: 18.185 Executing VM operation: Cleanup

Memory protections (0 events):
No events

Nmethod flushes (0 events):
No events

Events (20 events):
Event: 8.384 Thread 0x00000251f900b420 Thread added: 0x00000251fa1b9860
Event: 8.653 Thread 0x00000251e656af70 Thread added: 0x00000251fa0c8330
Event: 9.035 Thread 0x00000251fa1b9860 Thread exited: 0x00000251fa1b9860
Event: 10.109 Thread 0x00000251f900b420 Thread added: 0x00000251fabef660
Event: 10.162 Thread 0x00000251e656af70 Thread added: 0x00000251fabec0e0
Event: 10.524 Thread 0x00000251e656af70 Thread added: 0x00000251fabe59f0
Event: 10.668 Thread 0x00000251fabef660 Thread exited: 0x00000251fabef660
Event: 10.885 Thread 0x00000251fabec0e0 Thread added: 0x00000251fac44ea0
Event: 11.314 Thread 0x00000251fac44ea0 Thread added: 0x00000251fac1b130
Event: 11.475 Thread 0x00000251fac44ea0 Thread added: 0x00000251fad3ba30
Event: 13.285 Thread 0x00000251fac44ea0 Thread added: 0x00000251fad3c090
Event: 13.314 Thread 0x00000251fad3c090 Thread added: 0x00000251f9556450
Event: 13.324 Thread 0x00000251fad3c090 Thread added: 0x00000251f9555dc0
Event: 13.332 Thread 0x00000251fad3c090 Thread added: 0x00000251f9553cf0
Event: 14.469 Thread 0x00000251fad3c090 Thread added: 0x00000251f9556ae0
Event: 14.514 Thread 0x00000251fad3c090 Thread added: 0x00000251f9554380
Event: 14.713 Thread 0x00000251f9554380 Thread added: 0x00000251f9554a10
Event: 14.986 Thread 0x00000251fad3c090 Thread added: 0x00000251f9555730
Event: 16.968 Thread 0x00000251f900b420 Thread added: 0x00000251fb6bda70
Event: 17.064 Thread 0x00000251f900b420 Thread added: 0x00000251fadd0040


Dynamic libraries:
0x00007ff780060000 - 0x00007ff78006e000 	C:\Users\dduc1\.jdks\ms-21.0.8\bin\java.exe
0x00007ffe8dbe0000 - 0x00007ffe8de48000 	C:\WINDOWS\SYSTEM32\ntdll.dll
0x00007ffe8d9a0000 - 0x00007ffe8da69000 	C:\WINDOWS\System32\KERNEL32.DLL
0x00007ffe8b2f0000 - 0x00007ffe8b6e2000 	C:\WINDOWS\System32\KERNELBASE.dll
0x00007ffe8ae00000 - 0x00007ffe8af4b000 	C:\WINDOWS\System32\ucrtbase.dll
0x00007ffe59530000 - 0x00007ffe59548000 	C:\Users\dduc1\.jdks\ms-21.0.8\bin\jli.dll
0x00007ffe8c510000 - 0x00007ffe8c6d5000 	C:\WINDOWS\System32\USER32.dll
0x00007ffe8b2c0000 - 0x00007ffe8b2e7000 	C:\WINDOWS\System32\win32u.dll
0x00007ffe8c9b0000 - 0x00007ffe8c9db000 	C:\WINDOWS\System32\GDI32.dll
0x00007ffe8b190000 - 0x00007ffe8b2bd000 	C:\WINDOWS\System32\gdi32full.dll
0x00007ffe8b6f0000 - 0x00007ffe8b793000 	C:\WINDOWS\System32\msvcp_win.dll
0x00007ffe52cb0000 - 0x00007ffe52cce000 	C:\Users\dduc1\.jdks\ms-21.0.8\bin\VCRUNTIME140.dll
0x00007ffe68930000 - 0x00007ffe68bc3000 	C:\WINDOWS\WinSxS\amd64_microsoft.windows.common-controls_6595b64144ccf1df_6.0.26100.6899_none_3e0efeeae32e88c1\COMCTL32.dll
0x00007ffe8c2c0000 - 0x00007ffe8c369000 	C:\WINDOWS\System32\msvcrt.dll
0x00007ffe8d960000 - 0x00007ffe8d98f000 	C:\WINDOWS\System32\IMM32.DLL
0x00007ffe61a80000 - 0x00007ffe61a8c000 	C:\Users\dduc1\.jdks\ms-21.0.8\bin\vcruntime140_1.dll
0x00007ffe495f0000 - 0x00007ffe49679000 	C:\Users\dduc1\.jdks\ms-21.0.8\bin\msvcp140.dll
0x00007ffe03d10000 - 0x00007ffe04abc000 	C:\Users\dduc1\.jdks\ms-21.0.8\bin\server\jvm.dll
0x00007ffe8ca70000 - 0x00007ffe8cb24000 	C:\WINDOWS\System32\ADVAPI32.dll
0x00007ffe8daf0000 - 0x00007ffe8db96000 	C:\WINDOWS\System32\sechost.dll
0x00007ffe8cd00000 - 0x00007ffe8ce18000 	C:\WINDOWS\System32\RPCRT4.dll
0x00007ffe8c6f0000 - 0x00007ffe8c764000 	C:\WINDOWS\System32\WS2_32.dll
0x00007ffe89cd0000 - 0x00007ffe89d2e000 	C:\WINDOWS\SYSTEM32\POWRPROF.dll
0x00007ffe80470000 - 0x00007ffe804a5000 	C:\WINDOWS\SYSTEM32\WINMM.dll
0x00007ffe83a40000 - 0x00007ffe83a4b000 	C:\WINDOWS\SYSTEM32\VERSION.dll
0x00007ffe89cb0000 - 0x00007ffe89cc4000 	C:\WINDOWS\SYSTEM32\UMPDC.dll
0x00007ffe89b70000 - 0x00007ffe89b8b000 	C:\WINDOWS\SYSTEM32\kernel.appcore.dll
0x00007ffe619c0000 - 0x00007ffe619ca000 	C:\Users\dduc1\.jdks\ms-21.0.8\bin\jimage.dll
0x00007ffe88740000 - 0x00007ffe88982000 	C:\WINDOWS\SYSTEM32\DBGHELP.DLL
0x00007ffe8b9e0000 - 0x00007ffe8bd5b000 	C:\WINDOWS\System32\combase.dll
0x00007ffe8c8d0000 - 0x00007ffe8c9a7000 	C:\WINDOWS\System32\OLEAUT32.dll
0x00007ffe7d410000 - 0x00007ffe7d44c000 	C:\WINDOWS\SYSTEM32\dbgcore.DLL
0x00007ffe8b7a0000 - 0x00007ffe8b838000 	C:\WINDOWS\System32\bcryptPrimitives.dll
0x00007ffe60360000 - 0x00007ffe60370000 	C:\Users\dduc1\.jdks\ms-21.0.8\bin\instrument.dll
0x00007ffe495c0000 - 0x00007ffe495e1000 	C:\Users\dduc1\.jdks\ms-21.0.8\bin\java.dll
0x00007ffe8d110000 - 0x00007ffe8d85d000 	C:\WINDOWS\System32\SHELL32.dll
0x00007ffe8b840000 - 0x00007ffe8b9ab000 	C:\WINDOWS\System32\wintypes.dll
0x00007ffe889a0000 - 0x00007ffe891fd000 	C:\WINDOWS\SYSTEM32\windows.storage.dll
0x00007ffe8cc00000 - 0x00007ffe8ccf2000 	C:\WINDOWS\System32\SHCORE.dll
0x00007ffe8cb30000 - 0x00007ffe8cb92000 	C:\WINDOWS\System32\shlwapi.dll
0x00007ffe8ac90000 - 0x00007ffe8acb9000 	C:\WINDOWS\SYSTEM32\profapi.dll
0x00007ffe2de30000 - 0x00007ffe2df06000 	C:\Users\dduc1\.jdks\ms-21.0.8\bin\jsvml.dll
0x00007ffe49520000 - 0x00007ffe49538000 	C:\Users\dduc1\.jdks\ms-21.0.8\bin\zip.dll
0x00007ffe49500000 - 0x00007ffe49511000 	C:\Users\dduc1\.jdks\ms-21.0.8\bin\net.dll
0x00007ffe846a0000 - 0x00007ffe847bf000 	C:\WINDOWS\SYSTEM32\WINHTTP.dll
0x00007ffe8a180000 - 0x00007ffe8a1eb000 	C:\WINDOWS\system32\mswsock.dll
0x00007ffe47b20000 - 0x00007ffe47b36000 	C:\Users\dduc1\.jdks\ms-21.0.8\bin\nio.dll
0x00007ffe5e9f0000 - 0x00007ffe5ea00000 	C:\Users\dduc1\.jdks\ms-21.0.8\bin\verify.dll
0x00007ffe54250000 - 0x00007ffe54277000 	C:\Users\dduc1\.gradle\native\1def1411415f61bf3af743bc5b6707747c0891f09f0c88961ee8f79bc544acac\windows-amd64\native-platform.dll
0x00007ffe2ddb0000 - 0x00007ffe2de28000 	C:\Users\dduc1\.gradle\native\0.2.7\x86_64-windows-gnu\gradle-fileevents.dll
0x00007ffe5e840000 - 0x00007ffe5e84a000 	C:\Users\dduc1\.jdks\ms-21.0.8\bin\management.dll
0x00007ffe5d9b0000 - 0x00007ffe5d9bc000 	C:\Users\dduc1\.jdks\ms-21.0.8\bin\management_ext.dll
0x00007ffe8bde0000 - 0x00007ffe8bde8000 	C:\WINDOWS\System32\PSAPI.DLL
0x00007ffe89570000 - 0x00007ffe895a4000 	C:\WINDOWS\SYSTEM32\IPHLPAPI.DLL
0x00007ffe8c280000 - 0x00007ffe8c28a000 	C:\WINDOWS\System32\NSI.dll
0x00007ffe5c850000 - 0x00007ffe5c859000 	C:\Users\dduc1\.jdks\ms-21.0.8\bin\extnet.dll
0x00007ffe8a470000 - 0x00007ffe8a48b000 	C:\WINDOWS\SYSTEM32\CRYPTSP.dll
0x00007ffe89ad0000 - 0x00007ffe89b0b000 	C:\WINDOWS\system32\rsaenh.dll
0x00007ffe8a220000 - 0x00007ffe8a24b000 	C:\WINDOWS\SYSTEM32\USERENV.dll
0x00007ffe8ac60000 - 0x00007ffe8ac86000 	C:\WINDOWS\SYSTEM32\bcrypt.dll
0x00007ffe8a460000 - 0x00007ffe8a46c000 	C:\WINDOWS\SYSTEM32\CRYPTBASE.dll
0x00007ffe5c440000 - 0x00007ffe5c44e000 	C:\Users\dduc1\.jdks\ms-21.0.8\bin\sunmscapi.dll
0x00007ffe8af50000 - 0x00007ffe8b0c7000 	C:\WINDOWS\System32\CRYPT32.dll
0x00007ffe8a6a0000 - 0x00007ffe8a6d0000 	C:\WINDOWS\SYSTEM32\ncrypt.dll
0x00007ffe8a650000 - 0x00007ffe8a68f000 	C:\WINDOWS\SYSTEM32\NTASN1.dll
0x00007ffe715d0000 - 0x00007ffe715d8000 	C:\WINDOWS\system32\wshunix.dll

JVMTI agents:
C:\Users\dduc1\.gradle\wrapper\dists\gradle-8.14.3-bin\cv11ve7ro1n3o1j4so8xd9n66\gradle-8.14.3\lib\agents\gradle-instrumentation-agent-8.14.3.jar path:C:\Users\dduc1\.jdks\ms-21.0.8\bin\instrument.dll, loaded, initialized, instrumentlib options:none

dbghelp: loaded successfully - version: 4.0.5 - missing functions: none
symbol engine: initialized successfully - sym options: 0x614 - pdb path: .;C:\Users\dduc1\.jdks\ms-21.0.8\bin;C:\WINDOWS\SYSTEM32;C:\WINDOWS\WinSxS\amd64_microsoft.windows.common-controls_6595b64144ccf1df_6.0.26100.6899_none_3e0efeeae32e88c1;C:\Users\dduc1\.jdks\ms-21.0.8\bin\server;C:\Users\dduc1\.gradle\native\1def1411415f61bf3af743bc5b6707747c0891f09f0c88961ee8f79bc544acac\windows-amd64;C:\Users\dduc1\.gradle\native\0.2.7\x86_64-windows-gnu

VM Arguments:
jvm_args: --add-opens=java.base/java.lang=ALL-UNNAMED --add-opens=java.base/java.lang.invoke=ALL-UNNAMED --add-opens=java.base/java.util=ALL-UNNAMED --add-opens=java.prefs/java.util.prefs=ALL-UNNAMED --add-exports=jdk.compiler/com.sun.tools.javac.api=ALL-UNNAMED --add-exports=jdk.compiler/com.sun.tools.javac.util=ALL-UNNAMED --add-opens=java.base/java.util=ALL-UNNAMED --add-opens=java.prefs/java.util.prefs=ALL-UNNAMED --add-opens=java.base/java.nio.charset=ALL-UNNAMED --add-opens=java.base/java.net=ALL-UNNAMED --add-opens=java.base/java.util.concurrent.atomic=ALL-UNNAMED --add-opens=java.xml/javax.xml.namespace=ALL-UNNAMED -XX:MaxMetaspaceSize=384m -XX:+HeapDumpOnOutOfMemoryError -Xms256m -Xmx512m -Dfile.encoding=windows-1252 -Duser.country=US -Duser.language=en -Duser.variant -javaagent:C:\Users\dduc1\.gradle\wrapper\dists\gradle-8.14.3-bin\cv11ve7ro1n3o1j4so8xd9n66\gradle-8.14.3\lib\agents\gradle-instrumentation-agent-8.14.3.jar 
java_command: org.gradle.launcher.daemon.bootstrap.GradleDaemon 8.14.3
java_class_path (initial): C:\Users\dduc1\.gradle\wrapper\dists\gradle-8.14.3-bin\cv11ve7ro1n3o1j4so8xd9n66\gradle-8.14.3\lib\gradle-daemon-main-8.14.3.jar
Launcher Type: SUN_STANDARD

[Global flags]
     intx CICompilerCount                          = 4                                         {product} {ergonomic}
   size_t CompressedClassSpaceSize                 = 335544320                                 {product} {ergonomic}
     uint ConcGCThreads                            = 3                                         {product} {ergonomic}
     uint G1ConcRefinementThreads                  = 10                                        {product} {ergonomic}
   size_t G1HeapRegionSize                         = 1048576                                   {product} {ergonomic}
    uintx GCDrainStackTargetSize                   = 64                                        {product} {ergonomic}
     bool HeapDumpOnOutOfMemoryError               = true                                   {manageable} {command line}
   size_t InitialHeapSize                          = 268435456                                 {product} {command line}
   size_t MarkStackSize                            = 4194304                                   {product} {ergonomic}
   size_t MaxHeapSize                              = 536870912                                 {product} {command line}
   size_t MaxMetaspaceSize                         = 402653184                                 {product} {command line}
   size_t MaxNewSize                               = 321912832                                 {product} {ergonomic}
   size_t MinHeapDeltaBytes                        = 1048576                                   {product} {ergonomic}
   size_t MinHeapSize                              = 268435456                                 {product} {command line}
    uintx NonNMethodCodeHeapSize                   = 5839372                                {pd product} {ergonomic}
    uintx NonProfiledCodeHeapSize                  = 122909434                              {pd product} {ergonomic}
    uintx ProfiledCodeHeapSize                     = 122909434                              {pd product} {ergonomic}
    uintx ReservedCodeCacheSize                    = 251658240                              {pd product} {ergonomic}
     bool SegmentedCodeCache                       = true                                      {product} {ergonomic}
   size_t SoftMaxHeapSize                          = 536870912                              {manageable} {ergonomic}
     bool UseCompressedOops                        = true                           {product lp64_product} {ergonomic}
     bool UseG1GC                                  = true                                      {product} {ergonomic}
     bool UseLargePagesIndividualAllocation        = false                                  {pd product} {ergonomic}

Logging:
Log output configuration:
 #0: stdout all=warning uptime,level,tags foldmultilines=false
 #1: stderr all=off uptime,level,tags foldmultilines=false

Environment Variables:
PATH=E:\PYTHON\Scripts\;E:\PYTHON\;C:\Program Files\Common Files\Oracle\Java\javapath;C:\Windows\system32;C:\Windows;C:\Windows\System32\Wbem;C:\Windows\System32\WindowsPowerShell\v1.0\;C:\Windows\System32\OpenSSH\;C:\Program Files (x86)\NVIDIA Corporation\PhysX\Common;C:\Program Files\NVIDIA Corporation\NVIDIA NvDLISR;C:\WINDOWS\system32;C:\WINDOWS;C:\WINDOWS\System32\Wbem;C:\WINDOWS\System32\WindowsPowerShell\v1.0\;C:\WINDOWS\System32\OpenSSH\;E:\GIT\cmd;D:\important file JAVA\bin;C:\ProgramData\chocolatey\bin;C:\msys64\ucrt64\bin;C:\Program Files\Microsoft SQL Server\150\Tools\Binn\;C:\Program Files\Microsoft SQL Server\Client SDK\ODBC\170\Tools\Binn\;D:\gradle-8.12\bin;C:\Program Files\dotnet\;C:\Program Files (x86)\Windows Kits\10\Windows Performance Toolkit\;C:\Users\dduc1\AppData\Local\nvm;C:\nvm4w\nodejs;C:\Program Files\Docker\Docker\resources\bin;C:\Users\dduc1\AppData\Local\Programs\Python\Launcher\;C:\Users\dduc1\AppData\Local\Microsoft\WindowsApps;D:\VScode\Microsoft VS Code\bin;E:\PYTHON;C:\Users\dduc1\AppData\Roaming\npm;E:\PYTHON\Lib;E:\PYTHON\Scripts;D:\Intellij IDEA\IntelliJ IDEA 2024.1.4\bin;;C:\Users\dduc1\.dotnet\tools;C:\Program Files\dotnet\sdk\9.0.101;%JetBrains Rider%;D:\gradle-8.12\bin;C:\Users\dduc1\AppData\Local\nvm;C:\nvm4w\nodejs
USERNAME=dduc1
OS=Windows_NT
PROCESSOR_IDENTIFIER=AMD64 Family 25 Model 80 Stepping 0, AuthenticAMD
TMP=C:\Users\dduc1\AppData\Local\Temp
TEMP=C:\Users\dduc1\AppData\Local\Temp




Periodic native trim disabled

---------------  S Y S T E M  ---------------

OS:
 Windows 11 , 64 bit Build 26100 (10.0.26100.6725)
OS uptime: 9 days 21:46 hours
Hyper-V role detected

CPU: total 12 (initial active 12) (12 cores per cpu, 2 threads per core) family 25 model 80 stepping 0 microcode 0xa50000c, cx8, cmov, fxsr, ht, mmx, 3dnowpref, sse, sse2, sse3, ssse3, sse4a, sse4.1, sse4.2, popcnt, lzcnt, tsc, tscinvbit, avx, avx2, aes, erms, clmul, bmi1, bmi2, adx, sha, fma, vzeroupper, clflush, clflushopt, hv, rdtscp, rdpid, fsrm, f16c, cet_ss
Processor Information for the first 12 processors :
  Max Mhz: 3301, Current Mhz: 3301, Mhz Limit: 3301

Memory: 4k page, system-wide physical 15724M (733M free)
TotalPageFile size 46992M (AvailPageFile size 156M)
current process WorkingSet (physical memory assigned to process): 204M, peak: 204M
current process commit charge ("private bytes"): 429M, peak: 429M

vm_info: OpenJDK 64-Bit Server VM (21.0.8+9-LTS) for windows-amd64 JRE (21.0.8+9-LTS), built on 2025-07-10T20:22:44Z by "MicrosoftCorporation" with unknown MS VC++:1944

END.
