#
# There is insufficient memory for the Java Runtime Environment to continue.
# Native memory allocation (malloc) failed to allocate 1908016 bytes. Error detail: Chunk::new
# Possible reasons:
#   The system is out of physical RAM or swap space
#   This process is running with CompressedOops enabled, and the Java Heap may be blocking the growth of the native heap
# Possible solutions:
#   Reduce memory load on the system
#   Increase physical memory or swap space
#   Check if swap backing store is full
#   Decrease Java heap size (-Xmx/-Xms)
#   Decrease number of Java threads
#   Decrease Java thread stack sizes (-Xss)
#   Set larger code cache with -XX:ReservedCodeCacheSize=
#   JVM is running with Unscaled Compressed Oops mode in which the Java heap is
#     placed in the first 4GB address space. The Java Heap base address is the
#     maximum limit for the native heap growth. Please use -XX:HeapBaseMinAddress
#     to set the Java Heap base and to place the Java Heap above 4GB virtual address.
# This output file may be truncated or incomplete.
#
#  Out of Memory Error (arena.cpp:168), pid=35672, tid=8904
#
# JRE version: OpenJDK Runtime Environment Microsoft-11933218 (21.0.8+9) (build 21.0.8+9-LTS)
# Java VM: OpenJDK 64-Bit Server VM Microsoft-11933218 (21.0.8+9-LTS, mixed mode, sharing, tiered, compressed oops, compressed class ptrs, g1 gc, windows-amd64)
# No core dump will be written. Minidumps are not enabled by default on client versions of Windows
#

---------------  S U M M A R Y ------------

Command Line: --add-opens=java.base/java.lang=ALL-UNNAMED --add-opens=java.base/java.lang.invoke=ALL-UNNAMED --add-opens=java.base/java.util=ALL-UNNAMED --add-opens=java.prefs/java.util.prefs=ALL-UNNAMED --add-exports=jdk.compiler/com.sun.tools.javac.api=ALL-UNNAMED --add-exports=jdk.compiler/com.sun.tools.javac.util=ALL-UNNAMED --add-opens=java.base/java.util=ALL-UNNAMED --add-opens=java.prefs/java.util.prefs=ALL-UNNAMED --add-opens=java.base/java.nio.charset=ALL-UNNAMED --add-opens=java.base/java.net=ALL-UNNAMED --add-opens=java.base/java.util.concurrent.atomic=ALL-UNNAMED --add-opens=java.xml/javax.xml.namespace=ALL-UNNAMED -XX:MaxMetaspaceSize=384m -XX:+HeapDumpOnOutOfMemoryError -Xms256m -Xmx512m -Dfile.encoding=windows-1252 -Duser.country=US -Duser.language=en -Duser.variant -javaagent:C:\Users\dduc1\.gradle\wrapper\dists\gradle-8.14.3-bin\cv11ve7ro1n3o1j4so8xd9n66\gradle-8.14.3\lib\agents\gradle-instrumentation-agent-8.14.3.jar org.gradle.launcher.daemon.bootstrap.GradleDaemon 8.14.3

Host: AMD Ryzen 5 5600H with Radeon Graphics         , 12 cores, 15G,  Windows 11 , 64 bit Build 26100 (10.0.26100.5074)
Time: Mon Oct  6 10:23:59 2025 SE Asia Standard Time elapsed time: 47.504453 seconds (0d 0h 0m 47s)

---------------  T H R E A D  ---------------

Current thread (0x000002005f000080):  JavaThread "C2 CompilerThread0" daemon [_thread_in_native, id=8904, stack(0x000000c6b1800000,0x000000c6b1900000) (1024K)]


Current CompileTask:
C2:47504 3157   !   4       java.lang.ClassLoader::loadClass (121 bytes)

Stack: [0x000000c6b1800000,0x000000c6b1900000]
Native frames: (J=compiled Java code, j=interpreted, Vv=VM code, C=native code)
V  [jvm.dll+0x6e1729]
V  [jvm.dll+0x8bf47b]
V  [jvm.dll+0x8c19aa]
V  [jvm.dll+0x8c2083]
V  [jvm.dll+0x289fd6]
V  [jvm.dll+0xc903d]
V  [jvm.dll+0xc958c]
V  [jvm.dll+0x3c76e2]
V  [jvm.dll+0x393f22]
V  [jvm.dll+0x39337a]
V  [jvm.dll+0x251c60]
V  [jvm.dll+0x251283]
V  [jvm.dll+0x1d18bf]
V  [jvm.dll+0x260f4a]
V  [jvm.dll+0x25f2b5]
V  [jvm.dll+0x40151d]
V  [jvm.dll+0x86975d]
V  [jvm.dll+0x6dff2d]
C  [ucrtbase.dll+0x37b0]
C  [KERNEL32.DLL+0x2e8d7]
C  [ntdll.dll+0x8d9c]


---------------  P R O C E S S  ---------------

Threads class SMR info:
_java_thread_list=0x0000020060d76910, length=25, elements={
0x0000020028719ce0, 0x0000020045dd6c90, 0x0000020045dd77e0, 0x0000020045dda240,
0x0000020045ddcca0, 0x0000020045ddd6f0, 0x0000020045dde140, 0x000002005f000080,
0x000002005f0099e0, 0x000002005f0225d0, 0x000002005f1ca2d0, 0x000002005fd7f730,
0x000002005fcbf020, 0x00000200603631d0, 0x0000020060655040, 0x000002005f4a0560,
0x000002005fcde410, 0x000002005ffbce30, 0x000002005f3bed90, 0x000002005f3b05c0,
0x000002005f3b2d20, 0x000002005f3b0c50, 0x000002005f3b2690, 0x000002005f3aff30,
0x000002005f3b2000
}

Java Threads: ( => current thread )
  0x0000020028719ce0 JavaThread "main"                              [_thread_blocked, id=35648, stack(0x000000c6b0a00000,0x000000c6b0b00000) (1024K)]
  0x0000020045dd6c90 JavaThread "Reference Handler"          daemon [_thread_blocked, id=36860, stack(0x000000c6b1200000,0x000000c6b1300000) (1024K)]
  0x0000020045dd77e0 JavaThread "Finalizer"                  daemon [_thread_blocked, id=35132, stack(0x000000c6b1300000,0x000000c6b1400000) (1024K)]
  0x0000020045dda240 JavaThread "Signal Dispatcher"          daemon [_thread_blocked, id=34924, stack(0x000000c6b1400000,0x000000c6b1500000) (1024K)]
  0x0000020045ddcca0 JavaThread "Attach Listener"            daemon [_thread_blocked, id=23588, stack(0x000000c6b1500000,0x000000c6b1600000) (1024K)]
  0x0000020045ddd6f0 JavaThread "Service Thread"             daemon [_thread_blocked, id=31944, stack(0x000000c6b1600000,0x000000c6b1700000) (1024K)]
  0x0000020045dde140 JavaThread "Monitor Deflation Thread"   daemon [_thread_blocked, id=25752, stack(0x000000c6b1700000,0x000000c6b1800000) (1024K)]
=>0x000002005f000080 JavaThread "C2 CompilerThread0"         daemon [_thread_in_native, id=8904, stack(0x000000c6b1800000,0x000000c6b1900000) (1024K)]
  0x000002005f0099e0 JavaThread "C1 CompilerThread0"         daemon [_thread_blocked, id=32648, stack(0x000000c6b1900000,0x000000c6b1a00000) (1024K)]
  0x000002005f0225d0 JavaThread "Common-Cleaner"             daemon [_thread_blocked, id=20016, stack(0x000000c6b1a00000,0x000000c6b1b00000) (1024K)]
  0x000002005f1ca2d0 JavaThread "Notification Thread"        daemon [_thread_blocked, id=37176, stack(0x000000c6b1b00000,0x000000c6b1c00000) (1024K)]
  0x000002005fd7f730 JavaThread "Daemon health stats"               [_thread_blocked, id=38280, stack(0x000000c6b1c00000,0x000000c6b1d00000) (1024K)]
  0x000002005fcbf020 JavaThread "Incoming local TCP Connector on port 49310"        [_thread_in_native, id=39228, stack(0x000000c6b2500000,0x000000c6b2600000) (1024K)]
  0x00000200603631d0 JavaThread "Daemon periodic checks"            [_thread_blocked, id=39516, stack(0x000000c6b2700000,0x000000c6b2800000) (1024K)]
  0x0000020060655040 JavaThread "Daemon"                            [_thread_blocked, id=38408, stack(0x000000c6b2600000,0x000000c6b2700000) (1024K)]
  0x000002005f4a0560 JavaThread "Handler for socket connection from /127.0.0.1:49310 to /127.0.0.1:49319"        [_thread_in_native, id=37892, stack(0x000000c6b2800000,0x000000c6b2900000) (1024K)]
  0x000002005fcde410 JavaThread "Cancel handler"                    [_thread_blocked, id=39436, stack(0x000000c6b2900000,0x000000c6b2a00000) (1024K)]
  0x000002005ffbce30 JavaThread "Daemon worker"                     [_thread_in_vm, id=40588, stack(0x000000c6b0700000,0x000000c6b0800000) (1024K)]
  0x000002005f3bed90 JavaThread "Asynchronous log dispatcher for DefaultDaemonConnection: socket connection from /127.0.0.1:49310 to /127.0.0.1:49319"        [_thread_blocked, id=40596, stack(0x000000c6b2a00000,0x000000c6b2b00000) (1024K)]
  0x000002005f3b05c0 JavaThread "Stdin handler"                     [_thread_blocked, id=40600, stack(0x000000c6b2b00000,0x000000c6b2c00000) (1024K)]
  0x000002005f3b2d20 JavaThread "Daemon client event forwarder"        [_thread_blocked, id=40604, stack(0x000000c6b2c00000,0x000000c6b2d00000) (1024K)]
  0x000002005f3b0c50 JavaThread "Cache worker for journal cache (C:\Users\dduc1\.gradle\caches\journal-1)"        [_thread_blocked, id=34608, stack(0x000000c6b2d00000,0x000000c6b2e00000) (1024K)]
  0x000002005f3b2690 JavaThread "File lock request listener"        [_thread_in_native, id=38996, stack(0x000000c6b2e00000,0x000000c6b2f00000) (1024K)]
  0x000002005f3aff30 JavaThread "File lock release action executor"        [_thread_blocked, id=40940, stack(0x000000c6b2f00000,0x000000c6b3000000) (1024K)]
  0x000002005f3b2000 JavaThread "Cache worker for file hash cache (C:\Users\dduc1\.gradle\caches\8.14.3\fileHashes)"        [_thread_blocked, id=40976, stack(0x000000c6b3000000,0x000000c6b3100000) (1024K)]
Total: 25

Other Threads:
  0x0000020045dbff90 VMThread "VM Thread"                           [id=36056, stack(0x000000c6b1100000,0x000000c6b1200000) (1024K)]
  0x0000020045dadf70 WatcherThread "VM Periodic Task Thread"        [id=36048, stack(0x000000c6b1000000,0x000000c6b1100000) (1024K)]
  0x000002002aafc440 WorkerThread "GC Thread#0"                     [id=36004, stack(0x000000c6b0b00000,0x000000c6b0c00000) (1024K)]
  0x000002005f3e8620 WorkerThread "GC Thread#1"                     [id=37824, stack(0x000000c6b1e00000,0x000000c6b1f00000) (1024K)]
  0x000002005f5a0860 WorkerThread "GC Thread#2"                     [id=37828, stack(0x000000c6b1f00000,0x000000c6b2000000) (1024K)]
  0x000002005f5a0c00 WorkerThread "GC Thread#3"                     [id=37832, stack(0x000000c6b2000000,0x000000c6b2100000) (1024K)]
  0x000002005f4584a0 WorkerThread "GC Thread#4"                     [id=37836, stack(0x000000c6b2100000,0x000000c6b2200000) (1024K)]
  0x000002005f458840 WorkerThread "GC Thread#5"                     [id=37840, stack(0x000000c6b2200000,0x000000c6b2300000) (1024K)]
  0x000002005f9162e0 WorkerThread "GC Thread#6"                     [id=39156, stack(0x000000c6b1d00000,0x000000c6b1e00000) (1024K)]
  0x000002005f916680 WorkerThread "GC Thread#7"                     [id=39160, stack(0x000000c6b2300000,0x000000c6b2400000) (1024K)]
  0x000002005f916a20 WorkerThread "GC Thread#8"                     [id=39164, stack(0x000000c6b2400000,0x000000c6b2500000) (1024K)]
  0x000002002ab01330 ConcurrentGCThread "G1 Main Marker"            [id=36008, stack(0x000000c6b0c00000,0x000000c6b0d00000) (1024K)]
  0x000002002ab01d40 WorkerThread "G1 Conc#0"                       [id=36012, stack(0x000000c6b0d00000,0x000000c6b0e00000) (1024K)]
  0x0000020045c7c630 ConcurrentGCThread "G1 Refine#0"               [id=36016, stack(0x000000c6b0e00000,0x000000c6b0f00000) (1024K)]
  0x0000020045c7ce50 ConcurrentGCThread "G1 Service"                [id=36020, stack(0x000000c6b0f00000,0x000000c6b1000000) (1024K)]
Total: 15

Threads with active compile tasks:
C2 CompilerThread0  47532 3157   !   4       java.lang.ClassLoader::loadClass (121 bytes)
Total: 1

VM state: not at safepoint (normal execution)

VM Mutex/Monitor currently owned by a thread: None

Heap address: 0x00000000e0000000, size: 512 MB, Compressed Oops mode: 32-bit

CDS archive(s) mapped at: [0x0000020046000000-0x0000020046c80000-0x0000020046c80000), size 13107200, SharedBaseAddress: 0x0000020046000000, ArchiveRelocationMode: 1.
Compressed class space mapped at: 0x0000020047000000-0x000002005b000000, reserved size: 335544320
Narrow klass base: 0x0000020046000000, Narrow klass shift: 0, Narrow klass range: 0x100000000

GC Precious Log:
 CardTable entry size: 512
 Card Set container configuration: InlinePtr #cards 5 size 8 Array Of Cards #cards 12 size 40 Howl #buckets 4 coarsen threshold 1843 Howl Bitmap #cards 512 size 80 coarsen threshold 460 Card regions per heap region 1 cards per card region 2048
 CPUs: 12 total, 12 available
 Memory: 15724M
 Large Page Support: Disabled
 NUMA Support: Disabled
 Compressed Oops: Enabled (32-bit)
 Heap Region Size: 1M
 Heap Min Capacity: 256M
 Heap Initial Capacity: 256M
 Heap Max Capacity: 512M
 Pre-touch: Disabled
 Parallel Workers: 10
 Concurrent Workers: 3
 Concurrent Refinement Workers: 10
 Periodic GC: Disabled

Heap:
 garbage-first heap   total 262144K, used 83962K [0x00000000e0000000, 0x0000000100000000)
  region size 1024K, 74 young (75776K), 9 survivors (9216K)
 Metaspace       used 18673K, committed 19200K, reserved 393216K
  class space    used 2648K, committed 2880K, reserved 327680K

Heap Regions: E=young(eden), S=young(survivor), O=old, HS=humongous(starts), HC=humongous(continues), CS=collection set, F=free, TAMS=top-at-mark-start, PB=parsable bottom
|   0|0x00000000e0000000, 0x00000000e0100000, 0x00000000e0100000|100%|HS|  |TAMS 0x00000000e0000000| PB 0x00000000e0000000| Complete 
|   1|0x00000000e0100000, 0x00000000e0200000, 0x00000000e0200000|100%|HC|  |TAMS 0x00000000e0100000| PB 0x00000000e0100000| Complete 
|   2|0x00000000e0200000, 0x00000000e0300000, 0x00000000e0300000|100%|HC|  |TAMS 0x00000000e0200000| PB 0x00000000e0200000| Complete 
|   3|0x00000000e0300000, 0x00000000e0400000, 0x00000000e0400000|100%| O|  |TAMS 0x00000000e0300000| PB 0x00000000e0300000| Untracked 
|   4|0x00000000e0400000, 0x00000000e0500000, 0x00000000e0500000|100%| O|  |TAMS 0x00000000e0400000| PB 0x00000000e0400000| Untracked 
|   5|0x00000000e0500000, 0x00000000e0600000, 0x00000000e0600000|100%| O|  |TAMS 0x00000000e0500000| PB 0x00000000e0500000| Untracked 
|   6|0x00000000e0600000, 0x00000000e0700000, 0x00000000e0700000|100%|HS|  |TAMS 0x00000000e0600000| PB 0x00000000e0600000| Complete 
|   7|0x00000000e0700000, 0x00000000e0700000, 0x00000000e0800000|  0%| F|  |TAMS 0x00000000e0700000| PB 0x00000000e0700000| Untracked 
|   8|0x00000000e0800000, 0x00000000e0900000, 0x00000000e0900000|100%| O|  |TAMS 0x00000000e0800000| PB 0x00000000e0800000| Untracked 
|   9|0x00000000e0900000, 0x00000000e09fe840, 0x00000000e0a00000| 99%| O|  |TAMS 0x00000000e0900000| PB 0x00000000e0900000| Untracked 
|  10|0x00000000e0a00000, 0x00000000e0a00000, 0x00000000e0b00000|  0%| F|  |TAMS 0x00000000e0a00000| PB 0x00000000e0a00000| Untracked 
|  11|0x00000000e0b00000, 0x00000000e0b00000, 0x00000000e0c00000|  0%| F|  |TAMS 0x00000000e0b00000| PB 0x00000000e0b00000| Untracked 
|  12|0x00000000e0c00000, 0x00000000e0c00000, 0x00000000e0d00000|  0%| F|  |TAMS 0x00000000e0c00000| PB 0x00000000e0c00000| Untracked 
|  13|0x00000000e0d00000, 0x00000000e0d00000, 0x00000000e0e00000|  0%| F|  |TAMS 0x00000000e0d00000| PB 0x00000000e0d00000| Untracked 
|  14|0x00000000e0e00000, 0x00000000e0e00000, 0x00000000e0f00000|  0%| F|  |TAMS 0x00000000e0e00000| PB 0x00000000e0e00000| Untracked 
|  15|0x00000000e0f00000, 0x00000000e0f00000, 0x00000000e1000000|  0%| F|  |TAMS 0x00000000e0f00000| PB 0x00000000e0f00000| Untracked 
|  16|0x00000000e1000000, 0x00000000e1000000, 0x00000000e1100000|  0%| F|  |TAMS 0x00000000e1000000| PB 0x00000000e1000000| Untracked 
|  17|0x00000000e1100000, 0x00000000e1100000, 0x00000000e1200000|  0%| F|  |TAMS 0x00000000e1100000| PB 0x00000000e1100000| Untracked 
|  18|0x00000000e1200000, 0x00000000e1200000, 0x00000000e1300000|  0%| F|  |TAMS 0x00000000e1200000| PB 0x00000000e1200000| Untracked 
|  19|0x00000000e1300000, 0x00000000e1300000, 0x00000000e1400000|  0%| F|  |TAMS 0x00000000e1300000| PB 0x00000000e1300000| Untracked 
|  20|0x00000000e1400000, 0x00000000e1400000, 0x00000000e1500000|  0%| F|  |TAMS 0x00000000e1400000| PB 0x00000000e1400000| Untracked 
|  21|0x00000000e1500000, 0x00000000e1500000, 0x00000000e1600000|  0%| F|  |TAMS 0x00000000e1500000| PB 0x00000000e1500000| Untracked 
|  22|0x00000000e1600000, 0x00000000e1600000, 0x00000000e1700000|  0%| F|  |TAMS 0x00000000e1600000| PB 0x00000000e1600000| Untracked 
|  23|0x00000000e1700000, 0x00000000e1700000, 0x00000000e1800000|  0%| F|  |TAMS 0x00000000e1700000| PB 0x00000000e1700000| Untracked 
|  24|0x00000000e1800000, 0x00000000e1800000, 0x00000000e1900000|  0%| F|  |TAMS 0x00000000e1800000| PB 0x00000000e1800000| Untracked 
|  25|0x00000000e1900000, 0x00000000e1900000, 0x00000000e1a00000|  0%| F|  |TAMS 0x00000000e1900000| PB 0x00000000e1900000| Untracked 
|  26|0x00000000e1a00000, 0x00000000e1a00000, 0x00000000e1b00000|  0%| F|  |TAMS 0x00000000e1a00000| PB 0x00000000e1a00000| Untracked 
|  27|0x00000000e1b00000, 0x00000000e1b00000, 0x00000000e1c00000|  0%| F|  |TAMS 0x00000000e1b00000| PB 0x00000000e1b00000| Untracked 
|  28|0x00000000e1c00000, 0x00000000e1c00000, 0x00000000e1d00000|  0%| F|  |TAMS 0x00000000e1c00000| PB 0x00000000e1c00000| Untracked 
|  29|0x00000000e1d00000, 0x00000000e1d00000, 0x00000000e1e00000|  0%| F|  |TAMS 0x00000000e1d00000| PB 0x00000000e1d00000| Untracked 
|  30|0x00000000e1e00000, 0x00000000e1e00000, 0x00000000e1f00000|  0%| F|  |TAMS 0x00000000e1e00000| PB 0x00000000e1e00000| Untracked 
|  31|0x00000000e1f00000, 0x00000000e1f00000, 0x00000000e2000000|  0%| F|  |TAMS 0x00000000e1f00000| PB 0x00000000e1f00000| Untracked 
|  32|0x00000000e2000000, 0x00000000e2000000, 0x00000000e2100000|  0%| F|  |TAMS 0x00000000e2000000| PB 0x00000000e2000000| Untracked 
|  33|0x00000000e2100000, 0x00000000e2100000, 0x00000000e2200000|  0%| F|  |TAMS 0x00000000e2100000| PB 0x00000000e2100000| Untracked 
|  34|0x00000000e2200000, 0x00000000e2200000, 0x00000000e2300000|  0%| F|  |TAMS 0x00000000e2200000| PB 0x00000000e2200000| Untracked 
|  35|0x00000000e2300000, 0x00000000e2300000, 0x00000000e2400000|  0%| F|  |TAMS 0x00000000e2300000| PB 0x00000000e2300000| Untracked 
|  36|0x00000000e2400000, 0x00000000e2400000, 0x00000000e2500000|  0%| F|  |TAMS 0x00000000e2400000| PB 0x00000000e2400000| Untracked 
|  37|0x00000000e2500000, 0x00000000e2500000, 0x00000000e2600000|  0%| F|  |TAMS 0x00000000e2500000| PB 0x00000000e2500000| Untracked 
|  38|0x00000000e2600000, 0x00000000e2600000, 0x00000000e2700000|  0%| F|  |TAMS 0x00000000e2600000| PB 0x00000000e2600000| Untracked 
|  39|0x00000000e2700000, 0x00000000e2700000, 0x00000000e2800000|  0%| F|  |TAMS 0x00000000e2700000| PB 0x00000000e2700000| Untracked 
|  40|0x00000000e2800000, 0x00000000e2800000, 0x00000000e2900000|  0%| F|  |TAMS 0x00000000e2800000| PB 0x00000000e2800000| Untracked 
|  41|0x00000000e2900000, 0x00000000e2900000, 0x00000000e2a00000|  0%| F|  |TAMS 0x00000000e2900000| PB 0x00000000e2900000| Untracked 
|  42|0x00000000e2a00000, 0x00000000e2a00000, 0x00000000e2b00000|  0%| F|  |TAMS 0x00000000e2a00000| PB 0x00000000e2a00000| Untracked 
|  43|0x00000000e2b00000, 0x00000000e2b00000, 0x00000000e2c00000|  0%| F|  |TAMS 0x00000000e2b00000| PB 0x00000000e2b00000| Untracked 
|  44|0x00000000e2c00000, 0x00000000e2c00000, 0x00000000e2d00000|  0%| F|  |TAMS 0x00000000e2c00000| PB 0x00000000e2c00000| Untracked 
|  45|0x00000000e2d00000, 0x00000000e2d00000, 0x00000000e2e00000|  0%| F|  |TAMS 0x00000000e2d00000| PB 0x00000000e2d00000| Untracked 
|  46|0x00000000e2e00000, 0x00000000e2e00000, 0x00000000e2f00000|  0%| F|  |TAMS 0x00000000e2e00000| PB 0x00000000e2e00000| Untracked 
|  47|0x00000000e2f00000, 0x00000000e2f00000, 0x00000000e3000000|  0%| F|  |TAMS 0x00000000e2f00000| PB 0x00000000e2f00000| Untracked 
|  48|0x00000000e3000000, 0x00000000e3000000, 0x00000000e3100000|  0%| F|  |TAMS 0x00000000e3000000| PB 0x00000000e3000000| Untracked 
|  49|0x00000000e3100000, 0x00000000e3100000, 0x00000000e3200000|  0%| F|  |TAMS 0x00000000e3100000| PB 0x00000000e3100000| Untracked 
|  50|0x00000000e3200000, 0x00000000e3200000, 0x00000000e3300000|  0%| F|  |TAMS 0x00000000e3200000| PB 0x00000000e3200000| Untracked 
|  51|0x00000000e3300000, 0x00000000e3300000, 0x00000000e3400000|  0%| F|  |TAMS 0x00000000e3300000| PB 0x00000000e3300000| Untracked 
|  52|0x00000000e3400000, 0x00000000e3400000, 0x00000000e3500000|  0%| F|  |TAMS 0x00000000e3400000| PB 0x00000000e3400000| Untracked 
|  53|0x00000000e3500000, 0x00000000e3500000, 0x00000000e3600000|  0%| F|  |TAMS 0x00000000e3500000| PB 0x00000000e3500000| Untracked 
|  54|0x00000000e3600000, 0x00000000e3600000, 0x00000000e3700000|  0%| F|  |TAMS 0x00000000e3600000| PB 0x00000000e3600000| Untracked 
|  55|0x00000000e3700000, 0x00000000e3700000, 0x00000000e3800000|  0%| F|  |TAMS 0x00000000e3700000| PB 0x00000000e3700000| Untracked 
|  56|0x00000000e3800000, 0x00000000e3800000, 0x00000000e3900000|  0%| F|  |TAMS 0x00000000e3800000| PB 0x00000000e3800000| Untracked 
|  57|0x00000000e3900000, 0x00000000e3900000, 0x00000000e3a00000|  0%| F|  |TAMS 0x00000000e3900000| PB 0x00000000e3900000| Untracked 
|  58|0x00000000e3a00000, 0x00000000e3a00000, 0x00000000e3b00000|  0%| F|  |TAMS 0x00000000e3a00000| PB 0x00000000e3a00000| Untracked 
|  59|0x00000000e3b00000, 0x00000000e3b00000, 0x00000000e3c00000|  0%| F|  |TAMS 0x00000000e3b00000| PB 0x00000000e3b00000| Untracked 
|  60|0x00000000e3c00000, 0x00000000e3c00000, 0x00000000e3d00000|  0%| F|  |TAMS 0x00000000e3c00000| PB 0x00000000e3c00000| Untracked 
|  61|0x00000000e3d00000, 0x00000000e3d00000, 0x00000000e3e00000|  0%| F|  |TAMS 0x00000000e3d00000| PB 0x00000000e3d00000| Untracked 
|  62|0x00000000e3e00000, 0x00000000e3e00000, 0x00000000e3f00000|  0%| F|  |TAMS 0x00000000e3e00000| PB 0x00000000e3e00000| Untracked 
|  63|0x00000000e3f00000, 0x00000000e3f00000, 0x00000000e4000000|  0%| F|  |TAMS 0x00000000e3f00000| PB 0x00000000e3f00000| Untracked 
|  64|0x00000000e4000000, 0x00000000e4000000, 0x00000000e4100000|  0%| F|  |TAMS 0x00000000e4000000| PB 0x00000000e4000000| Untracked 
|  65|0x00000000e4100000, 0x00000000e4100000, 0x00000000e4200000|  0%| F|  |TAMS 0x00000000e4100000| PB 0x00000000e4100000| Untracked 
|  66|0x00000000e4200000, 0x00000000e4200000, 0x00000000e4300000|  0%| F|  |TAMS 0x00000000e4200000| PB 0x00000000e4200000| Untracked 
|  67|0x00000000e4300000, 0x00000000e4300000, 0x00000000e4400000|  0%| F|  |TAMS 0x00000000e4300000| PB 0x00000000e4300000| Untracked 
|  68|0x00000000e4400000, 0x00000000e4400000, 0x00000000e4500000|  0%| F|  |TAMS 0x00000000e4400000| PB 0x00000000e4400000| Untracked 
|  69|0x00000000e4500000, 0x00000000e4500000, 0x00000000e4600000|  0%| F|  |TAMS 0x00000000e4500000| PB 0x00000000e4500000| Untracked 
|  70|0x00000000e4600000, 0x00000000e4600000, 0x00000000e4700000|  0%| F|  |TAMS 0x00000000e4600000| PB 0x00000000e4600000| Untracked 
|  71|0x00000000e4700000, 0x00000000e4700000, 0x00000000e4800000|  0%| F|  |TAMS 0x00000000e4700000| PB 0x00000000e4700000| Untracked 
|  72|0x00000000e4800000, 0x00000000e4800000, 0x00000000e4900000|  0%| F|  |TAMS 0x00000000e4800000| PB 0x00000000e4800000| Untracked 
|  73|0x00000000e4900000, 0x00000000e4900000, 0x00000000e4a00000|  0%| F|  |TAMS 0x00000000e4900000| PB 0x00000000e4900000| Untracked 
|  74|0x00000000e4a00000, 0x00000000e4a00000, 0x00000000e4b00000|  0%| F|  |TAMS 0x00000000e4a00000| PB 0x00000000e4a00000| Untracked 
|  75|0x00000000e4b00000, 0x00000000e4b00000, 0x00000000e4c00000|  0%| F|  |TAMS 0x00000000e4b00000| PB 0x00000000e4b00000| Untracked 
|  76|0x00000000e4c00000, 0x00000000e4c00000, 0x00000000e4d00000|  0%| F|  |TAMS 0x00000000e4c00000| PB 0x00000000e4c00000| Untracked 
|  77|0x00000000e4d00000, 0x00000000e4d00000, 0x00000000e4e00000|  0%| F|  |TAMS 0x00000000e4d00000| PB 0x00000000e4d00000| Untracked 
|  78|0x00000000e4e00000, 0x00000000e4e00000, 0x00000000e4f00000|  0%| F|  |TAMS 0x00000000e4e00000| PB 0x00000000e4e00000| Untracked 
|  79|0x00000000e4f00000, 0x00000000e4f00000, 0x00000000e5000000|  0%| F|  |TAMS 0x00000000e4f00000| PB 0x00000000e4f00000| Untracked 
|  80|0x00000000e5000000, 0x00000000e5000000, 0x00000000e5100000|  0%| F|  |TAMS 0x00000000e5000000| PB 0x00000000e5000000| Untracked 
|  81|0x00000000e5100000, 0x00000000e5100000, 0x00000000e5200000|  0%| F|  |TAMS 0x00000000e5100000| PB 0x00000000e5100000| Untracked 
|  82|0x00000000e5200000, 0x00000000e5200000, 0x00000000e5300000|  0%| F|  |TAMS 0x00000000e5200000| PB 0x00000000e5200000| Untracked 
|  83|0x00000000e5300000, 0x00000000e5300000, 0x00000000e5400000|  0%| F|  |TAMS 0x00000000e5300000| PB 0x00000000e5300000| Untracked 
|  84|0x00000000e5400000, 0x00000000e5400000, 0x00000000e5500000|  0%| F|  |TAMS 0x00000000e5400000| PB 0x00000000e5400000| Untracked 
|  85|0x00000000e5500000, 0x00000000e5500000, 0x00000000e5600000|  0%| F|  |TAMS 0x00000000e5500000| PB 0x00000000e5500000| Untracked 
|  86|0x00000000e5600000, 0x00000000e5600000, 0x00000000e5700000|  0%| F|  |TAMS 0x00000000e5600000| PB 0x00000000e5600000| Untracked 
|  87|0x00000000e5700000, 0x00000000e5700000, 0x00000000e5800000|  0%| F|  |TAMS 0x00000000e5700000| PB 0x00000000e5700000| Untracked 
|  88|0x00000000e5800000, 0x00000000e5800000, 0x00000000e5900000|  0%| F|  |TAMS 0x00000000e5800000| PB 0x00000000e5800000| Untracked 
|  89|0x00000000e5900000, 0x00000000e5900000, 0x00000000e5a00000|  0%| F|  |TAMS 0x00000000e5900000| PB 0x00000000e5900000| Untracked 
|  90|0x00000000e5a00000, 0x00000000e5a00000, 0x00000000e5b00000|  0%| F|  |TAMS 0x00000000e5a00000| PB 0x00000000e5a00000| Untracked 
|  91|0x00000000e5b00000, 0x00000000e5b00000, 0x00000000e5c00000|  0%| F|  |TAMS 0x00000000e5b00000| PB 0x00000000e5b00000| Untracked 
|  92|0x00000000e5c00000, 0x00000000e5c00000, 0x00000000e5d00000|  0%| F|  |TAMS 0x00000000e5c00000| PB 0x00000000e5c00000| Untracked 
|  93|0x00000000e5d00000, 0x00000000e5d00000, 0x00000000e5e00000|  0%| F|  |TAMS 0x00000000e5d00000| PB 0x00000000e5d00000| Untracked 
|  94|0x00000000e5e00000, 0x00000000e5e00000, 0x00000000e5f00000|  0%| F|  |TAMS 0x00000000e5e00000| PB 0x00000000e5e00000| Untracked 
|  95|0x00000000e5f00000, 0x00000000e5f00000, 0x00000000e6000000|  0%| F|  |TAMS 0x00000000e5f00000| PB 0x00000000e5f00000| Untracked 
|  96|0x00000000e6000000, 0x00000000e6000000, 0x00000000e6100000|  0%| F|  |TAMS 0x00000000e6000000| PB 0x00000000e6000000| Untracked 
|  97|0x00000000e6100000, 0x00000000e6100000, 0x00000000e6200000|  0%| F|  |TAMS 0x00000000e6100000| PB 0x00000000e6100000| Untracked 
|  98|0x00000000e6200000, 0x00000000e6200000, 0x00000000e6300000|  0%| F|  |TAMS 0x00000000e6200000| PB 0x00000000e6200000| Untracked 
|  99|0x00000000e6300000, 0x00000000e6300000, 0x00000000e6400000|  0%| F|  |TAMS 0x00000000e6300000| PB 0x00000000e6300000| Untracked 
| 100|0x00000000e6400000, 0x00000000e6400000, 0x00000000e6500000|  0%| F|  |TAMS 0x00000000e6400000| PB 0x00000000e6400000| Untracked 
| 101|0x00000000e6500000, 0x00000000e6500000, 0x00000000e6600000|  0%| F|  |TAMS 0x00000000e6500000| PB 0x00000000e6500000| Untracked 
| 102|0x00000000e6600000, 0x00000000e6600000, 0x00000000e6700000|  0%| F|  |TAMS 0x00000000e6600000| PB 0x00000000e6600000| Untracked 
| 103|0x00000000e6700000, 0x00000000e6700000, 0x00000000e6800000|  0%| F|  |TAMS 0x00000000e6700000| PB 0x00000000e6700000| Untracked 
| 104|0x00000000e6800000, 0x00000000e6800000, 0x00000000e6900000|  0%| F|  |TAMS 0x00000000e6800000| PB 0x00000000e6800000| Untracked 
| 105|0x00000000e6900000, 0x00000000e6900000, 0x00000000e6a00000|  0%| F|  |TAMS 0x00000000e6900000| PB 0x00000000e6900000| Untracked 
| 106|0x00000000e6a00000, 0x00000000e6a00000, 0x00000000e6b00000|  0%| F|  |TAMS 0x00000000e6a00000| PB 0x00000000e6a00000| Untracked 
| 107|0x00000000e6b00000, 0x00000000e6b00000, 0x00000000e6c00000|  0%| F|  |TAMS 0x00000000e6b00000| PB 0x00000000e6b00000| Untracked 
| 108|0x00000000e6c00000, 0x00000000e6c00000, 0x00000000e6d00000|  0%| F|  |TAMS 0x00000000e6c00000| PB 0x00000000e6c00000| Untracked 
| 109|0x00000000e6d00000, 0x00000000e6d00000, 0x00000000e6e00000|  0%| F|  |TAMS 0x00000000e6d00000| PB 0x00000000e6d00000| Untracked 
| 110|0x00000000e6e00000, 0x00000000e6e00000, 0x00000000e6f00000|  0%| F|  |TAMS 0x00000000e6e00000| PB 0x00000000e6e00000| Untracked 
| 111|0x00000000e6f00000, 0x00000000e6f00000, 0x00000000e7000000|  0%| F|  |TAMS 0x00000000e6f00000| PB 0x00000000e6f00000| Untracked 
| 112|0x00000000e7000000, 0x00000000e7000000, 0x00000000e7100000|  0%| F|  |TAMS 0x00000000e7000000| PB 0x00000000e7000000| Untracked 
| 113|0x00000000e7100000, 0x00000000e7100000, 0x00000000e7200000|  0%| F|  |TAMS 0x00000000e7100000| PB 0x00000000e7100000| Untracked 
| 114|0x00000000e7200000, 0x00000000e7200000, 0x00000000e7300000|  0%| F|  |TAMS 0x00000000e7200000| PB 0x00000000e7200000| Untracked 
| 115|0x00000000e7300000, 0x00000000e7300000, 0x00000000e7400000|  0%| F|  |TAMS 0x00000000e7300000| PB 0x00000000e7300000| Untracked 
| 116|0x00000000e7400000, 0x00000000e7400000, 0x00000000e7500000|  0%| F|  |TAMS 0x00000000e7400000| PB 0x00000000e7400000| Untracked 
| 117|0x00000000e7500000, 0x00000000e7500000, 0x00000000e7600000|  0%| F|  |TAMS 0x00000000e7500000| PB 0x00000000e7500000| Untracked 
| 118|0x00000000e7600000, 0x00000000e7600000, 0x00000000e7700000|  0%| F|  |TAMS 0x00000000e7600000| PB 0x00000000e7600000| Untracked 
| 119|0x00000000e7700000, 0x00000000e7700000, 0x00000000e7800000|  0%| F|  |TAMS 0x00000000e7700000| PB 0x00000000e7700000| Untracked 
| 120|0x00000000e7800000, 0x00000000e7800000, 0x00000000e7900000|  0%| F|  |TAMS 0x00000000e7800000| PB 0x00000000e7800000| Untracked 
| 121|0x00000000e7900000, 0x00000000e7900000, 0x00000000e7a00000|  0%| F|  |TAMS 0x00000000e7900000| PB 0x00000000e7900000| Untracked 
| 122|0x00000000e7a00000, 0x00000000e7a00000, 0x00000000e7b00000|  0%| F|  |TAMS 0x00000000e7a00000| PB 0x00000000e7a00000| Untracked 
| 123|0x00000000e7b00000, 0x00000000e7b00000, 0x00000000e7c00000|  0%| F|  |TAMS 0x00000000e7b00000| PB 0x00000000e7b00000| Untracked 
| 124|0x00000000e7c00000, 0x00000000e7c00000, 0x00000000e7d00000|  0%| F|  |TAMS 0x00000000e7c00000| PB 0x00000000e7c00000| Untracked 
| 125|0x00000000e7d00000, 0x00000000e7d00000, 0x00000000e7e00000|  0%| F|  |TAMS 0x00000000e7d00000| PB 0x00000000e7d00000| Untracked 
| 126|0x00000000e7e00000, 0x00000000e7e00000, 0x00000000e7f00000|  0%| F|  |TAMS 0x00000000e7e00000| PB 0x00000000e7e00000| Untracked 
| 127|0x00000000e7f00000, 0x00000000e7f00000, 0x00000000e8000000|  0%| F|  |TAMS 0x00000000e7f00000| PB 0x00000000e7f00000| Untracked 
| 128|0x00000000e8000000, 0x00000000e8000000, 0x00000000e8100000|  0%| F|  |TAMS 0x00000000e8000000| PB 0x00000000e8000000| Untracked 
| 129|0x00000000e8100000, 0x00000000e8100000, 0x00000000e8200000|  0%| F|  |TAMS 0x00000000e8100000| PB 0x00000000e8100000| Untracked 
| 130|0x00000000e8200000, 0x00000000e8200000, 0x00000000e8300000|  0%| F|  |TAMS 0x00000000e8200000| PB 0x00000000e8200000| Untracked 
| 131|0x00000000e8300000, 0x00000000e8300000, 0x00000000e8400000|  0%| F|  |TAMS 0x00000000e8300000| PB 0x00000000e8300000| Untracked 
| 132|0x00000000e8400000, 0x00000000e8400000, 0x00000000e8500000|  0%| F|  |TAMS 0x00000000e8400000| PB 0x00000000e8400000| Untracked 
| 133|0x00000000e8500000, 0x00000000e8500000, 0x00000000e8600000|  0%| F|  |TAMS 0x00000000e8500000| PB 0x00000000e8500000| Untracked 
| 134|0x00000000e8600000, 0x00000000e8600000, 0x00000000e8700000|  0%| F|  |TAMS 0x00000000e8600000| PB 0x00000000e8600000| Untracked 
| 135|0x00000000e8700000, 0x00000000e8700000, 0x00000000e8800000|  0%| F|  |TAMS 0x00000000e8700000| PB 0x00000000e8700000| Untracked 
| 136|0x00000000e8800000, 0x00000000e8800000, 0x00000000e8900000|  0%| F|  |TAMS 0x00000000e8800000| PB 0x00000000e8800000| Untracked 
| 137|0x00000000e8900000, 0x00000000e8900000, 0x00000000e8a00000|  0%| F|  |TAMS 0x00000000e8900000| PB 0x00000000e8900000| Untracked 
| 138|0x00000000e8a00000, 0x00000000e8a00000, 0x00000000e8b00000|  0%| F|  |TAMS 0x00000000e8a00000| PB 0x00000000e8a00000| Untracked 
| 139|0x00000000e8b00000, 0x00000000e8b00000, 0x00000000e8c00000|  0%| F|  |TAMS 0x00000000e8b00000| PB 0x00000000e8b00000| Untracked 
| 140|0x00000000e8c00000, 0x00000000e8c00000, 0x00000000e8d00000|  0%| F|  |TAMS 0x00000000e8c00000| PB 0x00000000e8c00000| Untracked 
| 141|0x00000000e8d00000, 0x00000000e8d00000, 0x00000000e8e00000|  0%| F|  |TAMS 0x00000000e8d00000| PB 0x00000000e8d00000| Untracked 
| 142|0x00000000e8e00000, 0x00000000e8e00000, 0x00000000e8f00000|  0%| F|  |TAMS 0x00000000e8e00000| PB 0x00000000e8e00000| Untracked 
| 143|0x00000000e8f00000, 0x00000000e8f00000, 0x00000000e9000000|  0%| F|  |TAMS 0x00000000e8f00000| PB 0x00000000e8f00000| Untracked 
| 144|0x00000000e9000000, 0x00000000e9000000, 0x00000000e9100000|  0%| F|  |TAMS 0x00000000e9000000| PB 0x00000000e9000000| Untracked 
| 145|0x00000000e9100000, 0x00000000e9100000, 0x00000000e9200000|  0%| F|  |TAMS 0x00000000e9100000| PB 0x00000000e9100000| Untracked 
| 146|0x00000000e9200000, 0x00000000e9200000, 0x00000000e9300000|  0%| F|  |TAMS 0x00000000e9200000| PB 0x00000000e9200000| Untracked 
| 147|0x00000000e9300000, 0x00000000e9300000, 0x00000000e9400000|  0%| F|  |TAMS 0x00000000e9300000| PB 0x00000000e9300000| Untracked 
| 148|0x00000000e9400000, 0x00000000e9400000, 0x00000000e9500000|  0%| F|  |TAMS 0x00000000e9400000| PB 0x00000000e9400000| Untracked 
| 149|0x00000000e9500000, 0x00000000e9500000, 0x00000000e9600000|  0%| F|  |TAMS 0x00000000e9500000| PB 0x00000000e9500000| Untracked 
| 150|0x00000000e9600000, 0x00000000e9600000, 0x00000000e9700000|  0%| F|  |TAMS 0x00000000e9600000| PB 0x00000000e9600000| Untracked 
| 151|0x00000000e9700000, 0x00000000e9700000, 0x00000000e9800000|  0%| F|  |TAMS 0x00000000e9700000| PB 0x00000000e9700000| Untracked 
| 152|0x00000000e9800000, 0x00000000e9800000, 0x00000000e9900000|  0%| F|  |TAMS 0x00000000e9800000| PB 0x00000000e9800000| Untracked 
| 153|0x00000000e9900000, 0x00000000e9900000, 0x00000000e9a00000|  0%| F|  |TAMS 0x00000000e9900000| PB 0x00000000e9900000| Untracked 
| 154|0x00000000e9a00000, 0x00000000e9a00000, 0x00000000e9b00000|  0%| F|  |TAMS 0x00000000e9a00000| PB 0x00000000e9a00000| Untracked 
| 155|0x00000000e9b00000, 0x00000000e9b00000, 0x00000000e9c00000|  0%| F|  |TAMS 0x00000000e9b00000| PB 0x00000000e9b00000| Untracked 
| 156|0x00000000e9c00000, 0x00000000e9c00000, 0x00000000e9d00000|  0%| F|  |TAMS 0x00000000e9c00000| PB 0x00000000e9c00000| Untracked 
| 157|0x00000000e9d00000, 0x00000000e9d00000, 0x00000000e9e00000|  0%| F|  |TAMS 0x00000000e9d00000| PB 0x00000000e9d00000| Untracked 
| 158|0x00000000e9e00000, 0x00000000e9e00000, 0x00000000e9f00000|  0%| F|  |TAMS 0x00000000e9e00000| PB 0x00000000e9e00000| Untracked 
| 159|0x00000000e9f00000, 0x00000000e9f00000, 0x00000000ea000000|  0%| F|  |TAMS 0x00000000e9f00000| PB 0x00000000e9f00000| Untracked 
| 160|0x00000000ea000000, 0x00000000ea000000, 0x00000000ea100000|  0%| F|  |TAMS 0x00000000ea000000| PB 0x00000000ea000000| Untracked 
| 161|0x00000000ea100000, 0x00000000ea100000, 0x00000000ea200000|  0%| F|  |TAMS 0x00000000ea100000| PB 0x00000000ea100000| Untracked 
| 162|0x00000000ea200000, 0x00000000ea200000, 0x00000000ea300000|  0%| F|  |TAMS 0x00000000ea200000| PB 0x00000000ea200000| Untracked 
| 163|0x00000000ea300000, 0x00000000ea300000, 0x00000000ea400000|  0%| F|  |TAMS 0x00000000ea300000| PB 0x00000000ea300000| Untracked 
| 164|0x00000000ea400000, 0x00000000ea400000, 0x00000000ea500000|  0%| F|  |TAMS 0x00000000ea400000| PB 0x00000000ea400000| Untracked 
| 165|0x00000000ea500000, 0x00000000ea500000, 0x00000000ea600000|  0%| F|  |TAMS 0x00000000ea500000| PB 0x00000000ea500000| Untracked 
| 166|0x00000000ea600000, 0x00000000ea600000, 0x00000000ea700000|  0%| F|  |TAMS 0x00000000ea600000| PB 0x00000000ea600000| Untracked 
| 167|0x00000000ea700000, 0x00000000ea700000, 0x00000000ea800000|  0%| F|  |TAMS 0x00000000ea700000| PB 0x00000000ea700000| Untracked 
| 168|0x00000000ea800000, 0x00000000ea800000, 0x00000000ea900000|  0%| F|  |TAMS 0x00000000ea800000| PB 0x00000000ea800000| Untracked 
| 169|0x00000000ea900000, 0x00000000ea900000, 0x00000000eaa00000|  0%| F|  |TAMS 0x00000000ea900000| PB 0x00000000ea900000| Untracked 
| 170|0x00000000eaa00000, 0x00000000eaa00000, 0x00000000eab00000|  0%| F|  |TAMS 0x00000000eaa00000| PB 0x00000000eaa00000| Untracked 
| 171|0x00000000eab00000, 0x00000000eab00000, 0x00000000eac00000|  0%| F|  |TAMS 0x00000000eab00000| PB 0x00000000eab00000| Untracked 
| 172|0x00000000eac00000, 0x00000000eac00000, 0x00000000ead00000|  0%| F|  |TAMS 0x00000000eac00000| PB 0x00000000eac00000| Untracked 
| 173|0x00000000ead00000, 0x00000000ead00000, 0x00000000eae00000|  0%| F|  |TAMS 0x00000000ead00000| PB 0x00000000ead00000| Untracked 
| 174|0x00000000eae00000, 0x00000000eae00000, 0x00000000eaf00000|  0%| F|  |TAMS 0x00000000eae00000| PB 0x00000000eae00000| Untracked 
| 175|0x00000000eaf00000, 0x00000000eaf00000, 0x00000000eb000000|  0%| F|  |TAMS 0x00000000eaf00000| PB 0x00000000eaf00000| Untracked 
| 176|0x00000000eb000000, 0x00000000eb000000, 0x00000000eb100000|  0%| F|  |TAMS 0x00000000eb000000| PB 0x00000000eb000000| Untracked 
| 177|0x00000000eb100000, 0x00000000eb100000, 0x00000000eb200000|  0%| F|  |TAMS 0x00000000eb100000| PB 0x00000000eb100000| Untracked 
| 178|0x00000000eb200000, 0x00000000eb200000, 0x00000000eb300000|  0%| F|  |TAMS 0x00000000eb200000| PB 0x00000000eb200000| Untracked 
| 179|0x00000000eb300000, 0x00000000eb300000, 0x00000000eb400000|  0%| F|  |TAMS 0x00000000eb300000| PB 0x00000000eb300000| Untracked 
| 180|0x00000000eb400000, 0x00000000eb400000, 0x00000000eb500000|  0%| F|  |TAMS 0x00000000eb400000| PB 0x00000000eb400000| Untracked 
| 181|0x00000000eb500000, 0x00000000eb500000, 0x00000000eb600000|  0%| F|  |TAMS 0x00000000eb500000| PB 0x00000000eb500000| Untracked 
| 182|0x00000000eb600000, 0x00000000eb700000, 0x00000000eb700000|100%| S|CS|TAMS 0x00000000eb600000| PB 0x00000000eb600000| Complete 
| 183|0x00000000eb700000, 0x00000000eb800000, 0x00000000eb800000|100%| S|CS|TAMS 0x00000000eb700000| PB 0x00000000eb700000| Complete 
| 184|0x00000000eb800000, 0x00000000eb900000, 0x00000000eb900000|100%| S|CS|TAMS 0x00000000eb800000| PB 0x00000000eb800000| Complete 
| 185|0x00000000eb900000, 0x00000000eba00000, 0x00000000eba00000|100%| S|CS|TAMS 0x00000000eb900000| PB 0x00000000eb900000| Complete 
| 186|0x00000000eba00000, 0x00000000ebb00000, 0x00000000ebb00000|100%| S|CS|TAMS 0x00000000eba00000| PB 0x00000000eba00000| Complete 
| 187|0x00000000ebb00000, 0x00000000ebc00000, 0x00000000ebc00000|100%| S|CS|TAMS 0x00000000ebb00000| PB 0x00000000ebb00000| Complete 
| 188|0x00000000ebc00000, 0x00000000ebd00000, 0x00000000ebd00000|100%| S|CS|TAMS 0x00000000ebc00000| PB 0x00000000ebc00000| Complete 
| 189|0x00000000ebd00000, 0x00000000ebe00000, 0x00000000ebe00000|100%| S|CS|TAMS 0x00000000ebd00000| PB 0x00000000ebd00000| Complete 
| 190|0x00000000ebe00000, 0x00000000ebf00000, 0x00000000ebf00000|100%| S|CS|TAMS 0x00000000ebe00000| PB 0x00000000ebe00000| Complete 
| 191|0x00000000ebf00000, 0x00000000ec000000, 0x00000000ec000000|100%| E|  |TAMS 0x00000000ebf00000| PB 0x00000000ebf00000| Complete 
| 192|0x00000000ec000000, 0x00000000ec100000, 0x00000000ec100000|100%| E|CS|TAMS 0x00000000ec000000| PB 0x00000000ec000000| Complete 
| 193|0x00000000ec100000, 0x00000000ec200000, 0x00000000ec200000|100%| E|CS|TAMS 0x00000000ec100000| PB 0x00000000ec100000| Complete 
| 194|0x00000000ec200000, 0x00000000ec300000, 0x00000000ec300000|100%| E|CS|TAMS 0x00000000ec200000| PB 0x00000000ec200000| Complete 
| 195|0x00000000ec300000, 0x00000000ec400000, 0x00000000ec400000|100%| E|CS|TAMS 0x00000000ec300000| PB 0x00000000ec300000| Complete 
| 196|0x00000000ec400000, 0x00000000ec500000, 0x00000000ec500000|100%| E|CS|TAMS 0x00000000ec400000| PB 0x00000000ec400000| Complete 
| 197|0x00000000ec500000, 0x00000000ec600000, 0x00000000ec600000|100%| E|CS|TAMS 0x00000000ec500000| PB 0x00000000ec500000| Complete 
| 198|0x00000000ec600000, 0x00000000ec700000, 0x00000000ec700000|100%| E|CS|TAMS 0x00000000ec600000| PB 0x00000000ec600000| Complete 
| 199|0x00000000ec700000, 0x00000000ec800000, 0x00000000ec800000|100%| E|CS|TAMS 0x00000000ec700000| PB 0x00000000ec700000| Complete 
| 200|0x00000000ec800000, 0x00000000ec900000, 0x00000000ec900000|100%| E|CS|TAMS 0x00000000ec800000| PB 0x00000000ec800000| Complete 
| 201|0x00000000ec900000, 0x00000000eca00000, 0x00000000eca00000|100%| E|CS|TAMS 0x00000000ec900000| PB 0x00000000ec900000| Complete 
| 202|0x00000000eca00000, 0x00000000ecb00000, 0x00000000ecb00000|100%| E|CS|TAMS 0x00000000eca00000| PB 0x00000000eca00000| Complete 
| 203|0x00000000ecb00000, 0x00000000ecc00000, 0x00000000ecc00000|100%| E|CS|TAMS 0x00000000ecb00000| PB 0x00000000ecb00000| Complete 
| 204|0x00000000ecc00000, 0x00000000ecd00000, 0x00000000ecd00000|100%| E|CS|TAMS 0x00000000ecc00000| PB 0x00000000ecc00000| Complete 
| 205|0x00000000ecd00000, 0x00000000ece00000, 0x00000000ece00000|100%| E|CS|TAMS 0x00000000ecd00000| PB 0x00000000ecd00000| Complete 
| 206|0x00000000ece00000, 0x00000000ecf00000, 0x00000000ecf00000|100%| E|CS|TAMS 0x00000000ece00000| PB 0x00000000ece00000| Complete 
| 207|0x00000000ecf00000, 0x00000000ed000000, 0x00000000ed000000|100%| E|CS|TAMS 0x00000000ecf00000| PB 0x00000000ecf00000| Complete 
| 208|0x00000000ed000000, 0x00000000ed100000, 0x00000000ed100000|100%| E|CS|TAMS 0x00000000ed000000| PB 0x00000000ed000000| Complete 
| 209|0x00000000ed100000, 0x00000000ed200000, 0x00000000ed200000|100%| E|CS|TAMS 0x00000000ed100000| PB 0x00000000ed100000| Complete 
| 210|0x00000000ed200000, 0x00000000ed300000, 0x00000000ed300000|100%| E|CS|TAMS 0x00000000ed200000| PB 0x00000000ed200000| Complete 
| 211|0x00000000ed300000, 0x00000000ed400000, 0x00000000ed400000|100%| E|CS|TAMS 0x00000000ed300000| PB 0x00000000ed300000| Complete 
| 212|0x00000000ed400000, 0x00000000ed500000, 0x00000000ed500000|100%| E|CS|TAMS 0x00000000ed400000| PB 0x00000000ed400000| Complete 
| 213|0x00000000ed500000, 0x00000000ed600000, 0x00000000ed600000|100%| E|CS|TAMS 0x00000000ed500000| PB 0x00000000ed500000| Complete 
| 214|0x00000000ed600000, 0x00000000ed700000, 0x00000000ed700000|100%| E|CS|TAMS 0x00000000ed600000| PB 0x00000000ed600000| Complete 
| 215|0x00000000ed700000, 0x00000000ed800000, 0x00000000ed800000|100%| E|CS|TAMS 0x00000000ed700000| PB 0x00000000ed700000| Complete 
| 216|0x00000000ed800000, 0x00000000ed900000, 0x00000000ed900000|100%| E|CS|TAMS 0x00000000ed800000| PB 0x00000000ed800000| Complete 
| 217|0x00000000ed900000, 0x00000000eda00000, 0x00000000eda00000|100%| E|CS|TAMS 0x00000000ed900000| PB 0x00000000ed900000| Complete 
| 218|0x00000000eda00000, 0x00000000edb00000, 0x00000000edb00000|100%| E|CS|TAMS 0x00000000eda00000| PB 0x00000000eda00000| Complete 
| 219|0x00000000edb00000, 0x00000000edc00000, 0x00000000edc00000|100%| E|CS|TAMS 0x00000000edb00000| PB 0x00000000edb00000| Complete 
| 220|0x00000000edc00000, 0x00000000edd00000, 0x00000000edd00000|100%| E|CS|TAMS 0x00000000edc00000| PB 0x00000000edc00000| Complete 
| 221|0x00000000edd00000, 0x00000000ede00000, 0x00000000ede00000|100%| E|CS|TAMS 0x00000000edd00000| PB 0x00000000edd00000| Complete 
| 222|0x00000000ede00000, 0x00000000edf00000, 0x00000000edf00000|100%| E|CS|TAMS 0x00000000ede00000| PB 0x00000000ede00000| Complete 
| 223|0x00000000edf00000, 0x00000000ee000000, 0x00000000ee000000|100%| E|CS|TAMS 0x00000000edf00000| PB 0x00000000edf00000| Complete 
| 224|0x00000000ee000000, 0x00000000ee100000, 0x00000000ee100000|100%| E|CS|TAMS 0x00000000ee000000| PB 0x00000000ee000000| Complete 
| 225|0x00000000ee100000, 0x00000000ee200000, 0x00000000ee200000|100%| E|CS|TAMS 0x00000000ee100000| PB 0x00000000ee100000| Complete 
| 226|0x00000000ee200000, 0x00000000ee300000, 0x00000000ee300000|100%| E|CS|TAMS 0x00000000ee200000| PB 0x00000000ee200000| Complete 
| 227|0x00000000ee300000, 0x00000000ee400000, 0x00000000ee400000|100%| E|CS|TAMS 0x00000000ee300000| PB 0x00000000ee300000| Complete 
| 228|0x00000000ee400000, 0x00000000ee500000, 0x00000000ee500000|100%| E|CS|TAMS 0x00000000ee400000| PB 0x00000000ee400000| Complete 
| 229|0x00000000ee500000, 0x00000000ee600000, 0x00000000ee600000|100%| E|CS|TAMS 0x00000000ee500000| PB 0x00000000ee500000| Complete 
| 230|0x00000000ee600000, 0x00000000ee700000, 0x00000000ee700000|100%| E|CS|TAMS 0x00000000ee600000| PB 0x00000000ee600000| Complete 
| 231|0x00000000ee700000, 0x00000000ee800000, 0x00000000ee800000|100%| E|CS|TAMS 0x00000000ee700000| PB 0x00000000ee700000| Complete 
| 232|0x00000000ee800000, 0x00000000ee900000, 0x00000000ee900000|100%| E|CS|TAMS 0x00000000ee800000| PB 0x00000000ee800000| Complete 
| 233|0x00000000ee900000, 0x00000000eea00000, 0x00000000eea00000|100%| E|CS|TAMS 0x00000000ee900000| PB 0x00000000ee900000| Complete 
| 234|0x00000000eea00000, 0x00000000eeb00000, 0x00000000eeb00000|100%| E|CS|TAMS 0x00000000eea00000| PB 0x00000000eea00000| Complete 
| 235|0x00000000eeb00000, 0x00000000eec00000, 0x00000000eec00000|100%| E|CS|TAMS 0x00000000eeb00000| PB 0x00000000eeb00000| Complete 
| 236|0x00000000eec00000, 0x00000000eed00000, 0x00000000eed00000|100%| E|CS|TAMS 0x00000000eec00000| PB 0x00000000eec00000| Complete 
| 237|0x00000000eed00000, 0x00000000eee00000, 0x00000000eee00000|100%| E|CS|TAMS 0x00000000eed00000| PB 0x00000000eed00000| Complete 
| 238|0x00000000eee00000, 0x00000000eef00000, 0x00000000eef00000|100%| E|CS|TAMS 0x00000000eee00000| PB 0x00000000eee00000| Complete 
| 239|0x00000000eef00000, 0x00000000ef000000, 0x00000000ef000000|100%| E|CS|TAMS 0x00000000eef00000| PB 0x00000000eef00000| Complete 
| 240|0x00000000ef000000, 0x00000000ef100000, 0x00000000ef100000|100%| E|CS|TAMS 0x00000000ef000000| PB 0x00000000ef000000| Complete 
| 241|0x00000000ef100000, 0x00000000ef200000, 0x00000000ef200000|100%| E|CS|TAMS 0x00000000ef100000| PB 0x00000000ef100000| Complete 
| 242|0x00000000ef200000, 0x00000000ef300000, 0x00000000ef300000|100%| E|CS|TAMS 0x00000000ef200000| PB 0x00000000ef200000| Complete 
| 243|0x00000000ef300000, 0x00000000ef400000, 0x00000000ef400000|100%| E|CS|TAMS 0x00000000ef300000| PB 0x00000000ef300000| Complete 
| 244|0x00000000ef400000, 0x00000000ef500000, 0x00000000ef500000|100%| E|CS|TAMS 0x00000000ef400000| PB 0x00000000ef400000| Complete 
| 245|0x00000000ef500000, 0x00000000ef600000, 0x00000000ef600000|100%| E|CS|TAMS 0x00000000ef500000| PB 0x00000000ef500000| Complete 
| 246|0x00000000ef600000, 0x00000000ef700000, 0x00000000ef700000|100%| E|CS|TAMS 0x00000000ef600000| PB 0x00000000ef600000| Complete 
| 247|0x00000000ef700000, 0x00000000ef800000, 0x00000000ef800000|100%| E|CS|TAMS 0x00000000ef700000| PB 0x00000000ef700000| Complete 
| 248|0x00000000ef800000, 0x00000000ef900000, 0x00000000ef900000|100%| E|CS|TAMS 0x00000000ef800000| PB 0x00000000ef800000| Complete 
| 249|0x00000000ef900000, 0x00000000efa00000, 0x00000000efa00000|100%| E|CS|TAMS 0x00000000ef900000| PB 0x00000000ef900000| Complete 
| 250|0x00000000efa00000, 0x00000000efb00000, 0x00000000efb00000|100%| E|CS|TAMS 0x00000000efa00000| PB 0x00000000efa00000| Complete 
| 251|0x00000000efb00000, 0x00000000efc00000, 0x00000000efc00000|100%| E|CS|TAMS 0x00000000efb00000| PB 0x00000000efb00000| Complete 
| 252|0x00000000efc00000, 0x00000000efd00000, 0x00000000efd00000|100%| E|CS|TAMS 0x00000000efc00000| PB 0x00000000efc00000| Complete 
| 253|0x00000000efd00000, 0x00000000efe00000, 0x00000000efe00000|100%| E|CS|TAMS 0x00000000efd00000| PB 0x00000000efd00000| Complete 
| 254|0x00000000efe00000, 0x00000000eff00000, 0x00000000eff00000|100%| E|CS|TAMS 0x00000000efe00000| PB 0x00000000efe00000| Complete 
| 255|0x00000000eff00000, 0x00000000f0000000, 0x00000000f0000000|100%| E|CS|TAMS 0x00000000eff00000| PB 0x00000000eff00000| Complete 

Card table byte_map: [0x0000020042830000,0x0000020042930000] _byte_map_base: 0x0000020042130000

Marking Bits: (CMBitMap*) 0x000002002aafca50
 Bits: [0x0000020042930000, 0x0000020043130000)

Polling page: 0x0000020028960000

Metaspace:

Usage:
  Non-class:     15.66 MB used.
      Class:      2.59 MB used.
       Both:     18.25 MB used.

Virtual space:
  Non-class space:       64.00 MB reserved,      15.94 MB ( 25%) committed,  1 nodes.
      Class space:      320.00 MB reserved,       2.81 MB ( <1%) committed,  1 nodes.
             Both:      384.00 MB reserved,      18.75 MB (  5%) committed. 

Chunk freelists:
   Non-Class:  16.00 KB
       Class:  13.20 MB
        Both:  13.22 MB

MaxMetaspaceSize: 384.00 MB
CompressedClassSpaceSize: 320.00 MB
Initial GC threshold: 21.00 MB
Current GC threshold: 21.00 MB
CDS: on
 - commit_granule_bytes: 65536.
 - commit_granule_words: 8192.
 - virtual_space_node_default_size: 8388608.
 - enlarge_chunks_in_place: 1.
 - use_allocation_guard: 0.


Internal statistics:

num_allocs_failed_limit: 0.
num_arena_births: 686.
num_arena_deaths: 0.
num_vsnodes_births: 2.
num_vsnodes_deaths: 0.
num_space_committed: 300.
num_space_uncommitted: 0.
num_chunks_returned_to_freelist: 0.
num_chunks_taken_from_freelist: 1375.
num_chunk_merges: 0.
num_chunk_splits: 895.
num_chunks_enlarged: 601.
num_inconsistent_stats: 0.

CodeHeap 'non-profiled nmethods': size=120000Kb used=1681Kb max_used=1681Kb free=118318Kb
 bounds [0x000002003aca0000, 0x000002003af10000, 0x00000200421d0000]
CodeHeap 'profiled nmethods': size=120000Kb used=6296Kb max_used=6296Kb free=113703Kb
 bounds [0x00000200331d0000, 0x0000020033800000, 0x000002003a700000]
CodeHeap 'non-nmethods': size=5760Kb used=1501Kb max_used=1542Kb free=4259Kb
 bounds [0x000002003a700000, 0x000002003a970000, 0x000002003aca0000]
CodeCache: size=245760Kb, used=9478Kb, max_used=9519Kb, free=236280Kb
 total_blobs=3765, nmethods=3190, adapters=479, full_count=0
Compilation: enabled, stopped_count=0, restarted_count=0

Compilation events (20 events):
Event: 46.446 Thread 0x000002005f0099e0 3183       3       org.gradle.internal.service.DefaultServiceRegistry$OwnServices::add (82 bytes)
Event: 46.447 Thread 0x000002005f0099e0 nmethod 3183 0x00000200337f2590 code [0x00000200337f2800, 0x00000200337f3250]
Event: 46.447 Thread 0x000002005f0099e0 3185       3       org.gradle.util.internal.CollectionUtils::collect (44 bytes)
Event: 46.447 Thread 0x000002005f0099e0 nmethod 3185 0x00000200337f3610 code [0x00000200337f3820, 0x00000200337f3db8]
Event: 46.447 Thread 0x000002005f0099e0 3184       3       org.gradle.internal.service.DefaultServiceRegistry::access$1300 (5 bytes)
Event: 46.447 Thread 0x000002005f0099e0 nmethod 3184 0x00000200337f3f90 code [0x00000200337f4140, 0x00000200337f4260]
Event: 46.448 Thread 0x000002005f0099e0 3187   !   3       jdk.proxy1.$Proxy4::annotationType (29 bytes)
Event: 46.448 Thread 0x000002005f0099e0 nmethod 3187 0x00000200337f4310 code [0x00000200337f44e0, 0x00000200337f48e0]
Event: 46.449 Thread 0x000002005f0099e0 3188       1       java.util.concurrent.CopyOnWriteArrayList::getArray (5 bytes)
Event: 46.449 Thread 0x000002005f0099e0 nmethod 3188 0x000002003ae43f90 code [0x000002003ae44120, 0x000002003ae441e8]
Event: 46.449 Thread 0x000002005f0099e0 3189       1       org.gradle.launcher.daemon.context.DefaultDaemonContext::getPid (5 bytes)
Event: 46.449 Thread 0x000002005f0099e0 nmethod 3189 0x000002003ae44290 code [0x000002003ae44420, 0x000002003ae444e8]
Event: 46.449 Thread 0x000002005f0099e0 3190       3       java.lang.Long::equals (30 bytes)
Event: 46.449 Thread 0x000002005f0099e0 nmethod 3190 0x00000200337f4a90 code [0x00000200337f4c40, 0x00000200337f5008]
Event: 46.449 Thread 0x000002005f0099e0 3191       3       jdk.internal.reflect.ReflectionFactory::copyConstructor (11 bytes)
Event: 46.449 Thread 0x000002005f0099e0 nmethod 3191 0x00000200337f5110 code [0x00000200337f52c0, 0x00000200337f54b8]
Event: 46.450 Thread 0x000002005f0099e0 3192       3       java.lang.reflect.ReflectAccess::copyConstructor (5 bytes)
Event: 46.450 Thread 0x000002005f0099e0 nmethod 3192 0x00000200337f5610 code [0x00000200337f57c0, 0x00000200337f5900]
Event: 46.455 Thread 0x000002005f0099e0 3193       3       java.lang.Class::privateGetDeclaredConstructors (79 bytes)
Event: 46.455 Thread 0x000002005f0099e0 nmethod 3193 0x00000200337f5a10 code [0x00000200337f5c20, 0x00000200337f6120]

GC Heap History (6 events):
Event: 5.403 GC heap before
{Heap before GC invocations=0 (full 0):
 garbage-first heap   total 262144K, used 23552K [0x00000000e0000000, 0x0000000100000000)
  region size 1024K, 23 young (23552K), 0 survivors (0K)
 Metaspace       used 892K, committed 1024K, reserved 393216K
  class space    used 72K, committed 128K, reserved 327680K
}
Event: 8.035 GC heap after
{Heap after GC invocations=1 (full 0):
 garbage-first heap   total 262144K, used 1450K [0x00000000e0000000, 0x0000000100000000)
  region size 1024K, 2 young (2048K), 2 survivors (2048K)
 Metaspace       used 892K, committed 1024K, reserved 393216K
  class space    used 72K, committed 128K, reserved 327680K
}
Event: 11.101 GC heap before
{Heap before GC invocations=1 (full 0):
 garbage-first heap   total 262144K, used 39338K [0x00000000e0000000, 0x0000000100000000)
  region size 1024K, 37 young (37888K), 2 survivors (2048K)
 Metaspace       used 4397K, committed 4544K, reserved 393216K
  class space    used 554K, committed 640K, reserved 327680K
}
Event: 11.105 GC heap after
{Heap after GC invocations=2 (full 0):
 garbage-first heap   total 262144K, used 10781K [0x00000000e0000000, 0x0000000100000000)
  region size 1024K, 5 young (5120K), 5 survivors (5120K)
 Metaspace       used 4397K, committed 4544K, reserved 393216K
  class space    used 554K, committed 640K, reserved 327680K
}
Event: 14.486 GC heap before
{Heap before GC invocations=2 (full 0):
 garbage-first heap   total 262144K, used 74269K [0x00000000e0000000, 0x0000000100000000)
  region size 1024K, 65 young (66560K), 5 survivors (5120K)
 Metaspace       used 8020K, committed 8320K, reserved 393216K
  class space    used 1076K, committed 1216K, reserved 327680K
}
Event: 14.493 GC heap after
{Heap after GC invocations=3 (full 0):
 garbage-first heap   total 262144K, used 18426K [0x00000000e0000000, 0x0000000100000000)
  region size 1024K, 9 young (9216K), 9 survivors (9216K)
 Metaspace       used 8020K, committed 8320K, reserved 393216K
  class space    used 1076K, committed 1216K, reserved 327680K
}

Dll operation events (15 events):
Event: 0.074 Loaded shared library C:\Users\dduc1\.jdks\ms-21.0.8\bin\java.dll
Event: 2.324 Loaded shared library C:\Users\dduc1\.jdks\ms-21.0.8\bin\jsvml.dll
Event: 2.324 Loaded shared library C:\Users\dduc1\.jdks\ms-21.0.8\bin\zip.dll
Event: 2.330 Loaded shared library C:\Users\dduc1\.jdks\ms-21.0.8\bin\instrument.dll
Event: 2.342 Loaded shared library C:\Users\dduc1\.jdks\ms-21.0.8\bin\net.dll
Event: 2.346 Loaded shared library C:\Users\dduc1\.jdks\ms-21.0.8\bin\nio.dll
Event: 2.369 Loaded shared library C:\Users\dduc1\.jdks\ms-21.0.8\bin\zip.dll
Event: 5.260 Loaded shared library C:\Users\dduc1\.jdks\ms-21.0.8\bin\jimage.dll
Event: 8.429 Loaded shared library C:\Users\dduc1\.jdks\ms-21.0.8\bin\verify.dll
Event: 9.453 Loaded shared library C:\Users\dduc1\.gradle\native\1def1411415f61bf3af743bc5b6707747c0891f09f0c88961ee8f79bc544acac\windows-amd64\native-platform.dll
Event: 9.465 Loaded shared library C:\Users\dduc1\.gradle\native\0.2.7\x86_64-windows-gnu\gradle-fileevents.dll
Event: 13.247 Loaded shared library C:\Users\dduc1\.jdks\ms-21.0.8\bin\management.dll
Event: 13.315 Loaded shared library C:\Users\dduc1\.jdks\ms-21.0.8\bin\management_ext.dll
Event: 14.380 Loaded shared library C:\Users\dduc1\.jdks\ms-21.0.8\bin\extnet.dll
Event: 18.827 Loaded shared library C:\Users\dduc1\.jdks\ms-21.0.8\bin\sunmscapi.dll

Deoptimization events (20 events):
Event: 43.041 Thread 0x000002005ffbce30 DEOPT PACKING pc=0x000002003ad41090 sp=0x000000c6b07fb000
Event: 43.041 Thread 0x000002005ffbce30 DEOPT UNPACKING pc=0x000002003a7546a2 sp=0x000000c6b07fafd0 mode 2
Event: 43.421 Thread 0x000002005ffbce30 Uncommon trap: trap_request=0xffffff45 fr.pc=0x000002003acce314 relative=0x00000000000000f4
Event: 43.421 Thread 0x000002005ffbce30 Uncommon trap: reason=unstable_if action=reinterpret pc=0x000002003acce314 method=java.util.HashMap.hash(Ljava/lang/Object;)I @ 1 c2
Event: 43.421 Thread 0x000002005ffbce30 DEOPT PACKING pc=0x000002003acce314 sp=0x000000c6b07fc0a0
Event: 43.421 Thread 0x000002005ffbce30 DEOPT UNPACKING pc=0x000002003a7546a2 sp=0x000000c6b07fbfe0 mode 2
Event: 43.478 Thread 0x000002005ffbce30 DEOPT PACKING pc=0x0000020033672902 sp=0x000000c6b07f87e0
Event: 43.478 Thread 0x000002005ffbce30 DEOPT UNPACKING pc=0x000002003a754e42 sp=0x000000c6b07f7cf0 mode 0
Event: 43.506 Thread 0x000002005ffbce30 Uncommon trap: trap_request=0xffffff45 fr.pc=0x000002003ae0a1b0 relative=0x0000000000000570
Event: 43.506 Thread 0x000002005ffbce30 Uncommon trap: reason=unstable_if action=reinterpret pc=0x000002003ae0a1b0 method=java.util.ArrayList.grow(I)[Ljava/lang/Object; @ 17 c2
Event: 43.506 Thread 0x000002005ffbce30 DEOPT PACKING pc=0x000002003ae0a1b0 sp=0x000000c6b07fd000
Event: 43.506 Thread 0x000002005ffbce30 DEOPT UNPACKING pc=0x000002003a7546a2 sp=0x000000c6b07fcfb8 mode 2
Event: 44.657 Thread 0x000002005ffbce30 DEOPT PACKING pc=0x00000200336728e1 sp=0x000000c6b07fc6e0
Event: 44.657 Thread 0x000002005ffbce30 DEOPT UNPACKING pc=0x000002003a754e42 sp=0x000000c6b07fbbf0 mode 0
Event: 45.018 Thread 0x000002005ffbce30 DEOPT PACKING pc=0x00000200336728e1 sp=0x000000c6b07f87e0
Event: 45.018 Thread 0x000002005ffbce30 DEOPT UNPACKING pc=0x000002003a754e42 sp=0x000000c6b07f7cf0 mode 0
Event: 45.058 Thread 0x000002005ffbce30 DEOPT PACKING pc=0x0000020033672902 sp=0x000000c6b07f7f90
Event: 45.058 Thread 0x000002005ffbce30 DEOPT UNPACKING pc=0x000002003a754e42 sp=0x000000c6b07f74a0 mode 0
Event: 45.083 Thread 0x000002005ffbce30 DEOPT PACKING pc=0x00000200336728e1 sp=0x000000c6b07f8020
Event: 45.083 Thread 0x000002005ffbce30 DEOPT UNPACKING pc=0x000002003a754e42 sp=0x000000c6b07f7530 mode 0

Classes loaded (20 events):
Event: 44.668 Loading class java/lang/invoke/BoundMethodHandle$Species_LLLLLLLLLLLLLLLLLLL
Event: 44.668 Loading class java/lang/invoke/BoundMethodHandle$Species_LLLLLLLLLLLLLLLLLLL done
Event: 44.671 Loading class java/lang/invoke/BoundMethodHandle$Species_LLLLLLLLLLLLLLLLLLLL
Event: 44.671 Loading class java/lang/invoke/BoundMethodHandle$Species_LLLLLLLLLLLLLLLLLLLL done
Event: 44.673 Loading class java/lang/invoke/BoundMethodHandle$Species_LLLLLLLLLLLLLLLLLLLLL
Event: 44.673 Loading class java/lang/invoke/BoundMethodHandle$Species_LLLLLLLLLLLLLLLLLLLLL done
Event: 44.676 Loading class java/lang/invoke/BoundMethodHandle$Species_LLLLLLLLLLLLLLLLLLLLLL
Event: 44.676 Loading class java/lang/invoke/BoundMethodHandle$Species_LLLLLLLLLLLLLLLLLLLLLL done
Event: 44.678 Loading class java/lang/invoke/BoundMethodHandle$Species_LLLLLLLLLLLLLLLLLLLLLLL
Event: 44.678 Loading class java/lang/invoke/BoundMethodHandle$Species_LLLLLLLLLLLLLLLLLLLLLLL done
Event: 44.684 Loading class java/lang/invoke/BoundMethodHandle$Species_LLLLLLLLLLLLLLLLLLLLLLLL
Event: 44.684 Loading class java/lang/invoke/BoundMethodHandle$Species_LLLLLLLLLLLLLLLLLLLLLLLL done
Event: 44.887 Loading class java/util/Collections$2
Event: 44.887 Loading class java/util/Collections$2 done
Event: 45.077 Loading class java/util/function/LongFunction
Event: 45.077 Loading class java/util/function/LongFunction done
Event: 45.317 Loading class java/security/InvalidKeyException
Event: 45.318 Loading class java/security/KeyException
Event: 45.318 Loading class java/security/KeyException done
Event: 45.318 Loading class java/security/InvalidKeyException done

Classes unloaded (0 events):
No events

Classes redefined (0 events):
No events

Internal exceptions (20 events):
Event: 43.062 Thread 0x000002005ffbce30 Exception <a 'java/lang/NoSuchMethodError'{0x00000000ed320160}: 'void java.lang.invoke.DirectMethodHandle$Holder.invokeStatic(java.lang.Object, java.lang.Object, java.lang.Object, java.lang.Object)'> (0x00000000ed320160) 
thrown [s\src\hotspot\share\interpreter\linkResolver.cpp, line 773]
Event: 43.063 Thread 0x000002005ffbce30 Exception <a 'java/lang/NoSuchMethodError'{0x00000000ed323ee8}: 'void java.lang.invoke.DirectMethodHandle$Holder.invokeStaticInit(java.lang.Object, java.lang.Object, java.lang.Object, java.lang.Object)'> (0x00000000ed323ee8) 
thrown [s\src\hotspot\share\interpreter\linkResolver.cpp, line 773]
Event: 43.077 Thread 0x000002005ffbce30 Exception <a 'java/lang/NoSuchMethodError'{0x00000000ed379a38}: 'java.lang.Object java.lang.invoke.DirectMethodHandle$Holder.invokeInterface(java.lang.Object, java.lang.Object, java.lang.Object)'> (0x00000000ed379a38) 
thrown [s\src\hotspot\share\interpreter\linkResolver.cpp, line 773]
Event: 43.265 Thread 0x000002005ffbce30 Exception <a 'java/lang/NoSuchMethodError'{0x00000000ed27be50}: 'int java.lang.invoke.DirectMethodHandle$Holder.invokeSpecialIFC(java.lang.Object, java.lang.Object, java.lang.Object, java.lang.Object)'> (0x00000000ed27be50) 
thrown [s\src\hotspot\share\interpreter\linkResolver.cpp, line 773]
Event: 43.271 Thread 0x000002005ffbce30 Exception <a 'java/lang/IncompatibleClassChangeError'{0x00000000ed289448}: Found class java.lang.Object, but interface was expected> (0x00000000ed289448) 
thrown [s\src\hotspot\share\interpreter\linkResolver.cpp, line 840]
Event: 43.421 Thread 0x000002005ffbce30 Implicit null exception at 0x000002003acce266 to 0x000002003acce30a
Event: 43.442 Thread 0x000002005ffbce30 Exception <a 'java/lang/NoSuchMethodError'{0x00000000ed08f860}: 'int java.lang.invoke.DirectMethodHandle$Holder.invokeStatic(java.lang.Object, java.lang.Object, java.lang.Object, java.lang.Object)'> (0x00000000ed08f860) 
thrown [s\src\hotspot\share\interpreter\linkResolver.cpp, line 773]
Event: 44.648 Thread 0x000002005ffbce30 Exception <a 'java/lang/NoSuchMethodError'{0x00000000ecd245f0}: 'java.lang.Object java.lang.invoke.DelegatingMethodHandle$Holder.reinvoke_L(java.lang.Object, java.lang.Object, java.lang.Object, java.lang.Object, java.lang.Object, java.lang.Object, java.lang.Object, java.lang.Object, java.lang.Object, java.lang.Object, java.lang.Object, java.lang.Object, java.lang.Object, java.lang.Object, java.lang.Object, java.lang.Object, java.lang.Object, java.lang.Object, java.lang.Object, java.lang.Object, java.lang.O
Event: 44.654 Thread 0x000002005ffbce30 Exception <a 'java/lang/NoSuchMethodError'{0x00000000ecd92a70}: 'java.lang.Object java.lang.invoke.DirectMethodHandle$Holder.invokeStatic(java.lang.Object, java.lang.Object, java.lang.Object, java.lang.Object, java.lang.Object, java.lang.Object, java.lang.Object, java.lang.Object, java.lang.Object, java.lang.Object, java.lang.Object, java.lang.Object, java.lang.Object, java.lang.Object, java.lang.Object, java.lang.Object, java.lang.Object)'> (0x00000000ecd92a70) 
thrown [s\src\hotspot\share\interpreter\lin
Event: 44.658 Thread 0x000002005ffbce30 Exception <a 'java/lang/NoSuchMethodError'{0x00000000ecdc1400}: 'java.lang.Object java.lang.invoke.DirectMethodHandle$Holder.invokeStatic(java.lang.Object, java.lang.Object, java.lang.Object, java.lang.Object, java.lang.Object, java.lang.Object, java.lang.Object, java.lang.Object, java.lang.Object, java.lang.Object, java.lang.Object, java.lang.Object, java.lang.Object, java.lang.Object, java.lang.Object, java.lang.Object, java.lang.Object, java.lang.Object)'> (0x00000000ecdc1400) 
thrown [s\src\hotspot\sha
Event: 44.661 Thread 0x000002005ffbce30 Exception <a 'java/lang/NoSuchMethodError'{0x00000000ecdeb218}: 'java.lang.Object java.lang.invoke.DirectMethodHandle$Holder.invokeStatic(java.lang.Object, java.lang.Object, java.lang.Object, java.lang.Object, java.lang.Object, java.lang.Object, java.lang.Object, java.lang.Object, java.lang.Object, java.lang.Object, java.lang.Object, java.lang.Object, java.lang.Object, java.lang.Object, java.lang.Object, java.lang.Object, java.lang.Object, java.lang.Object, java.lang.Object)'> (0x00000000ecdeb218) 
thrown 
Event: 44.664 Thread 0x000002005ffbce30 Exception <a 'java/lang/NoSuchMethodError'{0x00000000ecc166a8}: 'java.lang.Object java.lang.invoke.DirectMethodHandle$Holder.invokeStatic(java.lang.Object, java.lang.Object, java.lang.Object, java.lang.Object, java.lang.Object, java.lang.Object, java.lang.Object, java.lang.Object, java.lang.Object, java.lang.Object, java.lang.Object, java.lang.Object, java.lang.Object, java.lang.Object, java.lang.Object, java.lang.Object, java.lang.Object, java.lang.Object, java.lang.Object, java.lang.Object)'> (0x00000000
Event: 44.667 Thread 0x000002005ffbce30 Exception <a 'java/lang/NoSuchMethodError'{0x00000000ecc42a98}: 'java.lang.Object java.lang.invoke.DirectMethodHandle$Holder.invokeStatic(java.lang.Object, java.lang.Object, java.lang.Object, java.lang.Object, java.lang.Object, java.lang.Object, java.lang.Object, java.lang.Object, java.lang.Object, java.lang.Object, java.lang.Object, java.lang.Object, java.lang.Object, java.lang.Object, java.lang.Object, java.lang.Object, java.lang.Object, java.lang.Object, java.lang.Object, java.lang.Object, java.lang.Obj
Event: 44.669 Thread 0x000002005ffbce30 Exception <a 'java/lang/NoSuchMethodError'{0x00000000ecc70050}: 'java.lang.Object java.lang.invoke.DirectMethodHandle$Holder.invokeStatic(java.lang.Object, java.lang.Object, java.lang.Object, java.lang.Object, java.lang.Object, java.lang.Object, java.lang.Object, java.lang.Object, java.lang.Object, java.lang.Object, java.lang.Object, java.lang.Object, java.lang.Object, java.lang.Object, java.lang.Object, java.lang.Object, java.lang.Object, java.lang.Object, java.lang.Object, java.lang.Object, java.lang.Obj
Event: 44.672 Thread 0x000002005ffbce30 Exception <a 'java/lang/NoSuchMethodError'{0x00000000ecc9e968}: 'java.lang.Object java.lang.invoke.DirectMethodHandle$Holder.invokeStatic(java.lang.Object, java.lang.Object, java.lang.Object, java.lang.Object, java.lang.Object, java.lang.Object, java.lang.Object, java.lang.Object, java.lang.Object, java.lang.Object, java.lang.Object, java.lang.Object, java.lang.Object, java.lang.Object, java.lang.Object, java.lang.Object, java.lang.Object, java.lang.Object, java.lang.Object, java.lang.Object, java.lang.Obj
Event: 44.674 Thread 0x000002005ffbce30 Exception <a 'java/lang/NoSuchMethodError'{0x00000000ecccdad0}: 'java.lang.Object java.lang.invoke.DirectMethodHandle$Holder.invokeStatic(java.lang.Object, java.lang.Object, java.lang.Object, java.lang.Object, java.lang.Object, java.lang.Object, java.lang.Object, java.lang.Object, java.lang.Object, java.lang.Object, java.lang.Object, java.lang.Object, java.lang.Object, java.lang.Object, java.lang.Object, java.lang.Object, java.lang.Object, java.lang.Object, java.lang.Object, java.lang.Object, java.lang.Obj
Event: 44.677 Thread 0x000002005ffbce30 Exception <a 'java/lang/NoSuchMethodError'{0x00000000eccfdcb8}: 'java.lang.Object java.lang.invoke.DirectMethodHandle$Holder.invokeStatic(java.lang.Object, java.lang.Object, java.lang.Object, java.lang.Object, java.lang.Object, java.lang.Object, java.lang.Object, java.lang.Object, java.lang.Object, java.lang.Object, java.lang.Object, java.lang.Object, java.lang.Object, java.lang.Object, java.lang.Object, java.lang.Object, java.lang.Object, java.lang.Object, java.lang.Object, java.lang.Object, java.lang.Obj
Event: 44.680 Thread 0x000002005ffbce30 Exception <a 'java/lang/NoSuchMethodError'{0x00000000ecb2e868}: 'java.lang.Object java.lang.invoke.DirectMethodHandle$Holder.invokeStatic(java.lang.Object, java.lang.Object, java.lang.Object, java.lang.Object, java.lang.Object, java.lang.Object, java.lang.Object, java.lang.Object, java.lang.Object, java.lang.Object, java.lang.Object, java.lang.Object, java.lang.Object, java.lang.Object, java.lang.Object, java.lang.Object, java.lang.Object, java.lang.Object, java.lang.Object, java.lang.Object, java.lang.Obj
Event: 44.749 Thread 0x000002005ffbce30 Exception <a 'java/lang/NoSuchMethodError'{0x00000000ecb60d20}: 'java.lang.Object java.lang.invoke.DirectMethodHandle$Holder.invokeStatic(java.lang.Object, java.lang.Object, java.lang.Object, java.lang.Object, java.lang.Object, java.lang.Object, java.lang.Object, java.lang.Object, java.lang.Object, java.lang.Object, java.lang.Object, java.lang.Object, java.lang.Object, java.lang.Object, java.lang.Object, java.lang.Object, java.lang.Object, java.lang.Object, java.lang.Object, java.lang.Object, java.lang.Obj
Event: 44.846 Thread 0x000002005ffbce30 Exception <a 'java/lang/IncompatibleClassChangeError'{0x00000000eca89638}: Found class java.lang.Object, but interface was expected> (0x00000000eca89638) 
thrown [s\src\hotspot\share\interpreter\linkResolver.cpp, line 840]

ZGC Phase Switch (0 events):
No events

VM Operations (20 events):
Event: 34.767 Executing VM operation: Cleanup
Event: 34.784 Executing VM operation: Cleanup done
Event: 35.796 Executing VM operation: Cleanup
Event: 35.797 Executing VM operation: Cleanup done
Event: 37.816 Executing VM operation: Cleanup
Event: 37.816 Executing VM operation: Cleanup done
Event: 38.842 Executing VM operation: Cleanup
Event: 38.842 Executing VM operation: Cleanup done
Event: 39.882 Executing VM operation: Cleanup
Event: 39.882 Executing VM operation: Cleanup done
Event: 40.887 Executing VM operation: Cleanup
Event: 40.887 Executing VM operation: Cleanup done
Event: 43.920 Executing VM operation: Cleanup
Event: 44.584 Executing VM operation: Cleanup done
Event: 44.768 Executing VM operation: HandshakeAllThreads (Deoptimize)
Event: 44.768 Executing VM operation: HandshakeAllThreads (Deoptimize) done
Event: 44.769 Executing VM operation: HandshakeAllThreads (Deoptimize)
Event: 44.769 Executing VM operation: HandshakeAllThreads (Deoptimize) done
Event: 45.770 Executing VM operation: Cleanup
Event: 46.436 Executing VM operation: Cleanup done

Memory protections (0 events):
No events

Nmethod flushes (0 events):
No events

Events (20 events):
Event: 10.994 Thread 0x000002005f000080 Thread added: 0x000002005f5ad770
Event: 11.714 Thread 0x000002005f5ad770 Thread exited: 0x000002005f5ad770
Event: 13.433 Thread 0x0000020028719ce0 Thread added: 0x000002005fd7f730
Event: 14.719 Thread 0x0000020028719ce0 Thread added: 0x000002005fcbf020
Event: 15.110 Thread 0x000002005f0099e0 Thread added: 0x000002005fd48a30
Event: 15.159 Thread 0x0000020028719ce0 Thread added: 0x00000200603631d0
Event: 18.807 Thread 0x000002005fd48a30 Thread exited: 0x000002005fd48a30
Event: 19.158 Thread 0x000002005fcbf020 Thread added: 0x0000020060655040
Event: 19.301 Thread 0x0000020060655040 Thread added: 0x000002005f4a0560
Event: 25.666 Thread 0x0000020060655040 Thread added: 0x000002005fcde410
Event: 28.882 Thread 0x0000020060655040 Thread added: 0x000002005ffbce30
Event: 28.903 Thread 0x000002005ffbce30 Thread added: 0x000002005f3bed90
Event: 28.908 Thread 0x000002005ffbce30 Thread added: 0x000002005f3b05c0
Event: 28.912 Thread 0x000002005ffbce30 Thread added: 0x000002005f3b2d20
Event: 30.094 Thread 0x000002005ffbce30 Thread added: 0x000002005f3b0c50
Event: 30.107 Thread 0x000002005ffbce30 Thread added: 0x000002005f3b2690
Event: 37.996 Thread 0x000002005f3b2690 Thread added: 0x000002005f3aff30
Event: 38.140 Thread 0x000002005ffbce30 Thread added: 0x000002005f3b2000
Event: 44.668 Thread 0x000002005f0099e0 Thread added: 0x0000020061972440
Event: 46.436 Thread 0x0000020061972440 Thread exited: 0x0000020061972440


Dynamic libraries:
0x00007ff66d5d0000 - 0x00007ff66d5de000 	C:\Users\dduc1\.jdks\ms-21.0.8\bin\java.exe
0x00007ffcaf400000 - 0x00007ffcaf669000 	C:\WINDOWS\SYSTEM32\ntdll.dll
0x00007ffcaddf0000 - 0x00007ffcadeb9000 	C:\WINDOWS\System32\KERNEL32.DLL
0x00007ffcaca70000 - 0x00007ffcace63000 	C:\WINDOWS\System32\KERNELBASE.dll
0x00007ffcac650000 - 0x00007ffcac79b000 	C:\WINDOWS\System32\ucrtbase.dll
0x00007ffca7610000 - 0x00007ffca762e000 	C:\Users\dduc1\.jdks\ms-21.0.8\bin\VCRUNTIME140.dll
0x00007ffca75d0000 - 0x00007ffca75e8000 	C:\Users\dduc1\.jdks\ms-21.0.8\bin\jli.dll
0x00007ffcad740000 - 0x00007ffcad904000 	C:\WINDOWS\System32\USER32.dll
0x00007ffcac620000 - 0x00007ffcac647000 	C:\WINDOWS\System32\win32u.dll
0x00007ffcadb00000 - 0x00007ffcadb2b000 	C:\WINDOWS\System32\GDI32.dll
0x00007ffcace70000 - 0x00007ffcacf9d000 	C:\WINDOWS\System32\gdi32full.dll
0x00007ffcacfa0000 - 0x00007ffcad043000 	C:\WINDOWS\System32\msvcp_win.dll
0x00007ffc8c6c0000 - 0x00007ffc8c953000 	C:\WINDOWS\WinSxS\amd64_microsoft.windows.common-controls_6595b64144ccf1df_6.0.26100.5074_none_3e0d6f78e32fd63f\COMCTL32.dll
0x00007ffcaf130000 - 0x00007ffcaf1d9000 	C:\WINDOWS\System32\msvcrt.dll
0x00007ffcaefc0000 - 0x00007ffcaefef000 	C:\WINDOWS\System32\IMM32.DLL
0x00007ffca6220000 - 0x00007ffca622c000 	C:\Users\dduc1\.jdks\ms-21.0.8\bin\vcruntime140_1.dll
0x00007ffc9a5a0000 - 0x00007ffc9a629000 	C:\Users\dduc1\.jdks\ms-21.0.8\bin\msvcp140.dll
0x00007ffc58f30000 - 0x00007ffc59cdc000 	C:\Users\dduc1\.jdks\ms-21.0.8\bin\server\jvm.dll
0x00007ffcaf000000 - 0x00007ffcaf0b4000 	C:\WINDOWS\System32\ADVAPI32.dll
0x00007ffcae360000 - 0x00007ffcae406000 	C:\WINDOWS\System32\sechost.dll
0x00007ffcadcd0000 - 0x00007ffcadde8000 	C:\WINDOWS\System32\RPCRT4.dll
0x00007ffcaeb60000 - 0x00007ffcaebd4000 	C:\WINDOWS\System32\WS2_32.dll
0x00007ffcab510000 - 0x00007ffcab56e000 	C:\WINDOWS\SYSTEM32\POWRPROF.dll
0x00007ffca1400000 - 0x00007ffca1435000 	C:\WINDOWS\SYSTEM32\WINMM.dll
0x00007ffca50d0000 - 0x00007ffca50db000 	C:\WINDOWS\SYSTEM32\VERSION.dll
0x00007ffcab4f0000 - 0x00007ffcab504000 	C:\WINDOWS\SYSTEM32\UMPDC.dll
0x00007ffcab3a0000 - 0x00007ffcab3bb000 	C:\WINDOWS\SYSTEM32\kernel.appcore.dll
0x00007ffca6210000 - 0x00007ffca621a000 	C:\Users\dduc1\.jdks\ms-21.0.8\bin\jimage.dll
0x00007ffca9f70000 - 0x00007ffcaa1b2000 	C:\WINDOWS\SYSTEM32\DBGHELP.DLL
0x00007ffcadfe0000 - 0x00007ffcae35b000 	C:\WINDOWS\System32\combase.dll
0x00007ffcaebf0000 - 0x00007ffcaecc7000 	C:\WINDOWS\System32\OLEAUT32.dll
0x00007ffc9f050000 - 0x00007ffc9f08d000 	C:\WINDOWS\SYSTEM32\dbgcore.DLL
0x00007ffcac7a0000 - 0x00007ffcac839000 	C:\WINDOWS\System32\bcryptPrimitives.dll
0x00007ffc9f2e0000 - 0x00007ffc9f2f0000 	C:\Users\dduc1\.jdks\ms-21.0.8\bin\instrument.dll
0x00007ffc9f180000 - 0x00007ffc9f1a1000 	C:\Users\dduc1\.jdks\ms-21.0.8\bin\java.dll
0x00007ffcae410000 - 0x00007ffcaeb5d000 	C:\WINDOWS\System32\SHELL32.dll
0x00007ffcac900000 - 0x00007ffcaca6c000 	C:\WINDOWS\System32\wintypes.dll
0x00007ffcaa1d0000 - 0x00007ffcaaa29000 	C:\WINDOWS\SYSTEM32\windows.storage.dll
0x00007ffcad910000 - 0x00007ffcada00000 	C:\WINDOWS\System32\SHCORE.dll
0x00007ffcaf0c0000 - 0x00007ffcaf122000 	C:\WINDOWS\System32\shlwapi.dll
0x00007ffcac4b0000 - 0x00007ffcac4d9000 	C:\WINDOWS\SYSTEM32\profapi.dll
0x00007ffc6fc90000 - 0x00007ffc6fd66000 	C:\Users\dduc1\.jdks\ms-21.0.8\bin\jsvml.dll
0x00007ffc9f160000 - 0x00007ffc9f178000 	C:\Users\dduc1\.jdks\ms-21.0.8\bin\zip.dll
0x00007ffc99de0000 - 0x00007ffc99df1000 	C:\Users\dduc1\.jdks\ms-21.0.8\bin\net.dll
0x00007ffca5f40000 - 0x00007ffca605f000 	C:\WINDOWS\SYSTEM32\WINHTTP.dll
0x00007ffcab9c0000 - 0x00007ffcaba2b000 	C:\WINDOWS\system32\mswsock.dll
0x00007ffc99dc0000 - 0x00007ffc99dd6000 	C:\Users\dduc1\.jdks\ms-21.0.8\bin\nio.dll
0x00007ffc9f2d0000 - 0x00007ffc9f2e0000 	C:\Users\dduc1\.jdks\ms-21.0.8\bin\verify.dll
0x00007ffca6230000 - 0x00007ffca6257000 	C:\Users\dduc1\.gradle\native\1def1411415f61bf3af743bc5b6707747c0891f09f0c88961ee8f79bc544acac\windows-amd64\native-platform.dll
0x00007ffc99b10000 - 0x00007ffc99b88000 	C:\Users\dduc1\.gradle\native\0.2.7\x86_64-windows-gnu\gradle-fileevents.dll
0x00007ffc9f1f0000 - 0x00007ffc9f1fa000 	C:\Users\dduc1\.jdks\ms-21.0.8\bin\management.dll
0x00007ffc9f150000 - 0x00007ffc9f15c000 	C:\Users\dduc1\.jdks\ms-21.0.8\bin\management_ext.dll
0x00007ffcad1d0000 - 0x00007ffcad1d8000 	C:\WINDOWS\System32\PSAPI.DLL
0x00007ffcaada0000 - 0x00007ffcaadd4000 	C:\WINDOWS\SYSTEM32\IPHLPAPI.DLL
0x00007ffcaefb0000 - 0x00007ffcaefba000 	C:\WINDOWS\System32\NSI.dll
0x00007ffc9a590000 - 0x00007ffc9a599000 	C:\Users\dduc1\.jdks\ms-21.0.8\bin\extnet.dll
0x00007ffcabc90000 - 0x00007ffcabcab000 	C:\WINDOWS\SYSTEM32\CRYPTSP.dll
0x00007ffcab300000 - 0x00007ffcab33b000 	C:\WINDOWS\system32\rsaenh.dll
0x00007ffcaba60000 - 0x00007ffcaba8b000 	C:\WINDOWS\SYSTEM32\USERENV.dll
0x00007ffcac480000 - 0x00007ffcac4a6000 	C:\WINDOWS\SYSTEM32\bcrypt.dll
0x00007ffcabcb0000 - 0x00007ffcabcbc000 	C:\WINDOWS\SYSTEM32\CRYPTBASE.dll
0x00007ffc9a530000 - 0x00007ffc9a53e000 	C:\Users\dduc1\.jdks\ms-21.0.8\bin\sunmscapi.dll
0x00007ffcad050000 - 0x00007ffcad1c7000 	C:\WINDOWS\System32\CRYPT32.dll
0x00007ffcabed0000 - 0x00007ffcabf00000 	C:\WINDOWS\SYSTEM32\ncrypt.dll
0x00007ffcabe80000 - 0x00007ffcabebf000 	C:\WINDOWS\SYSTEM32\NTASN1.dll
0x00007ffc7fe20000 - 0x00007ffc7fe28000 	C:\WINDOWS\system32\wshunix.dll

JVMTI agents:
C:\Users\dduc1\.gradle\wrapper\dists\gradle-8.14.3-bin\cv11ve7ro1n3o1j4so8xd9n66\gradle-8.14.3\lib\agents\gradle-instrumentation-agent-8.14.3.jar path:C:\Users\dduc1\.jdks\ms-21.0.8\bin\instrument.dll, loaded, initialized, instrumentlib options:none

dbghelp: loaded successfully - version: 4.0.5 - missing functions: none
symbol engine: initialized successfully - sym options: 0x614 - pdb path: .;C:\Users\dduc1\.jdks\ms-21.0.8\bin;C:\WINDOWS\SYSTEM32;C:\WINDOWS\WinSxS\amd64_microsoft.windows.common-controls_6595b64144ccf1df_6.0.26100.5074_none_3e0d6f78e32fd63f;C:\Users\dduc1\.jdks\ms-21.0.8\bin\server;C:\Users\dduc1\.gradle\native\1def1411415f61bf3af743bc5b6707747c0891f09f0c88961ee8f79bc544acac\windows-amd64;C:\Users\dduc1\.gradle\native\0.2.7\x86_64-windows-gnu

VM Arguments:
jvm_args: --add-opens=java.base/java.lang=ALL-UNNAMED --add-opens=java.base/java.lang.invoke=ALL-UNNAMED --add-opens=java.base/java.util=ALL-UNNAMED --add-opens=java.prefs/java.util.prefs=ALL-UNNAMED --add-exports=jdk.compiler/com.sun.tools.javac.api=ALL-UNNAMED --add-exports=jdk.compiler/com.sun.tools.javac.util=ALL-UNNAMED --add-opens=java.base/java.util=ALL-UNNAMED --add-opens=java.prefs/java.util.prefs=ALL-UNNAMED --add-opens=java.base/java.nio.charset=ALL-UNNAMED --add-opens=java.base/java.net=ALL-UNNAMED --add-opens=java.base/java.util.concurrent.atomic=ALL-UNNAMED --add-opens=java.xml/javax.xml.namespace=ALL-UNNAMED -XX:MaxMetaspaceSize=384m -XX:+HeapDumpOnOutOfMemoryError -Xms256m -Xmx512m -Dfile.encoding=windows-1252 -Duser.country=US -Duser.language=en -Duser.variant -javaagent:C:\Users\dduc1\.gradle\wrapper\dists\gradle-8.14.3-bin\cv11ve7ro1n3o1j4so8xd9n66\gradle-8.14.3\lib\agents\gradle-instrumentation-agent-8.14.3.jar 
java_command: org.gradle.launcher.daemon.bootstrap.GradleDaemon 8.14.3
java_class_path (initial): C:\Users\dduc1\.gradle\wrapper\dists\gradle-8.14.3-bin\cv11ve7ro1n3o1j4so8xd9n66\gradle-8.14.3\lib\gradle-daemon-main-8.14.3.jar
Launcher Type: SUN_STANDARD

[Global flags]
     intx CICompilerCount                          = 4                                         {product} {ergonomic}
   size_t CompressedClassSpaceSize                 = 335544320                                 {product} {ergonomic}
     uint ConcGCThreads                            = 3                                         {product} {ergonomic}
     uint G1ConcRefinementThreads                  = 10                                        {product} {ergonomic}
   size_t G1HeapRegionSize                         = 1048576                                   {product} {ergonomic}
    uintx GCDrainStackTargetSize                   = 64                                        {product} {ergonomic}
     bool HeapDumpOnOutOfMemoryError               = true                                   {manageable} {command line}
   size_t InitialHeapSize                          = 268435456                                 {product} {command line}
   size_t MarkStackSize                            = 4194304                                   {product} {ergonomic}
   size_t MaxHeapSize                              = 536870912                                 {product} {command line}
   size_t MaxMetaspaceSize                         = 402653184                                 {product} {command line}
   size_t MaxNewSize                               = 321912832                                 {product} {ergonomic}
   size_t MinHeapDeltaBytes                        = 1048576                                   {product} {ergonomic}
   size_t MinHeapSize                              = 268435456                                 {product} {command line}
    uintx NonNMethodCodeHeapSize                   = 5839372                                {pd product} {ergonomic}
    uintx NonProfiledCodeHeapSize                  = 122909434                              {pd product} {ergonomic}
    uintx ProfiledCodeHeapSize                     = 122909434                              {pd product} {ergonomic}
    uintx ReservedCodeCacheSize                    = 251658240                              {pd product} {ergonomic}
     bool SegmentedCodeCache                       = true                                      {product} {ergonomic}
   size_t SoftMaxHeapSize                          = 536870912                              {manageable} {ergonomic}
     bool UseCompressedOops                        = true                           {product lp64_product} {ergonomic}
     bool UseG1GC                                  = true                                      {product} {ergonomic}
     bool UseLargePagesIndividualAllocation        = false                                  {pd product} {ergonomic}

Logging:
Log output configuration:
 #0: stdout all=warning uptime,level,tags foldmultilines=false
 #1: stderr all=off uptime,level,tags foldmultilines=false

Environment Variables:
PATH=E:\PYTHON\Scripts\;E:\PYTHON\;C:\Program Files\Common Files\Oracle\Java\javapath;C:\Windows\system32;C:\Windows;C:\Windows\System32\Wbem;C:\Windows\System32\WindowsPowerShell\v1.0\;C:\Windows\System32\OpenSSH\;C:\Program Files (x86)\NVIDIA Corporation\PhysX\Common;C:\Program Files\NVIDIA Corporation\NVIDIA NvDLISR;C:\WINDOWS\system32;C:\WINDOWS;C:\WINDOWS\System32\Wbem;C:\WINDOWS\System32\WindowsPowerShell\v1.0\;C:\WINDOWS\System32\OpenSSH\;E:\GIT\cmd;D:\important file JAVA\bin;C:\ProgramData\chocolatey\bin;C:\msys64\ucrt64\bin;C:\Program Files\Microsoft SQL Server\150\Tools\Binn\;C:\Program Files\Microsoft SQL Server\Client SDK\ODBC\170\Tools\Binn\;D:\gradle-8.12\bin;C:\Program Files\dotnet\;C:\Program Files (x86)\Windows Kits\10\Windows Performance Toolkit\;C:\Users\dduc1\AppData\Local\nvm;C:\nvm4w\nodejs;C:\Program Files\Docker\Docker\resources\bin;C:\Users\dduc1\AppData\Local\Programs\Python\Launcher\;C:\Users\dduc1\AppData\Local\Microsoft\WindowsApps;D:\VScode\Microsoft VS Code\bin;E:\PYTHON;C:\Users\dduc1\AppData\Roaming\npm;E:\PYTHON\Lib;E:\PYTHON\Scripts;D:\Intellij IDEA\IntelliJ IDEA 2024.1.4\bin;;C:\Users\dduc1\.dotnet\tools;C:\Program Files\dotnet\sdk\9.0.101;%JetBrains Rider%;D:\gradle-8.12\bin;C:\Users\dduc1\AppData\Local\nvm;C:\nvm4w\nodejs
USERNAME=dduc1
OS=Windows_NT
PROCESSOR_IDENTIFIER=AMD64 Family 25 Model 80 Stepping 0, AuthenticAMD
TMP=C:\Users\dduc1\AppData\Local\Temp
TEMP=C:\Users\dduc1\AppData\Local\Temp




Periodic native trim disabled

---------------  S Y S T E M  ---------------

OS:
 Windows 11 , 64 bit Build 26100 (10.0.26100.5074)
OS uptime: 4 days 2:54 hours
Hyper-V role detected

CPU: total 12 (initial active 12) (12 cores per cpu, 2 threads per core) family 25 model 80 stepping 0 microcode 0xa50000c, cx8, cmov, fxsr, ht, mmx, 3dnowpref, sse, sse2, sse3, ssse3, sse4a, sse4.1, sse4.2, popcnt, lzcnt, tsc, tscinvbit, avx, avx2, aes, erms, clmul, bmi1, bmi2, adx, sha, fma, vzeroupper, clflush, clflushopt, hv, rdtscp, rdpid, fsrm, f16c, cet_ss
Processor Information for processor 0
  Max Mhz: 3301, Current Mhz: 3301, Mhz Limit: 3301
Processor Information for processor 1
  Max Mhz: 3301, Current Mhz: 2011, Mhz Limit: 3301
Processor Information for processor 2
  Max Mhz: 3301, Current Mhz: 3301, Mhz Limit: 3301
Processor Information for processor 3
  Max Mhz: 3301, Current Mhz: 2011, Mhz Limit: 3301
Processor Information for processor 4
  Max Mhz: 3301, Current Mhz: 3301, Mhz Limit: 3301
Processor Information for processor 5
  Max Mhz: 3301, Current Mhz: 2011, Mhz Limit: 3301
Processor Information for processor 6
  Max Mhz: 3301, Current Mhz: 3301, Mhz Limit: 3301
Processor Information for processor 7
  Max Mhz: 3301, Current Mhz: 2011, Mhz Limit: 3301
Processor Information for processor 8
  Max Mhz: 3301, Current Mhz: 2011, Mhz Limit: 3301
Processor Information for processor 9
  Max Mhz: 3301, Current Mhz: 3301, Mhz Limit: 3301
Processor Information for processor 10
  Max Mhz: 3301, Current Mhz: 2011, Mhz Limit: 3301
Processor Information for processor 11
  Max Mhz: 3301, Current Mhz: 2011, Mhz Limit: 3301

Memory: 4k page, system-wide physical 15724M (783M free)
TotalPageFile size 46992M (AvailPageFile size 3M)
current process WorkingSet (physical memory assigned to process): 131M, peak: 160M
current process commit charge ("private bytes"): 429M, peak: 433M

vm_info: OpenJDK 64-Bit Server VM (21.0.8+9-LTS) for windows-amd64 JRE (21.0.8+9-LTS), built on 2025-07-10T20:22:44Z by "MicrosoftCorporation" with unknown MS VC++:1944

END.
