#
# There is insufficient memory for the Java Runtime Environment to continue.
# Native memory allocation (malloc) failed to allocate 1068160 bytes. Error detail: Chunk::new
# Possible reasons:
#   The system is out of physical RAM or swap space
#   This process is running with CompressedOops enabled, and the Java Heap may be blocking the growth of the native heap
# Possible solutions:
#   Reduce memory load on the system
#   Increase physical memory or swap space
#   Check if swap backing store is full
#   Decrease Java heap size (-Xmx/-Xms)
#   Decrease number of Java threads
#   Decrease Java thread stack sizes (-Xss)
#   Set larger code cache with -XX:ReservedCodeCacheSize=
#   JVM is running with Unscaled Compressed Oops mode in which the Java heap is
#     placed in the first 4GB address space. The Java Heap base address is the
#     maximum limit for the native heap growth. Please use -XX:HeapBaseMinAddress
#     to set the Java Heap base and to place the Java Heap above 4GB virtual address.
# This output file may be truncated or incomplete.
#
#  Out of Memory Error (arena.cpp:168), pid=34808, tid=36232
#
# JRE version: OpenJDK Runtime Environment Microsoft-11933218 (21.0.8+9) (build 21.0.8+9-LTS)
# Java VM: OpenJDK 64-Bit Server VM Microsoft-11933218 (21.0.8+9-LTS, mixed mode, sharing, tiered, compressed oops, compressed class ptrs, g1 gc, windows-amd64)
# No core dump will be written. Minidumps are not enabled by default on client versions of Windows
#

---------------  S U M M A R Y ------------

Command Line: --add-opens=java.base/java.lang=ALL-UNNAMED --add-opens=java.base/java.lang.invoke=ALL-UNNAMED --add-opens=java.base/java.util=ALL-UNNAMED --add-opens=java.prefs/java.util.prefs=ALL-UNNAMED --add-exports=jdk.compiler/com.sun.tools.javac.api=ALL-UNNAMED --add-exports=jdk.compiler/com.sun.tools.javac.util=ALL-UNNAMED --add-opens=java.base/java.util=ALL-UNNAMED --add-opens=java.prefs/java.util.prefs=ALL-UNNAMED --add-opens=java.base/java.nio.charset=ALL-UNNAMED --add-opens=java.base/java.net=ALL-UNNAMED --add-opens=java.base/java.util.concurrent.atomic=ALL-UNNAMED --add-opens=java.xml/javax.xml.namespace=ALL-UNNAMED -XX:MaxMetaspaceSize=384m -XX:+HeapDumpOnOutOfMemoryError -Xms256m -Xmx512m -Dfile.encoding=windows-1252 -Duser.country=US -Duser.language=en -Duser.variant -javaagent:C:\Users\dduc1\.gradle\wrapper\dists\gradle-8.14.3-bin\cv11ve7ro1n3o1j4so8xd9n66\gradle-8.14.3\lib\agents\gradle-instrumentation-agent-8.14.3.jar org.gradle.launcher.daemon.bootstrap.GradleDaemon 8.14.3

Host: AMD Ryzen 5 5600H with Radeon Graphics         , 12 cores, 15G,  Windows 11 , 64 bit Build 26100 (10.0.26100.5074)
Time: Mon Oct  6 10:27:19 2025 SE Asia Standard Time elapsed time: 247.525795 seconds (0d 0h 4m 7s)

---------------  T H R E A D  ---------------

Current thread (0x00000205833b5af0):  JavaThread "C2 CompilerThread0" daemon [_thread_in_native, id=36232, stack(0x000000fb66b00000,0x000000fb66c00000) (1024K)]


Current CompileTask:
C2:247525 7470 %     4       groovy.lang.MetaClassImpl::inheritInterfaceNewMetaMethods @ 100 (195 bytes)

Stack: [0x000000fb66b00000,0x000000fb66c00000]
Native frames: (J=compiled Java code, j=interpreted, Vv=VM code, C=native code)
V  [jvm.dll+0x6e1729]
V  [jvm.dll+0x8bf47b]
V  [jvm.dll+0x8c19aa]
V  [jvm.dll+0x8c2083]
V  [jvm.dll+0x289fd6]
V  [jvm.dll+0xc903d]
V  [jvm.dll+0xc958c]
V  [jvm.dll+0x3c771c]
V  [jvm.dll+0x393f22]
V  [jvm.dll+0x39337a]
V  [jvm.dll+0x251c60]
V  [jvm.dll+0x251283]
V  [jvm.dll+0x1d18bf]
V  [jvm.dll+0x260f4a]
V  [jvm.dll+0x25f2b5]
V  [jvm.dll+0x40151d]
V  [jvm.dll+0x86975d]
V  [jvm.dll+0x6dff2d]
C  [ucrtbase.dll+0x37b0]
C  [KERNEL32.DLL+0x2e8d7]
C  [ntdll.dll+0x8d9c]


---------------  P R O C E S S  ---------------

Threads class SMR info:
_java_thread_list=0x000002059d267660, length=77, elements={
0x00000205e5bd9e30, 0x00000205833984d0, 0x0000020583399020, 0x00000205833b0080,
0x00000205833b38d0, 0x00000205833b4320, 0x00000205833b4d70, 0x00000205833b5af0,
0x00000205833ba590, 0x000002058347b460, 0x000002058361dd00, 0x000002059dd756c0,
0x000002059dd275c0, 0x000002059d479fd0, 0x000002059df76e60, 0x000002059dfe6240,
0x0000020583557ae0, 0x000002059d1c1a70, 0x000002058345b700, 0x000002058345a9e0,
0x000002058345b070, 0x000002058345bd90, 0x0000020583458910, 0x0000020583458fa0,
0x0000020583459630, 0x000002058345a350, 0x00000205a0218650, 0x00000205a0218ce0,
0x00000205a0219a00, 0x00000205a0219370, 0x00000205a02172a0, 0x00000205a0216c10,
0x00000205a0216580, 0x00000205a021a720, 0x00000205a0217fc0, 0x00000205a021adb0,
0x00000205a0217930, 0x00000205a021b440, 0x00000205a021c160, 0x00000205a021c7f0,
0x00000205a021bad0, 0x00000205a021d510, 0x00000205a021ce80, 0x00000205a021dba0,
0x000002059ea9b330, 0x000002059ea9b9c0, 0x000002059ea9c050, 0x000002059ea9c6e0,
0x000002059ea9cd70, 0x000002059ea9d400, 0x000002059ea99f80, 0x000002059ea9da90,
0x000002059ea9a610, 0x000002059ea9e120, 0x000002059ea9aca0, 0x000002059ea9e7b0,
0x000002059eaa0880, 0x000002059ea9fb60, 0x000002059ea9ee40, 0x000002059ea9f4d0,
0x000002059eaa01f0, 0x000002059eaa0f10, 0x000002059eaa15a0, 0x000002059eb32bb0,
0x000002059eb2f730, 0x000002059eb30ae0, 0x000002059eb2fdc0, 0x000002059eb32520,
0x000002059eb338d0, 0x000002059eb30450, 0x000002059eb345f0, 0x000002059eb31170,
0x000002059eb31e90, 0x000002059eb33f60, 0x000002059eb33240, 0x00000205a0cb45b0,
0x00000205a0cb6e90
}

Java Threads: ( => current thread )
  0x00000205e5bd9e30 JavaThread "main"                              [_thread_blocked, id=34764, stack(0x000000fb65d00000,0x000000fb65e00000) (1024K)]
  0x00000205833984d0 JavaThread "Reference Handler"          daemon [_thread_blocked, id=36208, stack(0x000000fb66500000,0x000000fb66600000) (1024K)]
  0x0000020583399020 JavaThread "Finalizer"                  daemon [_thread_blocked, id=36212, stack(0x000000fb66600000,0x000000fb66700000) (1024K)]
  0x00000205833b0080 JavaThread "Signal Dispatcher"          daemon [_thread_blocked, id=36216, stack(0x000000fb66700000,0x000000fb66800000) (1024K)]
  0x00000205833b38d0 JavaThread "Attach Listener"            daemon [_thread_blocked, id=36220, stack(0x000000fb66800000,0x000000fb66900000) (1024K)]
  0x00000205833b4320 JavaThread "Service Thread"             daemon [_thread_blocked, id=36224, stack(0x000000fb66900000,0x000000fb66a00000) (1024K)]
  0x00000205833b4d70 JavaThread "Monitor Deflation Thread"   daemon [_thread_blocked, id=36228, stack(0x000000fb66a00000,0x000000fb66b00000) (1024K)]
=>0x00000205833b5af0 JavaThread "C2 CompilerThread0"         daemon [_thread_in_native, id=36232, stack(0x000000fb66b00000,0x000000fb66c00000) (1024K)]
  0x00000205833ba590 JavaThread "C1 CompilerThread0"         daemon [_thread_blocked, id=36236, stack(0x000000fb66c00000,0x000000fb66d00000) (1024K)]
  0x000002058347b460 JavaThread "Common-Cleaner"             daemon [_thread_blocked, id=36240, stack(0x000000fb66d00000,0x000000fb66e00000) (1024K)]
  0x000002058361dd00 JavaThread "Notification Thread"        daemon [_thread_blocked, id=36532, stack(0x000000fb66e00000,0x000000fb66f00000) (1024K)]
  0x000002059dd756c0 JavaThread "Daemon health stats"               [_thread_blocked, id=27132, stack(0x000000fb67000000,0x000000fb67100000) (1024K)]
  0x000002059dd275c0 JavaThread "Incoming local TCP Connector on port 49308"        [_thread_in_native, id=39216, stack(0x000000fb67600000,0x000000fb67700000) (1024K)]
  0x000002059d479fd0 JavaThread "Daemon periodic checks"            [_thread_blocked, id=39636, stack(0x000000fb66f00000,0x000000fb67000000) (1024K)]
  0x000002059df76e60 JavaThread "Daemon"                            [_thread_blocked, id=39668, stack(0x000000fb67800000,0x000000fb67900000) (1024K)]
  0x000002059dfe6240 JavaThread "Handler for socket connection from /127.0.0.1:49308 to /127.0.0.1:49315"        [_thread_in_native, id=37812, stack(0x000000fb67900000,0x000000fb67a00000) (1024K)]
  0x0000020583557ae0 JavaThread "Cancel handler"                    [_thread_blocked, id=15988, stack(0x000000fb67700000,0x000000fb67800000) (1024K)]
  0x000002059d1c1a70 JavaThread "Daemon worker"                     [_thread_in_Java, id=32984, stack(0x000000fb67a00000,0x000000fb67b00000) (1024K)]
  0x000002058345b700 JavaThread "Asynchronous log dispatcher for DefaultDaemonConnection: socket connection from /127.0.0.1:49308 to /127.0.0.1:49315"        [_thread_blocked, id=33480, stack(0x000000fb67c00000,0x000000fb67d00000) (1024K)]
  0x000002058345a9e0 JavaThread "Stdin handler"                     [_thread_blocked, id=36680, stack(0x000000fb67d00000,0x000000fb67e00000) (1024K)]
  0x000002058345b070 JavaThread "Daemon client event forwarder"        [_thread_blocked, id=39896, stack(0x000000fb67e00000,0x000000fb67f00000) (1024K)]
  0x000002058345bd90 JavaThread "Cache worker for journal cache (C:\Users\dduc1\.gradle\caches\journal-1)"        [_thread_blocked, id=40340, stack(0x000000fb67b00000,0x000000fb67c00000) (1024K)]
  0x0000020583458910 JavaThread "File lock request listener"        [_thread_in_native, id=40344, stack(0x000000fb67f00000,0x000000fb68000000) (1024K)]
  0x0000020583458fa0 JavaThread "Cache worker for file hash cache (C:\Users\dduc1\.gradle\caches\8.14.3\fileHashes)"        [_thread_blocked, id=40448, stack(0x000000fb68000000,0x000000fb68100000) (1024K)]
  0x0000020583459630 JavaThread "File lock release action executor"        [_thread_blocked, id=40488, stack(0x000000fb68100000,0x000000fb68200000) (1024K)]
  0x000002058345a350 JavaThread "Cache worker for file hash cache (E:\J2EE\Java_Microservice_BE\eureka-service\.gradle\8.14.3\fileHashes)"        [_thread_blocked, id=36716, stack(0x000000fb68800000,0x000000fb68900000) (1024K)]
  0x00000205a0218650 JavaThread "Cache worker for Build Output Cleanup Cache (E:\J2EE\Java_Microservice_BE\eureka-service\.gradle\buildOutputCleanup)"        [_thread_blocked, id=1704, stack(0x000000fb68900000,0x000000fb68a00000) (1024K)]
  0x00000205a0218ce0 JavaThread "File watcher server"        daemon [_thread_in_native, id=40176, stack(0x000000fb68700000,0x000000fb68800000) (1024K)]
  0x00000205a0219a00 JavaThread "File watcher consumer"      daemon [_thread_blocked, id=34284, stack(0x000000fb68a00000,0x000000fb68b00000) (1024K)]
  0x00000205a0219370 JavaThread "jar transforms"                    [_thread_blocked, id=16556, stack(0x000000fb65a00000,0x000000fb65b00000) (1024K)]
  0x00000205a02172a0 JavaThread "jar transforms Thread 2"           [_thread_blocked, id=32260, stack(0x000000fb65c00000,0x000000fb65d00000) (1024K)]
  0x00000205a0216c10 JavaThread "Cache worker for checksums cache (E:\J2EE\Java_Microservice_BE\eureka-service\.gradle\8.14.3\checksums)"        [_thread_blocked, id=36188, stack(0x000000fb68b00000,0x000000fb68c00000) (1024K)]
  0x00000205a0216580 JavaThread "Cache worker for file content cache (C:\Users\dduc1\.gradle\caches\8.14.3\fileContent)"        [_thread_blocked, id=37760, stack(0x000000fb68c00000,0x000000fb68d00000) (1024K)]
  0x00000205a021a720 JavaThread "jar transforms Thread 3"           [_thread_blocked, id=33296, stack(0x000000fb68d00000,0x000000fb68e00000) (1024K)]
  0x00000205a0217fc0 JavaThread "jar transforms Thread 4"           [_thread_blocked, id=11280, stack(0x000000fb68e00000,0x000000fb68f00000) (1024K)]
  0x00000205a021adb0 JavaThread "jar transforms Thread 5"           [_thread_blocked, id=42300, stack(0x000000fb68f00000,0x000000fb69000000) (1024K)]
  0x00000205a0217930 JavaThread "jar transforms Thread 6"           [_thread_blocked, id=39840, stack(0x000000fb69000000,0x000000fb69100000) (1024K)]
  0x00000205a021b440 JavaThread "Cache worker for cache directory md-supplier (C:\Users\dduc1\.gradle\caches\8.14.3\md-supplier)"        [_thread_blocked, id=31796, stack(0x000000fb69100000,0x000000fb69200000) (1024K)]
  0x00000205a021c160 JavaThread "Cache worker for cache directory md-rule (C:\Users\dduc1\.gradle\caches\8.14.3\md-rule)"        [_thread_blocked, id=41856, stack(0x000000fb69200000,0x000000fb69300000) (1024K)]
  0x00000205a021c7f0 JavaThread "jar transforms Thread 7"           [_thread_blocked, id=15772, stack(0x000000fb69300000,0x000000fb69400000) (1024K)]
  0x00000205a021bad0 JavaThread "Unconstrained build operations"        [_thread_blocked, id=10892, stack(0x000000fb69400000,0x000000fb69500000) (1024K)]
  0x00000205a021d510 JavaThread "Unconstrained build operations Thread 2"        [_thread_blocked, id=20148, stack(0x000000fb69500000,0x000000fb69600000) (1024K)]
  0x00000205a021ce80 JavaThread "Unconstrained build operations Thread 3"        [_thread_blocked, id=18424, stack(0x000000fb69600000,0x000000fb69700000) (1024K)]
  0x00000205a021dba0 JavaThread "Unconstrained build operations Thread 4"        [_thread_blocked, id=42080, stack(0x000000fb69700000,0x000000fb69800000) (1024K)]
  0x000002059ea9b330 JavaThread "Unconstrained build operations Thread 5"        [_thread_blocked, id=22084, stack(0x000000fb69800000,0x000000fb69900000) (1024K)]
  0x000002059ea9b9c0 JavaThread "Unconstrained build operations Thread 6"        [_thread_blocked, id=28028, stack(0x000000fb69900000,0x000000fb69a00000) (1024K)]
  0x000002059ea9c050 JavaThread "Unconstrained build operations Thread 7"        [_thread_blocked, id=12692, stack(0x000000fb69a00000,0x000000fb69b00000) (1024K)]
  0x000002059ea9c6e0 JavaThread "Unconstrained build operations Thread 8"        [_thread_blocked, id=34016, stack(0x000000fb69b00000,0x000000fb69c00000) (1024K)]
  0x000002059ea9cd70 JavaThread "Unconstrained build operations Thread 9"        [_thread_blocked, id=38412, stack(0x000000fb69c00000,0x000000fb69d00000) (1024K)]
  0x000002059ea9d400 JavaThread "Unconstrained build operations Thread 10"        [_thread_blocked, id=8372, stack(0x000000fb69d00000,0x000000fb69e00000) (1024K)]
  0x000002059ea99f80 JavaThread "Unconstrained build operations Thread 11"        [_thread_blocked, id=42068, stack(0x000000fb69e00000,0x000000fb69f00000) (1024K)]
  0x000002059ea9da90 JavaThread "Unconstrained build operations Thread 12"        [_thread_blocked, id=35340, stack(0x000000fb69f00000,0x000000fb6a000000) (1024K)]
  0x000002059ea9a610 JavaThread "Unconstrained build operations Thread 13"        [_thread_blocked, id=23104, stack(0x000000fb6a000000,0x000000fb6a100000) (1024K)]
  0x000002059ea9e120 JavaThread "Unconstrained build operations Thread 14"        [_thread_blocked, id=11676, stack(0x000000fb6a100000,0x000000fb6a200000) (1024K)]
  0x000002059ea9aca0 JavaThread "Unconstrained build operations Thread 15"        [_thread_blocked, id=41116, stack(0x000000fb6a200000,0x000000fb6a300000) (1024K)]
  0x000002059ea9e7b0 JavaThread "Unconstrained build operations Thread 16"        [_thread_blocked, id=20696, stack(0x000000fb6a300000,0x000000fb6a400000) (1024K)]
  0x000002059eaa0880 JavaThread "Unconstrained build operations Thread 17"        [_thread_blocked, id=34444, stack(0x000000fb6a400000,0x000000fb6a500000) (1024K)]
  0x000002059ea9fb60 JavaThread "Unconstrained build operations Thread 18"        [_thread_blocked, id=30540, stack(0x000000fb6a500000,0x000000fb6a600000) (1024K)]
  0x000002059ea9ee40 JavaThread "Unconstrained build operations Thread 19"        [_thread_blocked, id=32740, stack(0x000000fb6a600000,0x000000fb6a700000) (1024K)]
  0x000002059ea9f4d0 JavaThread "Unconstrained build operations Thread 20"        [_thread_blocked, id=10244, stack(0x000000fb6a700000,0x000000fb6a800000) (1024K)]
  0x000002059eaa01f0 JavaThread "Unconstrained build operations Thread 21"        [_thread_blocked, id=39336, stack(0x000000fb6a800000,0x000000fb6a900000) (1024K)]
  0x000002059eaa0f10 JavaThread "Unconstrained build operations Thread 22"        [_thread_blocked, id=18828, stack(0x000000fb6a900000,0x000000fb6aa00000) (1024K)]
  0x000002059eaa15a0 JavaThread "Unconstrained build operations Thread 23"        [_thread_blocked, id=40416, stack(0x000000fb6aa00000,0x000000fb6ab00000) (1024K)]
  0x000002059eb32bb0 JavaThread "Unconstrained build operations Thread 24"        [_thread_blocked, id=41184, stack(0x000000fb6ab00000,0x000000fb6ac00000) (1024K)]
  0x000002059eb2f730 JavaThread "Unconstrained build operations Thread 25"        [_thread_blocked, id=35044, stack(0x000000fb6ac00000,0x000000fb6ad00000) (1024K)]
  0x000002059eb30ae0 JavaThread "Unconstrained build operations Thread 26"        [_thread_blocked, id=34856, stack(0x000000fb6ad00000,0x000000fb6ae00000) (1024K)]
  0x000002059eb2fdc0 JavaThread "Unconstrained build operations Thread 27"        [_thread_blocked, id=37036, stack(0x000000fb6ae00000,0x000000fb6af00000) (1024K)]
  0x000002059eb32520 JavaThread "Unconstrained build operations Thread 28"        [_thread_blocked, id=14204, stack(0x000000fb6af00000,0x000000fb6b000000) (1024K)]
  0x000002059eb338d0 JavaThread "Unconstrained build operations Thread 29"        [_thread_blocked, id=20528, stack(0x000000fb6b000000,0x000000fb6b100000) (1024K)]
  0x000002059eb30450 JavaThread "Unconstrained build operations Thread 30"        [_thread_blocked, id=1836, stack(0x000000fb6b100000,0x000000fb6b200000) (1024K)]
  0x000002059eb345f0 JavaThread "Unconstrained build operations Thread 31"        [_thread_blocked, id=36616, stack(0x000000fb6b200000,0x000000fb6b300000) (1024K)]
  0x000002059eb31170 JavaThread "Unconstrained build operations Thread 32"        [_thread_blocked, id=33996, stack(0x000000fb6b300000,0x000000fb6b400000) (1024K)]
  0x000002059eb31e90 JavaThread "Unconstrained build operations Thread 33"        [_thread_blocked, id=23452, stack(0x000000fb6b400000,0x000000fb6b500000) (1024K)]
  0x000002059eb33f60 JavaThread "Memory manager"                    [_thread_blocked, id=40808, stack(0x000000fb6b500000,0x000000fb6b600000) (1024K)]
  0x000002059eb33240 JavaThread "jar transforms Thread 8"           [_thread_blocked, id=29252, stack(0x000000fb6b600000,0x000000fb6b700000) (1024K)]
  0x00000205a0cb45b0 JavaThread "C2 CompilerThread1"         daemon [_thread_in_native, id=42892, stack(0x000000fb6b700000,0x000000fb6b800000) (1024K)]
  0x00000205a0cb6e90 JavaThread "C2 CompilerThread2"         daemon [_thread_blocked, id=42896, stack(0x000000fb6b800000,0x000000fb6b900000) (1024K)]
Total: 77

Other Threads:
  0x000002058337b930 VMThread "VM Thread"                           [id=35864, stack(0x000000fb66400000,0x000000fb66500000) (1024K)]
  0x0000020583369910 WatcherThread "VM Periodic Task Thread"        [id=35848, stack(0x000000fb66300000,0x000000fb66400000) (1024K)]
  0x00000205e801c390 WorkerThread "GC Thread#0"                     [id=29376, stack(0x000000fb65e00000,0x000000fb65f00000) (1024K)]
  0x00000205836aa910 WorkerThread "GC Thread#1"                     [id=36328, stack(0x000000fb67100000,0x000000fb67200000) (1024K)]
  0x00000205836aacb0 WorkerThread "GC Thread#2"                     [id=36340, stack(0x000000fb67200000,0x000000fb67300000) (1024K)]
  0x00000205836ab050 WorkerThread "GC Thread#3"                     [id=35880, stack(0x000000fb67300000,0x000000fb67400000) (1024K)]
  0x00000205836ab3f0 WorkerThread "GC Thread#4"                     [id=36788, stack(0x000000fb67400000,0x000000fb67500000) (1024K)]
  0x00000205838a9d00 WorkerThread "GC Thread#5"                     [id=36780, stack(0x000000fb67500000,0x000000fb67600000) (1024K)]
  0x000002059ef0d830 WorkerThread "GC Thread#6"                     [id=38536, stack(0x000000fb65b00000,0x000000fb65c00000) (1024K)]
  0x000002059ea66300 WorkerThread "GC Thread#7"                     [id=33932, stack(0x000000fb68200000,0x000000fb68300000) (1024K)]
  0x000002059ea67520 WorkerThread "GC Thread#8"                     [id=38072, stack(0x000000fb68300000,0x000000fb68400000) (1024K)]
  0x000002059ea666a0 WorkerThread "GC Thread#9"                     [id=38068, stack(0x000000fb68400000,0x000000fb68500000) (1024K)]
  0x00000205e8021280 ConcurrentGCThread "G1 Main Marker"            [id=35640, stack(0x000000fb65f00000,0x000000fb66000000) (1024K)]
  0x00000205e8021c90 WorkerThread "G1 Conc#0"                       [id=23836, stack(0x000000fb66000000,0x000000fb66100000) (1024K)]
  0x000002059ea678c0 WorkerThread "G1 Conc#1"                       [id=21380, stack(0x000000fb68500000,0x000000fb68600000) (1024K)]
  0x000002059ea66a40 WorkerThread "G1 Conc#2"                       [id=39152, stack(0x000000fb68600000,0x000000fb68700000) (1024K)]
  0x00000205e80ae6f0 ConcurrentGCThread "G1 Refine#0"               [id=26744, stack(0x000000fb66100000,0x000000fb66200000) (1024K)]
  0x000002058323c490 ConcurrentGCThread "G1 Service"                [id=20720, stack(0x000000fb66200000,0x000000fb66300000) (1024K)]
Total: 18

Threads with active compile tasks:
C2 CompilerThread0  248882 7470 %     4       groovy.lang.MetaClassImpl::inheritInterfaceNewMetaMethods @ 100 (195 bytes)
C2 CompilerThread1  248882 7483 %     4       org.gradle.internal.instantiation.generator.AbstractClassGenerator::inspectType @ 107 (602 bytes)
Total: 2

VM state: not at safepoint (normal execution)

VM Mutex/Monitor currently owned by a thread: None

Heap address: 0x00000000e0000000, size: 512 MB, Compressed Oops mode: 32-bit

CDS archive(s) mapped at: [0x0000020584000000-0x0000020584c80000-0x0000020584c80000), size 13107200, SharedBaseAddress: 0x0000020584000000, ArchiveRelocationMode: 1.
Compressed class space mapped at: 0x0000020585000000-0x0000020599000000, reserved size: 335544320
Narrow klass base: 0x0000020584000000, Narrow klass shift: 0, Narrow klass range: 0x100000000

GC Precious Log:
 CardTable entry size: 512
 Card Set container configuration: InlinePtr #cards 5 size 8 Array Of Cards #cards 12 size 40 Howl #buckets 4 coarsen threshold 1843 Howl Bitmap #cards 512 size 80 coarsen threshold 460 Card regions per heap region 1 cards per card region 2048
 CPUs: 12 total, 12 available
 Memory: 15724M
 Large Page Support: Disabled
 NUMA Support: Disabled
 Compressed Oops: Enabled (32-bit)
 Heap Region Size: 1M
 Heap Min Capacity: 256M
 Heap Initial Capacity: 256M
 Heap Max Capacity: 512M
 Pre-touch: Disabled
 Parallel Workers: 10
 Concurrent Workers: 3
 Concurrent Refinement Workers: 10
 Periodic GC: Disabled

Heap:
 garbage-first heap   total 262144K, used 85942K [0x00000000e0000000, 0x0000000100000000)
  region size 1024K, 54 young (55296K), 10 survivors (10240K)
 Metaspace       used 55892K, committed 57792K, reserved 393216K
  class space    used 8148K, committed 9088K, reserved 327680K

Heap Regions: E=young(eden), S=young(survivor), O=old, HS=humongous(starts), HC=humongous(continues), CS=collection set, F=free, TAMS=top-at-mark-start, PB=parsable bottom
|   0|0x00000000e0000000, 0x00000000e0100000, 0x00000000e0100000|100%|HS|  |TAMS 0x00000000e0000000| PB 0x00000000e0000000| Complete 
|   1|0x00000000e0100000, 0x00000000e0200000, 0x00000000e0200000|100%|HC|  |TAMS 0x00000000e0100000| PB 0x00000000e0100000| Complete 
|   2|0x00000000e0200000, 0x00000000e0300000, 0x00000000e0300000|100%|HC|  |TAMS 0x00000000e0200000| PB 0x00000000e0200000| Complete 
|   3|0x00000000e0300000, 0x00000000e0400000, 0x00000000e0400000|100%| O|  |TAMS 0x00000000e0300000| PB 0x00000000e0300000| Untracked 
|   4|0x00000000e0400000, 0x00000000e0400000, 0x00000000e0500000|  0%| F|  |TAMS 0x00000000e0400000| PB 0x00000000e0400000| Untracked 
|   5|0x00000000e0500000, 0x00000000e0600000, 0x00000000e0600000|100%| O|  |TAMS 0x00000000e0500000| PB 0x00000000e0500000| Untracked 
|   6|0x00000000e0600000, 0x00000000e0700000, 0x00000000e0700000|100%|HS|  |TAMS 0x00000000e0600000| PB 0x00000000e0600000| Complete 
|   7|0x00000000e0700000, 0x00000000e0800000, 0x00000000e0800000|100%| O|  |TAMS 0x00000000e0700000| PB 0x00000000e0700000| Untracked 
|   8|0x00000000e0800000, 0x00000000e0900000, 0x00000000e0900000|100%| O|  |TAMS 0x00000000e0800000| PB 0x00000000e0800000| Untracked 
|   9|0x00000000e0900000, 0x00000000e0a00000, 0x00000000e0a00000|100%| O|  |TAMS 0x00000000e0900000| PB 0x00000000e0900000| Untracked 
|  10|0x00000000e0a00000, 0x00000000e0b00000, 0x00000000e0b00000|100%| O|  |TAMS 0x00000000e0a00000| PB 0x00000000e0a00000| Untracked 
|  11|0x00000000e0b00000, 0x00000000e0c00000, 0x00000000e0c00000|100%| O|  |TAMS 0x00000000e0b00000| PB 0x00000000e0b00000| Untracked 
|  12|0x00000000e0c00000, 0x00000000e0d00000, 0x00000000e0d00000|100%| O|  |TAMS 0x00000000e0c00000| PB 0x00000000e0c00000| Untracked 
|  13|0x00000000e0d00000, 0x00000000e0e00000, 0x00000000e0e00000|100%| O|  |TAMS 0x00000000e0d00000| PB 0x00000000e0d00000| Untracked 
|  14|0x00000000e0e00000, 0x00000000e0f00000, 0x00000000e0f00000|100%| O|  |TAMS 0x00000000e0e00000| PB 0x00000000e0e00000| Untracked 
|  15|0x00000000e0f00000, 0x00000000e1000000, 0x00000000e1000000|100%| O|  |TAMS 0x00000000e0f00000| PB 0x00000000e0f00000| Untracked 
|  16|0x00000000e1000000, 0x00000000e1100000, 0x00000000e1100000|100%| O|  |TAMS 0x00000000e1000000| PB 0x00000000e1000000| Untracked 
|  17|0x00000000e1100000, 0x00000000e1200000, 0x00000000e1200000|100%| O|  |TAMS 0x00000000e1100000| PB 0x00000000e1100000| Untracked 
|  18|0x00000000e1200000, 0x00000000e1300000, 0x00000000e1300000|100%| O|  |TAMS 0x00000000e1200000| PB 0x00000000e1200000| Untracked 
|  19|0x00000000e1300000, 0x00000000e1400000, 0x00000000e1400000|100%| O|  |TAMS 0x00000000e1300000| PB 0x00000000e1300000| Untracked 
|  20|0x00000000e1400000, 0x00000000e1500000, 0x00000000e1500000|100%| O|  |TAMS 0x00000000e1400000| PB 0x00000000e1400000| Untracked 
|  21|0x00000000e1500000, 0x00000000e1600000, 0x00000000e1600000|100%| O|  |TAMS 0x00000000e1500000| PB 0x00000000e1500000| Untracked 
|  22|0x00000000e1600000, 0x00000000e1700000, 0x00000000e1700000|100%| O|  |TAMS 0x00000000e1600000| PB 0x00000000e1600000| Untracked 
|  23|0x00000000e1700000, 0x00000000e1800000, 0x00000000e1800000|100%| O|  |TAMS 0x00000000e1700000| PB 0x00000000e1700000| Untracked 
|  24|0x00000000e1800000, 0x00000000e1900000, 0x00000000e1900000|100%| O|  |TAMS 0x00000000e1800000| PB 0x00000000e1800000| Untracked 
|  25|0x00000000e1900000, 0x00000000e1a00000, 0x00000000e1a00000|100%| O|  |TAMS 0x00000000e1900000| PB 0x00000000e1900000| Untracked 
|  26|0x00000000e1a00000, 0x00000000e1b00000, 0x00000000e1b00000|100%| O|  |TAMS 0x00000000e1a00000| PB 0x00000000e1a00000| Untracked 
|  27|0x00000000e1b00000, 0x00000000e1c00000, 0x00000000e1c00000|100%| O|  |TAMS 0x00000000e1b00000| PB 0x00000000e1b00000| Untracked 
|  28|0x00000000e1c00000, 0x00000000e1d00000, 0x00000000e1d00000|100%| O|  |TAMS 0x00000000e1c00000| PB 0x00000000e1c00000| Untracked 
|  29|0x00000000e1d00000, 0x00000000e1e00000, 0x00000000e1e00000|100%| O|  |TAMS 0x00000000e1d00000| PB 0x00000000e1d00000| Untracked 
|  30|0x00000000e1e00000, 0x00000000e1f00000, 0x00000000e1f00000|100%| O|Cm|TAMS 0x00000000e1e00000| PB 0x00000000e1e00000| Complete 
|  31|0x00000000e1f00000, 0x00000000e1ff4d60, 0x00000000e2000000| 95%| O|  |TAMS 0x00000000e1f00000| PB 0x00000000e1f00000| Untracked 
|  32|0x00000000e2000000, 0x00000000e2000000, 0x00000000e2100000|  0%| F|  |TAMS 0x00000000e2000000| PB 0x00000000e2000000| Untracked 
|  33|0x00000000e2100000, 0x00000000e2100000, 0x00000000e2200000|  0%| F|  |TAMS 0x00000000e2100000| PB 0x00000000e2100000| Untracked 
|  34|0x00000000e2200000, 0x00000000e2200000, 0x00000000e2300000|  0%| F|  |TAMS 0x00000000e2200000| PB 0x00000000e2200000| Untracked 
|  35|0x00000000e2300000, 0x00000000e2300000, 0x00000000e2400000|  0%| F|  |TAMS 0x00000000e2300000| PB 0x00000000e2300000| Untracked 
|  36|0x00000000e2400000, 0x00000000e2400000, 0x00000000e2500000|  0%| F|  |TAMS 0x00000000e2400000| PB 0x00000000e2400000| Untracked 
|  37|0x00000000e2500000, 0x00000000e2500000, 0x00000000e2600000|  0%| F|  |TAMS 0x00000000e2500000| PB 0x00000000e2500000| Untracked 
|  38|0x00000000e2600000, 0x00000000e2600000, 0x00000000e2700000|  0%| F|  |TAMS 0x00000000e2600000| PB 0x00000000e2600000| Untracked 
|  39|0x00000000e2700000, 0x00000000e2700000, 0x00000000e2800000|  0%| F|  |TAMS 0x00000000e2700000| PB 0x00000000e2700000| Untracked 
|  40|0x00000000e2800000, 0x00000000e2800000, 0x00000000e2900000|  0%| F|  |TAMS 0x00000000e2800000| PB 0x00000000e2800000| Untracked 
|  41|0x00000000e2900000, 0x00000000e2900000, 0x00000000e2a00000|  0%| F|  |TAMS 0x00000000e2900000| PB 0x00000000e2900000| Untracked 
|  42|0x00000000e2a00000, 0x00000000e2a00000, 0x00000000e2b00000|  0%| F|  |TAMS 0x00000000e2a00000| PB 0x00000000e2a00000| Untracked 
|  43|0x00000000e2b00000, 0x00000000e2b00000, 0x00000000e2c00000|  0%| F|  |TAMS 0x00000000e2b00000| PB 0x00000000e2b00000| Untracked 
|  44|0x00000000e2c00000, 0x00000000e2c00000, 0x00000000e2d00000|  0%| F|  |TAMS 0x00000000e2c00000| PB 0x00000000e2c00000| Untracked 
|  45|0x00000000e2d00000, 0x00000000e2d00000, 0x00000000e2e00000|  0%| F|  |TAMS 0x00000000e2d00000| PB 0x00000000e2d00000| Untracked 
|  46|0x00000000e2e00000, 0x00000000e2e00000, 0x00000000e2f00000|  0%| F|  |TAMS 0x00000000e2e00000| PB 0x00000000e2e00000| Untracked 
|  47|0x00000000e2f00000, 0x00000000e2f00000, 0x00000000e3000000|  0%| F|  |TAMS 0x00000000e2f00000| PB 0x00000000e2f00000| Untracked 
|  48|0x00000000e3000000, 0x00000000e3000000, 0x00000000e3100000|  0%| F|  |TAMS 0x00000000e3000000| PB 0x00000000e3000000| Untracked 
|  49|0x00000000e3100000, 0x00000000e3100000, 0x00000000e3200000|  0%| F|  |TAMS 0x00000000e3100000| PB 0x00000000e3100000| Untracked 
|  50|0x00000000e3200000, 0x00000000e3200000, 0x00000000e3300000|  0%| F|  |TAMS 0x00000000e3200000| PB 0x00000000e3200000| Untracked 
|  51|0x00000000e3300000, 0x00000000e3300000, 0x00000000e3400000|  0%| F|  |TAMS 0x00000000e3300000| PB 0x00000000e3300000| Untracked 
|  52|0x00000000e3400000, 0x00000000e3400000, 0x00000000e3500000|  0%| F|  |TAMS 0x00000000e3400000| PB 0x00000000e3400000| Untracked 
|  53|0x00000000e3500000, 0x00000000e3500000, 0x00000000e3600000|  0%| F|  |TAMS 0x00000000e3500000| PB 0x00000000e3500000| Untracked 
|  54|0x00000000e3600000, 0x00000000e3600000, 0x00000000e3700000|  0%| F|  |TAMS 0x00000000e3600000| PB 0x00000000e3600000| Untracked 
|  55|0x00000000e3700000, 0x00000000e3700000, 0x00000000e3800000|  0%| F|  |TAMS 0x00000000e3700000| PB 0x00000000e3700000| Untracked 
|  56|0x00000000e3800000, 0x00000000e3800000, 0x00000000e3900000|  0%| F|  |TAMS 0x00000000e3800000| PB 0x00000000e3800000| Untracked 
|  57|0x00000000e3900000, 0x00000000e3900000, 0x00000000e3a00000|  0%| F|  |TAMS 0x00000000e3900000| PB 0x00000000e3900000| Untracked 
|  58|0x00000000e3a00000, 0x00000000e3a00000, 0x00000000e3b00000|  0%| F|  |TAMS 0x00000000e3a00000| PB 0x00000000e3a00000| Untracked 
|  59|0x00000000e3b00000, 0x00000000e3b00000, 0x00000000e3c00000|  0%| F|  |TAMS 0x00000000e3b00000| PB 0x00000000e3b00000| Untracked 
|  60|0x00000000e3c00000, 0x00000000e3c00000, 0x00000000e3d00000|  0%| F|  |TAMS 0x00000000e3c00000| PB 0x00000000e3c00000| Untracked 
|  61|0x00000000e3d00000, 0x00000000e3d00000, 0x00000000e3e00000|  0%| F|  |TAMS 0x00000000e3d00000| PB 0x00000000e3d00000| Untracked 
|  62|0x00000000e3e00000, 0x00000000e3e00000, 0x00000000e3f00000|  0%| F|  |TAMS 0x00000000e3e00000| PB 0x00000000e3e00000| Untracked 
|  63|0x00000000e3f00000, 0x00000000e3f00000, 0x00000000e4000000|  0%| F|  |TAMS 0x00000000e3f00000| PB 0x00000000e3f00000| Untracked 
|  64|0x00000000e4000000, 0x00000000e4000000, 0x00000000e4100000|  0%| F|  |TAMS 0x00000000e4000000| PB 0x00000000e4000000| Untracked 
|  65|0x00000000e4100000, 0x00000000e4100000, 0x00000000e4200000|  0%| F|  |TAMS 0x00000000e4100000| PB 0x00000000e4100000| Untracked 
|  66|0x00000000e4200000, 0x00000000e4200000, 0x00000000e4300000|  0%| F|  |TAMS 0x00000000e4200000| PB 0x00000000e4200000| Untracked 
|  67|0x00000000e4300000, 0x00000000e4300000, 0x00000000e4400000|  0%| F|  |TAMS 0x00000000e4300000| PB 0x00000000e4300000| Untracked 
|  68|0x00000000e4400000, 0x00000000e4400000, 0x00000000e4500000|  0%| F|  |TAMS 0x00000000e4400000| PB 0x00000000e4400000| Untracked 
|  69|0x00000000e4500000, 0x00000000e4500000, 0x00000000e4600000|  0%| F|  |TAMS 0x00000000e4500000| PB 0x00000000e4500000| Untracked 
|  70|0x00000000e4600000, 0x00000000e4600000, 0x00000000e4700000|  0%| F|  |TAMS 0x00000000e4600000| PB 0x00000000e4600000| Untracked 
|  71|0x00000000e4700000, 0x00000000e4700000, 0x00000000e4800000|  0%| F|  |TAMS 0x00000000e4700000| PB 0x00000000e4700000| Untracked 
|  72|0x00000000e4800000, 0x00000000e4800000, 0x00000000e4900000|  0%| F|  |TAMS 0x00000000e4800000| PB 0x00000000e4800000| Untracked 
|  73|0x00000000e4900000, 0x00000000e4900000, 0x00000000e4a00000|  0%| F|  |TAMS 0x00000000e4900000| PB 0x00000000e4900000| Untracked 
|  74|0x00000000e4a00000, 0x00000000e4a00000, 0x00000000e4b00000|  0%| F|  |TAMS 0x00000000e4a00000| PB 0x00000000e4a00000| Untracked 
|  75|0x00000000e4b00000, 0x00000000e4b00000, 0x00000000e4c00000|  0%| F|  |TAMS 0x00000000e4b00000| PB 0x00000000e4b00000| Untracked 
|  76|0x00000000e4c00000, 0x00000000e4c00000, 0x00000000e4d00000|  0%| F|  |TAMS 0x00000000e4c00000| PB 0x00000000e4c00000| Untracked 
|  77|0x00000000e4d00000, 0x00000000e4d00000, 0x00000000e4e00000|  0%| F|  |TAMS 0x00000000e4d00000| PB 0x00000000e4d00000| Untracked 
|  78|0x00000000e4e00000, 0x00000000e4e00000, 0x00000000e4f00000|  0%| F|  |TAMS 0x00000000e4e00000| PB 0x00000000e4e00000| Untracked 
|  79|0x00000000e4f00000, 0x00000000e4f00000, 0x00000000e5000000|  0%| F|  |TAMS 0x00000000e4f00000| PB 0x00000000e4f00000| Untracked 
|  80|0x00000000e5000000, 0x00000000e5000000, 0x00000000e5100000|  0%| F|  |TAMS 0x00000000e5000000| PB 0x00000000e5000000| Untracked 
|  81|0x00000000e5100000, 0x00000000e5100000, 0x00000000e5200000|  0%| F|  |TAMS 0x00000000e5100000| PB 0x00000000e5100000| Untracked 
|  82|0x00000000e5200000, 0x00000000e5200000, 0x00000000e5300000|  0%| F|  |TAMS 0x00000000e5200000| PB 0x00000000e5200000| Untracked 
|  83|0x00000000e5300000, 0x00000000e5300000, 0x00000000e5400000|  0%| F|  |TAMS 0x00000000e5300000| PB 0x00000000e5300000| Untracked 
|  84|0x00000000e5400000, 0x00000000e5400000, 0x00000000e5500000|  0%| F|  |TAMS 0x00000000e5400000| PB 0x00000000e5400000| Untracked 
|  85|0x00000000e5500000, 0x00000000e5500000, 0x00000000e5600000|  0%| F|  |TAMS 0x00000000e5500000| PB 0x00000000e5500000| Untracked 
|  86|0x00000000e5600000, 0x00000000e5600000, 0x00000000e5700000|  0%| F|  |TAMS 0x00000000e5600000| PB 0x00000000e5600000| Untracked 
|  87|0x00000000e5700000, 0x00000000e5700000, 0x00000000e5800000|  0%| F|  |TAMS 0x00000000e5700000| PB 0x00000000e5700000| Untracked 
|  88|0x00000000e5800000, 0x00000000e5800000, 0x00000000e5900000|  0%| F|  |TAMS 0x00000000e5800000| PB 0x00000000e5800000| Untracked 
|  89|0x00000000e5900000, 0x00000000e5900000, 0x00000000e5a00000|  0%| F|  |TAMS 0x00000000e5900000| PB 0x00000000e5900000| Untracked 
|  90|0x00000000e5a00000, 0x00000000e5a00000, 0x00000000e5b00000|  0%| F|  |TAMS 0x00000000e5a00000| PB 0x00000000e5a00000| Untracked 
|  91|0x00000000e5b00000, 0x00000000e5b00000, 0x00000000e5c00000|  0%| F|  |TAMS 0x00000000e5b00000| PB 0x00000000e5b00000| Untracked 
|  92|0x00000000e5c00000, 0x00000000e5c00000, 0x00000000e5d00000|  0%| F|  |TAMS 0x00000000e5c00000| PB 0x00000000e5c00000| Untracked 
|  93|0x00000000e5d00000, 0x00000000e5df8b20, 0x00000000e5e00000| 97%| S|CS|TAMS 0x00000000e5d00000| PB 0x00000000e5d00000| Complete 
|  94|0x00000000e5e00000, 0x00000000e5f00000, 0x00000000e5f00000|100%| S|CS|TAMS 0x00000000e5e00000| PB 0x00000000e5e00000| Complete 
|  95|0x00000000e5f00000, 0x00000000e6000000, 0x00000000e6000000|100%| S|CS|TAMS 0x00000000e5f00000| PB 0x00000000e5f00000| Complete 
|  96|0x00000000e6000000, 0x00000000e6100000, 0x00000000e6100000|100%| S|CS|TAMS 0x00000000e6000000| PB 0x00000000e6000000| Complete 
|  97|0x00000000e6100000, 0x00000000e6200000, 0x00000000e6200000|100%| S|CS|TAMS 0x00000000e6100000| PB 0x00000000e6100000| Complete 
|  98|0x00000000e6200000, 0x00000000e6300000, 0x00000000e6300000|100%| S|CS|TAMS 0x00000000e6200000| PB 0x00000000e6200000| Complete 
|  99|0x00000000e6300000, 0x00000000e6400000, 0x00000000e6400000|100%| S|CS|TAMS 0x00000000e6300000| PB 0x00000000e6300000| Complete 
| 100|0x00000000e6400000, 0x00000000e6500000, 0x00000000e6500000|100%| S|CS|TAMS 0x00000000e6400000| PB 0x00000000e6400000| Complete 
| 101|0x00000000e6500000, 0x00000000e6600000, 0x00000000e6600000|100%| S|CS|TAMS 0x00000000e6500000| PB 0x00000000e6500000| Complete 
| 102|0x00000000e6600000, 0x00000000e6700000, 0x00000000e6700000|100%| S|CS|TAMS 0x00000000e6600000| PB 0x00000000e6600000| Complete 
| 103|0x00000000e6700000, 0x00000000e6700000, 0x00000000e6800000|  0%| F|  |TAMS 0x00000000e6700000| PB 0x00000000e6700000| Untracked 
| 104|0x00000000e6800000, 0x00000000e6800000, 0x00000000e6900000|  0%| F|  |TAMS 0x00000000e6800000| PB 0x00000000e6800000| Untracked 
| 105|0x00000000e6900000, 0x00000000e6900000, 0x00000000e6a00000|  0%| F|  |TAMS 0x00000000e6900000| PB 0x00000000e6900000| Untracked 
| 106|0x00000000e6a00000, 0x00000000e6a00000, 0x00000000e6b00000|  0%| F|  |TAMS 0x00000000e6a00000| PB 0x00000000e6a00000| Untracked 
| 107|0x00000000e6b00000, 0x00000000e6b00000, 0x00000000e6c00000|  0%| F|  |TAMS 0x00000000e6b00000| PB 0x00000000e6b00000| Untracked 
| 108|0x00000000e6c00000, 0x00000000e6c00000, 0x00000000e6d00000|  0%| F|  |TAMS 0x00000000e6c00000| PB 0x00000000e6c00000| Untracked 
| 109|0x00000000e6d00000, 0x00000000e6d00000, 0x00000000e6e00000|  0%| F|  |TAMS 0x00000000e6d00000| PB 0x00000000e6d00000| Untracked 
| 110|0x00000000e6e00000, 0x00000000e6e00000, 0x00000000e6f00000|  0%| F|  |TAMS 0x00000000e6e00000| PB 0x00000000e6e00000| Untracked 
| 111|0x00000000e6f00000, 0x00000000e6f00000, 0x00000000e7000000|  0%| F|  |TAMS 0x00000000e6f00000| PB 0x00000000e6f00000| Untracked 
| 112|0x00000000e7000000, 0x00000000e7000000, 0x00000000e7100000|  0%| F|  |TAMS 0x00000000e7000000| PB 0x00000000e7000000| Untracked 
| 113|0x00000000e7100000, 0x00000000e7100000, 0x00000000e7200000|  0%| F|  |TAMS 0x00000000e7100000| PB 0x00000000e7100000| Untracked 
| 114|0x00000000e7200000, 0x00000000e7200000, 0x00000000e7300000|  0%| F|  |TAMS 0x00000000e7200000| PB 0x00000000e7200000| Untracked 
| 115|0x00000000e7300000, 0x00000000e7300000, 0x00000000e7400000|  0%| F|  |TAMS 0x00000000e7300000| PB 0x00000000e7300000| Untracked 
| 116|0x00000000e7400000, 0x00000000e7400000, 0x00000000e7500000|  0%| F|  |TAMS 0x00000000e7400000| PB 0x00000000e7400000| Untracked 
| 117|0x00000000e7500000, 0x00000000e7500000, 0x00000000e7600000|  0%| F|  |TAMS 0x00000000e7500000| PB 0x00000000e7500000| Untracked 
| 118|0x00000000e7600000, 0x00000000e7600000, 0x00000000e7700000|  0%| F|  |TAMS 0x00000000e7600000| PB 0x00000000e7600000| Untracked 
| 119|0x00000000e7700000, 0x00000000e7700000, 0x00000000e7800000|  0%| F|  |TAMS 0x00000000e7700000| PB 0x00000000e7700000| Untracked 
| 120|0x00000000e7800000, 0x00000000e7800000, 0x00000000e7900000|  0%| F|  |TAMS 0x00000000e7800000| PB 0x00000000e7800000| Untracked 
| 121|0x00000000e7900000, 0x00000000e7900000, 0x00000000e7a00000|  0%| F|  |TAMS 0x00000000e7900000| PB 0x00000000e7900000| Untracked 
| 122|0x00000000e7a00000, 0x00000000e7a00000, 0x00000000e7b00000|  0%| F|  |TAMS 0x00000000e7a00000| PB 0x00000000e7a00000| Untracked 
| 123|0x00000000e7b00000, 0x00000000e7b00000, 0x00000000e7c00000|  0%| F|  |TAMS 0x00000000e7b00000| PB 0x00000000e7b00000| Untracked 
| 124|0x00000000e7c00000, 0x00000000e7c00000, 0x00000000e7d00000|  0%| F|  |TAMS 0x00000000e7c00000| PB 0x00000000e7c00000| Untracked 
| 125|0x00000000e7d00000, 0x00000000e7d00000, 0x00000000e7e00000|  0%| F|  |TAMS 0x00000000e7d00000| PB 0x00000000e7d00000| Untracked 
| 126|0x00000000e7e00000, 0x00000000e7e00000, 0x00000000e7f00000|  0%| F|  |TAMS 0x00000000e7e00000| PB 0x00000000e7e00000| Untracked 
| 127|0x00000000e7f00000, 0x00000000e7f00000, 0x00000000e8000000|  0%| F|  |TAMS 0x00000000e7f00000| PB 0x00000000e7f00000| Untracked 
| 128|0x00000000e8000000, 0x00000000e8000000, 0x00000000e8100000|  0%| F|  |TAMS 0x00000000e8000000| PB 0x00000000e8000000| Untracked 
| 129|0x00000000e8100000, 0x00000000e8100000, 0x00000000e8200000|  0%| F|  |TAMS 0x00000000e8100000| PB 0x00000000e8100000| Untracked 
| 130|0x00000000e8200000, 0x00000000e8200000, 0x00000000e8300000|  0%| F|  |TAMS 0x00000000e8200000| PB 0x00000000e8200000| Untracked 
| 131|0x00000000e8300000, 0x00000000e8300000, 0x00000000e8400000|  0%| F|  |TAMS 0x00000000e8300000| PB 0x00000000e8300000| Untracked 
| 132|0x00000000e8400000, 0x00000000e8400000, 0x00000000e8500000|  0%| F|  |TAMS 0x00000000e8400000| PB 0x00000000e8400000| Untracked 
| 133|0x00000000e8500000, 0x00000000e8500000, 0x00000000e8600000|  0%| F|  |TAMS 0x00000000e8500000| PB 0x00000000e8500000| Untracked 
| 134|0x00000000e8600000, 0x00000000e8600000, 0x00000000e8700000|  0%| F|  |TAMS 0x00000000e8600000| PB 0x00000000e8600000| Untracked 
| 135|0x00000000e8700000, 0x00000000e8700000, 0x00000000e8800000|  0%| F|  |TAMS 0x00000000e8700000| PB 0x00000000e8700000| Untracked 
| 136|0x00000000e8800000, 0x00000000e8800000, 0x00000000e8900000|  0%| F|  |TAMS 0x00000000e8800000| PB 0x00000000e8800000| Untracked 
| 137|0x00000000e8900000, 0x00000000e8900000, 0x00000000e8a00000|  0%| F|  |TAMS 0x00000000e8900000| PB 0x00000000e8900000| Untracked 
| 138|0x00000000e8a00000, 0x00000000e8a00000, 0x00000000e8b00000|  0%| F|  |TAMS 0x00000000e8a00000| PB 0x00000000e8a00000| Untracked 
| 139|0x00000000e8b00000, 0x00000000e8b00000, 0x00000000e8c00000|  0%| F|  |TAMS 0x00000000e8b00000| PB 0x00000000e8b00000| Untracked 
| 140|0x00000000e8c00000, 0x00000000e8c00000, 0x00000000e8d00000|  0%| F|  |TAMS 0x00000000e8c00000| PB 0x00000000e8c00000| Untracked 
| 141|0x00000000e8d00000, 0x00000000e8d00000, 0x00000000e8e00000|  0%| F|  |TAMS 0x00000000e8d00000| PB 0x00000000e8d00000| Untracked 
| 142|0x00000000e8e00000, 0x00000000e8e00000, 0x00000000e8f00000|  0%| F|  |TAMS 0x00000000e8e00000| PB 0x00000000e8e00000| Untracked 
| 143|0x00000000e8f00000, 0x00000000e8f00000, 0x00000000e9000000|  0%| F|  |TAMS 0x00000000e8f00000| PB 0x00000000e8f00000| Untracked 
| 144|0x00000000e9000000, 0x00000000e9000000, 0x00000000e9100000|  0%| F|  |TAMS 0x00000000e9000000| PB 0x00000000e9000000| Untracked 
| 145|0x00000000e9100000, 0x00000000e9100000, 0x00000000e9200000|  0%| F|  |TAMS 0x00000000e9100000| PB 0x00000000e9100000| Untracked 
| 146|0x00000000e9200000, 0x00000000e9200000, 0x00000000e9300000|  0%| F|  |TAMS 0x00000000e9200000| PB 0x00000000e9200000| Untracked 
| 147|0x00000000e9300000, 0x00000000e9300000, 0x00000000e9400000|  0%| F|  |TAMS 0x00000000e9300000| PB 0x00000000e9300000| Untracked 
| 148|0x00000000e9400000, 0x00000000e9400000, 0x00000000e9500000|  0%| F|  |TAMS 0x00000000e9400000| PB 0x00000000e9400000| Untracked 
| 149|0x00000000e9500000, 0x00000000e9500000, 0x00000000e9600000|  0%| F|  |TAMS 0x00000000e9500000| PB 0x00000000e9500000| Untracked 
| 150|0x00000000e9600000, 0x00000000e9600000, 0x00000000e9700000|  0%| F|  |TAMS 0x00000000e9600000| PB 0x00000000e9600000| Untracked 
| 151|0x00000000e9700000, 0x00000000e9700000, 0x00000000e9800000|  0%| F|  |TAMS 0x00000000e9700000| PB 0x00000000e9700000| Untracked 
| 152|0x00000000e9800000, 0x00000000e9800000, 0x00000000e9900000|  0%| F|  |TAMS 0x00000000e9800000| PB 0x00000000e9800000| Untracked 
| 153|0x00000000e9900000, 0x00000000e9900000, 0x00000000e9a00000|  0%| F|  |TAMS 0x00000000e9900000| PB 0x00000000e9900000| Untracked 
| 154|0x00000000e9a00000, 0x00000000e9a00000, 0x00000000e9b00000|  0%| F|  |TAMS 0x00000000e9a00000| PB 0x00000000e9a00000| Untracked 
| 155|0x00000000e9b00000, 0x00000000e9b00000, 0x00000000e9c00000|  0%| F|  |TAMS 0x00000000e9b00000| PB 0x00000000e9b00000| Untracked 
| 156|0x00000000e9c00000, 0x00000000e9c00000, 0x00000000e9d00000|  0%| F|  |TAMS 0x00000000e9c00000| PB 0x00000000e9c00000| Untracked 
| 157|0x00000000e9d00000, 0x00000000e9d00000, 0x00000000e9e00000|  0%| F|  |TAMS 0x00000000e9d00000| PB 0x00000000e9d00000| Untracked 
| 158|0x00000000e9e00000, 0x00000000e9e00000, 0x00000000e9f00000|  0%| F|  |TAMS 0x00000000e9e00000| PB 0x00000000e9e00000| Untracked 
| 159|0x00000000e9f00000, 0x00000000e9f00000, 0x00000000ea000000|  0%| F|  |TAMS 0x00000000e9f00000| PB 0x00000000e9f00000| Untracked 
| 160|0x00000000ea000000, 0x00000000ea000000, 0x00000000ea100000|  0%| F|  |TAMS 0x00000000ea000000| PB 0x00000000ea000000| Untracked 
| 161|0x00000000ea100000, 0x00000000ea100000, 0x00000000ea200000|  0%| F|  |TAMS 0x00000000ea100000| PB 0x00000000ea100000| Untracked 
| 162|0x00000000ea200000, 0x00000000ea200000, 0x00000000ea300000|  0%| F|  |TAMS 0x00000000ea200000| PB 0x00000000ea200000| Untracked 
| 163|0x00000000ea300000, 0x00000000ea300000, 0x00000000ea400000|  0%| F|  |TAMS 0x00000000ea300000| PB 0x00000000ea300000| Untracked 
| 164|0x00000000ea400000, 0x00000000ea400000, 0x00000000ea500000|  0%| F|  |TAMS 0x00000000ea400000| PB 0x00000000ea400000| Untracked 
| 165|0x00000000ea500000, 0x00000000ea500000, 0x00000000ea600000|  0%| F|  |TAMS 0x00000000ea500000| PB 0x00000000ea500000| Untracked 
| 166|0x00000000ea600000, 0x00000000ea600000, 0x00000000ea700000|  0%| F|  |TAMS 0x00000000ea600000| PB 0x00000000ea600000| Untracked 
| 167|0x00000000ea700000, 0x00000000ea700000, 0x00000000ea800000|  0%| F|  |TAMS 0x00000000ea700000| PB 0x00000000ea700000| Untracked 
| 168|0x00000000ea800000, 0x00000000ea800000, 0x00000000ea900000|  0%| F|  |TAMS 0x00000000ea800000| PB 0x00000000ea800000| Untracked 
| 169|0x00000000ea900000, 0x00000000ea900000, 0x00000000eaa00000|  0%| F|  |TAMS 0x00000000ea900000| PB 0x00000000ea900000| Untracked 
| 170|0x00000000eaa00000, 0x00000000eaa00000, 0x00000000eab00000|  0%| F|  |TAMS 0x00000000eaa00000| PB 0x00000000eaa00000| Untracked 
| 171|0x00000000eab00000, 0x00000000eab00000, 0x00000000eac00000|  0%| F|  |TAMS 0x00000000eab00000| PB 0x00000000eab00000| Untracked 
| 172|0x00000000eac00000, 0x00000000eac00000, 0x00000000ead00000|  0%| F|  |TAMS 0x00000000eac00000| PB 0x00000000eac00000| Untracked 
| 173|0x00000000ead00000, 0x00000000ead00000, 0x00000000eae00000|  0%| F|  |TAMS 0x00000000ead00000| PB 0x00000000ead00000| Untracked 
| 174|0x00000000eae00000, 0x00000000eae00000, 0x00000000eaf00000|  0%| F|  |TAMS 0x00000000eae00000| PB 0x00000000eae00000| Untracked 
| 175|0x00000000eaf00000, 0x00000000eaf00000, 0x00000000eb000000|  0%| F|  |TAMS 0x00000000eaf00000| PB 0x00000000eaf00000| Untracked 
| 176|0x00000000eb000000, 0x00000000eb000000, 0x00000000eb100000|  0%| F|  |TAMS 0x00000000eb000000| PB 0x00000000eb000000| Untracked 
| 177|0x00000000eb100000, 0x00000000eb100000, 0x00000000eb200000|  0%| F|  |TAMS 0x00000000eb100000| PB 0x00000000eb100000| Untracked 
| 178|0x00000000eb200000, 0x00000000eb200000, 0x00000000eb300000|  0%| F|  |TAMS 0x00000000eb200000| PB 0x00000000eb200000| Untracked 
| 179|0x00000000eb300000, 0x00000000eb300000, 0x00000000eb400000|  0%| F|  |TAMS 0x00000000eb300000| PB 0x00000000eb300000| Untracked 
| 180|0x00000000eb400000, 0x00000000eb400000, 0x00000000eb500000|  0%| F|  |TAMS 0x00000000eb400000| PB 0x00000000eb400000| Untracked 
| 181|0x00000000eb500000, 0x00000000eb500000, 0x00000000eb600000|  0%| F|  |TAMS 0x00000000eb500000| PB 0x00000000eb500000| Untracked 
| 182|0x00000000eb600000, 0x00000000eb600000, 0x00000000eb700000|  0%| F|  |TAMS 0x00000000eb600000| PB 0x00000000eb600000| Untracked 
| 183|0x00000000eb700000, 0x00000000eb700000, 0x00000000eb800000|  0%| F|  |TAMS 0x00000000eb700000| PB 0x00000000eb700000| Untracked 
| 184|0x00000000eb800000, 0x00000000eb800000, 0x00000000eb900000|  0%| F|  |TAMS 0x00000000eb800000| PB 0x00000000eb800000| Untracked 
| 185|0x00000000eb900000, 0x00000000eb900000, 0x00000000eba00000|  0%| F|  |TAMS 0x00000000eb900000| PB 0x00000000eb900000| Untracked 
| 186|0x00000000eba00000, 0x00000000eba00000, 0x00000000ebb00000|  0%| F|  |TAMS 0x00000000eba00000| PB 0x00000000eba00000| Untracked 
| 187|0x00000000ebb00000, 0x00000000ebb00000, 0x00000000ebc00000|  0%| F|  |TAMS 0x00000000ebb00000| PB 0x00000000ebb00000| Untracked 
| 188|0x00000000ebc00000, 0x00000000ebc00000, 0x00000000ebd00000|  0%| F|  |TAMS 0x00000000ebc00000| PB 0x00000000ebc00000| Untracked 
| 189|0x00000000ebd00000, 0x00000000ebd00000, 0x00000000ebe00000|  0%| F|  |TAMS 0x00000000ebd00000| PB 0x00000000ebd00000| Untracked 
| 190|0x00000000ebe00000, 0x00000000ebe00000, 0x00000000ebf00000|  0%| F|  |TAMS 0x00000000ebe00000| PB 0x00000000ebe00000| Untracked 
| 191|0x00000000ebf00000, 0x00000000ebf00000, 0x00000000ec000000|  0%| F|  |TAMS 0x00000000ebf00000| PB 0x00000000ebf00000| Untracked 
| 192|0x00000000ec000000, 0x00000000ec000000, 0x00000000ec100000|  0%| F|  |TAMS 0x00000000ec000000| PB 0x00000000ec000000| Untracked 
| 193|0x00000000ec100000, 0x00000000ec100000, 0x00000000ec200000|  0%| F|  |TAMS 0x00000000ec100000| PB 0x00000000ec100000| Untracked 
| 194|0x00000000ec200000, 0x00000000ec200000, 0x00000000ec300000|  0%| F|  |TAMS 0x00000000ec200000| PB 0x00000000ec200000| Untracked 
| 195|0x00000000ec300000, 0x00000000ec300000, 0x00000000ec400000|  0%| F|  |TAMS 0x00000000ec300000| PB 0x00000000ec300000| Untracked 
| 196|0x00000000ec400000, 0x00000000ec400000, 0x00000000ec500000|  0%| F|  |TAMS 0x00000000ec400000| PB 0x00000000ec400000| Untracked 
| 197|0x00000000ec500000, 0x00000000ec500000, 0x00000000ec600000|  0%| F|  |TAMS 0x00000000ec500000| PB 0x00000000ec500000| Untracked 
| 198|0x00000000ec600000, 0x00000000ec600000, 0x00000000ec700000|  0%| F|  |TAMS 0x00000000ec600000| PB 0x00000000ec600000| Untracked 
| 199|0x00000000ec700000, 0x00000000ec700000, 0x00000000ec800000|  0%| F|  |TAMS 0x00000000ec700000| PB 0x00000000ec700000| Untracked 
| 200|0x00000000ec800000, 0x00000000ec800000, 0x00000000ec900000|  0%| F|  |TAMS 0x00000000ec800000| PB 0x00000000ec800000| Untracked 
| 201|0x00000000ec900000, 0x00000000ec900000, 0x00000000eca00000|  0%| F|  |TAMS 0x00000000ec900000| PB 0x00000000ec900000| Untracked 
| 202|0x00000000eca00000, 0x00000000eca00000, 0x00000000ecb00000|  0%| F|  |TAMS 0x00000000eca00000| PB 0x00000000eca00000| Untracked 
| 203|0x00000000ecb00000, 0x00000000ecb00000, 0x00000000ecc00000|  0%| F|  |TAMS 0x00000000ecb00000| PB 0x00000000ecb00000| Untracked 
| 204|0x00000000ecc00000, 0x00000000ecc00000, 0x00000000ecd00000|  0%| F|  |TAMS 0x00000000ecc00000| PB 0x00000000ecc00000| Untracked 
| 205|0x00000000ecd00000, 0x00000000ecd00000, 0x00000000ece00000|  0%| F|  |TAMS 0x00000000ecd00000| PB 0x00000000ecd00000| Untracked 
| 206|0x00000000ece00000, 0x00000000ece00000, 0x00000000ecf00000|  0%| F|  |TAMS 0x00000000ece00000| PB 0x00000000ece00000| Untracked 
| 207|0x00000000ecf00000, 0x00000000ecf00000, 0x00000000ed000000|  0%| F|  |TAMS 0x00000000ecf00000| PB 0x00000000ecf00000| Untracked 
| 208|0x00000000ed000000, 0x00000000ed000000, 0x00000000ed100000|  0%| F|  |TAMS 0x00000000ed000000| PB 0x00000000ed000000| Untracked 
| 209|0x00000000ed100000, 0x00000000ed100000, 0x00000000ed200000|  0%| F|  |TAMS 0x00000000ed100000| PB 0x00000000ed100000| Untracked 
| 210|0x00000000ed200000, 0x00000000ed200000, 0x00000000ed300000|  0%| F|  |TAMS 0x00000000ed200000| PB 0x00000000ed200000| Untracked 
| 211|0x00000000ed300000, 0x00000000ed300000, 0x00000000ed400000|  0%| F|  |TAMS 0x00000000ed300000| PB 0x00000000ed300000| Untracked 
| 212|0x00000000ed400000, 0x00000000ed500000, 0x00000000ed500000|100%| E|  |TAMS 0x00000000ed400000| PB 0x00000000ed400000| Complete 
| 213|0x00000000ed500000, 0x00000000ed600000, 0x00000000ed600000|100%| E|CS|TAMS 0x00000000ed500000| PB 0x00000000ed500000| Complete 
| 214|0x00000000ed600000, 0x00000000ed700000, 0x00000000ed700000|100%| E|CS|TAMS 0x00000000ed600000| PB 0x00000000ed600000| Complete 
| 215|0x00000000ed700000, 0x00000000ed800000, 0x00000000ed800000|100%| E|CS|TAMS 0x00000000ed700000| PB 0x00000000ed700000| Complete 
| 216|0x00000000ed800000, 0x00000000ed900000, 0x00000000ed900000|100%| E|CS|TAMS 0x00000000ed800000| PB 0x00000000ed800000| Complete 
| 217|0x00000000ed900000, 0x00000000eda00000, 0x00000000eda00000|100%| E|CS|TAMS 0x00000000ed900000| PB 0x00000000ed900000| Complete 
| 218|0x00000000eda00000, 0x00000000edb00000, 0x00000000edb00000|100%| E|CS|TAMS 0x00000000eda00000| PB 0x00000000eda00000| Complete 
| 219|0x00000000edb00000, 0x00000000edc00000, 0x00000000edc00000|100%| E|CS|TAMS 0x00000000edb00000| PB 0x00000000edb00000| Complete 
| 220|0x00000000edc00000, 0x00000000edd00000, 0x00000000edd00000|100%| E|CS|TAMS 0x00000000edc00000| PB 0x00000000edc00000| Complete 
| 221|0x00000000edd00000, 0x00000000ede00000, 0x00000000ede00000|100%| E|CS|TAMS 0x00000000edd00000| PB 0x00000000edd00000| Complete 
| 222|0x00000000ede00000, 0x00000000edf00000, 0x00000000edf00000|100%| E|CS|TAMS 0x00000000ede00000| PB 0x00000000ede00000| Complete 
| 223|0x00000000edf00000, 0x00000000ee000000, 0x00000000ee000000|100%| E|CS|TAMS 0x00000000edf00000| PB 0x00000000edf00000| Complete 
| 224|0x00000000ee000000, 0x00000000ee100000, 0x00000000ee100000|100%| E|CS|TAMS 0x00000000ee000000| PB 0x00000000ee000000| Complete 
| 225|0x00000000ee100000, 0x00000000ee200000, 0x00000000ee200000|100%| E|CS|TAMS 0x00000000ee100000| PB 0x00000000ee100000| Complete 
| 226|0x00000000ee200000, 0x00000000ee300000, 0x00000000ee300000|100%| E|CS|TAMS 0x00000000ee200000| PB 0x00000000ee200000| Complete 
| 227|0x00000000ee300000, 0x00000000ee400000, 0x00000000ee400000|100%| E|CS|TAMS 0x00000000ee300000| PB 0x00000000ee300000| Complete 
| 228|0x00000000ee400000, 0x00000000ee500000, 0x00000000ee500000|100%| E|CS|TAMS 0x00000000ee400000| PB 0x00000000ee400000| Complete 
| 229|0x00000000ee500000, 0x00000000ee600000, 0x00000000ee600000|100%| E|CS|TAMS 0x00000000ee500000| PB 0x00000000ee500000| Complete 
| 230|0x00000000ee600000, 0x00000000ee700000, 0x00000000ee700000|100%| E|CS|TAMS 0x00000000ee600000| PB 0x00000000ee600000| Complete 
| 231|0x00000000ee700000, 0x00000000ee800000, 0x00000000ee800000|100%| E|CS|TAMS 0x00000000ee700000| PB 0x00000000ee700000| Complete 
| 232|0x00000000ee800000, 0x00000000ee900000, 0x00000000ee900000|100%| E|CS|TAMS 0x00000000ee800000| PB 0x00000000ee800000| Complete 
| 233|0x00000000ee900000, 0x00000000eea00000, 0x00000000eea00000|100%| E|CS|TAMS 0x00000000ee900000| PB 0x00000000ee900000| Complete 
| 234|0x00000000eea00000, 0x00000000eeb00000, 0x00000000eeb00000|100%| E|CS|TAMS 0x00000000eea00000| PB 0x00000000eea00000| Complete 
| 235|0x00000000eeb00000, 0x00000000eec00000, 0x00000000eec00000|100%| E|CS|TAMS 0x00000000eeb00000| PB 0x00000000eeb00000| Complete 
| 236|0x00000000eec00000, 0x00000000eed00000, 0x00000000eed00000|100%| E|CS|TAMS 0x00000000eec00000| PB 0x00000000eec00000| Complete 
| 237|0x00000000eed00000, 0x00000000eee00000, 0x00000000eee00000|100%| E|CS|TAMS 0x00000000eed00000| PB 0x00000000eed00000| Complete 
| 238|0x00000000eee00000, 0x00000000eef00000, 0x00000000eef00000|100%| E|CS|TAMS 0x00000000eee00000| PB 0x00000000eee00000| Complete 
| 239|0x00000000eef00000, 0x00000000ef000000, 0x00000000ef000000|100%| E|CS|TAMS 0x00000000eef00000| PB 0x00000000eef00000| Complete 
| 240|0x00000000ef000000, 0x00000000ef100000, 0x00000000ef100000|100%| E|CS|TAMS 0x00000000ef000000| PB 0x00000000ef000000| Complete 
| 241|0x00000000ef100000, 0x00000000ef200000, 0x00000000ef200000|100%| E|CS|TAMS 0x00000000ef100000| PB 0x00000000ef100000| Complete 
| 242|0x00000000ef200000, 0x00000000ef300000, 0x00000000ef300000|100%| E|CS|TAMS 0x00000000ef200000| PB 0x00000000ef200000| Complete 
| 243|0x00000000ef300000, 0x00000000ef400000, 0x00000000ef400000|100%| E|CS|TAMS 0x00000000ef300000| PB 0x00000000ef300000| Complete 
| 244|0x00000000ef400000, 0x00000000ef500000, 0x00000000ef500000|100%| E|CS|TAMS 0x00000000ef400000| PB 0x00000000ef400000| Complete 
| 245|0x00000000ef500000, 0x00000000ef600000, 0x00000000ef600000|100%| E|CS|TAMS 0x00000000ef500000| PB 0x00000000ef500000| Complete 
| 246|0x00000000ef600000, 0x00000000ef700000, 0x00000000ef700000|100%| E|CS|TAMS 0x00000000ef600000| PB 0x00000000ef600000| Complete 
| 247|0x00000000ef700000, 0x00000000ef800000, 0x00000000ef800000|100%| E|CS|TAMS 0x00000000ef700000| PB 0x00000000ef700000| Complete 
| 248|0x00000000ef800000, 0x00000000ef900000, 0x00000000ef900000|100%| E|CS|TAMS 0x00000000ef800000| PB 0x00000000ef800000| Complete 
| 249|0x00000000ef900000, 0x00000000efa00000, 0x00000000efa00000|100%| E|CS|TAMS 0x00000000ef900000| PB 0x00000000ef900000| Complete 
| 250|0x00000000efa00000, 0x00000000efb00000, 0x00000000efb00000|100%| E|CS|TAMS 0x00000000efa00000| PB 0x00000000efa00000| Complete 
| 251|0x00000000efb00000, 0x00000000efc00000, 0x00000000efc00000|100%| E|CS|TAMS 0x00000000efb00000| PB 0x00000000efb00000| Complete 
| 252|0x00000000efc00000, 0x00000000efd00000, 0x00000000efd00000|100%| E|CS|TAMS 0x00000000efc00000| PB 0x00000000efc00000| Complete 
| 253|0x00000000efd00000, 0x00000000efe00000, 0x00000000efe00000|100%| E|CS|TAMS 0x00000000efd00000| PB 0x00000000efd00000| Complete 
| 254|0x00000000efe00000, 0x00000000eff00000, 0x00000000eff00000|100%| E|CS|TAMS 0x00000000efe00000| PB 0x00000000efe00000| Complete 
| 255|0x00000000eff00000, 0x00000000f0000000, 0x00000000f0000000|100%| E|CS|TAMS 0x00000000eff00000| PB 0x00000000eff00000| Complete 

Card table byte_map: [0x00000205ffd50000,0x00000205ffe50000] _byte_map_base: 0x00000205ff650000

Marking Bits: (CMBitMap*) 0x00000205e801c9a0
 Bits: [0x0000020580000000, 0x0000020580800000)

Polling page: 0x00000205e60e0000

Metaspace:

Usage:
  Non-class:     46.63 MB used.
      Class:      7.96 MB used.
       Both:     54.58 MB used.

Virtual space:
  Non-class space:       64.00 MB reserved,      47.56 MB ( 74%) committed,  1 nodes.
      Class space:      320.00 MB reserved,       8.88 MB (  3%) committed,  1 nodes.
             Both:      384.00 MB reserved,      56.44 MB ( 15%) committed. 

Chunk freelists:
   Non-Class:  64.00 KB
       Class:  7.03 MB
        Both:  7.09 MB

MaxMetaspaceSize: 384.00 MB
CompressedClassSpaceSize: 320.00 MB
Initial GC threshold: 21.00 MB
Current GC threshold: 65.62 MB
CDS: on
 - commit_granule_bytes: 65536.
 - commit_granule_words: 8192.
 - virtual_space_node_default_size: 8388608.
 - enlarge_chunks_in_place: 1.
 - use_allocation_guard: 0.


Internal statistics:

num_allocs_failed_limit: 30.
num_arena_births: 3432.
num_arena_deaths: 0.
num_vsnodes_births: 2.
num_vsnodes_deaths: 0.
num_space_committed: 903.
num_space_uncommitted: 0.
num_chunks_returned_to_freelist: 30.
num_chunks_taken_from_freelist: 6182.
num_chunk_merges: 30.
num_chunk_splits: 3986.
num_chunks_enlarged: 2372.
num_inconsistent_stats: 0.

CodeHeap 'non-profiled nmethods': size=120000Kb used=4372Kb max_used=4372Kb free=115627Kb
 bounds [0x00000205f81c0000, 0x00000205f8610000, 0x00000205ff6f0000]
CodeHeap 'profiled nmethods': size=120000Kb used=13556Kb max_used=13556Kb free=106443Kb
 bounds [0x00000205f06f0000, 0x00000205f1430000, 0x00000205f7c20000]
CodeHeap 'non-nmethods': size=5760Kb used=2750Kb max_used=2786Kb free=3009Kb
 bounds [0x00000205f7c20000, 0x00000205f7ee0000, 0x00000205f81c0000]
CodeCache: size=245760Kb, used=20678Kb, max_used=20714Kb, free=225079Kb
 total_blobs=7832, nmethods=6957, adapters=779, full_count=0
Compilation: enabled, stopped_count=0, restarted_count=0

Compilation events (20 events):
Event: 246.358 Thread 0x00000205833ba590 7467       3       java.util.stream.Nodes$SpinedNodeBuilder::asArray (29 bytes)
Event: 246.358 Thread 0x00000205833ba590 nmethod 7467 0x00000205f1426e90 code [0x00000205f1427040, 0x00000205f1427190]
Event: 246.358 Thread 0x00000205833ba590 7468       3       java.util.stream.SpinedBuffer::asArray (46 bytes)
Event: 246.359 Thread 0x00000205833ba590 nmethod 7468 0x00000205f1427210 code [0x00000205f1427400, 0x00000205f1427a28]
Event: 246.359 Thread 0x00000205833ba590 7469       3       java.util.stream.Nodes$SpinedNodeBuilder::copyInto (30 bytes)
Event: 246.360 Thread 0x00000205833ba590 nmethod 7469 0x00000205f1427c10 code [0x00000205f1427dc0, 0x00000205f1427f10]
Event: 246.366 Thread 0x00000205833b5af0 nmethod 7409 0x00000205f85fb710 code [0x00000205f85fb920, 0x00000205f85fc098]
Event: 246.366 Thread 0x00000205833b5af0 7362       4       java.beans.MethodRef::get (91 bytes)
Event: 246.368 Thread 0x00000205833b5af0 nmethod 7362 0x00000205f85fc390 code [0x00000205f85fc520, 0x00000205f85fc658]
Event: 246.368 Thread 0x00000205833b5af0 7439       4       java.util.StringJoiner::toString (53 bytes)
Event: 246.383 Thread 0x00000205833ba590 7474       3       sun.reflect.generics.reflectiveObjects.TypeVariableImpl::equals (67 bytes)
Event: 246.384 Thread 0x00000205833ba590 nmethod 7474 0x00000205f1427f90 code [0x00000205f14281c0, 0x00000205f1428b20]
Event: 246.389 Thread 0x00000205833ba590 7476       3       java.lang.ClassLoader::findClass (9 bytes)
Event: 246.389 Thread 0x00000205833b5af0 nmethod 7439 0x00000205f85fc710 code [0x00000205f85fc940, 0x00000205f85fd560]
Event: 246.389 Thread 0x00000205833ba590 nmethod 7476 0x00000205f1428d10 code [0x00000205f1428ec0, 0x00000205f1429040]
Event: 246.389 Thread 0x00000205833b5af0 7470 %     4       groovy.lang.MetaClassImpl::inheritInterfaceNewMetaMethods @ 100 (195 bytes)
Event: 246.424 Thread 0x00000205833ba590 7479       3       groovyjarjarasm.asm.Frame::push (109 bytes)
Event: 246.425 Thread 0x00000205833ba590 nmethod 7479 0x00000205f1429110 code [0x00000205f14292e0, 0x00000205f1429828]
Event: 246.425 Thread 0x00000205833ba590 7480       3       groovyjarjarasm.asm.ByteVector::putShort (52 bytes)
Event: 246.425 Thread 0x00000205833ba590 nmethod 7480 0x00000205f1429a10 code [0x00000205f1429bc0, 0x00000205f1429dc0]

GC Heap History (16 events):
Event: 2.390 GC heap before
{Heap before GC invocations=0 (full 0):
 garbage-first heap   total 262144K, used 22528K [0x00000000e0000000, 0x0000000100000000)
  region size 1024K, 23 young (23552K), 0 survivors (0K)
 Metaspace       used 931K, committed 1088K, reserved 393216K
  class space    used 72K, committed 128K, reserved 327680K
}
Event: 3.139 GC heap after
{Heap after GC invocations=1 (full 0):
 garbage-first heap   total 262144K, used 1663K [0x00000000e0000000, 0x0000000100000000)
  region size 1024K, 2 young (2048K), 2 survivors (2048K)
 Metaspace       used 931K, committed 1088K, reserved 393216K
  class space    used 72K, committed 128K, reserved 327680K
}
Event: 7.234 GC heap before
{Heap before GC invocations=1 (full 0):
 garbage-first heap   total 262144K, used 40575K [0x00000000e0000000, 0x0000000100000000)
  region size 1024K, 38 young (38912K), 2 survivors (2048K)
 Metaspace       used 4429K, committed 4608K, reserved 393216K
  class space    used 555K, committed 640K, reserved 327680K
}
Event: 7.239 GC heap after
{Heap after GC invocations=2 (full 0):
 garbage-first heap   total 262144K, used 11189K [0x00000000e0000000, 0x0000000100000000)
  region size 1024K, 5 young (5120K), 5 survivors (5120K)
 Metaspace       used 4429K, committed 4608K, reserved 393216K
  class space    used 555K, committed 640K, reserved 327680K
}
Event: 11.077 GC heap before
{Heap before GC invocations=2 (full 0):
 garbage-first heap   total 262144K, used 64437K [0x00000000e0000000, 0x0000000100000000)
  region size 1024K, 55 young (56320K), 5 survivors (5120K)
 Metaspace       used 5652K, committed 5888K, reserved 393216K
  class space    used 759K, committed 896K, reserved 327680K
}
Event: 11.082 GC heap after
{Heap after GC invocations=3 (full 0):
 garbage-first heap   total 262144K, used 17426K [0x00000000e0000000, 0x0000000100000000)
  region size 1024K, 6 young (6144K), 6 survivors (6144K)
 Metaspace       used 5652K, committed 5888K, reserved 393216K
  class space    used 759K, committed 896K, reserved 327680K
}
Event: 33.253 GC heap before
{Heap before GC invocations=3 (full 0):
 garbage-first heap   total 262144K, used 108562K [0x00000000e0000000, 0x0000000100000000)
  region size 1024K, 96 young (98304K), 6 survivors (6144K)
 Metaspace       used 20921K, committed 21504K, reserved 393216K
  class space    used 3064K, committed 3328K, reserved 327680K
}
Event: 33.265 GC heap after
{Heap after GC invocations=4 (full 0):
 garbage-first heap   total 262144K, used 24256K [0x00000000e0000000, 0x0000000100000000)
  region size 1024K, 12 young (12288K), 12 survivors (12288K)
 Metaspace       used 20921K, committed 21504K, reserved 393216K
  class space    used 3064K, committed 3328K, reserved 327680K
}
Event: 142.089 GC heap before
{Heap before GC invocations=5 (full 0):
 garbage-first heap   total 262144K, used 155328K [0x00000000e0000000, 0x0000000100000000)
  region size 1024K, 136 young (139264K), 12 survivors (12288K)
 Metaspace       used 35651K, committed 36672K, reserved 393216K
  class space    used 4952K, committed 5440K, reserved 327680K
}
Event: 143.407 GC heap after
{Heap after GC invocations=6 (full 0):
 garbage-first heap   total 262144K, used 33091K [0x00000000e0000000, 0x0000000100000000)
  region size 1024K, 16 young (16384K), 16 survivors (16384K)
 Metaspace       used 35651K, committed 36672K, reserved 393216K
  class space    used 4952K, committed 5440K, reserved 327680K
}
Event: 218.576 GC heap before
{Heap before GC invocations=6 (full 0):
 garbage-first heap   total 262144K, used 64835K [0x00000000e0000000, 0x0000000100000000)
  region size 1024K, 47 young (48128K), 16 survivors (16384K)
 Metaspace       used 37450K, committed 38656K, reserved 393216K
  class space    used 5245K, committed 5824K, reserved 327680K
}
Event: 218.734 GC heap after
{Heap after GC invocations=7 (full 0):
 garbage-first heap   total 262144K, used 34771K [0x00000000e0000000, 0x0000000100000000)
  region size 1024K, 3 young (3072K), 3 survivors (3072K)
 Metaspace       used 37450K, committed 38656K, reserved 393216K
  class space    used 5245K, committed 5824K, reserved 327680K
}
Event: 219.400 GC heap before
{Heap before GC invocations=7 (full 0):
 garbage-first heap   total 262144K, used 49107K [0x00000000e0000000, 0x0000000100000000)
  region size 1024K, 18 young (18432K), 3 survivors (3072K)
 Metaspace       used 39019K, committed 40256K, reserved 393216K
  class space    used 5513K, committed 6080K, reserved 327680K
}
Event: 219.404 GC heap after
{Heap after GC invocations=8 (full 0):
 garbage-first heap   total 262144K, used 34420K [0x00000000e0000000, 0x0000000100000000)
  region size 1024K, 3 young (3072K), 3 survivors (3072K)
 Metaspace       used 39019K, committed 40256K, reserved 393216K
  class space    used 5513K, committed 6080K, reserved 327680K
}
Event: 232.233 GC heap before
{Heap before GC invocations=9 (full 0):
 garbage-first heap   total 262144K, used 189044K [0x00000000e0000000, 0x0000000100000000)
  region size 1024K, 153 young (156672K), 3 survivors (3072K)
 Metaspace       used 54646K, committed 56576K, reserved 393216K
  class space    used 7961K, committed 8896K, reserved 327680K
}
Event: 232.242 GC heap after
{Heap after GC invocations=10 (full 0):
 garbage-first heap   total 262144K, used 41910K [0x00000000e0000000, 0x0000000100000000)
  region size 1024K, 10 young (10240K), 10 survivors (10240K)
 Metaspace       used 54646K, committed 56576K, reserved 393216K
  class space    used 7961K, committed 8896K, reserved 327680K
}

Dll operation events (15 events):
Event: 0.023 Loaded shared library C:\Users\dduc1\.jdks\ms-21.0.8\bin\java.dll
Event: 0.524 Loaded shared library C:\Users\dduc1\.jdks\ms-21.0.8\bin\jsvml.dll
Event: 0.798 Loaded shared library C:\Users\dduc1\.jdks\ms-21.0.8\bin\zip.dll
Event: 0.805 Loaded shared library C:\Users\dduc1\.jdks\ms-21.0.8\bin\instrument.dll
Event: 0.858 Loaded shared library C:\Users\dduc1\.jdks\ms-21.0.8\bin\net.dll
Event: 0.862 Loaded shared library C:\Users\dduc1\.jdks\ms-21.0.8\bin\nio.dll
Event: 0.907 Loaded shared library C:\Users\dduc1\.jdks\ms-21.0.8\bin\zip.dll
Event: 2.168 Loaded shared library C:\Users\dduc1\.jdks\ms-21.0.8\bin\jimage.dll
Event: 4.121 Loaded shared library C:\Users\dduc1\.jdks\ms-21.0.8\bin\verify.dll
Event: 4.881 Loaded shared library C:\Users\dduc1\.gradle\native\1def1411415f61bf3af743bc5b6707747c0891f09f0c88961ee8f79bc544acac\windows-amd64\native-platform.dll
Event: 5.087 Loaded shared library C:\Users\dduc1\.gradle\native\0.2.7\x86_64-windows-gnu\gradle-fileevents.dll
Event: 11.286 Loaded shared library C:\Users\dduc1\.jdks\ms-21.0.8\bin\management.dll
Event: 11.319 Loaded shared library C:\Users\dduc1\.jdks\ms-21.0.8\bin\management_ext.dll
Event: 14.204 Loaded shared library C:\Users\dduc1\.jdks\ms-21.0.8\bin\extnet.dll
Event: 15.879 Loaded shared library C:\Users\dduc1\.jdks\ms-21.0.8\bin\sunmscapi.dll

Deoptimization events (20 events):
Event: 232.355 Thread 0x000002059d1c1a70 Uncommon trap: trap_request=0xffffffbe fr.pc=0x00000205f85e50f0 relative=0x0000000000000370
Event: 232.355 Thread 0x000002059d1c1a70 Uncommon trap: reason=profile_predicate action=maybe_recompile pc=0x00000205f85e50f0 method=sun.instrument.TransformerManager.transform(Ljava/lang/Module;Ljava/lang/ClassLoader;Ljava/lang/String;Ljava/lang/Class;Ljava/security/ProtectionDomain;[B)[B @ 21 
Event: 232.355 Thread 0x000002059d1c1a70 DEOPT PACKING pc=0x00000205f85e50f0 sp=0x000000fb67af50b0
Event: 232.355 Thread 0x000002059d1c1a70 DEOPT UNPACKING pc=0x00000205f7c746a2 sp=0x000000fb67af4f80 mode 2
Event: 236.789 Thread 0x000002059eb33f60 Uncommon trap: trap_request=0xffffffbe fr.pc=0x00000205f85e50f0 relative=0x0000000000000370
Event: 236.789 Thread 0x000002059eb33f60 Uncommon trap: reason=profile_predicate action=maybe_recompile pc=0x00000205f85e50f0 method=sun.instrument.TransformerManager.transform(Ljava/lang/Module;Ljava/lang/ClassLoader;Ljava/lang/String;Ljava/lang/Class;Ljava/security/ProtectionDomain;[B)[B @ 21 
Event: 236.789 Thread 0x000002059eb33f60 DEOPT PACKING pc=0x00000205f85e50f0 sp=0x000000fb6b5fc810
Event: 236.789 Thread 0x000002059eb33f60 DEOPT UNPACKING pc=0x00000205f7c746a2 sp=0x000000fb6b5fc6e0 mode 2
Event: 236.789 Thread 0x000002059eb33f60 Uncommon trap: trap_request=0xffffffbe fr.pc=0x00000205f85e50f0 relative=0x0000000000000370
Event: 236.789 Thread 0x000002059eb33f60 Uncommon trap: reason=profile_predicate action=maybe_recompile pc=0x00000205f85e50f0 method=sun.instrument.TransformerManager.transform(Ljava/lang/Module;Ljava/lang/ClassLoader;Ljava/lang/String;Ljava/lang/Class;Ljava/security/ProtectionDomain;[B)[B @ 21 
Event: 236.789 Thread 0x000002059eb33f60 DEOPT PACKING pc=0x00000205f85e50f0 sp=0x000000fb6b5fc410
Event: 236.789 Thread 0x000002059eb33f60 DEOPT UNPACKING pc=0x00000205f7c746a2 sp=0x000000fb6b5fc2e0 mode 2
Event: 236.791 Thread 0x000002059eb33f60 Uncommon trap: trap_request=0xffffffbe fr.pc=0x00000205f85e45dc relative=0x00000000000002fc
Event: 236.791 Thread 0x000002059eb33f60 Uncommon trap: reason=profile_predicate action=maybe_recompile pc=0x00000205f85e45dc method=sun.instrument.TransformerManager.transform(Ljava/lang/Module;Ljava/lang/ClassLoader;Ljava/lang/String;Ljava/lang/Class;Ljava/security/ProtectionDomain;[B)[B @ 21 
Event: 236.791 Thread 0x000002059eb33f60 DEOPT PACKING pc=0x00000205f85e45dc sp=0x000000fb6b5fd0b0
Event: 236.791 Thread 0x000002059eb33f60 DEOPT UNPACKING pc=0x00000205f7c746a2 sp=0x000000fb6b5fd068 mode 2
Event: 244.899 Thread 0x000002059d1c1a70 Uncommon trap: trap_request=0xffffff45 fr.pc=0x00000205f82ba2c4 relative=0x00000000000000a4
Event: 244.899 Thread 0x000002059d1c1a70 Uncommon trap: reason=unstable_if action=reinterpret pc=0x00000205f82ba2c4 method=java.lang.ref.ReferenceQueue.poll()Ljava/lang/ref/Reference; @ 4 c2
Event: 244.899 Thread 0x000002059d1c1a70 DEOPT PACKING pc=0x00000205f82ba2c4 sp=0x000000fb67af8a70
Event: 244.899 Thread 0x000002059d1c1a70 DEOPT UNPACKING pc=0x00000205f7c746a2 sp=0x000000fb67af8958 mode 2

Classes loaded (20 events):
Event: 244.906 Loading class sun/reflect/generics/tree/BooleanSignature
Event: 244.906 Loading class sun/reflect/generics/tree/BooleanSignature done
Event: 244.940 Loading class org/xml/sax/Attributes
Event: 244.942 Loading class org/xml/sax/Attributes done
Event: 244.944 Loading class org/xml/sax/SAXParseException
Event: 244.944 Loading class org/xml/sax/SAXParseException done
Event: 244.944 Loading class org/xml/sax/Locator
Event: 244.944 Loading class org/xml/sax/Locator done
Event: 245.105 Loading class java/util/AbstractCollectionBeanInfo
Event: 245.105 Loading class java/util/AbstractCollectionBeanInfo done
Event: 245.106 Loading class java/util/AbstractCollectionBeanInfo
Event: 245.106 Loading class java/util/AbstractCollectionBeanInfo done
Event: 245.106 Loading class java/util/AbstractCollectionCustomizer
Event: 245.106 Loading class java/util/AbstractCollectionCustomizer done
Event: 245.106 Loading class java/util/AbstractCollectionCustomizer
Event: 245.106 Loading class java/util/AbstractCollectionCustomizer done
Event: 246.109 Loading class sun/reflect/generics/reflectiveObjects/GenericArrayTypeImpl
Event: 246.109 Loading class sun/reflect/generics/reflectiveObjects/GenericArrayTypeImpl done
Event: 246.402 Loading class sun/reflect/generics/tree/LongSignature
Event: 246.402 Loading class sun/reflect/generics/tree/LongSignature done

Classes unloaded (0 events):
No events

Classes redefined (0 events):
No events

Internal exceptions (20 events):
Event: 246.240 Thread 0x000002059d1c1a70 Exception <a 'java/lang/ClassNotFoundException'{0x00000000ede225e0}: org/gradle/api/internal/artifacts/dsl/dependencies/DefaultDependencyHandler_DecoratedBeanInfo> (0x00000000ede225e0) 
thrown [s\src\hotspot\share\classfile\systemDictionary.cpp, line 312]
Event: 246.242 Thread 0x000002059d1c1a70 Exception <a 'java/lang/ClassNotFoundException'{0x00000000ede38428}: org/gradle/api/internal/artifacts/dsl/dependencies/DefaultDependencyHandlerBeanInfo> (0x00000000ede38428) 
thrown [s\src\hotspot\share\classfile\systemDictionary.cpp, line 312]
Event: 246.244 Thread 0x000002059d1c1a70 Exception <a 'java/lang/ClassNotFoundException'{0x00000000ede4e228}: org/gradle/api/internal/artifacts/dsl/dependencies/DefaultDependencyHandlerCustomizer> (0x00000000ede4e228) 
thrown [s\src\hotspot\share\classfile\systemDictionary.cpp, line 312]
Event: 246.247 Thread 0x000002059d1c1a70 Exception <a 'java/lang/ClassNotFoundException'{0x00000000ede97738}: org/gradle/api/internal/artifacts/dsl/dependencies/DefaultDependencyHandler_DecoratedCustomizer> (0x00000000ede97738) 
thrown [s\src\hotspot\share\classfile\systemDictionary.cpp, line 312]
Event: 246.268 Thread 0x000002059d1c1a70 Exception <a 'java/lang/ClassNotFoundException'{0x00000000edd6e458}: groovy/lang/GString$1BeanInfo> (0x00000000edd6e458) 
thrown [s\src\hotspot\share\classfile\systemDictionary.cpp, line 312]
Event: 246.271 Thread 0x000002059d1c1a70 Exception <a 'java/lang/ClassNotFoundException'{0x00000000edd81338}: groovy/lang/GStringBeanInfo> (0x00000000edd81338) 
thrown [s\src\hotspot\share\classfile\systemDictionary.cpp, line 312]
Event: 246.275 Thread 0x000002059d1c1a70 Exception <a 'java/lang/ClassNotFoundException'{0x00000000edd93a20}: groovy/lang/GStringCustomizer> (0x00000000edd93a20) 
thrown [s\src\hotspot\share\classfile\systemDictionary.cpp, line 312]
Event: 246.280 Thread 0x000002059d1c1a70 Exception <a 'java/lang/ClassNotFoundException'{0x00000000eddb21f8}: groovy/lang/GString$1Customizer> (0x00000000eddb21f8) 
thrown [s\src\hotspot\share\classfile\systemDictionary.cpp, line 312]
Event: 246.291 Thread 0x000002059d1c1a70 Exception <a 'java/lang/ClassNotFoundException'{0x00000000edded1a0}: groovy/lang/GroovyObjectBeanInfo> (0x00000000edded1a0) 
thrown [s\src\hotspot\share\classfile\systemDictionary.cpp, line 312]
Event: 246.294 Thread 0x000002059d1c1a70 Exception <a 'java/lang/ClassNotFoundException'{0x00000000edc00850}: groovy/lang/GroovyObjectCustomizer> (0x00000000edc00850) 
thrown [s\src\hotspot\share\classfile\systemDictionary.cpp, line 312]
Event: 246.300 Thread 0x000002059d1c1a70 Exception <a 'java/lang/ClassNotFoundException'{0x00000000edc16448}: io/spring/gradle/dependencymanagement/dsl/ImportsHandlerBeanInfo> (0x00000000edc16448) 
thrown [s\src\hotspot\share\classfile\systemDictionary.cpp, line 312]
Event: 246.303 Thread 0x000002059d1c1a70 Exception <a 'java/lang/ClassNotFoundException'{0x00000000edc20f18}: io/spring/gradle/dependencymanagement/dsl/ImportsHandlerCustomizer> (0x00000000edc20f18) 
thrown [s\src\hotspot\share\classfile\systemDictionary.cpp, line 312]
Event: 246.314 Thread 0x000002059d1c1a70 Exception <a 'java/lang/ClassNotFoundException'{0x00000000edb23248}: org/codehaus/groovy/runtime/GStringImplBeanInfo> (0x00000000edb23248) 
thrown [s\src\hotspot\share\classfile\systemDictionary.cpp, line 312]
Event: 246.321 Thread 0x000002059d1c1a70 Exception <a 'java/lang/ClassNotFoundException'{0x00000000edb36178}: org/codehaus/groovy/runtime/GStringImplCustomizer> (0x00000000edb36178) 
thrown [s\src\hotspot\share\classfile\systemDictionary.cpp, line 312]
Event: 246.380 Thread 0x000002059d1c1a70 Exception <a 'java/lang/ClassNotFoundException'{0x00000000ed8a4828}: org/gradle/api/internal/tasks/DefaultTaskContainer_DecoratedBeanInfo> (0x00000000ed8a4828) 
thrown [s\src\hotspot\share\classfile\systemDictionary.cpp, line 312]
Event: 246.382 Thread 0x000002059d1c1a70 Exception <a 'java/lang/ClassNotFoundException'{0x00000000ed8b5770}: org/gradle/api/internal/tasks/DefaultTaskContainerBeanInfo> (0x00000000ed8b5770) 
thrown [s\src\hotspot\share\classfile\systemDictionary.cpp, line 312]
Event: 246.382 Thread 0x000002059d1c1a70 Exception <a 'java/lang/ClassNotFoundException'{0x00000000ed8c66d8}: org/gradle/api/internal/tasks/DefaultTaskCollectionBeanInfo> (0x00000000ed8c66d8) 
thrown [s\src\hotspot\share\classfile\systemDictionary.cpp, line 312]
Event: 246.383 Thread 0x000002059d1c1a70 Exception <a 'java/lang/ClassNotFoundException'{0x00000000ed8d78c8}: org/gradle/api/internal/tasks/DefaultTaskCollectionCustomizer> (0x00000000ed8d78c8) 
thrown [s\src\hotspot\share\classfile\systemDictionary.cpp, line 312]
Event: 246.391 Thread 0x000002059d1c1a70 Exception <a 'java/lang/ClassNotFoundException'{0x00000000ed73c0c0}: org/gradle/api/internal/tasks/DefaultTaskContainerCustomizer> (0x00000000ed73c0c0) 
thrown [s\src\hotspot\share\classfile\systemDictionary.cpp, line 312]
Event: 246.412 Thread 0x000002059d1c1a70 Exception <a 'java/lang/ClassNotFoundException'{0x00000000ed7c9558}: org/gradle/api/internal/tasks/DefaultTaskContainer_DecoratedCustomizer> (0x00000000ed7c9558) 
thrown [s\src\hotspot\share\classfile\systemDictionary.cpp, line 312]

ZGC Phase Switch (0 events):
No events

VM Operations (20 events):
Event: 230.784 Executing VM operation: ICBufferFull
Event: 230.795 Executing VM operation: ICBufferFull done
Event: 231.803 Executing VM operation: Cleanup
Event: 231.804 Executing VM operation: Cleanup done
Event: 232.233 Executing VM operation: G1CollectForAllocation (G1 Evacuation Pause)
Event: 232.243 Executing VM operation: G1CollectForAllocation (G1 Evacuation Pause) done
Event: 233.251 Executing VM operation: Cleanup
Event: 233.252 Executing VM operation: Cleanup done
Event: 236.288 Executing VM operation: Cleanup
Event: 236.288 Executing VM operation: Cleanup done
Event: 240.434 Executing VM operation: HandshakeAllThreads (HandshakeForDeflation)
Event: 240.434 Executing VM operation: HandshakeAllThreads (HandshakeForDeflation) done
Event: 240.434 Executing VM operation: RendezvousGCThreads
Event: 240.434 Executing VM operation: RendezvousGCThreads done
Event: 244.455 Executing VM operation: Cleanup
Event: 244.455 Executing VM operation: Cleanup done
Event: 245.467 Executing VM operation: Cleanup
Event: 246.107 Executing VM operation: Cleanup done
Event: 247.109 Executing VM operation: Cleanup
Event: 247.109 Executing VM operation: Cleanup done

Memory protections (0 events):
No events

Nmethod flushes (20 events):
Event: 219.481 Thread 0x000002058337b930 flushing  nmethod 0x00000205f087f610
Event: 219.481 Thread 0x000002058337b930 flushing  nmethod 0x00000205f0885010
Event: 219.481 Thread 0x000002058337b930 flushing  nmethod 0x00000205f0899410
Event: 219.481 Thread 0x000002058337b930 flushing  nmethod 0x00000205f089a490
Event: 219.481 Thread 0x000002058337b930 flushing  nmethod 0x00000205f089d790
Event: 219.481 Thread 0x000002058337b930 flushing  nmethod 0x00000205f089e390
Event: 219.481 Thread 0x000002058337b930 flushing  nmethod 0x00000205f08a1d10
Event: 219.481 Thread 0x000002058337b930 flushing  nmethod 0x00000205f08e2890
Event: 219.481 Thread 0x000002058337b930 flushing  nmethod 0x00000205f0926110
Event: 219.481 Thread 0x000002058337b930 flushing  nmethod 0x00000205f0927e10
Event: 219.481 Thread 0x000002058337b930 flushing  nmethod 0x00000205f0929610
Event: 219.481 Thread 0x000002058337b930 flushing  nmethod 0x00000205f092a390
Event: 219.481 Thread 0x000002058337b930 flushing  nmethod 0x00000205f092a710
Event: 219.481 Thread 0x000002058337b930 flushing  nmethod 0x00000205f0930810
Event: 219.481 Thread 0x000002058337b930 flushing  nmethod 0x00000205f0930b90
Event: 219.481 Thread 0x000002058337b930 flushing  nmethod 0x00000205f0952b10
Event: 219.481 Thread 0x000002058337b930 flushing  nmethod 0x00000205f0aaa790
Event: 219.481 Thread 0x000002058337b930 flushing  nmethod 0x00000205f0b13e90
Event: 219.481 Thread 0x000002058337b930 flushing  nmethod 0x00000205f0b26310
Event: 219.481 Thread 0x000002058337b930 flushing  nmethod 0x00000205f0b27290

Events (20 events):
Event: 229.449 Thread 0x000002059d1c1a70 Thread added: 0x000002059ea9fb60
Event: 229.452 Thread 0x000002059d1c1a70 Thread added: 0x000002059ea9ee40
Event: 229.457 Thread 0x000002059d1c1a70 Thread added: 0x000002059ea9f4d0
Event: 229.458 Thread 0x000002059d1c1a70 Thread added: 0x000002059eaa01f0
Event: 229.464 Thread 0x000002059d1c1a70 Thread added: 0x000002059eaa0f10
Event: 230.572 Thread 0x000002059d1c1a70 Thread added: 0x000002059eaa15a0
Event: 230.572 Thread 0x000002059d1c1a70 Thread added: 0x000002059eb32bb0
Event: 230.573 Thread 0x000002059d1c1a70 Thread added: 0x000002059eb2f730
Event: 230.573 Thread 0x000002059d1c1a70 Thread added: 0x000002059eb30ae0
Event: 230.573 Thread 0x000002059d1c1a70 Thread added: 0x000002059eb2fdc0
Event: 230.573 Thread 0x000002059d1c1a70 Thread added: 0x000002059eb32520
Event: 230.574 Thread 0x000002059d1c1a70 Thread added: 0x000002059eb338d0
Event: 230.574 Thread 0x000002059d1c1a70 Thread added: 0x000002059eb30450
Event: 230.574 Thread 0x000002059d1c1a70 Thread added: 0x000002059eb345f0
Event: 230.575 Thread 0x000002059d1c1a70 Thread added: 0x000002059eb31170
Event: 230.575 Thread 0x000002059d1c1a70 Thread added: 0x000002059eb31e90
Event: 231.781 Thread 0x000002059d1c1a70 Thread added: 0x000002059eb33f60
Event: 232.054 Thread 0x00000205833ba590 Thread added: 0x00000205a0cb4c80
Event: 235.869 Thread 0x00000205a0cb4c80 Thread exited: 0x00000205a0cb4c80
Event: 244.313 Thread 0x000002059d1c1a70 Thread added: 0x000002059eb33240


Dynamic libraries:
0x00007ff66d5d0000 - 0x00007ff66d5de000 	C:\Users\dduc1\.jdks\ms-21.0.8\bin\java.exe
0x00007ffcaf400000 - 0x00007ffcaf669000 	C:\WINDOWS\SYSTEM32\ntdll.dll
0x00007ffcaddf0000 - 0x00007ffcadeb9000 	C:\WINDOWS\System32\KERNEL32.DLL
0x00007ffcaca70000 - 0x00007ffcace63000 	C:\WINDOWS\System32\KERNELBASE.dll
0x00007ffcac650000 - 0x00007ffcac79b000 	C:\WINDOWS\System32\ucrtbase.dll
0x00007ffca75d0000 - 0x00007ffca75e8000 	C:\Users\dduc1\.jdks\ms-21.0.8\bin\jli.dll
0x00007ffca7610000 - 0x00007ffca762e000 	C:\Users\dduc1\.jdks\ms-21.0.8\bin\VCRUNTIME140.dll
0x00007ffc8c6c0000 - 0x00007ffc8c953000 	C:\WINDOWS\WinSxS\amd64_microsoft.windows.common-controls_6595b64144ccf1df_6.0.26100.5074_none_3e0d6f78e32fd63f\COMCTL32.dll
0x00007ffcad740000 - 0x00007ffcad904000 	C:\WINDOWS\System32\USER32.dll
0x00007ffcaf130000 - 0x00007ffcaf1d9000 	C:\WINDOWS\System32\msvcrt.dll
0x00007ffcadb00000 - 0x00007ffcadb2b000 	C:\WINDOWS\System32\GDI32.dll
0x00007ffcac620000 - 0x00007ffcac647000 	C:\WINDOWS\System32\win32u.dll
0x00007ffcace70000 - 0x00007ffcacf9d000 	C:\WINDOWS\System32\gdi32full.dll
0x00007ffcacfa0000 - 0x00007ffcad043000 	C:\WINDOWS\System32\msvcp_win.dll
0x00007ffcaefc0000 - 0x00007ffcaefef000 	C:\WINDOWS\System32\IMM32.DLL
0x00007ffca6220000 - 0x00007ffca622c000 	C:\Users\dduc1\.jdks\ms-21.0.8\bin\vcruntime140_1.dll
0x00007ffc9a5a0000 - 0x00007ffc9a629000 	C:\Users\dduc1\.jdks\ms-21.0.8\bin\msvcp140.dll
0x00007ffc58f30000 - 0x00007ffc59cdc000 	C:\Users\dduc1\.jdks\ms-21.0.8\bin\server\jvm.dll
0x00007ffcaf000000 - 0x00007ffcaf0b4000 	C:\WINDOWS\System32\ADVAPI32.dll
0x00007ffcae360000 - 0x00007ffcae406000 	C:\WINDOWS\System32\sechost.dll
0x00007ffcadcd0000 - 0x00007ffcadde8000 	C:\WINDOWS\System32\RPCRT4.dll
0x00007ffcaeb60000 - 0x00007ffcaebd4000 	C:\WINDOWS\System32\WS2_32.dll
0x00007ffcab510000 - 0x00007ffcab56e000 	C:\WINDOWS\SYSTEM32\POWRPROF.dll
0x00007ffca50d0000 - 0x00007ffca50db000 	C:\WINDOWS\SYSTEM32\VERSION.dll
0x00007ffca1400000 - 0x00007ffca1435000 	C:\WINDOWS\SYSTEM32\WINMM.dll
0x00007ffcab4f0000 - 0x00007ffcab504000 	C:\WINDOWS\SYSTEM32\UMPDC.dll
0x00007ffcab3a0000 - 0x00007ffcab3bb000 	C:\WINDOWS\SYSTEM32\kernel.appcore.dll
0x00007ffca6210000 - 0x00007ffca621a000 	C:\Users\dduc1\.jdks\ms-21.0.8\bin\jimage.dll
0x00007ffca9f70000 - 0x00007ffcaa1b2000 	C:\WINDOWS\SYSTEM32\DBGHELP.DLL
0x00007ffcadfe0000 - 0x00007ffcae35b000 	C:\WINDOWS\System32\combase.dll
0x00007ffcaebf0000 - 0x00007ffcaecc7000 	C:\WINDOWS\System32\OLEAUT32.dll
0x00007ffc9f050000 - 0x00007ffc9f08d000 	C:\WINDOWS\SYSTEM32\dbgcore.DLL
0x00007ffcac7a0000 - 0x00007ffcac839000 	C:\WINDOWS\System32\bcryptPrimitives.dll
0x00007ffc9f2e0000 - 0x00007ffc9f2f0000 	C:\Users\dduc1\.jdks\ms-21.0.8\bin\instrument.dll
0x00007ffc9f180000 - 0x00007ffc9f1a1000 	C:\Users\dduc1\.jdks\ms-21.0.8\bin\java.dll
0x00007ffcae410000 - 0x00007ffcaeb5d000 	C:\WINDOWS\System32\SHELL32.dll
0x00007ffcac900000 - 0x00007ffcaca6c000 	C:\WINDOWS\System32\wintypes.dll
0x00007ffcaa1d0000 - 0x00007ffcaaa29000 	C:\WINDOWS\SYSTEM32\windows.storage.dll
0x00007ffcad910000 - 0x00007ffcada00000 	C:\WINDOWS\System32\SHCORE.dll
0x00007ffcaf0c0000 - 0x00007ffcaf122000 	C:\WINDOWS\System32\shlwapi.dll
0x00007ffcac4b0000 - 0x00007ffcac4d9000 	C:\WINDOWS\SYSTEM32\profapi.dll
0x00007ffc6fc90000 - 0x00007ffc6fd66000 	C:\Users\dduc1\.jdks\ms-21.0.8\bin\jsvml.dll
0x00007ffc9f160000 - 0x00007ffc9f178000 	C:\Users\dduc1\.jdks\ms-21.0.8\bin\zip.dll
0x00007ffc99de0000 - 0x00007ffc99df1000 	C:\Users\dduc1\.jdks\ms-21.0.8\bin\net.dll
0x00007ffca5f40000 - 0x00007ffca605f000 	C:\WINDOWS\SYSTEM32\WINHTTP.dll
0x00007ffcab9c0000 - 0x00007ffcaba2b000 	C:\WINDOWS\system32\mswsock.dll
0x00007ffc99dc0000 - 0x00007ffc99dd6000 	C:\Users\dduc1\.jdks\ms-21.0.8\bin\nio.dll
0x00007ffc9f2d0000 - 0x00007ffc9f2e0000 	C:\Users\dduc1\.jdks\ms-21.0.8\bin\verify.dll
0x00007ffca6230000 - 0x00007ffca6257000 	C:\Users\dduc1\.gradle\native\1def1411415f61bf3af743bc5b6707747c0891f09f0c88961ee8f79bc544acac\windows-amd64\native-platform.dll
0x00007ffc99b10000 - 0x00007ffc99b88000 	C:\Users\dduc1\.gradle\native\0.2.7\x86_64-windows-gnu\gradle-fileevents.dll
0x00007ffc9f1f0000 - 0x00007ffc9f1fa000 	C:\Users\dduc1\.jdks\ms-21.0.8\bin\management.dll
0x00007ffc9f150000 - 0x00007ffc9f15c000 	C:\Users\dduc1\.jdks\ms-21.0.8\bin\management_ext.dll
0x00007ffcad1d0000 - 0x00007ffcad1d8000 	C:\WINDOWS\System32\PSAPI.DLL
0x00007ffcaada0000 - 0x00007ffcaadd4000 	C:\WINDOWS\SYSTEM32\IPHLPAPI.DLL
0x00007ffcaefb0000 - 0x00007ffcaefba000 	C:\WINDOWS\System32\NSI.dll
0x00007ffc9a590000 - 0x00007ffc9a599000 	C:\Users\dduc1\.jdks\ms-21.0.8\bin\extnet.dll
0x00007ffcabc90000 - 0x00007ffcabcab000 	C:\WINDOWS\SYSTEM32\CRYPTSP.dll
0x00007ffcab300000 - 0x00007ffcab33b000 	C:\WINDOWS\system32\rsaenh.dll
0x00007ffcaba60000 - 0x00007ffcaba8b000 	C:\WINDOWS\SYSTEM32\USERENV.dll
0x00007ffcac480000 - 0x00007ffcac4a6000 	C:\WINDOWS\SYSTEM32\bcrypt.dll
0x00007ffcabcb0000 - 0x00007ffcabcbc000 	C:\WINDOWS\SYSTEM32\CRYPTBASE.dll
0x00007ffc9a530000 - 0x00007ffc9a53e000 	C:\Users\dduc1\.jdks\ms-21.0.8\bin\sunmscapi.dll
0x00007ffcad050000 - 0x00007ffcad1c7000 	C:\WINDOWS\System32\CRYPT32.dll
0x00007ffcabed0000 - 0x00007ffcabf00000 	C:\WINDOWS\SYSTEM32\ncrypt.dll
0x00007ffcabe80000 - 0x00007ffcabebf000 	C:\WINDOWS\SYSTEM32\NTASN1.dll
0x00007ffc7fe20000 - 0x00007ffc7fe28000 	C:\WINDOWS\system32\wshunix.dll

JVMTI agents:
C:\Users\dduc1\.gradle\wrapper\dists\gradle-8.14.3-bin\cv11ve7ro1n3o1j4so8xd9n66\gradle-8.14.3\lib\agents\gradle-instrumentation-agent-8.14.3.jar path:C:\Users\dduc1\.jdks\ms-21.0.8\bin\instrument.dll, loaded, initialized, instrumentlib options:none

dbghelp: loaded successfully - version: 4.0.5 - missing functions: none
symbol engine: initialized successfully - sym options: 0x614 - pdb path: .;C:\Users\dduc1\.jdks\ms-21.0.8\bin;C:\WINDOWS\SYSTEM32;C:\WINDOWS\WinSxS\amd64_microsoft.windows.common-controls_6595b64144ccf1df_6.0.26100.5074_none_3e0d6f78e32fd63f;C:\Users\dduc1\.jdks\ms-21.0.8\bin\server;C:\Users\dduc1\.gradle\native\1def1411415f61bf3af743bc5b6707747c0891f09f0c88961ee8f79bc544acac\windows-amd64;C:\Users\dduc1\.gradle\native\0.2.7\x86_64-windows-gnu

VM Arguments:
jvm_args: --add-opens=java.base/java.lang=ALL-UNNAMED --add-opens=java.base/java.lang.invoke=ALL-UNNAMED --add-opens=java.base/java.util=ALL-UNNAMED --add-opens=java.prefs/java.util.prefs=ALL-UNNAMED --add-exports=jdk.compiler/com.sun.tools.javac.api=ALL-UNNAMED --add-exports=jdk.compiler/com.sun.tools.javac.util=ALL-UNNAMED --add-opens=java.base/java.util=ALL-UNNAMED --add-opens=java.prefs/java.util.prefs=ALL-UNNAMED --add-opens=java.base/java.nio.charset=ALL-UNNAMED --add-opens=java.base/java.net=ALL-UNNAMED --add-opens=java.base/java.util.concurrent.atomic=ALL-UNNAMED --add-opens=java.xml/javax.xml.namespace=ALL-UNNAMED -XX:MaxMetaspaceSize=384m -XX:+HeapDumpOnOutOfMemoryError -Xms256m -Xmx512m -Dfile.encoding=windows-1252 -Duser.country=US -Duser.language=en -Duser.variant -javaagent:C:\Users\dduc1\.gradle\wrapper\dists\gradle-8.14.3-bin\cv11ve7ro1n3o1j4so8xd9n66\gradle-8.14.3\lib\agents\gradle-instrumentation-agent-8.14.3.jar 
java_command: org.gradle.launcher.daemon.bootstrap.GradleDaemon 8.14.3
java_class_path (initial): C:\Users\dduc1\.gradle\wrapper\dists\gradle-8.14.3-bin\cv11ve7ro1n3o1j4so8xd9n66\gradle-8.14.3\lib\gradle-daemon-main-8.14.3.jar
Launcher Type: SUN_STANDARD

[Global flags]
     intx CICompilerCount                          = 4                                         {product} {ergonomic}
   size_t CompressedClassSpaceSize                 = 335544320                                 {product} {ergonomic}
     uint ConcGCThreads                            = 3                                         {product} {ergonomic}
     uint G1ConcRefinementThreads                  = 10                                        {product} {ergonomic}
   size_t G1HeapRegionSize                         = 1048576                                   {product} {ergonomic}
    uintx GCDrainStackTargetSize                   = 64                                        {product} {ergonomic}
     bool HeapDumpOnOutOfMemoryError               = true                                   {manageable} {command line}
   size_t InitialHeapSize                          = 268435456                                 {product} {command line}
   size_t MarkStackSize                            = 4194304                                   {product} {ergonomic}
   size_t MaxHeapSize                              = 536870912                                 {product} {command line}
   size_t MaxMetaspaceSize                         = 402653184                                 {product} {command line}
   size_t MaxNewSize                               = 321912832                                 {product} {ergonomic}
   size_t MinHeapDeltaBytes                        = 1048576                                   {product} {ergonomic}
   size_t MinHeapSize                              = 268435456                                 {product} {command line}
    uintx NonNMethodCodeHeapSize                   = 5839372                                {pd product} {ergonomic}
    uintx NonProfiledCodeHeapSize                  = 122909434                              {pd product} {ergonomic}
    uintx ProfiledCodeHeapSize                     = 122909434                              {pd product} {ergonomic}
    uintx ReservedCodeCacheSize                    = 251658240                              {pd product} {ergonomic}
     bool SegmentedCodeCache                       = true                                      {product} {ergonomic}
   size_t SoftMaxHeapSize                          = 536870912                              {manageable} {ergonomic}
     bool UseCompressedOops                        = true                           {product lp64_product} {ergonomic}
     bool UseG1GC                                  = true                                      {product} {ergonomic}
     bool UseLargePagesIndividualAllocation        = false                                  {pd product} {ergonomic}

Logging:
Log output configuration:
 #0: stdout all=warning uptime,level,tags foldmultilines=false
 #1: stderr all=off uptime,level,tags foldmultilines=false

Environment Variables:
PATH=E:\PYTHON\Scripts\;E:\PYTHON\;C:\Program Files\Common Files\Oracle\Java\javapath;C:\Windows\system32;C:\Windows;C:\Windows\System32\Wbem;C:\Windows\System32\WindowsPowerShell\v1.0\;C:\Windows\System32\OpenSSH\;C:\Program Files (x86)\NVIDIA Corporation\PhysX\Common;C:\Program Files\NVIDIA Corporation\NVIDIA NvDLISR;C:\WINDOWS\system32;C:\WINDOWS;C:\WINDOWS\System32\Wbem;C:\WINDOWS\System32\WindowsPowerShell\v1.0\;C:\WINDOWS\System32\OpenSSH\;E:\GIT\cmd;D:\important file JAVA\bin;C:\ProgramData\chocolatey\bin;C:\msys64\ucrt64\bin;C:\Program Files\Microsoft SQL Server\150\Tools\Binn\;C:\Program Files\Microsoft SQL Server\Client SDK\ODBC\170\Tools\Binn\;D:\gradle-8.12\bin;C:\Program Files\dotnet\;C:\Program Files (x86)\Windows Kits\10\Windows Performance Toolkit\;C:\Users\dduc1\AppData\Local\nvm;C:\nvm4w\nodejs;C:\Program Files\Docker\Docker\resources\bin;C:\Users\dduc1\AppData\Local\Programs\Python\Launcher\;C:\Users\dduc1\AppData\Local\Microsoft\WindowsApps;D:\VScode\Microsoft VS Code\bin;E:\PYTHON;C:\Users\dduc1\AppData\Roaming\npm;E:\PYTHON\Lib;E:\PYTHON\Scripts;D:\Intellij IDEA\IntelliJ IDEA 2024.1.4\bin;;C:\Users\dduc1\.dotnet\tools;C:\Program Files\dotnet\sdk\9.0.101;%JetBrains Rider%;D:\gradle-8.12\bin;C:\Users\dduc1\AppData\Local\nvm;C:\nvm4w\nodejs
USERNAME=dduc1
OS=Windows_NT
PROCESSOR_IDENTIFIER=AMD64 Family 25 Model 80 Stepping 0, AuthenticAMD
TMP=C:\Users\dduc1\AppData\Local\Temp
TEMP=C:\Users\dduc1\AppData\Local\Temp




Periodic native trim disabled

---------------  S Y S T E M  ---------------

OS:
 Windows 11 , 64 bit Build 26100 (10.0.26100.5074)
OS uptime: 4 days 2:57 hours
Hyper-V role detected

CPU: total 12 (initial active 12) (12 cores per cpu, 2 threads per core) family 25 model 80 stepping 0 microcode 0xa50000c, cx8, cmov, fxsr, ht, mmx, 3dnowpref, sse, sse2, sse3, ssse3, sse4a, sse4.1, sse4.2, popcnt, lzcnt, tsc, tscinvbit, avx, avx2, aes, erms, clmul, bmi1, bmi2, adx, sha, fma, vzeroupper, clflush, clflushopt, hv, rdtscp, rdpid, fsrm, f16c, cet_ss
Processor Information for the first 12 processors :
  Max Mhz: 3301, Current Mhz: 3301, Mhz Limit: 3301

Memory: 4k page, system-wide physical 15724M (660M free)
TotalPageFile size 46992M (AvailPageFile size 307M)
current process WorkingSet (physical memory assigned to process): 294M, peak: 295M
current process commit charge ("private bytes"): 500M, peak: 500M

vm_info: OpenJDK 64-Bit Server VM (21.0.8+9-LTS) for windows-amd64 JRE (21.0.8+9-LTS), built on 2025-07-10T20:22:44Z by "MicrosoftCorporation" with unknown MS VC++:1944

END.
