#
# There is insufficient memory for the Java Runtime Environment to continue.
# Native memory allocation (malloc) failed to allocate 1964976 bytes. Error detail: Chunk::new
# Possible reasons:
#   The system is out of physical RAM or swap space
#   This process is running with CompressedOops enabled, and the Java Heap may be blocking the growth of the native heap
# Possible solutions:
#   Reduce memory load on the system
#   Increase physical memory or swap space
#   Check if swap backing store is full
#   Decrease Java heap size (-Xmx/-Xms)
#   Decrease number of Java threads
#   Decrease Java thread stack sizes (-Xss)
#   Set larger code cache with -XX:ReservedCodeCacheSize=
#   JVM is running with Unscaled Compressed Oops mode in which the Java heap is
#     placed in the first 4GB address space. The Java Heap base address is the
#     maximum limit for the native heap growth. Please use -XX:HeapBaseMinAddress
#     to set the Java Heap base and to place the Java Heap above 4GB virtual address.
# This output file may be truncated or incomplete.
#
#  Out of Memory Error (arena.cpp:168), pid=39180, tid=40868
#
# JRE version: OpenJDK Runtime Environment Microsoft-11933218 (21.0.8+9) (build 21.0.8+9-LTS)
# Java VM: OpenJDK 64-Bit Server VM Microsoft-11933218 (21.0.8+9-LTS, mixed mode, sharing, tiered, compressed oops, compressed class ptrs, g1 gc, windows-amd64)
# No core dump will be written. Minidumps are not enabled by default on client versions of Windows
#

---------------  S U M M A R Y ------------

Command Line: --add-opens=java.base/java.lang=ALL-UNNAMED --add-opens=java.base/java.lang.invoke=ALL-UNNAMED --add-opens=java.base/java.util=ALL-UNNAMED --add-opens=java.prefs/java.util.prefs=ALL-UNNAMED --add-exports=jdk.compiler/com.sun.tools.javac.api=ALL-UNNAMED --add-exports=jdk.compiler/com.sun.tools.javac.util=ALL-UNNAMED --add-opens=java.base/java.util=ALL-UNNAMED --add-opens=java.prefs/java.util.prefs=ALL-UNNAMED --add-opens=java.base/java.nio.charset=ALL-UNNAMED --add-opens=java.base/java.net=ALL-UNNAMED --add-opens=java.base/java.util.concurrent.atomic=ALL-UNNAMED --add-opens=java.xml/javax.xml.namespace=ALL-UNNAMED -XX:MaxMetaspaceSize=384m -XX:+HeapDumpOnOutOfMemoryError -Xms256m -Xmx512m -Dfile.encoding=windows-1252 -Duser.country=US -Duser.language=en -Duser.variant -javaagent:C:\Users\dduc1\.gradle\wrapper\dists\gradle-8.14.3-bin\cv11ve7ro1n3o1j4so8xd9n66\gradle-8.14.3\lib\agents\gradle-instrumentation-agent-8.14.3.jar org.gradle.launcher.daemon.bootstrap.GradleDaemon 8.14.3

Host: AMD Ryzen 5 5600H with Radeon Graphics         , 12 cores, 15G,  Windows 11 , 64 bit Build 26100 (10.0.26100.5074)
Time: Mon Oct  6 10:27:19 2025 SE Asia Standard Time elapsed time: 218.240130 seconds (0d 0h 3m 38s)

---------------  T H R E A D  ---------------

Current thread (0x0000027adb0b10d0):  JavaThread "C2 CompilerThread0" daemon [_thread_in_native, id=40868, stack(0x000000de3fd00000,0x000000de3fe00000) (1024K)]


Current CompileTask:
C2:218240 6389       4       java.lang.invoke.MethodType::makeImpl (109 bytes)

Stack: [0x000000de3fd00000,0x000000de3fe00000]
Native frames: (J=compiled Java code, j=interpreted, Vv=VM code, C=native code)
V  [jvm.dll+0x6e1729]
V  [jvm.dll+0x8bf47b]
V  [jvm.dll+0x8c19aa]
V  [jvm.dll+0x8c2083]
V  [jvm.dll+0x289fd6]
V  [jvm.dll+0xc903d]
V  [jvm.dll+0xc958c]
V  [jvm.dll+0x3c76e2]
V  [jvm.dll+0x393f22]
V  [jvm.dll+0x39337a]
V  [jvm.dll+0x251c60]
V  [jvm.dll+0x251283]
V  [jvm.dll+0x1d18bf]
V  [jvm.dll+0x260f4a]
V  [jvm.dll+0x25f2b5]
V  [jvm.dll+0x40151d]
V  [jvm.dll+0x86975d]
V  [jvm.dll+0x6dff2d]
C  [ucrtbase.dll+0x37b0]
C  [KERNEL32.DLL+0x2e8d7]
C  [ntdll.dll+0x8d9c]


---------------  P R O C E S S  ---------------

Threads class SMR info:
_java_thread_list=0x0000027af54c9660, length=75, elements={
0x0000027abfda15c0, 0x0000027adb0a6f50, 0x0000027adb0a7aa0, 0x0000027adb0aa500,
0x0000027adb0acf60, 0x0000027adb0ad9b0, 0x0000027adb0ae400, 0x0000027adb0b10d0,
0x0000027adb0b82d0, 0x0000027adb1af6e0, 0x0000027adb29a9b0, 0x0000027af5e5cba0,
0x0000027af5e57710, 0x0000027af528b340, 0x0000027af523afa0, 0x0000027af53ab6a0,
0x0000027af51350d0, 0x0000027af53f51e0, 0x0000027af53f5f00, 0x0000027af53f6c20,
0x0000027af53f5870, 0x0000027af53f7940, 0x0000027af53f6590, 0x0000027af53f44c0,
0x0000027af53f4b50, 0x0000027af6c283b0, 0x0000027af6c27690, 0x0000027af6c290d0,
0x0000027af6c25c50, 0x0000027af6c262e0, 0x0000027af6c29df0, 0x0000027af6c29760,
0x0000027af6c26970, 0x0000027af6c27000, 0x0000027af6c2ab10, 0x0000027af6c2b1a0,
0x0000027af6c27d20, 0x0000027af6c2cbe0, 0x0000027af6c2b830, 0x0000027af6c2c550,
0x0000027af681bd10, 0x0000027af681d0c0, 0x0000027af681b680, 0x0000027af681c3a0,
0x0000027af681a960, 0x0000027af6819c40, 0x0000027af681aff0, 0x0000027af681ca30,
0x0000027af681a2d0, 0x0000027af68e0fb0, 0x0000027af68deee0, 0x0000027af68e2360,
0x0000027af68e29f0, 0x0000027af68e1cd0, 0x0000027af68dfc00, 0x0000027af68e1640,
0x0000027af68df570, 0x0000027af68e3080, 0x0000027af68e3710, 0x0000027af68e0290,
0x0000027af68e3da0, 0x0000027af68e0920, 0x0000027af68e6500, 0x0000027af68e4430,
0x0000027af68e57e0, 0x0000027af68e4ac0, 0x0000027af68e5150, 0x0000027af68e5e70,
0x0000027af93f1930, 0x0000027af93f1fc0, 0x0000027af93f2ce0, 0x0000027af93f2650,
0x0000027af93f3370, 0x0000027af79f2860, 0x0000027af76d9e30
}

Java Threads: ( => current thread )
  0x0000027abfda15c0 JavaThread "main"                              [_thread_blocked, id=40668, stack(0x000000de3ef00000,0x000000de3f000000) (1024K)]
  0x0000027adb0a6f50 JavaThread "Reference Handler"          daemon [_thread_blocked, id=40844, stack(0x000000de3f700000,0x000000de3f800000) (1024K)]
  0x0000027adb0a7aa0 JavaThread "Finalizer"                  daemon [_thread_blocked, id=40848, stack(0x000000de3f800000,0x000000de3f900000) (1024K)]
  0x0000027adb0aa500 JavaThread "Signal Dispatcher"          daemon [_thread_blocked, id=40852, stack(0x000000de3f900000,0x000000de3fa00000) (1024K)]
  0x0000027adb0acf60 JavaThread "Attach Listener"            daemon [_thread_blocked, id=40856, stack(0x000000de3fa00000,0x000000de3fb00000) (1024K)]
  0x0000027adb0ad9b0 JavaThread "Service Thread"             daemon [_thread_blocked, id=40860, stack(0x000000de3fb00000,0x000000de3fc00000) (1024K)]
  0x0000027adb0ae400 JavaThread "Monitor Deflation Thread"   daemon [_thread_blocked, id=40864, stack(0x000000de3fc00000,0x000000de3fd00000) (1024K)]
=>0x0000027adb0b10d0 JavaThread "C2 CompilerThread0"         daemon [_thread_in_native, id=40868, stack(0x000000de3fd00000,0x000000de3fe00000) (1024K)]
  0x0000027adb0b82d0 JavaThread "C1 CompilerThread0"         daemon [_thread_blocked, id=40872, stack(0x000000de3fe00000,0x000000de3ff00000) (1024K)]
  0x0000027adb1af6e0 JavaThread "Common-Cleaner"             daemon [_thread_blocked, id=40888, stack(0x000000de3ff00000,0x000000de40000000) (1024K)]
  0x0000027adb29a9b0 JavaThread "Notification Thread"        daemon [_thread_blocked, id=40936, stack(0x000000de40000000,0x000000de40100000) (1024K)]
  0x0000027af5e5cba0 JavaThread "Daemon health stats"               [_thread_blocked, id=3916, stack(0x000000de40800000,0x000000de40900000) (1024K)]
  0x0000027af5e57710 JavaThread "Incoming local TCP Connector on port 56706"        [_thread_in_native, id=41568, stack(0x000000de40900000,0x000000de40a00000) (1024K)]
  0x0000027af528b340 JavaThread "Daemon periodic checks"            [_thread_blocked, id=41900, stack(0x000000de40a00000,0x000000de40b00000) (1024K)]
  0x0000027af523afa0 JavaThread "Daemon"                            [_thread_blocked, id=41976, stack(0x000000de40b00000,0x000000de40c00000) (1024K)]
  0x0000027af53ab6a0 JavaThread "Handler for socket connection from /127.0.0.1:56706 to /127.0.0.1:56712"        [_thread_in_native, id=14020, stack(0x000000de40c00000,0x000000de40d00000) (1024K)]
  0x0000027af51350d0 JavaThread "Cancel handler"                    [_thread_blocked, id=30792, stack(0x000000de40200000,0x000000de40300000) (1024K)]
  0x0000027af53f51e0 JavaThread "Daemon worker"                     [_thread_blocked, id=17232, stack(0x000000de40d00000,0x000000de40e00000) (1024K)]
  0x0000027af53f5f00 JavaThread "Asynchronous log dispatcher for DefaultDaemonConnection: socket connection from /127.0.0.1:56706 to /127.0.0.1:56712"        [_thread_blocked, id=40676, stack(0x000000de40e00000,0x000000de40f00000) (1024K)]
  0x0000027af53f6c20 JavaThread "Stdin handler"                     [_thread_blocked, id=32356, stack(0x000000de40f00000,0x000000de41000000) (1024K)]
  0x0000027af53f5870 JavaThread "Daemon client event forwarder"        [_thread_blocked, id=32244, stack(0x000000de41000000,0x000000de41100000) (1024K)]
  0x0000027af53f7940 JavaThread "Cache worker for journal cache (C:\Users\dduc1\.gradle\caches\journal-1)"        [_thread_blocked, id=9328, stack(0x000000de41100000,0x000000de41200000) (1024K)]
  0x0000027af53f6590 JavaThread "File lock request listener"        [_thread_in_native, id=35032, stack(0x000000de41200000,0x000000de41300000) (1024K)]
  0x0000027af53f44c0 JavaThread "Cache worker for file hash cache (C:\Users\dduc1\.gradle\caches\8.14.3\fileHashes)"        [_thread_blocked, id=38700, stack(0x000000de41500000,0x000000de41600000) (1024K)]
  0x0000027af53f4b50 JavaThread "Cache worker for file hash cache (E:\J2EE\Java_Microservice_BE\booking-service\.gradle\8.14.3\fileHashes)"        [_thread_blocked, id=41236, stack(0x000000de41b00000,0x000000de41c00000) (1024K)]
  0x0000027af6c283b0 JavaThread "Cache worker for Build Output Cleanup Cache (E:\J2EE\Java_Microservice_BE\booking-service\.gradle\buildOutputCleanup)"        [_thread_blocked, id=38124, stack(0x000000de41c00000,0x000000de41d00000) (1024K)]
  0x0000027af6c27690 JavaThread "File watcher server"        daemon [_thread_in_native, id=39768, stack(0x000000de41d00000,0x000000de41e00000) (1024K)]
  0x0000027af6c290d0 JavaThread "File watcher consumer"      daemon [_thread_blocked, id=39772, stack(0x000000de41e00000,0x000000de41f00000) (1024K)]
  0x0000027af6c25c50 JavaThread "jar transforms"                    [_thread_blocked, id=33468, stack(0x000000de3ed00000,0x000000de3ee00000) (1024K)]
  0x0000027af6c262e0 JavaThread "File lock release action executor Thread 2"        [_thread_blocked, id=31696, stack(0x000000de3ee00000,0x000000de3ef00000) (1024K)]
  0x0000027af6c29df0 JavaThread "jar transforms Thread 2"           [_thread_blocked, id=38332, stack(0x000000de41300000,0x000000de41400000) (1024K)]
  0x0000027af6c29760 JavaThread "Cache worker for checksums cache (E:\J2EE\Java_Microservice_BE\booking-service\.gradle\8.14.3\checksums)"        [_thread_blocked, id=15256, stack(0x000000de42000000,0x000000de42100000) (1024K)]
  0x0000027af6c26970 JavaThread "Cache worker for file content cache (C:\Users\dduc1\.gradle\caches\8.14.3\fileContent)"        [_thread_blocked, id=19580, stack(0x000000de41f00000,0x000000de42000000) (1024K)]
  0x0000027af6c27000 JavaThread "jar transforms Thread 3"           [_thread_blocked, id=42876, stack(0x000000de41a00000,0x000000de41b00000) (1024K)]
  0x0000027af6c2ab10 JavaThread "jar transforms Thread 4"           [_thread_blocked, id=42316, stack(0x000000de42100000,0x000000de42200000) (1024K)]
  0x0000027af6c2b1a0 JavaThread "jar transforms Thread 5"           [_thread_blocked, id=32096, stack(0x000000de42200000,0x000000de42300000) (1024K)]
  0x0000027af6c27d20 JavaThread "jar transforms Thread 6"           [_thread_blocked, id=40924, stack(0x000000de42300000,0x000000de42400000) (1024K)]
  0x0000027af6c2cbe0 JavaThread "Cache worker for cache directory md-supplier (C:\Users\dduc1\.gradle\caches\8.14.3\md-supplier)"        [_thread_blocked, id=39964, stack(0x000000de42400000,0x000000de42500000) (1024K)]
  0x0000027af6c2b830 JavaThread "Cache worker for cache directory md-rule (C:\Users\dduc1\.gradle\caches\8.14.3\md-rule)"        [_thread_blocked, id=20100, stack(0x000000de42500000,0x000000de42600000) (1024K)]
  0x0000027af6c2c550 JavaThread "jar transforms Thread 7"           [_thread_blocked, id=42744, stack(0x000000de42600000,0x000000de42700000) (1024K)]
  0x0000027af681bd10 JavaThread "Unconstrained build operations"        [_thread_blocked, id=1712, stack(0x000000de42700000,0x000000de42800000) (1024K)]
  0x0000027af681d0c0 JavaThread "Unconstrained build operations Thread 2"        [_thread_blocked, id=17096, stack(0x000000de42800000,0x000000de42900000) (1024K)]
  0x0000027af681b680 JavaThread "Unconstrained build operations Thread 3"        [_thread_blocked, id=28972, stack(0x000000de42900000,0x000000de42a00000) (1024K)]
  0x0000027af681c3a0 JavaThread "Unconstrained build operations Thread 4"        [_thread_blocked, id=12920, stack(0x000000de42a00000,0x000000de42b00000) (1024K)]
  0x0000027af681a960 JavaThread "Unconstrained build operations Thread 5"        [_thread_blocked, id=22548, stack(0x000000de42b00000,0x000000de42c00000) (1024K)]
  0x0000027af6819c40 JavaThread "Unconstrained build operations Thread 6"        [_thread_blocked, id=19804, stack(0x000000de42c00000,0x000000de42d00000) (1024K)]
  0x0000027af681aff0 JavaThread "Unconstrained build operations Thread 7"        [_thread_blocked, id=25328, stack(0x000000de42d00000,0x000000de42e00000) (1024K)]
  0x0000027af681ca30 JavaThread "Unconstrained build operations Thread 8"        [_thread_blocked, id=25304, stack(0x000000de42e00000,0x000000de42f00000) (1024K)]
  0x0000027af681a2d0 JavaThread "Unconstrained build operations Thread 9"        [_thread_blocked, id=12820, stack(0x000000de42f00000,0x000000de43000000) (1024K)]
  0x0000027af68e0fb0 JavaThread "Unconstrained build operations Thread 10"        [_thread_blocked, id=17616, stack(0x000000de43000000,0x000000de43100000) (1024K)]
  0x0000027af68deee0 JavaThread "Unconstrained build operations Thread 11"        [_thread_blocked, id=38364, stack(0x000000de43100000,0x000000de43200000) (1024K)]
  0x0000027af68e2360 JavaThread "Unconstrained build operations Thread 12"        [_thread_blocked, id=35508, stack(0x000000de43200000,0x000000de43300000) (1024K)]
  0x0000027af68e29f0 JavaThread "Unconstrained build operations Thread 13"        [_thread_blocked, id=41940, stack(0x000000de43300000,0x000000de43400000) (1024K)]
  0x0000027af68e1cd0 JavaThread "Unconstrained build operations Thread 14"        [_thread_blocked, id=42992, stack(0x000000de43400000,0x000000de43500000) (1024K)]
  0x0000027af68dfc00 JavaThread "Unconstrained build operations Thread 15"        [_thread_blocked, id=24132, stack(0x000000de43500000,0x000000de43600000) (1024K)]
  0x0000027af68e1640 JavaThread "Unconstrained build operations Thread 16"        [_thread_blocked, id=42968, stack(0x000000de43600000,0x000000de43700000) (1024K)]
  0x0000027af68df570 JavaThread "Unconstrained build operations Thread 17"        [_thread_blocked, id=19336, stack(0x000000de43700000,0x000000de43800000) (1024K)]
  0x0000027af68e3080 JavaThread "Unconstrained build operations Thread 18"        [_thread_blocked, id=37284, stack(0x000000de43800000,0x000000de43900000) (1024K)]
  0x0000027af68e3710 JavaThread "Unconstrained build operations Thread 19"        [_thread_blocked, id=11644, stack(0x000000de43900000,0x000000de43a00000) (1024K)]
  0x0000027af68e0290 JavaThread "Unconstrained build operations Thread 20"        [_thread_blocked, id=40112, stack(0x000000de43a00000,0x000000de43b00000) (1024K)]
  0x0000027af68e3da0 JavaThread "Unconstrained build operations Thread 21"        [_thread_blocked, id=42984, stack(0x000000de43b00000,0x000000de43c00000) (1024K)]
  0x0000027af68e0920 JavaThread "Unconstrained build operations Thread 22"        [_thread_blocked, id=10724, stack(0x000000de43c00000,0x000000de43d00000) (1024K)]
  0x0000027af68e6500 JavaThread "Unconstrained build operations Thread 23"        [_thread_blocked, id=21952, stack(0x000000de43d00000,0x000000de43e00000) (1024K)]
  0x0000027af68e4430 JavaThread "Unconstrained build operations Thread 24"        [_thread_blocked, id=33436, stack(0x000000de43e00000,0x000000de43f00000) (1024K)]
  0x0000027af68e57e0 JavaThread "Unconstrained build operations Thread 25"        [_thread_blocked, id=23184, stack(0x000000de43f00000,0x000000de44000000) (1024K)]
  0x0000027af68e4ac0 JavaThread "Unconstrained build operations Thread 26"        [_thread_blocked, id=13840, stack(0x000000de44000000,0x000000de44100000) (1024K)]
  0x0000027af68e5150 JavaThread "Unconstrained build operations Thread 27"        [_thread_blocked, id=26516, stack(0x000000de44100000,0x000000de44200000) (1024K)]
  0x0000027af68e5e70 JavaThread "Unconstrained build operations Thread 28"        [_thread_blocked, id=42808, stack(0x000000de44200000,0x000000de44300000) (1024K)]
  0x0000027af93f1930 JavaThread "Unconstrained build operations Thread 29"        [_thread_blocked, id=14104, stack(0x000000de44300000,0x000000de44400000) (1024K)]
  0x0000027af93f1fc0 JavaThread "Unconstrained build operations Thread 30"        [_thread_blocked, id=33448, stack(0x000000de44400000,0x000000de44500000) (1024K)]
  0x0000027af93f2ce0 JavaThread "Unconstrained build operations Thread 31"        [_thread_blocked, id=42924, stack(0x000000de44500000,0x000000de44600000) (1024K)]
  0x0000027af93f2650 JavaThread "Unconstrained build operations Thread 32"        [_thread_blocked, id=11812, stack(0x000000de44600000,0x000000de44700000) (1024K)]
  0x0000027af93f3370 JavaThread "Unconstrained build operations Thread 33"        [_thread_blocked, id=42940, stack(0x000000de44700000,0x000000de44800000) (1024K)]
  0x0000027af79f2860 JavaThread "C2 CompilerThread1"         daemon [_thread_blocked, id=42024, stack(0x000000de44800000,0x000000de44900000) (1024K)]
  0x0000027af76d9e30 JavaThread "C2 CompilerThread2"         daemon [_thread_blocked, id=34072, stack(0x000000de44900000,0x000000de44a00000) (1024K)]
Total: 75

Other Threads:
  0x0000027adb08ef60 VMThread "VM Thread"                           [id=40784, stack(0x000000de3f600000,0x000000de3f700000) (1024K)]
  0x0000027adb07b9d0 WatcherThread "VM Periodic Task Thread"        [id=40768, stack(0x000000de3f500000,0x000000de3f600000) (1024K)]
  0x0000027abfdcc820 WorkerThread "GC Thread#0"                     [id=40704, stack(0x000000de3f000000,0x000000de3f100000) (1024K)]
  0x0000027adb5ed860 WorkerThread "GC Thread#1"                     [id=39196, stack(0x000000de40300000,0x000000de40400000) (1024K)]
  0x0000027adb6edb80 WorkerThread "GC Thread#2"                     [id=39308, stack(0x000000de40400000,0x000000de40500000) (1024K)]
  0x0000027adb6edf20 WorkerThread "GC Thread#3"                     [id=39720, stack(0x000000de40500000,0x000000de40600000) (1024K)]
  0x0000027adb6ee2c0 WorkerThread "GC Thread#4"                     [id=38832, stack(0x000000de40600000,0x000000de40700000) (1024K)]
  0x0000027adb6ee660 WorkerThread "GC Thread#5"                     [id=6856, stack(0x000000de40700000,0x000000de40800000) (1024K)]
  0x0000027af5de8ef0 WorkerThread "GC Thread#6"                     [id=5652, stack(0x000000de40100000,0x000000de40200000) (1024K)]
  0x0000027af863ea20 WorkerThread "GC Thread#7"                     [id=37400, stack(0x000000de41400000,0x000000de41500000) (1024K)]
  0x0000027af863edc0 WorkerThread "GC Thread#8"                     [id=24024, stack(0x000000de41600000,0x000000de41700000) (1024K)]
  0x0000027af863f500 WorkerThread "GC Thread#9"                     [id=39000, stack(0x000000de41700000,0x000000de41800000) (1024K)]
  0x0000027abfdd1710 ConcurrentGCThread "G1 Main Marker"            [id=40708, stack(0x000000de3f100000,0x000000de3f200000) (1024K)]
  0x0000027abfdd2120 WorkerThread "G1 Conc#0"                       [id=40712, stack(0x000000de3f200000,0x000000de3f300000) (1024K)]
  0x0000027af863dba0 WorkerThread "G1 Conc#1"                       [id=38096, stack(0x000000de41800000,0x000000de41900000) (1024K)]
  0x0000027af863df40 WorkerThread "G1 Conc#2"                       [id=38108, stack(0x000000de41900000,0x000000de41a00000) (1024K)]
  0x0000027adaf4cda0 ConcurrentGCThread "G1 Refine#0"               [id=40720, stack(0x000000de3f300000,0x000000de3f400000) (1024K)]
  0x0000027adaf4d5c0 ConcurrentGCThread "G1 Service"                [id=40724, stack(0x000000de3f400000,0x000000de3f500000) (1024K)]
Total: 18

Threads with active compile tasks:
C2 CompilerThread0  219255 6389       4       java.lang.invoke.MethodType::makeImpl (109 bytes)
Total: 1

VM state: not at safepoint (normal execution)

VM Mutex/Monitor currently owned by a thread: None

Heap address: 0x00000000e0000000, size: 512 MB, Compressed Oops mode: 32-bit

CDS archive(s) mapped at: [0x0000027adc000000-0x0000027adcc80000-0x0000027adcc80000), size 13107200, SharedBaseAddress: 0x0000027adc000000, ArchiveRelocationMode: 1.
Compressed class space mapped at: 0x0000027add000000-0x0000027af1000000, reserved size: 335544320
Narrow klass base: 0x0000027adc000000, Narrow klass shift: 0, Narrow klass range: 0x100000000

GC Precious Log:
 CardTable entry size: 512
 Card Set container configuration: InlinePtr #cards 5 size 8 Array Of Cards #cards 12 size 40 Howl #buckets 4 coarsen threshold 1843 Howl Bitmap #cards 512 size 80 coarsen threshold 460 Card regions per heap region 1 cards per card region 2048
 CPUs: 12 total, 12 available
 Memory: 15724M
 Large Page Support: Disabled
 NUMA Support: Disabled
 Compressed Oops: Enabled (32-bit)
 Heap Region Size: 1M
 Heap Min Capacity: 256M
 Heap Initial Capacity: 256M
 Heap Max Capacity: 512M
 Pre-touch: Disabled
 Parallel Workers: 10
 Concurrent Workers: 3
 Concurrent Refinement Workers: 10
 Periodic GC: Disabled

Heap:
 garbage-first heap   total 262144K, used 57502K [0x00000000e0000000, 0x0000000100000000)
  region size 1024K, 34 young (34816K), 16 survivors (16384K)
 Metaspace       used 50966K, committed 52736K, reserved 393216K
  class space    used 7364K, committed 8256K, reserved 327680K

Heap Regions: E=young(eden), S=young(survivor), O=old, HS=humongous(starts), HC=humongous(continues), CS=collection set, F=free, TAMS=top-at-mark-start, PB=parsable bottom
|   0|0x00000000e0000000, 0x00000000e0100000, 0x00000000e0100000|100%|HS|  |TAMS 0x00000000e0000000| PB 0x00000000e0000000| Complete 
|   1|0x00000000e0100000, 0x00000000e0200000, 0x00000000e0200000|100%|HC|  |TAMS 0x00000000e0100000| PB 0x00000000e0100000| Complete 
|   2|0x00000000e0200000, 0x00000000e0300000, 0x00000000e0300000|100%|HC|  |TAMS 0x00000000e0200000| PB 0x00000000e0200000| Complete 
|   3|0x00000000e0300000, 0x00000000e0400000, 0x00000000e0400000|100%| O|  |TAMS 0x00000000e0300000| PB 0x00000000e0300000| Untracked 
|   4|0x00000000e0400000, 0x00000000e0500000, 0x00000000e0500000|100%| O|  |TAMS 0x00000000e0400000| PB 0x00000000e0400000| Untracked 
|   5|0x00000000e0500000, 0x00000000e0600000, 0x00000000e0600000|100%| O|  |TAMS 0x00000000e0500000| PB 0x00000000e0500000| Untracked 
|   6|0x00000000e0600000, 0x00000000e0700000, 0x00000000e0700000|100%|HS|  |TAMS 0x00000000e0600000| PB 0x00000000e0600000| Complete 
|   7|0x00000000e0700000, 0x00000000e0800000, 0x00000000e0800000|100%| O|  |TAMS 0x00000000e0700000| PB 0x00000000e0700000| Untracked 
|   8|0x00000000e0800000, 0x00000000e0900000, 0x00000000e0900000|100%| O|  |TAMS 0x00000000e0800000| PB 0x00000000e0800000| Untracked 
|   9|0x00000000e0900000, 0x00000000e0a00000, 0x00000000e0a00000|100%| O|  |TAMS 0x00000000e0900000| PB 0x00000000e0900000| Untracked 
|  10|0x00000000e0a00000, 0x00000000e0b00000, 0x00000000e0b00000|100%| O|  |TAMS 0x00000000e0a00000| PB 0x00000000e0a00000| Untracked 
|  11|0x00000000e0b00000, 0x00000000e0b00000, 0x00000000e0c00000|  0%| F|  |TAMS 0x00000000e0b00000| PB 0x00000000e0b00000| Untracked 
|  12|0x00000000e0c00000, 0x00000000e0d00000, 0x00000000e0d00000|100%| O|  |TAMS 0x00000000e0c00000| PB 0x00000000e0c00000| Untracked 
|  13|0x00000000e0d00000, 0x00000000e0e00000, 0x00000000e0e00000|100%| O|  |TAMS 0x00000000e0d00000| PB 0x00000000e0d00000| Untracked 
|  14|0x00000000e0e00000, 0x00000000e0f00000, 0x00000000e0f00000|100%| O|  |TAMS 0x00000000e0e00000| PB 0x00000000e0e00000| Untracked 
|  15|0x00000000e0f00000, 0x00000000e1000000, 0x00000000e1000000|100%| O|  |TAMS 0x00000000e0f00000| PB 0x00000000e0f00000| Untracked 
|  16|0x00000000e1000000, 0x00000000e1100000, 0x00000000e1100000|100%| O|  |TAMS 0x00000000e1000000| PB 0x00000000e1000000| Untracked 
|  17|0x00000000e1100000, 0x00000000e1100000, 0x00000000e1200000|  0%| F|  |TAMS 0x00000000e1100000| PB 0x00000000e1100000| Untracked 
|  18|0x00000000e1200000, 0x00000000e1200000, 0x00000000e1300000|  0%| F|  |TAMS 0x00000000e1200000| PB 0x00000000e1200000| Untracked 
|  19|0x00000000e1300000, 0x00000000e1300000, 0x00000000e1400000|  0%| F|  |TAMS 0x00000000e1300000| PB 0x00000000e1300000| Untracked 
|  20|0x00000000e1400000, 0x00000000e1400000, 0x00000000e1500000|  0%| F|  |TAMS 0x00000000e1400000| PB 0x00000000e1400000| Untracked 
|  21|0x00000000e1500000, 0x00000000e1500000, 0x00000000e1600000|  0%| F|  |TAMS 0x00000000e1500000| PB 0x00000000e1500000| Untracked 
|  22|0x00000000e1600000, 0x00000000e1700000, 0x00000000e1700000|100%| O|  |TAMS 0x00000000e1600000| PB 0x00000000e1600000| Untracked 
|  23|0x00000000e1700000, 0x00000000e1800000, 0x00000000e1800000|100%| O|  |TAMS 0x00000000e1700000| PB 0x00000000e1700000| Untracked 
|  24|0x00000000e1800000, 0x00000000e1900000, 0x00000000e1900000|100%| O|  |TAMS 0x00000000e1800000| PB 0x00000000e1800000| Untracked 
|  25|0x00000000e1900000, 0x00000000e1a00000, 0x00000000e1a00000|100%| O|  |TAMS 0x00000000e1900000| PB 0x00000000e1900000| Untracked 
|  26|0x00000000e1a00000, 0x00000000e1b00000, 0x00000000e1b00000|100%| O|  |TAMS 0x00000000e1a00000| PB 0x00000000e1a00000| Untracked 
|  27|0x00000000e1b00000, 0x00000000e1c00000, 0x00000000e1c00000|100%| O|  |TAMS 0x00000000e1b00000| PB 0x00000000e1b00000| Untracked 
|  28|0x00000000e1c00000, 0x00000000e1d00000, 0x00000000e1d00000|100%| O|Cm|TAMS 0x00000000e1c00000| PB 0x00000000e1c00000| Complete 
|  29|0x00000000e1d00000, 0x00000000e1d278c0, 0x00000000e1e00000| 15%| O|  |TAMS 0x00000000e1d00000| PB 0x00000000e1d00000| Untracked 
|  30|0x00000000e1e00000, 0x00000000e1e00000, 0x00000000e1f00000|  0%| F|  |TAMS 0x00000000e1e00000| PB 0x00000000e1e00000| Untracked 
|  31|0x00000000e1f00000, 0x00000000e1f00000, 0x00000000e2000000|  0%| F|  |TAMS 0x00000000e1f00000| PB 0x00000000e1f00000| Untracked 
|  32|0x00000000e2000000, 0x00000000e2000000, 0x00000000e2100000|  0%| F|  |TAMS 0x00000000e2000000| PB 0x00000000e2000000| Untracked 
|  33|0x00000000e2100000, 0x00000000e2100000, 0x00000000e2200000|  0%| F|  |TAMS 0x00000000e2100000| PB 0x00000000e2100000| Untracked 
|  34|0x00000000e2200000, 0x00000000e2200000, 0x00000000e2300000|  0%| F|  |TAMS 0x00000000e2200000| PB 0x00000000e2200000| Untracked 
|  35|0x00000000e2300000, 0x00000000e2300000, 0x00000000e2400000|  0%| F|  |TAMS 0x00000000e2300000| PB 0x00000000e2300000| Untracked 
|  36|0x00000000e2400000, 0x00000000e2400000, 0x00000000e2500000|  0%| F|  |TAMS 0x00000000e2400000| PB 0x00000000e2400000| Untracked 
|  37|0x00000000e2500000, 0x00000000e2500000, 0x00000000e2600000|  0%| F|  |TAMS 0x00000000e2500000| PB 0x00000000e2500000| Untracked 
|  38|0x00000000e2600000, 0x00000000e2600000, 0x00000000e2700000|  0%| F|  |TAMS 0x00000000e2600000| PB 0x00000000e2600000| Untracked 
|  39|0x00000000e2700000, 0x00000000e2700000, 0x00000000e2800000|  0%| F|  |TAMS 0x00000000e2700000| PB 0x00000000e2700000| Untracked 
|  40|0x00000000e2800000, 0x00000000e2800000, 0x00000000e2900000|  0%| F|  |TAMS 0x00000000e2800000| PB 0x00000000e2800000| Untracked 
|  41|0x00000000e2900000, 0x00000000e2900000, 0x00000000e2a00000|  0%| F|  |TAMS 0x00000000e2900000| PB 0x00000000e2900000| Untracked 
|  42|0x00000000e2a00000, 0x00000000e2a00000, 0x00000000e2b00000|  0%| F|  |TAMS 0x00000000e2a00000| PB 0x00000000e2a00000| Untracked 
|  43|0x00000000e2b00000, 0x00000000e2b00000, 0x00000000e2c00000|  0%| F|  |TAMS 0x00000000e2b00000| PB 0x00000000e2b00000| Untracked 
|  44|0x00000000e2c00000, 0x00000000e2c00000, 0x00000000e2d00000|  0%| F|  |TAMS 0x00000000e2c00000| PB 0x00000000e2c00000| Untracked 
|  45|0x00000000e2d00000, 0x00000000e2d00000, 0x00000000e2e00000|  0%| F|  |TAMS 0x00000000e2d00000| PB 0x00000000e2d00000| Untracked 
|  46|0x00000000e2e00000, 0x00000000e2e00000, 0x00000000e2f00000|  0%| F|  |TAMS 0x00000000e2e00000| PB 0x00000000e2e00000| Untracked 
|  47|0x00000000e2f00000, 0x00000000e2f00000, 0x00000000e3000000|  0%| F|  |TAMS 0x00000000e2f00000| PB 0x00000000e2f00000| Untracked 
|  48|0x00000000e3000000, 0x00000000e3000000, 0x00000000e3100000|  0%| F|  |TAMS 0x00000000e3000000| PB 0x00000000e3000000| Untracked 
|  49|0x00000000e3100000, 0x00000000e3100000, 0x00000000e3200000|  0%| F|  |TAMS 0x00000000e3100000| PB 0x00000000e3100000| Untracked 
|  50|0x00000000e3200000, 0x00000000e3200000, 0x00000000e3300000|  0%| F|  |TAMS 0x00000000e3200000| PB 0x00000000e3200000| Untracked 
|  51|0x00000000e3300000, 0x00000000e3300000, 0x00000000e3400000|  0%| F|  |TAMS 0x00000000e3300000| PB 0x00000000e3300000| Untracked 
|  52|0x00000000e3400000, 0x00000000e3400000, 0x00000000e3500000|  0%| F|  |TAMS 0x00000000e3400000| PB 0x00000000e3400000| Untracked 
|  53|0x00000000e3500000, 0x00000000e3500000, 0x00000000e3600000|  0%| F|  |TAMS 0x00000000e3500000| PB 0x00000000e3500000| Untracked 
|  54|0x00000000e3600000, 0x00000000e3600000, 0x00000000e3700000|  0%| F|  |TAMS 0x00000000e3600000| PB 0x00000000e3600000| Untracked 
|  55|0x00000000e3700000, 0x00000000e3700000, 0x00000000e3800000|  0%| F|  |TAMS 0x00000000e3700000| PB 0x00000000e3700000| Untracked 
|  56|0x00000000e3800000, 0x00000000e3800000, 0x00000000e3900000|  0%| F|  |TAMS 0x00000000e3800000| PB 0x00000000e3800000| Untracked 
|  57|0x00000000e3900000, 0x00000000e3900000, 0x00000000e3a00000|  0%| F|  |TAMS 0x00000000e3900000| PB 0x00000000e3900000| Untracked 
|  58|0x00000000e3a00000, 0x00000000e3a00000, 0x00000000e3b00000|  0%| F|  |TAMS 0x00000000e3a00000| PB 0x00000000e3a00000| Untracked 
|  59|0x00000000e3b00000, 0x00000000e3b00000, 0x00000000e3c00000|  0%| F|  |TAMS 0x00000000e3b00000| PB 0x00000000e3b00000| Untracked 
|  60|0x00000000e3c00000, 0x00000000e3c00000, 0x00000000e3d00000|  0%| F|  |TAMS 0x00000000e3c00000| PB 0x00000000e3c00000| Untracked 
|  61|0x00000000e3d00000, 0x00000000e3d00000, 0x00000000e3e00000|  0%| F|  |TAMS 0x00000000e3d00000| PB 0x00000000e3d00000| Untracked 
|  62|0x00000000e3e00000, 0x00000000e3e00000, 0x00000000e3f00000|  0%| F|  |TAMS 0x00000000e3e00000| PB 0x00000000e3e00000| Untracked 
|  63|0x00000000e3f00000, 0x00000000e3f00000, 0x00000000e4000000|  0%| F|  |TAMS 0x00000000e3f00000| PB 0x00000000e3f00000| Untracked 
|  64|0x00000000e4000000, 0x00000000e4000000, 0x00000000e4100000|  0%| F|  |TAMS 0x00000000e4000000| PB 0x00000000e4000000| Untracked 
|  65|0x00000000e4100000, 0x00000000e4100000, 0x00000000e4200000|  0%| F|  |TAMS 0x00000000e4100000| PB 0x00000000e4100000| Untracked 
|  66|0x00000000e4200000, 0x00000000e4200000, 0x00000000e4300000|  0%| F|  |TAMS 0x00000000e4200000| PB 0x00000000e4200000| Untracked 
|  67|0x00000000e4300000, 0x00000000e4300000, 0x00000000e4400000|  0%| F|  |TAMS 0x00000000e4300000| PB 0x00000000e4300000| Untracked 
|  68|0x00000000e4400000, 0x00000000e4400000, 0x00000000e4500000|  0%| F|  |TAMS 0x00000000e4400000| PB 0x00000000e4400000| Untracked 
|  69|0x00000000e4500000, 0x00000000e4500000, 0x00000000e4600000|  0%| F|  |TAMS 0x00000000e4500000| PB 0x00000000e4500000| Untracked 
|  70|0x00000000e4600000, 0x00000000e4600000, 0x00000000e4700000|  0%| F|  |TAMS 0x00000000e4600000| PB 0x00000000e4600000| Untracked 
|  71|0x00000000e4700000, 0x00000000e4700000, 0x00000000e4800000|  0%| F|  |TAMS 0x00000000e4700000| PB 0x00000000e4700000| Untracked 
|  72|0x00000000e4800000, 0x00000000e4800000, 0x00000000e4900000|  0%| F|  |TAMS 0x00000000e4800000| PB 0x00000000e4800000| Untracked 
|  73|0x00000000e4900000, 0x00000000e4900000, 0x00000000e4a00000|  0%| F|  |TAMS 0x00000000e4900000| PB 0x00000000e4900000| Untracked 
|  74|0x00000000e4a00000, 0x00000000e4a00000, 0x00000000e4b00000|  0%| F|  |TAMS 0x00000000e4a00000| PB 0x00000000e4a00000| Untracked 
|  75|0x00000000e4b00000, 0x00000000e4b00000, 0x00000000e4c00000|  0%| F|  |TAMS 0x00000000e4b00000| PB 0x00000000e4b00000| Untracked 
|  76|0x00000000e4c00000, 0x00000000e4c00000, 0x00000000e4d00000|  0%| F|  |TAMS 0x00000000e4c00000| PB 0x00000000e4c00000| Untracked 
|  77|0x00000000e4d00000, 0x00000000e4d00000, 0x00000000e4e00000|  0%| F|  |TAMS 0x00000000e4d00000| PB 0x00000000e4d00000| Untracked 
|  78|0x00000000e4e00000, 0x00000000e4e00000, 0x00000000e4f00000|  0%| F|  |TAMS 0x00000000e4e00000| PB 0x00000000e4e00000| Untracked 
|  79|0x00000000e4f00000, 0x00000000e4f00000, 0x00000000e5000000|  0%| F|  |TAMS 0x00000000e4f00000| PB 0x00000000e4f00000| Untracked 
|  80|0x00000000e5000000, 0x00000000e5000000, 0x00000000e5100000|  0%| F|  |TAMS 0x00000000e5000000| PB 0x00000000e5000000| Untracked 
|  81|0x00000000e5100000, 0x00000000e5100000, 0x00000000e5200000|  0%| F|  |TAMS 0x00000000e5100000| PB 0x00000000e5100000| Untracked 
|  82|0x00000000e5200000, 0x00000000e5200000, 0x00000000e5300000|  0%| F|  |TAMS 0x00000000e5200000| PB 0x00000000e5200000| Untracked 
|  83|0x00000000e5300000, 0x00000000e5300000, 0x00000000e5400000|  0%| F|  |TAMS 0x00000000e5300000| PB 0x00000000e5300000| Untracked 
|  84|0x00000000e5400000, 0x00000000e5400000, 0x00000000e5500000|  0%| F|  |TAMS 0x00000000e5400000| PB 0x00000000e5400000| Untracked 
|  85|0x00000000e5500000, 0x00000000e5500000, 0x00000000e5600000|  0%| F|  |TAMS 0x00000000e5500000| PB 0x00000000e5500000| Untracked 
|  86|0x00000000e5600000, 0x00000000e5600000, 0x00000000e5700000|  0%| F|  |TAMS 0x00000000e5600000| PB 0x00000000e5600000| Untracked 
|  87|0x00000000e5700000, 0x00000000e5800000, 0x00000000e5800000|100%| S|CS|TAMS 0x00000000e5700000| PB 0x00000000e5700000| Complete 
|  88|0x00000000e5800000, 0x00000000e5900000, 0x00000000e5900000|100%| S|CS|TAMS 0x00000000e5800000| PB 0x00000000e5800000| Complete 
|  89|0x00000000e5900000, 0x00000000e5a00000, 0x00000000e5a00000|100%| S|CS|TAMS 0x00000000e5900000| PB 0x00000000e5900000| Complete 
|  90|0x00000000e5a00000, 0x00000000e5b00000, 0x00000000e5b00000|100%| S|CS|TAMS 0x00000000e5a00000| PB 0x00000000e5a00000| Complete 
|  91|0x00000000e5b00000, 0x00000000e5c00000, 0x00000000e5c00000|100%| S|CS|TAMS 0x00000000e5b00000| PB 0x00000000e5b00000| Complete 
|  92|0x00000000e5c00000, 0x00000000e5d00000, 0x00000000e5d00000|100%| S|CS|TAMS 0x00000000e5c00000| PB 0x00000000e5c00000| Complete 
|  93|0x00000000e5d00000, 0x00000000e5e00000, 0x00000000e5e00000|100%| S|CS|TAMS 0x00000000e5d00000| PB 0x00000000e5d00000| Complete 
|  94|0x00000000e5e00000, 0x00000000e5f00000, 0x00000000e5f00000|100%| S|CS|TAMS 0x00000000e5e00000| PB 0x00000000e5e00000| Complete 
|  95|0x00000000e5f00000, 0x00000000e6000000, 0x00000000e6000000|100%| S|CS|TAMS 0x00000000e5f00000| PB 0x00000000e5f00000| Complete 
|  96|0x00000000e6000000, 0x00000000e6100000, 0x00000000e6100000|100%| S|CS|TAMS 0x00000000e6000000| PB 0x00000000e6000000| Complete 
|  97|0x00000000e6100000, 0x00000000e6200000, 0x00000000e6200000|100%| S|CS|TAMS 0x00000000e6100000| PB 0x00000000e6100000| Complete 
|  98|0x00000000e6200000, 0x00000000e6300000, 0x00000000e6300000|100%| S|CS|TAMS 0x00000000e6200000| PB 0x00000000e6200000| Complete 
|  99|0x00000000e6300000, 0x00000000e6400000, 0x00000000e6400000|100%| S|CS|TAMS 0x00000000e6300000| PB 0x00000000e6300000| Complete 
| 100|0x00000000e6400000, 0x00000000e6500000, 0x00000000e6500000|100%| S|CS|TAMS 0x00000000e6400000| PB 0x00000000e6400000| Complete 
| 101|0x00000000e6500000, 0x00000000e6600000, 0x00000000e6600000|100%| S|CS|TAMS 0x00000000e6500000| PB 0x00000000e6500000| Complete 
| 102|0x00000000e6600000, 0x00000000e6700000, 0x00000000e6700000|100%| S|CS|TAMS 0x00000000e6600000| PB 0x00000000e6600000| Complete 
| 103|0x00000000e6700000, 0x00000000e6700000, 0x00000000e6800000|  0%| F|  |TAMS 0x00000000e6700000| PB 0x00000000e6700000| Untracked 
| 104|0x00000000e6800000, 0x00000000e6800000, 0x00000000e6900000|  0%| F|  |TAMS 0x00000000e6800000| PB 0x00000000e6800000| Untracked 
| 105|0x00000000e6900000, 0x00000000e6900000, 0x00000000e6a00000|  0%| F|  |TAMS 0x00000000e6900000| PB 0x00000000e6900000| Untracked 
| 106|0x00000000e6a00000, 0x00000000e6a00000, 0x00000000e6b00000|  0%| F|  |TAMS 0x00000000e6a00000| PB 0x00000000e6a00000| Untracked 
| 107|0x00000000e6b00000, 0x00000000e6b00000, 0x00000000e6c00000|  0%| F|  |TAMS 0x00000000e6b00000| PB 0x00000000e6b00000| Untracked 
| 108|0x00000000e6c00000, 0x00000000e6c00000, 0x00000000e6d00000|  0%| F|  |TAMS 0x00000000e6c00000| PB 0x00000000e6c00000| Untracked 
| 109|0x00000000e6d00000, 0x00000000e6d00000, 0x00000000e6e00000|  0%| F|  |TAMS 0x00000000e6d00000| PB 0x00000000e6d00000| Untracked 
| 110|0x00000000e6e00000, 0x00000000e6e00000, 0x00000000e6f00000|  0%| F|  |TAMS 0x00000000e6e00000| PB 0x00000000e6e00000| Untracked 
| 111|0x00000000e6f00000, 0x00000000e6f00000, 0x00000000e7000000|  0%| F|  |TAMS 0x00000000e6f00000| PB 0x00000000e6f00000| Untracked 
| 112|0x00000000e7000000, 0x00000000e7000000, 0x00000000e7100000|  0%| F|  |TAMS 0x00000000e7000000| PB 0x00000000e7000000| Untracked 
| 113|0x00000000e7100000, 0x00000000e7100000, 0x00000000e7200000|  0%| F|  |TAMS 0x00000000e7100000| PB 0x00000000e7100000| Untracked 
| 114|0x00000000e7200000, 0x00000000e7200000, 0x00000000e7300000|  0%| F|  |TAMS 0x00000000e7200000| PB 0x00000000e7200000| Untracked 
| 115|0x00000000e7300000, 0x00000000e7300000, 0x00000000e7400000|  0%| F|  |TAMS 0x00000000e7300000| PB 0x00000000e7300000| Untracked 
| 116|0x00000000e7400000, 0x00000000e7400000, 0x00000000e7500000|  0%| F|  |TAMS 0x00000000e7400000| PB 0x00000000e7400000| Untracked 
| 117|0x00000000e7500000, 0x00000000e7500000, 0x00000000e7600000|  0%| F|  |TAMS 0x00000000e7500000| PB 0x00000000e7500000| Untracked 
| 118|0x00000000e7600000, 0x00000000e7600000, 0x00000000e7700000|  0%| F|  |TAMS 0x00000000e7600000| PB 0x00000000e7600000| Untracked 
| 119|0x00000000e7700000, 0x00000000e7700000, 0x00000000e7800000|  0%| F|  |TAMS 0x00000000e7700000| PB 0x00000000e7700000| Untracked 
| 120|0x00000000e7800000, 0x00000000e7800000, 0x00000000e7900000|  0%| F|  |TAMS 0x00000000e7800000| PB 0x00000000e7800000| Untracked 
| 121|0x00000000e7900000, 0x00000000e7900000, 0x00000000e7a00000|  0%| F|  |TAMS 0x00000000e7900000| PB 0x00000000e7900000| Untracked 
| 122|0x00000000e7a00000, 0x00000000e7a00000, 0x00000000e7b00000|  0%| F|  |TAMS 0x00000000e7a00000| PB 0x00000000e7a00000| Untracked 
| 123|0x00000000e7b00000, 0x00000000e7b00000, 0x00000000e7c00000|  0%| F|  |TAMS 0x00000000e7b00000| PB 0x00000000e7b00000| Untracked 
| 124|0x00000000e7c00000, 0x00000000e7c00000, 0x00000000e7d00000|  0%| F|  |TAMS 0x00000000e7c00000| PB 0x00000000e7c00000| Untracked 
| 125|0x00000000e7d00000, 0x00000000e7d00000, 0x00000000e7e00000|  0%| F|  |TAMS 0x00000000e7d00000| PB 0x00000000e7d00000| Untracked 
| 126|0x00000000e7e00000, 0x00000000e7e00000, 0x00000000e7f00000|  0%| F|  |TAMS 0x00000000e7e00000| PB 0x00000000e7e00000| Untracked 
| 127|0x00000000e7f00000, 0x00000000e7f00000, 0x00000000e8000000|  0%| F|  |TAMS 0x00000000e7f00000| PB 0x00000000e7f00000| Untracked 
| 128|0x00000000e8000000, 0x00000000e8000000, 0x00000000e8100000|  0%| F|  |TAMS 0x00000000e8000000| PB 0x00000000e8000000| Untracked 
| 129|0x00000000e8100000, 0x00000000e8100000, 0x00000000e8200000|  0%| F|  |TAMS 0x00000000e8100000| PB 0x00000000e8100000| Untracked 
| 130|0x00000000e8200000, 0x00000000e8200000, 0x00000000e8300000|  0%| F|  |TAMS 0x00000000e8200000| PB 0x00000000e8200000| Untracked 
| 131|0x00000000e8300000, 0x00000000e8300000, 0x00000000e8400000|  0%| F|  |TAMS 0x00000000e8300000| PB 0x00000000e8300000| Untracked 
| 132|0x00000000e8400000, 0x00000000e8400000, 0x00000000e8500000|  0%| F|  |TAMS 0x00000000e8400000| PB 0x00000000e8400000| Untracked 
| 133|0x00000000e8500000, 0x00000000e8500000, 0x00000000e8600000|  0%| F|  |TAMS 0x00000000e8500000| PB 0x00000000e8500000| Untracked 
| 134|0x00000000e8600000, 0x00000000e8600000, 0x00000000e8700000|  0%| F|  |TAMS 0x00000000e8600000| PB 0x00000000e8600000| Untracked 
| 135|0x00000000e8700000, 0x00000000e8700000, 0x00000000e8800000|  0%| F|  |TAMS 0x00000000e8700000| PB 0x00000000e8700000| Untracked 
| 136|0x00000000e8800000, 0x00000000e8800000, 0x00000000e8900000|  0%| F|  |TAMS 0x00000000e8800000| PB 0x00000000e8800000| Untracked 
| 137|0x00000000e8900000, 0x00000000e8900000, 0x00000000e8a00000|  0%| F|  |TAMS 0x00000000e8900000| PB 0x00000000e8900000| Untracked 
| 138|0x00000000e8a00000, 0x00000000e8a00000, 0x00000000e8b00000|  0%| F|  |TAMS 0x00000000e8a00000| PB 0x00000000e8a00000| Untracked 
| 139|0x00000000e8b00000, 0x00000000e8b00000, 0x00000000e8c00000|  0%| F|  |TAMS 0x00000000e8b00000| PB 0x00000000e8b00000| Untracked 
| 140|0x00000000e8c00000, 0x00000000e8c00000, 0x00000000e8d00000|  0%| F|  |TAMS 0x00000000e8c00000| PB 0x00000000e8c00000| Untracked 
| 141|0x00000000e8d00000, 0x00000000e8d00000, 0x00000000e8e00000|  0%| F|  |TAMS 0x00000000e8d00000| PB 0x00000000e8d00000| Untracked 
| 142|0x00000000e8e00000, 0x00000000e8e00000, 0x00000000e8f00000|  0%| F|  |TAMS 0x00000000e8e00000| PB 0x00000000e8e00000| Untracked 
| 143|0x00000000e8f00000, 0x00000000e8f00000, 0x00000000e9000000|  0%| F|  |TAMS 0x00000000e8f00000| PB 0x00000000e8f00000| Untracked 
| 144|0x00000000e9000000, 0x00000000e9000000, 0x00000000e9100000|  0%| F|  |TAMS 0x00000000e9000000| PB 0x00000000e9000000| Untracked 
| 145|0x00000000e9100000, 0x00000000e9100000, 0x00000000e9200000|  0%| F|  |TAMS 0x00000000e9100000| PB 0x00000000e9100000| Untracked 
| 146|0x00000000e9200000, 0x00000000e9200000, 0x00000000e9300000|  0%| F|  |TAMS 0x00000000e9200000| PB 0x00000000e9200000| Untracked 
| 147|0x00000000e9300000, 0x00000000e9300000, 0x00000000e9400000|  0%| F|  |TAMS 0x00000000e9300000| PB 0x00000000e9300000| Untracked 
| 148|0x00000000e9400000, 0x00000000e9400000, 0x00000000e9500000|  0%| F|  |TAMS 0x00000000e9400000| PB 0x00000000e9400000| Untracked 
| 149|0x00000000e9500000, 0x00000000e9500000, 0x00000000e9600000|  0%| F|  |TAMS 0x00000000e9500000| PB 0x00000000e9500000| Untracked 
| 150|0x00000000e9600000, 0x00000000e9600000, 0x00000000e9700000|  0%| F|  |TAMS 0x00000000e9600000| PB 0x00000000e9600000| Untracked 
| 151|0x00000000e9700000, 0x00000000e9700000, 0x00000000e9800000|  0%| F|  |TAMS 0x00000000e9700000| PB 0x00000000e9700000| Untracked 
| 152|0x00000000e9800000, 0x00000000e9800000, 0x00000000e9900000|  0%| F|  |TAMS 0x00000000e9800000| PB 0x00000000e9800000| Untracked 
| 153|0x00000000e9900000, 0x00000000e9900000, 0x00000000e9a00000|  0%| F|  |TAMS 0x00000000e9900000| PB 0x00000000e9900000| Untracked 
| 154|0x00000000e9a00000, 0x00000000e9a00000, 0x00000000e9b00000|  0%| F|  |TAMS 0x00000000e9a00000| PB 0x00000000e9a00000| Untracked 
| 155|0x00000000e9b00000, 0x00000000e9b00000, 0x00000000e9c00000|  0%| F|  |TAMS 0x00000000e9b00000| PB 0x00000000e9b00000| Untracked 
| 156|0x00000000e9c00000, 0x00000000e9c00000, 0x00000000e9d00000|  0%| F|  |TAMS 0x00000000e9c00000| PB 0x00000000e9c00000| Untracked 
| 157|0x00000000e9d00000, 0x00000000e9d00000, 0x00000000e9e00000|  0%| F|  |TAMS 0x00000000e9d00000| PB 0x00000000e9d00000| Untracked 
| 158|0x00000000e9e00000, 0x00000000e9e00000, 0x00000000e9f00000|  0%| F|  |TAMS 0x00000000e9e00000| PB 0x00000000e9e00000| Untracked 
| 159|0x00000000e9f00000, 0x00000000e9f00000, 0x00000000ea000000|  0%| F|  |TAMS 0x00000000e9f00000| PB 0x00000000e9f00000| Untracked 
| 160|0x00000000ea000000, 0x00000000ea000000, 0x00000000ea100000|  0%| F|  |TAMS 0x00000000ea000000| PB 0x00000000ea000000| Untracked 
| 161|0x00000000ea100000, 0x00000000ea100000, 0x00000000ea200000|  0%| F|  |TAMS 0x00000000ea100000| PB 0x00000000ea100000| Untracked 
| 162|0x00000000ea200000, 0x00000000ea200000, 0x00000000ea300000|  0%| F|  |TAMS 0x00000000ea200000| PB 0x00000000ea200000| Untracked 
| 163|0x00000000ea300000, 0x00000000ea300000, 0x00000000ea400000|  0%| F|  |TAMS 0x00000000ea300000| PB 0x00000000ea300000| Untracked 
| 164|0x00000000ea400000, 0x00000000ea400000, 0x00000000ea500000|  0%| F|  |TAMS 0x00000000ea400000| PB 0x00000000ea400000| Untracked 
| 165|0x00000000ea500000, 0x00000000ea500000, 0x00000000ea600000|  0%| F|  |TAMS 0x00000000ea500000| PB 0x00000000ea500000| Untracked 
| 166|0x00000000ea600000, 0x00000000ea600000, 0x00000000ea700000|  0%| F|  |TAMS 0x00000000ea600000| PB 0x00000000ea600000| Untracked 
| 167|0x00000000ea700000, 0x00000000ea700000, 0x00000000ea800000|  0%| F|  |TAMS 0x00000000ea700000| PB 0x00000000ea700000| Untracked 
| 168|0x00000000ea800000, 0x00000000ea800000, 0x00000000ea900000|  0%| F|  |TAMS 0x00000000ea800000| PB 0x00000000ea800000| Untracked 
| 169|0x00000000ea900000, 0x00000000ea900000, 0x00000000eaa00000|  0%| F|  |TAMS 0x00000000ea900000| PB 0x00000000ea900000| Untracked 
| 170|0x00000000eaa00000, 0x00000000eaa00000, 0x00000000eab00000|  0%| F|  |TAMS 0x00000000eaa00000| PB 0x00000000eaa00000| Untracked 
| 171|0x00000000eab00000, 0x00000000eab00000, 0x00000000eac00000|  0%| F|  |TAMS 0x00000000eab00000| PB 0x00000000eab00000| Untracked 
| 172|0x00000000eac00000, 0x00000000eac00000, 0x00000000ead00000|  0%| F|  |TAMS 0x00000000eac00000| PB 0x00000000eac00000| Untracked 
| 173|0x00000000ead00000, 0x00000000ead00000, 0x00000000eae00000|  0%| F|  |TAMS 0x00000000ead00000| PB 0x00000000ead00000| Untracked 
| 174|0x00000000eae00000, 0x00000000eae00000, 0x00000000eaf00000|  0%| F|  |TAMS 0x00000000eae00000| PB 0x00000000eae00000| Untracked 
| 175|0x00000000eaf00000, 0x00000000eaf00000, 0x00000000eb000000|  0%| F|  |TAMS 0x00000000eaf00000| PB 0x00000000eaf00000| Untracked 
| 176|0x00000000eb000000, 0x00000000eb000000, 0x00000000eb100000|  0%| F|  |TAMS 0x00000000eb000000| PB 0x00000000eb000000| Untracked 
| 177|0x00000000eb100000, 0x00000000eb100000, 0x00000000eb200000|  0%| F|  |TAMS 0x00000000eb100000| PB 0x00000000eb100000| Untracked 
| 178|0x00000000eb200000, 0x00000000eb200000, 0x00000000eb300000|  0%| F|  |TAMS 0x00000000eb200000| PB 0x00000000eb200000| Untracked 
| 179|0x00000000eb300000, 0x00000000eb300000, 0x00000000eb400000|  0%| F|  |TAMS 0x00000000eb300000| PB 0x00000000eb300000| Untracked 
| 180|0x00000000eb400000, 0x00000000eb400000, 0x00000000eb500000|  0%| F|  |TAMS 0x00000000eb400000| PB 0x00000000eb400000| Untracked 
| 181|0x00000000eb500000, 0x00000000eb500000, 0x00000000eb600000|  0%| F|  |TAMS 0x00000000eb500000| PB 0x00000000eb500000| Untracked 
| 182|0x00000000eb600000, 0x00000000eb600000, 0x00000000eb700000|  0%| F|  |TAMS 0x00000000eb600000| PB 0x00000000eb600000| Untracked 
| 183|0x00000000eb700000, 0x00000000eb700000, 0x00000000eb800000|  0%| F|  |TAMS 0x00000000eb700000| PB 0x00000000eb700000| Untracked 
| 184|0x00000000eb800000, 0x00000000eb800000, 0x00000000eb900000|  0%| F|  |TAMS 0x00000000eb800000| PB 0x00000000eb800000| Untracked 
| 185|0x00000000eb900000, 0x00000000eb900000, 0x00000000eba00000|  0%| F|  |TAMS 0x00000000eb900000| PB 0x00000000eb900000| Untracked 
| 186|0x00000000eba00000, 0x00000000eba00000, 0x00000000ebb00000|  0%| F|  |TAMS 0x00000000eba00000| PB 0x00000000eba00000| Untracked 
| 187|0x00000000ebb00000, 0x00000000ebb00000, 0x00000000ebc00000|  0%| F|  |TAMS 0x00000000ebb00000| PB 0x00000000ebb00000| Untracked 
| 188|0x00000000ebc00000, 0x00000000ebc00000, 0x00000000ebd00000|  0%| F|  |TAMS 0x00000000ebc00000| PB 0x00000000ebc00000| Untracked 
| 189|0x00000000ebd00000, 0x00000000ebd00000, 0x00000000ebe00000|  0%| F|  |TAMS 0x00000000ebd00000| PB 0x00000000ebd00000| Untracked 
| 190|0x00000000ebe00000, 0x00000000ebe00000, 0x00000000ebf00000|  0%| F|  |TAMS 0x00000000ebe00000| PB 0x00000000ebe00000| Untracked 
| 191|0x00000000ebf00000, 0x00000000ebf00000, 0x00000000ec000000|  0%| F|  |TAMS 0x00000000ebf00000| PB 0x00000000ebf00000| Untracked 
| 192|0x00000000ec000000, 0x00000000ec000000, 0x00000000ec100000|  0%| F|  |TAMS 0x00000000ec000000| PB 0x00000000ec000000| Untracked 
| 193|0x00000000ec100000, 0x00000000ec100000, 0x00000000ec200000|  0%| F|  |TAMS 0x00000000ec100000| PB 0x00000000ec100000| Untracked 
| 194|0x00000000ec200000, 0x00000000ec200000, 0x00000000ec300000|  0%| F|  |TAMS 0x00000000ec200000| PB 0x00000000ec200000| Untracked 
| 195|0x00000000ec300000, 0x00000000ec300000, 0x00000000ec400000|  0%| F|  |TAMS 0x00000000ec300000| PB 0x00000000ec300000| Untracked 
| 196|0x00000000ec400000, 0x00000000ec400000, 0x00000000ec500000|  0%| F|  |TAMS 0x00000000ec400000| PB 0x00000000ec400000| Untracked 
| 197|0x00000000ec500000, 0x00000000ec500000, 0x00000000ec600000|  0%| F|  |TAMS 0x00000000ec500000| PB 0x00000000ec500000| Untracked 
| 198|0x00000000ec600000, 0x00000000ec600000, 0x00000000ec700000|  0%| F|  |TAMS 0x00000000ec600000| PB 0x00000000ec600000| Untracked 
| 199|0x00000000ec700000, 0x00000000ec700000, 0x00000000ec800000|  0%| F|  |TAMS 0x00000000ec700000| PB 0x00000000ec700000| Untracked 
| 200|0x00000000ec800000, 0x00000000ec800000, 0x00000000ec900000|  0%| F|  |TAMS 0x00000000ec800000| PB 0x00000000ec800000| Untracked 
| 201|0x00000000ec900000, 0x00000000ec900000, 0x00000000eca00000|  0%| F|  |TAMS 0x00000000ec900000| PB 0x00000000ec900000| Untracked 
| 202|0x00000000eca00000, 0x00000000eca00000, 0x00000000ecb00000|  0%| F|  |TAMS 0x00000000eca00000| PB 0x00000000eca00000| Untracked 
| 203|0x00000000ecb00000, 0x00000000ecb00000, 0x00000000ecc00000|  0%| F|  |TAMS 0x00000000ecb00000| PB 0x00000000ecb00000| Untracked 
| 204|0x00000000ecc00000, 0x00000000ecc00000, 0x00000000ecd00000|  0%| F|  |TAMS 0x00000000ecc00000| PB 0x00000000ecc00000| Untracked 
| 205|0x00000000ecd00000, 0x00000000ecd00000, 0x00000000ece00000|  0%| F|  |TAMS 0x00000000ecd00000| PB 0x00000000ecd00000| Untracked 
| 206|0x00000000ece00000, 0x00000000ece00000, 0x00000000ecf00000|  0%| F|  |TAMS 0x00000000ece00000| PB 0x00000000ece00000| Untracked 
| 207|0x00000000ecf00000, 0x00000000ecf00000, 0x00000000ed000000|  0%| F|  |TAMS 0x00000000ecf00000| PB 0x00000000ecf00000| Untracked 
| 208|0x00000000ed000000, 0x00000000ed000000, 0x00000000ed100000|  0%| F|  |TAMS 0x00000000ed000000| PB 0x00000000ed000000| Untracked 
| 209|0x00000000ed100000, 0x00000000ed100000, 0x00000000ed200000|  0%| F|  |TAMS 0x00000000ed100000| PB 0x00000000ed100000| Untracked 
| 210|0x00000000ed200000, 0x00000000ed200000, 0x00000000ed300000|  0%| F|  |TAMS 0x00000000ed200000| PB 0x00000000ed200000| Untracked 
| 211|0x00000000ed300000, 0x00000000ed300000, 0x00000000ed400000|  0%| F|  |TAMS 0x00000000ed300000| PB 0x00000000ed300000| Untracked 
| 212|0x00000000ed400000, 0x00000000ed400000, 0x00000000ed500000|  0%| F|  |TAMS 0x00000000ed400000| PB 0x00000000ed400000| Untracked 
| 213|0x00000000ed500000, 0x00000000ed500000, 0x00000000ed600000|  0%| F|  |TAMS 0x00000000ed500000| PB 0x00000000ed500000| Untracked 
| 214|0x00000000ed600000, 0x00000000ed600000, 0x00000000ed700000|  0%| F|  |TAMS 0x00000000ed600000| PB 0x00000000ed600000| Untracked 
| 215|0x00000000ed700000, 0x00000000ed700000, 0x00000000ed800000|  0%| F|  |TAMS 0x00000000ed700000| PB 0x00000000ed700000| Untracked 
| 216|0x00000000ed800000, 0x00000000ed800000, 0x00000000ed900000|  0%| F|  |TAMS 0x00000000ed800000| PB 0x00000000ed800000| Untracked 
| 217|0x00000000ed900000, 0x00000000ed900000, 0x00000000eda00000|  0%| F|  |TAMS 0x00000000ed900000| PB 0x00000000ed900000| Untracked 
| 218|0x00000000eda00000, 0x00000000eda00000, 0x00000000edb00000|  0%| F|  |TAMS 0x00000000eda00000| PB 0x00000000eda00000| Untracked 
| 219|0x00000000edb00000, 0x00000000edb00000, 0x00000000edc00000|  0%| F|  |TAMS 0x00000000edb00000| PB 0x00000000edb00000| Untracked 
| 220|0x00000000edc00000, 0x00000000edc00000, 0x00000000edd00000|  0%| F|  |TAMS 0x00000000edc00000| PB 0x00000000edc00000| Untracked 
| 221|0x00000000edd00000, 0x00000000edd00000, 0x00000000ede00000|  0%| F|  |TAMS 0x00000000edd00000| PB 0x00000000edd00000| Untracked 
| 222|0x00000000ede00000, 0x00000000ede00000, 0x00000000edf00000|  0%| F|  |TAMS 0x00000000ede00000| PB 0x00000000ede00000| Untracked 
| 223|0x00000000edf00000, 0x00000000edf00000, 0x00000000ee000000|  0%| F|  |TAMS 0x00000000edf00000| PB 0x00000000edf00000| Untracked 
| 224|0x00000000ee000000, 0x00000000ee000000, 0x00000000ee100000|  0%| F|  |TAMS 0x00000000ee000000| PB 0x00000000ee000000| Untracked 
| 225|0x00000000ee100000, 0x00000000ee100000, 0x00000000ee200000|  0%| F|  |TAMS 0x00000000ee100000| PB 0x00000000ee100000| Untracked 
| 226|0x00000000ee200000, 0x00000000ee200000, 0x00000000ee300000|  0%| F|  |TAMS 0x00000000ee200000| PB 0x00000000ee200000| Untracked 
| 227|0x00000000ee300000, 0x00000000ee300000, 0x00000000ee400000|  0%| F|  |TAMS 0x00000000ee300000| PB 0x00000000ee300000| Untracked 
| 228|0x00000000ee400000, 0x00000000ee400000, 0x00000000ee500000|  0%| F|  |TAMS 0x00000000ee400000| PB 0x00000000ee400000| Untracked 
| 229|0x00000000ee500000, 0x00000000ee500000, 0x00000000ee600000|  0%| F|  |TAMS 0x00000000ee500000| PB 0x00000000ee500000| Untracked 
| 230|0x00000000ee600000, 0x00000000ee600000, 0x00000000ee700000|  0%| F|  |TAMS 0x00000000ee600000| PB 0x00000000ee600000| Untracked 
| 231|0x00000000ee700000, 0x00000000ee700000, 0x00000000ee800000|  0%| F|  |TAMS 0x00000000ee700000| PB 0x00000000ee700000| Untracked 
| 232|0x00000000ee800000, 0x00000000ee800000, 0x00000000ee900000|  0%| F|  |TAMS 0x00000000ee800000| PB 0x00000000ee800000| Untracked 
| 233|0x00000000ee900000, 0x00000000ee900000, 0x00000000eea00000|  0%| F|  |TAMS 0x00000000ee900000| PB 0x00000000ee900000| Untracked 
| 234|0x00000000eea00000, 0x00000000eea00000, 0x00000000eeb00000|  0%| F|  |TAMS 0x00000000eea00000| PB 0x00000000eea00000| Untracked 
| 235|0x00000000eeb00000, 0x00000000eeb00000, 0x00000000eec00000|  0%| F|  |TAMS 0x00000000eeb00000| PB 0x00000000eeb00000| Untracked 
| 236|0x00000000eec00000, 0x00000000eec00000, 0x00000000eed00000|  0%| F|  |TAMS 0x00000000eec00000| PB 0x00000000eec00000| Untracked 
| 237|0x00000000eed00000, 0x00000000eed00000, 0x00000000eee00000|  0%| F|  |TAMS 0x00000000eed00000| PB 0x00000000eed00000| Untracked 
| 238|0x00000000eee00000, 0x00000000eee8d7c8, 0x00000000eef00000| 55%| E|  |TAMS 0x00000000eee00000| PB 0x00000000eee00000| Complete 
| 239|0x00000000eef00000, 0x00000000ef000000, 0x00000000ef000000|100%| E|CS|TAMS 0x00000000eef00000| PB 0x00000000eef00000| Complete 
| 240|0x00000000ef000000, 0x00000000ef100000, 0x00000000ef100000|100%| E|CS|TAMS 0x00000000ef000000| PB 0x00000000ef000000| Complete 
| 241|0x00000000ef100000, 0x00000000ef200000, 0x00000000ef200000|100%| E|CS|TAMS 0x00000000ef100000| PB 0x00000000ef100000| Complete 
| 242|0x00000000ef200000, 0x00000000ef300000, 0x00000000ef300000|100%| E|CS|TAMS 0x00000000ef200000| PB 0x00000000ef200000| Complete 
| 243|0x00000000ef300000, 0x00000000ef400000, 0x00000000ef400000|100%| E|CS|TAMS 0x00000000ef300000| PB 0x00000000ef300000| Complete 
| 244|0x00000000ef400000, 0x00000000ef500000, 0x00000000ef500000|100%| E|CS|TAMS 0x00000000ef400000| PB 0x00000000ef400000| Complete 
| 245|0x00000000ef500000, 0x00000000ef600000, 0x00000000ef600000|100%| E|CS|TAMS 0x00000000ef500000| PB 0x00000000ef500000| Complete 
| 246|0x00000000ef600000, 0x00000000ef700000, 0x00000000ef700000|100%| E|CS|TAMS 0x00000000ef600000| PB 0x00000000ef600000| Complete 
| 247|0x00000000ef700000, 0x00000000ef800000, 0x00000000ef800000|100%| E|CS|TAMS 0x00000000ef700000| PB 0x00000000ef700000| Complete 
| 248|0x00000000ef800000, 0x00000000ef900000, 0x00000000ef900000|100%| E|CS|TAMS 0x00000000ef800000| PB 0x00000000ef800000| Complete 
| 249|0x00000000ef900000, 0x00000000efa00000, 0x00000000efa00000|100%| E|CS|TAMS 0x00000000ef900000| PB 0x00000000ef900000| Complete 
| 250|0x00000000efa00000, 0x00000000efb00000, 0x00000000efb00000|100%| E|CS|TAMS 0x00000000efa00000| PB 0x00000000efa00000| Complete 
| 251|0x00000000efb00000, 0x00000000efc00000, 0x00000000efc00000|100%| E|CS|TAMS 0x00000000efb00000| PB 0x00000000efb00000| Complete 
| 252|0x00000000efc00000, 0x00000000efd00000, 0x00000000efd00000|100%| E|CS|TAMS 0x00000000efc00000| PB 0x00000000efc00000| Complete 
| 253|0x00000000efd00000, 0x00000000efe00000, 0x00000000efe00000|100%| E|CS|TAMS 0x00000000efd00000| PB 0x00000000efd00000| Complete 
| 254|0x00000000efe00000, 0x00000000eff00000, 0x00000000eff00000|100%| E|CS|TAMS 0x00000000efe00000| PB 0x00000000efe00000| Complete 
| 255|0x00000000eff00000, 0x00000000f0000000, 0x00000000f0000000|100%| E|CS|TAMS 0x00000000eff00000| PB 0x00000000eff00000| Complete 

Card table byte_map: [0x0000027ad7b00000,0x0000027ad7c00000] _byte_map_base: 0x0000027ad7400000

Marking Bits: (CMBitMap*) 0x0000027abfdcce30
 Bits: [0x0000027ad7c00000, 0x0000027ad8400000)

Polling page: 0x0000027abdc00000

Metaspace:

Usage:
  Non-class:     42.58 MB used.
      Class:      7.19 MB used.
       Both:     49.77 MB used.

Virtual space:
  Non-class space:       64.00 MB reserved,      43.44 MB ( 68%) committed,  1 nodes.
      Class space:      320.00 MB reserved,       8.06 MB (  3%) committed,  1 nodes.
             Both:      384.00 MB reserved,      51.50 MB ( 13%) committed. 

Chunk freelists:
   Non-Class:  4.31 MB
       Class:  7.86 MB
        Both:  12.17 MB

MaxMetaspaceSize: 384.00 MB
CompressedClassSpaceSize: 320.00 MB
Initial GC threshold: 21.00 MB
Current GC threshold: 59.19 MB
CDS: on
 - commit_granule_bytes: 65536.
 - commit_granule_words: 8192.
 - virtual_space_node_default_size: 8388608.
 - enlarge_chunks_in_place: 1.
 - use_allocation_guard: 0.


Internal statistics:

num_allocs_failed_limit: 9.
num_arena_births: 3096.
num_arena_deaths: 0.
num_vsnodes_births: 2.
num_vsnodes_deaths: 0.
num_space_committed: 824.
num_space_uncommitted: 0.
num_chunks_returned_to_freelist: 9.
num_chunks_taken_from_freelist: 5549.
num_chunk_merges: 9.
num_chunk_splits: 3581.
num_chunks_enlarged: 2169.
num_inconsistent_stats: 0.

CodeHeap 'non-profiled nmethods': size=120000Kb used=3650Kb max_used=3650Kb free=116349Kb
 bounds [0x0000027acff70000, 0x0000027ad0310000, 0x0000027ad74a0000]
CodeHeap 'profiled nmethods': size=120000Kb used=11569Kb max_used=11569Kb free=108430Kb
 bounds [0x0000027ac84a0000, 0x0000027ac8ff0000, 0x0000027acf9d0000]
CodeHeap 'non-nmethods': size=5760Kb used=2736Kb max_used=2775Kb free=3023Kb
 bounds [0x0000027acf9d0000, 0x0000027acfc90000, 0x0000027acff70000]
CodeCache: size=245760Kb, used=17955Kb, max_used=17994Kb, free=227802Kb
 total_blobs=6958, nmethods=6091, adapters=771, full_count=0
Compilation: enabled, stopped_count=0, restarted_count=0

Compilation events (20 events):
Event: 217.267 Thread 0x0000027adb0b82d0 nmethod 6605 0x0000027ac8fd9490 code [0x0000027ac8fd9640, 0x0000027ac8fd9820]
Event: 217.267 Thread 0x0000027adb0b82d0 6606       3       java.util.concurrent.atomic.AtomicBoolean::<init> (5 bytes)
Event: 217.267 Thread 0x0000027adb0b82d0 nmethod 6606 0x0000027ac8fd9910 code [0x0000027ac8fd9ac0, 0x0000027ac8fd9c28]
Event: 217.267 Thread 0x0000027adb0b82d0 6607       3       org.gradle.internal.file.impl.DefaultFileMetadata::<init> (27 bytes)
Event: 217.267 Thread 0x0000027adb0b82d0 nmethod 6607 0x0000027ac8fd9d10 code [0x0000027ac8fd9ec0, 0x0000027ac8fda0e8]
Event: 217.268 Thread 0x0000027adb0b82d0 6608       3       java.util.concurrent.ArrayBlockingQueue::enqueue (53 bytes)
Event: 217.268 Thread 0x0000027adb0b82d0 nmethod 6608 0x0000027ac8fda190 code [0x0000027ac8fda3a0, 0x0000027ac8fda988]
Event: 217.268 Thread 0x0000027adb0b82d0 6609       3       org.gradle.internal.file.impl.DefaultFileMetadata::file (15 bytes)
Event: 217.268 Thread 0x0000027adb0b82d0 nmethod 6609 0x0000027ac8fdab90 code [0x0000027ac8fdad40, 0x0000027ac8fdb028]
Event: 217.268 Thread 0x0000027adb0b82d0 6610       3       java.lang.invoke.VarHandleGuards::guard_LII_Z (86 bytes)
Event: 217.270 Thread 0x0000027adb0b82d0 nmethod 6610 0x0000027ac8fdb190 code [0x0000027ac8fdb4c0, 0x0000027ac8fdce10]
Event: 217.270 Thread 0x0000027adb0b82d0 6616   !   3       java.util.concurrent.ArrayBlockingQueue::put (58 bytes)
Event: 217.273 Thread 0x0000027adb0b82d0 nmethod 6616 0x0000027ac8fdd590 code [0x0000027ac8fdd860, 0x0000027ac8fde740]
Event: 217.273 Thread 0x0000027adb0b82d0 6620       3       com.google.common.collect.ImmutableSet$CachingAsList::asList (21 bytes)
Event: 217.273 Thread 0x0000027adb0b82d0 nmethod 6620 0x0000027ac8fded10 code [0x0000027ac8fdeec0, 0x0000027ac8fdf148]
Event: 217.273 Thread 0x0000027adb0b82d0 6615   !   3       org.gradle.cache.internal.ExclusiveCacheAccessingWorker::addToQueue (37 bytes)
Event: 217.274 Thread 0x0000027adb0b82d0 nmethod 6615 0x0000027ac8fdf210 code [0x0000027ac8fdf400, 0x0000027ac8fdf7b8]
Event: 217.274 Thread 0x0000027adb0b82d0 6617       3       org.gradle.internal.snapshot.impl.DirectorySnapshotter$1::remapAbsolutePath (7 bytes)
Event: 217.274 Thread 0x0000027adb0b82d0 nmethod 6617 0x0000027ac8fdf990 code [0x0000027ac8fdfb40, 0x0000027ac8fdfd18]
Event: 217.274 Thread 0x0000027adb0b82d0 6611       3       java.lang.invoke.VarHandleInts$FieldInstanceReadWrite::compareAndSet (32 bytes)

GC Heap History (16 events):
Event: 1.910 GC heap before
{Heap before GC invocations=0 (full 0):
 garbage-first heap   total 262144K, used 22528K [0x00000000e0000000, 0x0000000100000000)
  region size 1024K, 23 young (23552K), 0 survivors (0K)
 Metaspace       used 1028K, committed 1152K, reserved 393216K
  class space    used 79K, committed 128K, reserved 327680K
}
Event: 4.949 GC heap after
{Heap after GC invocations=1 (full 0):
 garbage-first heap   total 262144K, used 1770K [0x00000000e0000000, 0x0000000100000000)
  region size 1024K, 2 young (2048K), 2 survivors (2048K)
 Metaspace       used 1028K, committed 1152K, reserved 393216K
  class space    used 79K, committed 128K, reserved 327680K
}
Event: 6.776 GC heap before
{Heap before GC invocations=1 (full 0):
 garbage-first heap   total 262144K, used 40682K [0x00000000e0000000, 0x0000000100000000)
  region size 1024K, 38 young (38912K), 2 survivors (2048K)
 Metaspace       used 4399K, committed 4544K, reserved 393216K
  class space    used 556K, committed 640K, reserved 327680K
}
Event: 6.781 GC heap after
{Heap after GC invocations=2 (full 0):
 garbage-first heap   total 262144K, used 11047K [0x00000000e0000000, 0x0000000100000000)
  region size 1024K, 5 young (5120K), 5 survivors (5120K)
 Metaspace       used 4399K, committed 4544K, reserved 393216K
  class space    used 556K, committed 640K, reserved 327680K
}
Event: 8.176 GC heap before
{Heap before GC invocations=2 (full 0):
 garbage-first heap   total 262144K, used 63271K [0x00000000e0000000, 0x0000000100000000)
  region size 1024K, 55 young (56320K), 5 survivors (5120K)
 Metaspace       used 5641K, committed 5888K, reserved 393216K
  class space    used 760K, committed 896K, reserved 327680K
}
Event: 8.182 GC heap after
{Heap after GC invocations=3 (full 0):
 garbage-first heap   total 262144K, used 17331K [0x00000000e0000000, 0x0000000100000000)
  region size 1024K, 5 young (5120K), 5 survivors (5120K)
 Metaspace       used 5641K, committed 5888K, reserved 393216K
  class space    used 760K, committed 896K, reserved 327680K
}
Event: 26.154 GC heap before
{Heap before GC invocations=3 (full 0):
 garbage-first heap   total 262144K, used 108467K [0x00000000e0000000, 0x0000000100000000)
  region size 1024K, 95 young (97280K), 5 survivors (5120K)
 Metaspace       used 20913K, committed 21504K, reserved 393216K
  class space    used 3066K, committed 3328K, reserved 327680K
}
Event: 26.301 GC heap after
{Heap after GC invocations=4 (full 0):
 garbage-first heap   total 262144K, used 24124K [0x00000000e0000000, 0x0000000100000000)
  region size 1024K, 12 young (12288K), 12 survivors (12288K)
 Metaspace       used 20913K, committed 21504K, reserved 393216K
  class space    used 3066K, committed 3328K, reserved 327680K
}
Event: 180.482 GC heap before
{Heap before GC invocations=5 (full 0):
 garbage-first heap   total 262144K, used 152124K [0x00000000e0000000, 0x0000000100000000)
  region size 1024K, 138 young (141312K), 12 survivors (12288K)
 Metaspace       used 34383K, committed 35456K, reserved 393216K
  class space    used 4895K, committed 5440K, reserved 327680K
}
Event: 180.548 GC heap after
{Heap after GC invocations=6 (full 0):
 garbage-first heap   total 262144K, used 32408K [0x00000000e0000000, 0x0000000100000000)
  region size 1024K, 15 young (15360K), 15 survivors (15360K)
 Metaspace       used 34383K, committed 35456K, reserved 393216K
  class space    used 4895K, committed 5440K, reserved 327680K
}
Event: 180.629 GC heap before
{Heap before GC invocations=6 (full 0):
 garbage-first heap   total 262144K, used 39576K [0x00000000e0000000, 0x0000000100000000)
  region size 1024K, 19 young (19456K), 15 survivors (15360K)
 Metaspace       used 34959K, committed 35968K, reserved 393216K
  class space    used 4903K, committed 5440K, reserved 327680K
}
Event: 180.644 GC heap after
{Heap after GC invocations=7 (full 0):
 garbage-first heap   total 262144K, used 34673K [0x00000000e0000000, 0x0000000100000000)
  region size 1024K, 9 young (9216K), 9 survivors (9216K)
 Metaspace       used 34959K, committed 35968K, reserved 393216K
  class space    used 4903K, committed 5440K, reserved 327680K
}
Event: 180.685 GC heap before
{Heap before GC invocations=7 (full 0):
 garbage-first heap   total 262144K, used 35697K [0x00000000e0000000, 0x0000000100000000)
  region size 1024K, 11 young (11264K), 9 survivors (9216K)
 Metaspace       used 35300K, committed 36288K, reserved 393216K
  class space    used 4923K, committed 5440K, reserved 327680K
}
Event: 180.696 GC heap after
{Heap after GC invocations=8 (full 0):
 garbage-first heap   total 262144K, used 32246K [0x00000000e0000000, 0x0000000100000000)
  region size 1024K, 9 young (9216K), 9 survivors (9216K)
 Metaspace       used 35300K, committed 36288K, reserved 393216K
  class space    used 4923K, committed 5440K, reserved 327680K
}
Event: 215.902 GC heap before
{Heap before GC invocations=9 (full 0):
 garbage-first heap   total 262144K, used 180726K [0x00000000e0000000, 0x0000000100000000)
  region size 1024K, 153 young (156672K), 9 survivors (9216K)
 Metaspace       used 50640K, committed 52352K, reserved 393216K
  class space    used 7338K, committed 8192K, reserved 327680K
}
Event: 215.914 GC heap after
{Heap after GC invocations=10 (full 0):
 garbage-first heap   total 262144K, used 40094K [0x00000000e0000000, 0x0000000100000000)
  region size 1024K, 16 young (16384K), 16 survivors (16384K)
 Metaspace       used 50640K, committed 52352K, reserved 393216K
  class space    used 7338K, committed 8192K, reserved 327680K
}

Dll operation events (15 events):
Event: 0.016 Loaded shared library C:\Users\dduc1\.jdks\ms-21.0.8\bin\java.dll
Event: 0.333 Loaded shared library C:\Users\dduc1\.jdks\ms-21.0.8\bin\jsvml.dll
Event: 0.511 Loaded shared library C:\Users\dduc1\.jdks\ms-21.0.8\bin\zip.dll
Event: 0.518 Loaded shared library C:\Users\dduc1\.jdks\ms-21.0.8\bin\instrument.dll
Event: 0.560 Loaded shared library C:\Users\dduc1\.jdks\ms-21.0.8\bin\net.dll
Event: 0.569 Loaded shared library C:\Users\dduc1\.jdks\ms-21.0.8\bin\nio.dll
Event: 0.578 Loaded shared library C:\Users\dduc1\.jdks\ms-21.0.8\bin\zip.dll
Event: 1.285 Loaded shared library C:\Users\dduc1\.jdks\ms-21.0.8\bin\jimage.dll
Event: 5.318 Loaded shared library C:\Users\dduc1\.jdks\ms-21.0.8\bin\verify.dll
Event: 5.645 Loaded shared library C:\Users\dduc1\.gradle\native\1def1411415f61bf3af743bc5b6707747c0891f09f0c88961ee8f79bc544acac\windows-amd64\native-platform.dll
Event: 5.695 Loaded shared library C:\Users\dduc1\.gradle\native\0.2.7\x86_64-windows-gnu\gradle-fileevents.dll
Event: 8.383 Loaded shared library C:\Users\dduc1\.jdks\ms-21.0.8\bin\management.dll
Event: 8.397 Loaded shared library C:\Users\dduc1\.jdks\ms-21.0.8\bin\management_ext.dll
Event: 12.132 Loaded shared library C:\Users\dduc1\.jdks\ms-21.0.8\bin\extnet.dll
Event: 14.337 Loaded shared library C:\Users\dduc1\.jdks\ms-21.0.8\bin\sunmscapi.dll

Deoptimization events (20 events):
Event: 215.895 Thread 0x0000027af68e1640 Uncommon trap: trap_request=0xffffff54 fr.pc=0x0000027ad00d3188 relative=0x0000000000005ba8
Event: 215.896 Thread 0x0000027af68e1640 Uncommon trap: reason=speculate_null_assert action=make_not_entrant pc=0x0000027ad00d3188 method=jdk.internal.util.ReferencedKeyMap.existingKey(Ljdk/internal/util/ReferencedKeyMap;Ljava/lang/Object;)Ljava/lang/Object; @ 18 c2
Event: 215.896 Thread 0x0000027af68e1640 DEOPT PACKING pc=0x0000027ad00d3188 sp=0x000000de436fcf10
Event: 215.896 Thread 0x0000027af68e1640 DEOPT UNPACKING pc=0x0000027acfa246a2 sp=0x000000de436fcdf0 mode 2
Event: 215.896 Thread 0x0000027af68e0920 Uncommon trap: trap_request=0xffffff45 fr.pc=0x0000027ad003562c relative=0x000000000000016c
Event: 215.896 Thread 0x0000027af68e0920 Uncommon trap: reason=unstable_if action=reinterpret pc=0x0000027ad003562c method=java.util.concurrent.ConcurrentHashMap.addCount(JI)V @ 34 c2
Event: 215.896 Thread 0x0000027af68e0920 DEOPT PACKING pc=0x0000027ad003562c sp=0x000000de43cfe290
Event: 215.896 Thread 0x0000027af68e0920 DEOPT UNPACKING pc=0x0000027acfa246a2 sp=0x000000de43cfe1d0 mode 2
Event: 215.915 Thread 0x0000027adb1af6e0 Uncommon trap: trap_request=0xffffff45 fr.pc=0x0000027ad01844f0 relative=0x0000000000000150
Event: 215.915 Thread 0x0000027adb1af6e0 Uncommon trap: reason=unstable_if action=reinterpret pc=0x0000027ad01844f0 method=java.util.concurrent.locks.ReentrantLock$NonfairSync.tryAcquire(I)Z @ 13 c2
Event: 215.915 Thread 0x0000027adb1af6e0 DEOPT PACKING pc=0x0000027ad01844f0 sp=0x000000de3fffeef0
Event: 215.915 Thread 0x0000027adb1af6e0 DEOPT UNPACKING pc=0x0000027acfa246a2 sp=0x000000de3fffeea0 mode 2
Event: 215.966 Thread 0x0000027af68e4430 Uncommon trap: trap_request=0xffffff45 fr.pc=0x0000027ad00c9de0 relative=0x00000000000002a0
Event: 215.966 Thread 0x0000027af68e4430 Uncommon trap: reason=unstable_if action=reinterpret pc=0x0000027ad00c9de0 method=java.util.concurrent.ConcurrentHashMap.get(Ljava/lang/Object;)Ljava/lang/Object; @ 86 c2
Event: 215.966 Thread 0x0000027af68e4430 DEOPT PACKING pc=0x0000027ad00c9de0 sp=0x000000de43efe360
Event: 215.967 Thread 0x0000027af68e4430 DEOPT UNPACKING pc=0x0000027acfa246a2 sp=0x000000de43efe2d8 mode 2
Event: 215.987 Thread 0x0000027af68e5150 DEOPT PACKING pc=0x0000027ac856face sp=0x000000de441fc4a0
Event: 215.987 Thread 0x0000027af68e5150 DEOPT UNPACKING pc=0x0000027acfa24e42 sp=0x000000de441fba20 mode 0
Event: 216.018 Thread 0x0000027af93f2ce0 DEOPT PACKING pc=0x0000027ac856face sp=0x000000de445fc240
Event: 216.018 Thread 0x0000027af93f2ce0 DEOPT UNPACKING pc=0x0000027acfa24e42 sp=0x000000de445fb7c0 mode 0

Classes loaded (20 events):
Event: 215.673 Loading class jdk/internal/reflect/UTF8
Event: 215.674 Loading class jdk/internal/reflect/UTF8 done
Event: 215.677 Loading class jdk/internal/reflect/Label
Event: 215.678 Loading class jdk/internal/reflect/Label done
Event: 215.678 Loading class jdk/internal/reflect/Label$PatchInfo
Event: 215.678 Loading class jdk/internal/reflect/Label$PatchInfo done
Event: 215.678 Loading class jdk/internal/reflect/MethodAccessorGenerator$1
Event: 215.679 Loading class jdk/internal/reflect/MethodAccessorGenerator$1 done
Event: 215.679 Loading class jdk/internal/reflect/ClassDefiner
Event: 215.679 Loading class jdk/internal/reflect/ClassDefiner done
Event: 215.679 Loading class jdk/internal/reflect/ClassDefiner$1
Event: 215.679 Loading class jdk/internal/reflect/ClassDefiner$1 done
Event: 215.680 Loading class jdk/internal/reflect/SerializationConstructorAccessorImpl
Event: 215.680 Loading class jdk/internal/reflect/SerializationConstructorAccessorImpl done
Event: 215.871 Loading class java/nio/channels/Channels
Event: 215.871 Loading class java/nio/channels/Channels done
Event: 215.871 Loading class sun/nio/ch/Streams
Event: 215.871 Loading class sun/nio/ch/Streams done
Event: 215.872 Loading class sun/nio/ch/ChannelInputStream
Event: 215.872 Loading class sun/nio/ch/ChannelInputStream done

Classes unloaded (0 events):
No events

Classes redefined (0 events):
No events

Internal exceptions (20 events):
Event: 213.259 Thread 0x0000027af53f51e0 Exception <a 'java/lang/NoSuchMethodError'{0x00000000e871b270}: 'java.lang.Object java.lang.invoke.Invokers$Holder.linkToTargetMethod(java.lang.Object, java.lang.Object, java.lang.Object, int, java.lang.Object)'> (0x00000000e871b270) 
thrown [s\src\hotspot\share\interpreter\linkResolver.cpp, line 773]
Event: 213.289 Thread 0x0000027af53f51e0 Exception <a 'java/lang/NoSuchMethodError'{0x00000000e87646e0}: 'java.lang.Object java.lang.invoke.DirectMethodHandle$Holder.newInvokeSpecial(java.lang.Object, java.lang.Object, long, java.lang.Object)'> (0x00000000e87646e0) 
thrown [s\src\hotspot\share\interpreter\linkResolver.cpp, line 773]
Event: 213.291 Thread 0x0000027af53f51e0 Exception <a 'java/lang/NoSuchMethodError'{0x00000000e8769240}: 'java.lang.Object java.lang.invoke.DirectMethodHandle$Holder.invokeSpecial(java.lang.Object, java.lang.Object, java.lang.Object, long, java.lang.Object)'> (0x00000000e8769240) 
thrown [s\src\hotspot\share\interpreter\linkResolver.cpp, line 773]
Event: 213.295 Thread 0x0000027af53f51e0 Exception <a 'java/lang/NoSuchMethodError'{0x00000000e876d820}: 'java.lang.Object java.lang.invoke.Invokers$Holder.linkToTargetMethod(java.lang.Object, long, java.lang.Object, java.lang.Object)'> (0x00000000e876d820) 
thrown [s\src\hotspot\share\interpreter\linkResolver.cpp, line 773]
Event: 213.308 Thread 0x0000027af53f51e0 Exception <a 'java/lang/NoSuchMethodError'{0x00000000e8794730}: 'void java.lang.invoke.DirectMethodHandle$Holder.invokeStatic(java.lang.Object, java.lang.Object, java.lang.Object, int, java.lang.Object)'> (0x00000000e8794730) 
thrown [s\src\hotspot\share\interpreter\linkResolver.cpp, line 773]
Event: 213.496 Thread 0x0000027af53f51e0 Exception <a 'java/lang/NoSuchMethodError'{0x00000000e8530ec8}: 'int java.lang.invoke.DirectMethodHandle$Holder.invokeInterface(java.lang.Object, java.lang.Object, java.lang.Object, java.lang.Object, java.lang.Object)'> (0x00000000e8530ec8) 
thrown [s\src\hotspot\share\interpreter\linkResolver.cpp, line 773]
Event: 213.704 Thread 0x0000027af53f51e0 Exception <a 'java/lang/NoSuchMethodError'{0x00000000e8329e38}: 'java.lang.Object java.lang.invoke.DirectMethodHandle$Holder.invokeVirtual(java.lang.Object, java.lang.Object, java.lang.Object, java.lang.Object, java.lang.Object, java.lang.Object, java.lang.Object, java.lang.Object, java.lang.Object, java.lang.Object, java.lang.Object, java.lang.Object, java.lang.Object, java.lang.Object, java.lang.Object)'> (0x00000000e8329e38) 
thrown [s\src\hotspot\share\interpreter\linkResolver.cpp, line 773]
Event: 213.742 Thread 0x0000027af53f51e0 Exception <a 'java/lang/NoSuchMethodError'{0x00000000e8203bd0}: 'java.lang.Object java.lang.invoke.DirectMethodHandle$Holder.newInvokeSpecial(java.lang.Object, java.lang.Object, java.lang.Object, java.lang.Object, java.lang.Object, java.lang.Object, java.lang.Object, java.lang.Object, java.lang.Object, java.lang.Object, java.lang.Object, java.lang.Object, java.lang.Object)'> (0x00000000e8203bd0) 
thrown [s\src\hotspot\share\interpreter\linkResolver.cpp, line 773]
Event: 214.553 Thread 0x0000027af53f51e0 Exception <a 'java/lang/NoSuchMethodError'{0x00000000e7d35438}: 'int java.lang.invoke.DirectMethodHandle$Holder.invokeInterface(java.lang.Object, java.lang.Object, java.lang.Object, java.lang.Object)'> (0x00000000e7d35438) 
thrown [s\src\hotspot\share\interpreter\linkResolver.cpp, line 773]
Event: 214.744 Thread 0x0000027af53f51e0 Exception <a 'java/lang/NoSuchMethodError'{0x00000000e7cf5700}: 'java.lang.Object java.lang.invoke.DirectMethodHandle$Holder.invokeStatic(java.lang.Object, long, java.lang.Object)'> (0x00000000e7cf5700) 
thrown [s\src\hotspot\share\interpreter\linkResolver.cpp, line 773]
Event: 214.745 Thread 0x0000027af53f51e0 Exception <a 'java/lang/NoSuchMethodError'{0x00000000e7cfc7a0}: 'java.lang.Object java.lang.invoke.DirectMethodHandle$Holder.newInvokeSpecial(java.lang.Object, long)'> (0x00000000e7cfc7a0) 
thrown [s\src\hotspot\share\interpreter\linkResolver.cpp, line 773]
Event: 214.772 Thread 0x0000027af53f51e0 Exception <a 'java/lang/NoSuchMethodError'{0x00000000e7b60188}: 'java.lang.Object java.lang.invoke.DirectMethodHandle$Holder.newInvokeSpecial(java.lang.Object, java.lang.Object, java.lang.Object, java.lang.Object, java.lang.Object, long, java.lang.Object)'> (0x00000000e7b60188) 
thrown [s\src\hotspot\share\interpreter\linkResolver.cpp, line 773]
Event: 214.773 Thread 0x0000027af53f51e0 Exception <a 'java/lang/NoSuchMethodError'{0x00000000e7b68860}: 'java.lang.Object java.lang.invoke.Invokers$Holder.linkToTargetMethod(java.lang.Object, java.lang.Object, java.lang.Object, java.lang.Object, long, java.lang.Object, java.lang.Object)'> (0x00000000e7b68860) 
thrown [s\src\hotspot\share\interpreter\linkResolver.cpp, line 773]
Event: 214.781 Thread 0x0000027af53f51e0 Exception <a 'java/lang/NoSuchMethodError'{0x00000000e7bae0b8}: 'java.lang.Object java.lang.invoke.DirectMethodHandle$Holder.newInvokeSpecial(java.lang.Object, java.lang.Object, java.lang.Object, long, java.lang.Object)'> (0x00000000e7bae0b8) 
thrown [s\src\hotspot\share\interpreter\linkResolver.cpp, line 773]
Event: 214.781 Thread 0x0000027af53f51e0 Exception <a 'java/lang/NoSuchMethodError'{0x00000000e7bb2d38}: 'java.lang.Object java.lang.invoke.DirectMethodHandle$Holder.invokeSpecial(java.lang.Object, java.lang.Object, java.lang.Object, java.lang.Object, long, java.lang.Object)'> (0x00000000e7bb2d38) 
thrown [s\src\hotspot\share\interpreter\linkResolver.cpp, line 773]
Event: 214.782 Thread 0x0000027af53f51e0 Exception <a 'java/lang/NoSuchMethodError'{0x00000000e7bb7238}: 'java.lang.Object java.lang.invoke.Invokers$Holder.linkToTargetMethod(java.lang.Object, java.lang.Object, long, java.lang.Object, java.lang.Object)'> (0x00000000e7bb7238) 
thrown [s\src\hotspot\share\interpreter\linkResolver.cpp, line 773]
Event: 214.930 Thread 0x0000027af53f51e0 Exception <a 'java/lang/NoSuchMethodError'{0x00000000e79f3f10}: 'java.lang.Object java.lang.invoke.DirectMethodHandle$Holder.invokeSpecial(java.lang.Object, java.lang.Object, long, java.lang.Object, java.lang.Object)'> (0x00000000e79f3f10) 
thrown [s\src\hotspot\share\interpreter\linkResolver.cpp, line 773]
Event: 215.696 Thread 0x0000027af53f51e0 Exception <a 'java/lang/NoSuchMethodError'{0x00000000e6f870a0}: 'java.lang.Object java.lang.invoke.DirectMethodHandle$Holder.newInvokeSpecial(java.lang.Object, java.lang.Object, java.lang.Object, java.lang.Object, int, java.lang.Object)'> (0x00000000e6f870a0) 
thrown [s\src\hotspot\share\interpreter\linkResolver.cpp, line 773]
Event: 215.697 Thread 0x0000027af53f51e0 Exception <a 'java/lang/NoSuchMethodError'{0x00000000e6f8f630}: 'java.lang.Object java.lang.invoke.Invokers$Holder.linkToTargetMethod(java.lang.Object, java.lang.Object, java.lang.Object, int, java.lang.Object, java.lang.Object)'> (0x00000000e6f8f630) 
thrown [s\src\hotspot\share\interpreter\linkResolver.cpp, line 773]
Event: 215.962 Thread 0x0000027af53f51e0 Exception <a 'java/lang/NoSuchMethodError'{0x00000000efb1b200}: 'java.lang.Object java.lang.invoke.DirectMethodHandle$Holder.invokeSpecialIFC(java.lang.Object, java.lang.Object, java.lang.Object)'> (0x00000000efb1b200) 
thrown [s\src\hotspot\share\interpreter\linkResolver.cpp, line 773]

ZGC Phase Switch (0 events):
No events

VM Operations (20 events):
Event: 212.902 Executing VM operation: Cleanup done
Event: 213.054 Executing VM operation: HandshakeAllThreads (Deoptimize)
Event: 213.054 Executing VM operation: HandshakeAllThreads (Deoptimize) done
Event: 214.062 Executing VM operation: Cleanup
Event: 214.063 Executing VM operation: Cleanup done
Event: 214.547 Executing VM operation: HandshakeAllThreads (Deoptimize)
Event: 214.547 Executing VM operation: HandshakeAllThreads (Deoptimize) done
Event: 214.888 Executing VM operation: HandshakeAllThreads (Deoptimize)
Event: 214.888 Executing VM operation: HandshakeAllThreads (Deoptimize) done
Event: 214.898 Executing VM operation: HandshakeAllThreads (Deoptimize)
Event: 214.898 Executing VM operation: HandshakeAllThreads (Deoptimize) done
Event: 215.532 Executing VM operation: HandshakeAllThreads (Deoptimize)
Event: 215.532 Executing VM operation: HandshakeAllThreads (Deoptimize) done
Event: 215.532 Executing VM operation: Cleanup
Event: 215.532 Executing VM operation: Cleanup done
Event: 215.902 Executing VM operation: G1CollectForAllocation (G1 Evacuation Pause)
Event: 215.915 Executing VM operation: G1CollectForAllocation (G1 Evacuation Pause) done
Event: 216.918 Executing VM operation: Cleanup
Event: 217.012 Executing VM operation: Cleanup done
Event: 218.027 Executing VM operation: Cleanup

Memory protections (0 events):
No events

Nmethod flushes (20 events):
Event: 180.722 Thread 0x0000027adb08ef60 flushing  nmethod 0x0000027ac8518510
Event: 180.722 Thread 0x0000027adb08ef60 flushing  nmethod 0x0000027ac8518c90
Event: 180.722 Thread 0x0000027adb08ef60 flushing  nmethod 0x0000027ac8519590
Event: 180.722 Thread 0x0000027adb08ef60 flushing  nmethod 0x0000027ac8525c90
Event: 180.722 Thread 0x0000027adb08ef60 flushing  nmethod 0x0000027ac8527b10
Event: 180.722 Thread 0x0000027adb08ef60 flushing  nmethod 0x0000027ac8527e10
Event: 180.722 Thread 0x0000027adb08ef60 flushing  nmethod 0x0000027ac8528210
Event: 180.722 Thread 0x0000027adb08ef60 flushing  nmethod 0x0000027ac8528990
Event: 180.722 Thread 0x0000027adb08ef60 flushing  nmethod 0x0000027ac8529790
Event: 180.722 Thread 0x0000027adb08ef60 flushing  nmethod 0x0000027ac852d910
Event: 180.722 Thread 0x0000027adb08ef60 flushing  nmethod 0x0000027ac852fe90
Event: 180.722 Thread 0x0000027adb08ef60 flushing  nmethod 0x0000027ac8530390
Event: 180.722 Thread 0x0000027adb08ef60 flushing  nmethod 0x0000027ac857e910
Event: 180.722 Thread 0x0000027adb08ef60 flushing  nmethod 0x0000027ac8582590
Event: 180.722 Thread 0x0000027adb08ef60 flushing  nmethod 0x0000027ac8583390
Event: 180.722 Thread 0x0000027adb08ef60 flushing  nmethod 0x0000027ac8583c90
Event: 180.722 Thread 0x0000027adb08ef60 flushing  nmethod 0x0000027ac8584910
Event: 180.722 Thread 0x0000027adb08ef60 flushing  nmethod 0x0000027ac8585110
Event: 180.722 Thread 0x0000027adb08ef60 flushing  nmethod 0x0000027ac8585590
Event: 180.722 Thread 0x0000027adb08ef60 flushing  nmethod 0x0000027ac8891c10

Events (20 events):
Event: 215.839 Thread 0x0000027af53f51e0 Thread added: 0x0000027af68e1cd0
Event: 215.841 Thread 0x0000027af53f51e0 Thread added: 0x0000027af68dfc00
Event: 215.844 Thread 0x0000027af53f51e0 Thread added: 0x0000027af68e1640
Event: 215.852 Thread 0x0000027af53f51e0 Thread added: 0x0000027af68df570
Event: 215.856 Thread 0x0000027af53f51e0 Thread added: 0x0000027af68e3080
Event: 215.861 Thread 0x0000027af53f51e0 Thread added: 0x0000027af68e3710
Event: 215.866 Thread 0x0000027af53f51e0 Thread added: 0x0000027af68e0290
Event: 215.870 Thread 0x0000027af53f51e0 Thread added: 0x0000027af68e3da0
Event: 215.874 Thread 0x0000027af53f51e0 Thread added: 0x0000027af68e0920
Event: 215.963 Thread 0x0000027af53f51e0 Thread added: 0x0000027af68e6500
Event: 215.965 Thread 0x0000027af53f51e0 Thread added: 0x0000027af68e4430
Event: 215.966 Thread 0x0000027af53f51e0 Thread added: 0x0000027af68e57e0
Event: 215.967 Thread 0x0000027af53f51e0 Thread added: 0x0000027af68e4ac0
Event: 215.968 Thread 0x0000027af53f51e0 Thread added: 0x0000027af68e5150
Event: 215.968 Thread 0x0000027af53f51e0 Thread added: 0x0000027af68e5e70
Event: 215.969 Thread 0x0000027af53f51e0 Thread added: 0x0000027af93f1930
Event: 215.970 Thread 0x0000027af53f51e0 Thread added: 0x0000027af93f1fc0
Event: 215.970 Thread 0x0000027af53f51e0 Thread added: 0x0000027af93f2ce0
Event: 215.973 Thread 0x0000027af53f51e0 Thread added: 0x0000027af93f2650
Event: 215.976 Thread 0x0000027af53f51e0 Thread added: 0x0000027af93f3370


Dynamic libraries:
0x00007ff66d5d0000 - 0x00007ff66d5de000 	C:\Users\dduc1\.jdks\ms-21.0.8\bin\java.exe
0x00007ffcaf400000 - 0x00007ffcaf669000 	C:\WINDOWS\SYSTEM32\ntdll.dll
0x00007ffcaddf0000 - 0x00007ffcadeb9000 	C:\WINDOWS\System32\KERNEL32.DLL
0x00007ffcaca70000 - 0x00007ffcace63000 	C:\WINDOWS\System32\KERNELBASE.dll
0x00007ffcac650000 - 0x00007ffcac79b000 	C:\WINDOWS\System32\ucrtbase.dll
0x00007ffca75d0000 - 0x00007ffca75e8000 	C:\Users\dduc1\.jdks\ms-21.0.8\bin\jli.dll
0x00007ffcad740000 - 0x00007ffcad904000 	C:\WINDOWS\System32\USER32.dll
0x00007ffcac620000 - 0x00007ffcac647000 	C:\WINDOWS\System32\win32u.dll
0x00007ffcadb00000 - 0x00007ffcadb2b000 	C:\WINDOWS\System32\GDI32.dll
0x00007ffcace70000 - 0x00007ffcacf9d000 	C:\WINDOWS\System32\gdi32full.dll
0x00007ffcacfa0000 - 0x00007ffcad043000 	C:\WINDOWS\System32\msvcp_win.dll
0x00007ffca7610000 - 0x00007ffca762e000 	C:\Users\dduc1\.jdks\ms-21.0.8\bin\VCRUNTIME140.dll
0x00007ffc8c6c0000 - 0x00007ffc8c953000 	C:\WINDOWS\WinSxS\amd64_microsoft.windows.common-controls_6595b64144ccf1df_6.0.26100.5074_none_3e0d6f78e32fd63f\COMCTL32.dll
0x00007ffcaf130000 - 0x00007ffcaf1d9000 	C:\WINDOWS\System32\msvcrt.dll
0x00007ffcaefc0000 - 0x00007ffcaefef000 	C:\WINDOWS\System32\IMM32.DLL
0x00007ffca6220000 - 0x00007ffca622c000 	C:\Users\dduc1\.jdks\ms-21.0.8\bin\vcruntime140_1.dll
0x00007ffc9a5a0000 - 0x00007ffc9a629000 	C:\Users\dduc1\.jdks\ms-21.0.8\bin\msvcp140.dll
0x00007ffc58f30000 - 0x00007ffc59cdc000 	C:\Users\dduc1\.jdks\ms-21.0.8\bin\server\jvm.dll
0x00007ffcaf000000 - 0x00007ffcaf0b4000 	C:\WINDOWS\System32\ADVAPI32.dll
0x00007ffcae360000 - 0x00007ffcae406000 	C:\WINDOWS\System32\sechost.dll
0x00007ffcadcd0000 - 0x00007ffcadde8000 	C:\WINDOWS\System32\RPCRT4.dll
0x00007ffcaeb60000 - 0x00007ffcaebd4000 	C:\WINDOWS\System32\WS2_32.dll
0x00007ffcab510000 - 0x00007ffcab56e000 	C:\WINDOWS\SYSTEM32\POWRPROF.dll
0x00007ffca1400000 - 0x00007ffca1435000 	C:\WINDOWS\SYSTEM32\WINMM.dll
0x00007ffca50d0000 - 0x00007ffca50db000 	C:\WINDOWS\SYSTEM32\VERSION.dll
0x00007ffcab4f0000 - 0x00007ffcab504000 	C:\WINDOWS\SYSTEM32\UMPDC.dll
0x00007ffcab3a0000 - 0x00007ffcab3bb000 	C:\WINDOWS\SYSTEM32\kernel.appcore.dll
0x00007ffca6210000 - 0x00007ffca621a000 	C:\Users\dduc1\.jdks\ms-21.0.8\bin\jimage.dll
0x00007ffca9f70000 - 0x00007ffcaa1b2000 	C:\WINDOWS\SYSTEM32\DBGHELP.DLL
0x00007ffcadfe0000 - 0x00007ffcae35b000 	C:\WINDOWS\System32\combase.dll
0x00007ffcaebf0000 - 0x00007ffcaecc7000 	C:\WINDOWS\System32\OLEAUT32.dll
0x00007ffc9f050000 - 0x00007ffc9f08d000 	C:\WINDOWS\SYSTEM32\dbgcore.DLL
0x00007ffcac7a0000 - 0x00007ffcac839000 	C:\WINDOWS\System32\bcryptPrimitives.dll
0x00007ffc9f2e0000 - 0x00007ffc9f2f0000 	C:\Users\dduc1\.jdks\ms-21.0.8\bin\instrument.dll
0x00007ffc9f180000 - 0x00007ffc9f1a1000 	C:\Users\dduc1\.jdks\ms-21.0.8\bin\java.dll
0x00007ffcae410000 - 0x00007ffcaeb5d000 	C:\WINDOWS\System32\SHELL32.dll
0x00007ffcac900000 - 0x00007ffcaca6c000 	C:\WINDOWS\System32\wintypes.dll
0x00007ffcaa1d0000 - 0x00007ffcaaa29000 	C:\WINDOWS\SYSTEM32\windows.storage.dll
0x00007ffcad910000 - 0x00007ffcada00000 	C:\WINDOWS\System32\SHCORE.dll
0x00007ffcaf0c0000 - 0x00007ffcaf122000 	C:\WINDOWS\System32\shlwapi.dll
0x00007ffcac4b0000 - 0x00007ffcac4d9000 	C:\WINDOWS\SYSTEM32\profapi.dll
0x00007ffc6fc90000 - 0x00007ffc6fd66000 	C:\Users\dduc1\.jdks\ms-21.0.8\bin\jsvml.dll
0x00007ffc9f160000 - 0x00007ffc9f178000 	C:\Users\dduc1\.jdks\ms-21.0.8\bin\zip.dll
0x00007ffc99de0000 - 0x00007ffc99df1000 	C:\Users\dduc1\.jdks\ms-21.0.8\bin\net.dll
0x00007ffca5f40000 - 0x00007ffca605f000 	C:\WINDOWS\SYSTEM32\WINHTTP.dll
0x00007ffcab9c0000 - 0x00007ffcaba2b000 	C:\WINDOWS\system32\mswsock.dll
0x00007ffc99dc0000 - 0x00007ffc99dd6000 	C:\Users\dduc1\.jdks\ms-21.0.8\bin\nio.dll
0x00007ffc9f2d0000 - 0x00007ffc9f2e0000 	C:\Users\dduc1\.jdks\ms-21.0.8\bin\verify.dll
0x00007ffca6230000 - 0x00007ffca6257000 	C:\Users\dduc1\.gradle\native\1def1411415f61bf3af743bc5b6707747c0891f09f0c88961ee8f79bc544acac\windows-amd64\native-platform.dll
0x00007ffc99b10000 - 0x00007ffc99b88000 	C:\Users\dduc1\.gradle\native\0.2.7\x86_64-windows-gnu\gradle-fileevents.dll
0x00007ffc9f1f0000 - 0x00007ffc9f1fa000 	C:\Users\dduc1\.jdks\ms-21.0.8\bin\management.dll
0x00007ffc9f150000 - 0x00007ffc9f15c000 	C:\Users\dduc1\.jdks\ms-21.0.8\bin\management_ext.dll
0x00007ffcad1d0000 - 0x00007ffcad1d8000 	C:\WINDOWS\System32\PSAPI.DLL
0x00007ffcaada0000 - 0x00007ffcaadd4000 	C:\WINDOWS\SYSTEM32\IPHLPAPI.DLL
0x00007ffcaefb0000 - 0x00007ffcaefba000 	C:\WINDOWS\System32\NSI.dll
0x00007ffc9a590000 - 0x00007ffc9a599000 	C:\Users\dduc1\.jdks\ms-21.0.8\bin\extnet.dll
0x00007ffcabc90000 - 0x00007ffcabcab000 	C:\WINDOWS\SYSTEM32\CRYPTSP.dll
0x00007ffcab300000 - 0x00007ffcab33b000 	C:\WINDOWS\system32\rsaenh.dll
0x00007ffcaba60000 - 0x00007ffcaba8b000 	C:\WINDOWS\SYSTEM32\USERENV.dll
0x00007ffcac480000 - 0x00007ffcac4a6000 	C:\WINDOWS\SYSTEM32\bcrypt.dll
0x00007ffcabcb0000 - 0x00007ffcabcbc000 	C:\WINDOWS\SYSTEM32\CRYPTBASE.dll
0x00007ffc9a530000 - 0x00007ffc9a53e000 	C:\Users\dduc1\.jdks\ms-21.0.8\bin\sunmscapi.dll
0x00007ffcad050000 - 0x00007ffcad1c7000 	C:\WINDOWS\System32\CRYPT32.dll
0x00007ffcabed0000 - 0x00007ffcabf00000 	C:\WINDOWS\SYSTEM32\ncrypt.dll
0x00007ffcabe80000 - 0x00007ffcabebf000 	C:\WINDOWS\SYSTEM32\NTASN1.dll
0x00007ffc7fe20000 - 0x00007ffc7fe28000 	C:\WINDOWS\system32\wshunix.dll

JVMTI agents:
C:\Users\dduc1\.gradle\wrapper\dists\gradle-8.14.3-bin\cv11ve7ro1n3o1j4so8xd9n66\gradle-8.14.3\lib\agents\gradle-instrumentation-agent-8.14.3.jar path:C:\Users\dduc1\.jdks\ms-21.0.8\bin\instrument.dll, loaded, initialized, instrumentlib options:none

dbghelp: loaded successfully - version: 4.0.5 - missing functions: none
symbol engine: initialized successfully - sym options: 0x614 - pdb path: .;C:\Users\dduc1\.jdks\ms-21.0.8\bin;C:\WINDOWS\SYSTEM32;C:\WINDOWS\WinSxS\amd64_microsoft.windows.common-controls_6595b64144ccf1df_6.0.26100.5074_none_3e0d6f78e32fd63f;C:\Users\dduc1\.jdks\ms-21.0.8\bin\server;C:\Users\dduc1\.gradle\native\1def1411415f61bf3af743bc5b6707747c0891f09f0c88961ee8f79bc544acac\windows-amd64;C:\Users\dduc1\.gradle\native\0.2.7\x86_64-windows-gnu

VM Arguments:
jvm_args: --add-opens=java.base/java.lang=ALL-UNNAMED --add-opens=java.base/java.lang.invoke=ALL-UNNAMED --add-opens=java.base/java.util=ALL-UNNAMED --add-opens=java.prefs/java.util.prefs=ALL-UNNAMED --add-exports=jdk.compiler/com.sun.tools.javac.api=ALL-UNNAMED --add-exports=jdk.compiler/com.sun.tools.javac.util=ALL-UNNAMED --add-opens=java.base/java.util=ALL-UNNAMED --add-opens=java.prefs/java.util.prefs=ALL-UNNAMED --add-opens=java.base/java.nio.charset=ALL-UNNAMED --add-opens=java.base/java.net=ALL-UNNAMED --add-opens=java.base/java.util.concurrent.atomic=ALL-UNNAMED --add-opens=java.xml/javax.xml.namespace=ALL-UNNAMED -XX:MaxMetaspaceSize=384m -XX:+HeapDumpOnOutOfMemoryError -Xms256m -Xmx512m -Dfile.encoding=windows-1252 -Duser.country=US -Duser.language=en -Duser.variant -javaagent:C:\Users\dduc1\.gradle\wrapper\dists\gradle-8.14.3-bin\cv11ve7ro1n3o1j4so8xd9n66\gradle-8.14.3\lib\agents\gradle-instrumentation-agent-8.14.3.jar 
java_command: org.gradle.launcher.daemon.bootstrap.GradleDaemon 8.14.3
java_class_path (initial): C:\Users\dduc1\.gradle\wrapper\dists\gradle-8.14.3-bin\cv11ve7ro1n3o1j4so8xd9n66\gradle-8.14.3\lib\gradle-daemon-main-8.14.3.jar
Launcher Type: SUN_STANDARD

[Global flags]
     intx CICompilerCount                          = 4                                         {product} {ergonomic}
   size_t CompressedClassSpaceSize                 = 335544320                                 {product} {ergonomic}
     uint ConcGCThreads                            = 3                                         {product} {ergonomic}
     uint G1ConcRefinementThreads                  = 10                                        {product} {ergonomic}
   size_t G1HeapRegionSize                         = 1048576                                   {product} {ergonomic}
    uintx GCDrainStackTargetSize                   = 64                                        {product} {ergonomic}
     bool HeapDumpOnOutOfMemoryError               = true                                   {manageable} {command line}
   size_t InitialHeapSize                          = 268435456                                 {product} {command line}
   size_t MarkStackSize                            = 4194304                                   {product} {ergonomic}
   size_t MaxHeapSize                              = 536870912                                 {product} {command line}
   size_t MaxMetaspaceSize                         = 402653184                                 {product} {command line}
   size_t MaxNewSize                               = 321912832                                 {product} {ergonomic}
   size_t MinHeapDeltaBytes                        = 1048576                                   {product} {ergonomic}
   size_t MinHeapSize                              = 268435456                                 {product} {command line}
    uintx NonNMethodCodeHeapSize                   = 5839372                                {pd product} {ergonomic}
    uintx NonProfiledCodeHeapSize                  = 122909434                              {pd product} {ergonomic}
    uintx ProfiledCodeHeapSize                     = 122909434                              {pd product} {ergonomic}
    uintx ReservedCodeCacheSize                    = 251658240                              {pd product} {ergonomic}
     bool SegmentedCodeCache                       = true                                      {product} {ergonomic}
   size_t SoftMaxHeapSize                          = 536870912                              {manageable} {ergonomic}
     bool UseCompressedOops                        = true                           {product lp64_product} {ergonomic}
     bool UseG1GC                                  = true                                      {product} {ergonomic}
     bool UseLargePagesIndividualAllocation        = false                                  {pd product} {ergonomic}

Logging:
Log output configuration:
 #0: stdout all=warning uptime,level,tags foldmultilines=false
 #1: stderr all=off uptime,level,tags foldmultilines=false

Environment Variables:
PATH=E:\PYTHON\Scripts\;E:\PYTHON\;C:\Program Files\Common Files\Oracle\Java\javapath;C:\Windows\system32;C:\Windows;C:\Windows\System32\Wbem;C:\Windows\System32\WindowsPowerShell\v1.0\;C:\Windows\System32\OpenSSH\;C:\Program Files (x86)\NVIDIA Corporation\PhysX\Common;C:\Program Files\NVIDIA Corporation\NVIDIA NvDLISR;C:\WINDOWS\system32;C:\WINDOWS;C:\WINDOWS\System32\Wbem;C:\WINDOWS\System32\WindowsPowerShell\v1.0\;C:\WINDOWS\System32\OpenSSH\;E:\GIT\cmd;D:\important file JAVA\bin;C:\ProgramData\chocolatey\bin;C:\msys64\ucrt64\bin;C:\Program Files\Microsoft SQL Server\150\Tools\Binn\;C:\Program Files\Microsoft SQL Server\Client SDK\ODBC\170\Tools\Binn\;D:\gradle-8.12\bin;C:\Program Files\dotnet\;C:\Program Files (x86)\Windows Kits\10\Windows Performance Toolkit\;C:\Users\dduc1\AppData\Local\nvm;C:\nvm4w\nodejs;C:\Program Files\Docker\Docker\resources\bin;C:\Users\dduc1\AppData\Local\Programs\Python\Launcher\;C:\Users\dduc1\AppData\Local\Microsoft\WindowsApps;D:\VScode\Microsoft VS Code\bin;E:\PYTHON;C:\Users\dduc1\AppData\Roaming\npm;E:\PYTHON\Lib;E:\PYTHON\Scripts;D:\Intellij IDEA\IntelliJ IDEA 2024.1.4\bin;;C:\Users\dduc1\.dotnet\tools;C:\Program Files\dotnet\sdk\9.0.101;%JetBrains Rider%;D:\gradle-8.12\bin;C:\Users\dduc1\AppData\Local\nvm;C:\nvm4w\nodejs
USERNAME=dduc1
OS=Windows_NT
PROCESSOR_IDENTIFIER=AMD64 Family 25 Model 80 Stepping 0, AuthenticAMD
TMP=C:\Users\dduc1\AppData\Local\Temp
TEMP=C:\Users\dduc1\AppData\Local\Temp




Periodic native trim disabled

---------------  S Y S T E M  ---------------

OS:
 Windows 11 , 64 bit Build 26100 (10.0.26100.5074)
OS uptime: 4 days 2:57 hours
Hyper-V role detected

CPU: total 12 (initial active 12) (12 cores per cpu, 2 threads per core) family 25 model 80 stepping 0 microcode 0xa50000c, cx8, cmov, fxsr, ht, mmx, 3dnowpref, sse, sse2, sse3, ssse3, sse4a, sse4.1, sse4.2, popcnt, lzcnt, tsc, tscinvbit, avx, avx2, aes, erms, clmul, bmi1, bmi2, adx, sha, fma, vzeroupper, clflush, clflushopt, hv, rdtscp, rdpid, fsrm, f16c, cet_ss
Processor Information for the first 12 processors :
  Max Mhz: 3301, Current Mhz: 3301, Mhz Limit: 3301

Memory: 4k page, system-wide physical 15724M (656M free)
TotalPageFile size 46992M (AvailPageFile size 13M)
current process WorkingSet (physical memory assigned to process): 300M, peak: 305M
current process commit charge ("private bytes"): 480M, peak: 486M

vm_info: OpenJDK 64-Bit Server VM (21.0.8+9-LTS) for windows-amd64 JRE (21.0.8+9-LTS), built on 2025-07-10T20:22:44Z by "MicrosoftCorporation" with unknown MS VC++:1944

END.
