#
# There is insufficient memory for the Java Runtime Environment to continue.
# Native memory allocation (malloc) failed to allocate 1857168 bytes. Error detail: Chunk::new
# Possible reasons:
#   The system is out of physical RAM or swap space
#   This process is running with CompressedOops enabled, and the Java Heap may be blocking the growth of the native heap
# Possible solutions:
#   Reduce memory load on the system
#   Increase physical memory or swap space
#   Check if swap backing store is full
#   Decrease Java heap size (-Xmx/-Xms)
#   Decrease number of Java threads
#   Decrease Java thread stack sizes (-Xss)
#   Set larger code cache with -XX:ReservedCodeCacheSize=
#   JVM is running with Unscaled Compressed Oops mode in which the Java heap is
#     placed in the first 4GB address space. The Java Heap base address is the
#     maximum limit for the native heap growth. Please use -XX:HeapBaseMinAddress
#     to set the Java Heap base and to place the Java Heap above 4GB virtual address.
# This output file may be truncated or incomplete.
#
#  Out of Memory Error (arena.cpp:168), pid=40080, tid=42292
#
# JRE version: OpenJDK Runtime Environment Microsoft-11933218 (21.0.8+9) (build 21.0.8+9-LTS)
# Java VM: OpenJDK 64-Bit Server VM Microsoft-11933218 (21.0.8+9-LTS, mixed mode, sharing, tiered, compressed oops, compressed class ptrs, g1 gc, windows-amd64)
# No core dump will be written. Minidumps are not enabled by default on client versions of Windows
#

---------------  S U M M A R Y ------------

Command Line: --add-opens=java.base/java.lang=ALL-UNNAMED --add-opens=java.base/java.lang.invoke=ALL-UNNAMED --add-opens=java.base/java.util=ALL-UNNAMED --add-opens=java.prefs/java.util.prefs=ALL-UNNAMED --add-exports=jdk.compiler/com.sun.tools.javac.api=ALL-UNNAMED --add-exports=jdk.compiler/com.sun.tools.javac.util=ALL-UNNAMED --add-opens=java.base/java.util=ALL-UNNAMED --add-opens=java.prefs/java.util.prefs=ALL-UNNAMED --add-opens=java.base/java.nio.charset=ALL-UNNAMED --add-opens=java.base/java.net=ALL-UNNAMED --add-opens=java.base/java.util.concurrent.atomic=ALL-UNNAMED --add-opens=java.xml/javax.xml.namespace=ALL-UNNAMED -XX:MaxMetaspaceSize=384m -XX:+HeapDumpOnOutOfMemoryError -Xms256m -Xmx512m -Dfile.encoding=windows-1252 -Duser.country=US -Duser.language=en -Duser.variant -javaagent:C:\Users\dduc1\.gradle\wrapper\dists\gradle-8.14.3-bin\cv11ve7ro1n3o1j4so8xd9n66\gradle-8.14.3\lib\agents\gradle-instrumentation-agent-8.14.3.jar org.gradle.launcher.daemon.bootstrap.GradleDaemon 8.14.3

Host: AMD Ryzen 5 5600H with Radeon Graphics         , 12 cores, 15G,  Windows 11 , 64 bit Build 26100 (10.0.26100.5074)
Time: Mon Oct  6 10:25:36 2025 SE Asia Standard Time elapsed time: 112.059989 seconds (0d 0h 1m 52s)

---------------  T H R E A D  ---------------

Current thread (0x0000019a1e661460):  JavaThread "C2 CompilerThread1" daemon [_thread_in_native, id=42292, stack(0x0000003a6b900000,0x0000003a6ba00000) (1024K)]


Current CompileTask:
C2:112060 4741   !   4       java.lang.ClassLoader::loadClass (121 bytes)

Stack: [0x0000003a6b900000,0x0000003a6ba00000]
Native frames: (J=compiled Java code, j=interpreted, Vv=VM code, C=native code)
V  [jvm.dll+0x6e1729]
V  [jvm.dll+0x8bf47b]
V  [jvm.dll+0x8c19aa]
V  [jvm.dll+0x8c2083]
V  [jvm.dll+0x289fd6]
V  [jvm.dll+0xc903d]
V  [jvm.dll+0xc958c]
V  [jvm.dll+0x3c771c]
V  [jvm.dll+0x1ea3a6]
V  [jvm.dll+0x251db3]
V  [jvm.dll+0x251283]
V  [jvm.dll+0x1d18bf]
V  [jvm.dll+0x260f4a]
V  [jvm.dll+0x25f2b5]
V  [jvm.dll+0x40151d]
V  [jvm.dll+0x86975d]
V  [jvm.dll+0x6dff2d]
C  [ucrtbase.dll+0x37b0]
C  [KERNEL32.DLL+0x2e8d7]
C  [ntdll.dll+0x8d9c]


---------------  P R O C E S S  ---------------

Threads class SMR info:
_java_thread_list=0x0000019a1e644620, length=34, elements={
0x0000019a4cb3a240, 0x0000019a6a18c0a0, 0x0000019a6a18c700, 0x0000019a19010bf0,
0x0000019a19011250, 0x0000019a190118b0, 0x0000019a19015f20, 0x0000019a19016580,
0x0000019a1901a680, 0x0000019a190dd360, 0x0000019a1932a960, 0x0000019a190dbba0,
0x0000019a1aad5460, 0x0000019a192dcf00, 0x0000019a192dd560, 0x0000019a19fc34d0,
0x0000019a19fc3b30, 0x0000019a194d91b0, 0x0000019a1af62b30, 0x0000019a19ffbb80,
0x0000019a19ffcf30, 0x0000019a19ffc210, 0x0000019a19ffc8a0, 0x0000019a19ffae60,
0x0000019a19ffb4f0, 0x0000019a19ffa140, 0x0000019a19ffa7d0, 0x0000019a19ffd5c0,
0x0000019a1e67d2f0, 0x0000019a1e67bf40, 0x0000019a1e67fa50, 0x0000019a1e67ed30,
0x0000019a1e67e010, 0x0000019a1e661460
}

Java Threads: ( => current thread )
  0x0000019a4cb3a240 JavaThread "main"                              [_thread_blocked, id=40268, stack(0x0000003a69200000,0x0000003a69300000) (1024K)]
  0x0000019a6a18c0a0 JavaThread "Reference Handler"          daemon [_thread_blocked, id=5616, stack(0x0000003a69a00000,0x0000003a69b00000) (1024K)]
  0x0000019a6a18c700 JavaThread "Finalizer"                  daemon [_thread_blocked, id=1828, stack(0x0000003a69b00000,0x0000003a69c00000) (1024K)]
  0x0000019a19010bf0 JavaThread "Signal Dispatcher"          daemon [_thread_blocked, id=16244, stack(0x0000003a69c00000,0x0000003a69d00000) (1024K)]
  0x0000019a19011250 JavaThread "Attach Listener"            daemon [_thread_blocked, id=30740, stack(0x0000003a69d00000,0x0000003a69e00000) (1024K)]
  0x0000019a190118b0 JavaThread "Service Thread"             daemon [_thread_blocked, id=16108, stack(0x0000003a69e00000,0x0000003a69f00000) (1024K)]
  0x0000019a19015f20 JavaThread "Monitor Deflation Thread"   daemon [_thread_blocked, id=23040, stack(0x0000003a69f00000,0x0000003a6a000000) (1024K)]
  0x0000019a19016580 JavaThread "C2 CompilerThread0"         daemon [_thread_blocked, id=28272, stack(0x0000003a6a000000,0x0000003a6a100000) (1024K)]
  0x0000019a1901a680 JavaThread "C1 CompilerThread0"         daemon [_thread_blocked, id=30428, stack(0x0000003a6a100000,0x0000003a6a200000) (1024K)]
  0x0000019a190dd360 JavaThread "Common-Cleaner"             daemon [_thread_blocked, id=27488, stack(0x0000003a6a200000,0x0000003a6a300000) (1024K)]
  0x0000019a1932a960 JavaThread "Notification Thread"        daemon [_thread_blocked, id=29348, stack(0x0000003a6a300000,0x0000003a6a400000) (1024K)]
  0x0000019a190dbba0 JavaThread "Daemon health stats"               [_thread_blocked, id=41692, stack(0x0000003a6ab00000,0x0000003a6ac00000) (1024K)]
  0x0000019a1aad5460 JavaThread "Incoming local TCP Connector on port 53613"        [_thread_in_native, id=22488, stack(0x0000003a6a500000,0x0000003a6a600000) (1024K)]
  0x0000019a192dcf00 JavaThread "Daemon periodic checks"            [_thread_blocked, id=29680, stack(0x0000003a6ac00000,0x0000003a6ad00000) (1024K)]
  0x0000019a192dd560 JavaThread "Daemon"                            [_thread_blocked, id=10692, stack(0x0000003a6ad00000,0x0000003a6ae00000) (1024K)]
  0x0000019a19fc34d0 JavaThread "Handler for socket connection from /127.0.0.1:53613 to /127.0.0.1:57034"        [_thread_in_native, id=6852, stack(0x0000003a6ae00000,0x0000003a6af00000) (1024K)]
  0x0000019a19fc3b30 JavaThread "Cancel handler"                    [_thread_blocked, id=41364, stack(0x0000003a6af00000,0x0000003a6b000000) (1024K)]
  0x0000019a194d91b0 JavaThread "Daemon worker"                     [_thread_blocked, id=5404, stack(0x0000003a6b000000,0x0000003a6b100000) (1024K)]
  0x0000019a1af62b30 JavaThread "Asynchronous log dispatcher for DefaultDaemonConnection: socket connection from /127.0.0.1:53613 to /127.0.0.1:57034"        [_thread_blocked, id=20708, stack(0x0000003a6b100000,0x0000003a6b200000) (1024K)]
  0x0000019a19ffbb80 JavaThread "Stdin handler"                     [_thread_blocked, id=29776, stack(0x0000003a6b200000,0x0000003a6b300000) (1024K)]
  0x0000019a19ffcf30 JavaThread "Daemon client event forwarder"        [_thread_blocked, id=30300, stack(0x0000003a6b300000,0x0000003a6b400000) (1024K)]
  0x0000019a19ffc210 JavaThread "Cache worker for journal cache (C:\Users\dduc1\.gradle\caches\journal-1)"        [_thread_blocked, id=39468, stack(0x0000003a6b400000,0x0000003a6b500000) (1024K)]
  0x0000019a19ffc8a0 JavaThread "File lock request listener"        [_thread_in_native, id=29308, stack(0x0000003a6b500000,0x0000003a6b600000) (1024K)]
  0x0000019a19ffae60 JavaThread "File lock release action executor"        [_thread_blocked, id=39032, stack(0x0000003a6b600000,0x0000003a6b700000) (1024K)]
  0x0000019a19ffb4f0 JavaThread "Cache worker for file hash cache (C:\Users\dduc1\.gradle\caches\8.14.3\fileHashes)"        [_thread_blocked, id=32740, stack(0x0000003a6b700000,0x0000003a6b800000) (1024K)]
  0x0000019a19ffa140 JavaThread "Cache worker for file hash cache (E:\J2EE\Java_Microservice_BE\user-service\.gradle\8.14.3\fileHashes)"        [_thread_blocked, id=37176, stack(0x0000003a6bf00000,0x0000003a6c000000) (1024K)]
  0x0000019a19ffa7d0 JavaThread "Cache worker for Build Output Cleanup Cache (E:\J2EE\Java_Microservice_BE\user-service\.gradle\buildOutputCleanup)"        [_thread_blocked, id=37824, stack(0x0000003a6c000000,0x0000003a6c100000) (1024K)]
  0x0000019a19ffd5c0 JavaThread "File watcher server"        daemon [_thread_in_native, id=39064, stack(0x0000003a6c100000,0x0000003a6c200000) (1024K)]
  0x0000019a1e67d2f0 JavaThread "File watcher consumer"      daemon [_thread_blocked, id=39072, stack(0x0000003a6c200000,0x0000003a6c300000) (1024K)]
  0x0000019a1e67bf40 JavaThread "jar transforms"                    [_thread_blocked, id=1592, stack(0x0000003a6b800000,0x0000003a6b900000) (1024K)]
  0x0000019a1e67fa50 JavaThread "jar transforms Thread 2"           [_thread_blocked, id=34400, stack(0x0000003a68f00000,0x0000003a69000000) (1024K)]
  0x0000019a1e67ed30 JavaThread "Cache worker for checksums cache (E:\J2EE\Java_Microservice_BE\user-service\.gradle\8.14.3\checksums)"        [_thread_blocked, id=42272, stack(0x0000003a69000000,0x0000003a69100000) (1024K)]
  0x0000019a1e67e010 JavaThread "Cache worker for file content cache (C:\Users\dduc1\.gradle\caches\8.14.3\fileContent)"        [_thread_blocked, id=42284, stack(0x0000003a69100000,0x0000003a69200000) (1024K)]
=>0x0000019a1e661460 JavaThread "C2 CompilerThread1"         daemon [_thread_in_native, id=42292, stack(0x0000003a6b900000,0x0000003a6ba00000) (1024K)]
Total: 34

Other Threads:
  0x0000019a6a16f740 VMThread "VM Thread"                           [id=39368, stack(0x0000003a69900000,0x0000003a69a00000) (1024K)]
  0x0000019a6a160010 WatcherThread "VM Periodic Task Thread"        [id=34096, stack(0x0000003a69800000,0x0000003a69900000) (1024K)]
  0x0000019a4eebb690 WorkerThread "GC Thread#0"                     [id=35664, stack(0x0000003a69300000,0x0000003a69400000) (1024K)]
  0x0000019a1954dd60 WorkerThread "GC Thread#1"                     [id=40980, stack(0x0000003a6a600000,0x0000003a6a700000) (1024K)]
  0x0000019a193b3850 WorkerThread "GC Thread#2"                     [id=40984, stack(0x0000003a6a700000,0x0000003a6a800000) (1024K)]
  0x0000019a193b3bf0 WorkerThread "GC Thread#3"                     [id=40988, stack(0x0000003a6a800000,0x0000003a6a900000) (1024K)]
  0x0000019a1932dac0 WorkerThread "GC Thread#4"                     [id=40992, stack(0x0000003a6a900000,0x0000003a6aa00000) (1024K)]
  0x0000019a19408960 WorkerThread "GC Thread#5"                     [id=40996, stack(0x0000003a6aa00000,0x0000003a6ab00000) (1024K)]
  0x0000019a1a93aea0 WorkerThread "GC Thread#6"                     [id=41668, stack(0x0000003a6a400000,0x0000003a6a500000) (1024K)]
  0x0000019a1b6d17a0 WorkerThread "GC Thread#7"                     [id=35052, stack(0x0000003a6ba00000,0x0000003a6bb00000) (1024K)]
  0x0000019a1b6d1b40 WorkerThread "GC Thread#8"                     [id=36004, stack(0x0000003a6bb00000,0x0000003a6bc00000) (1024K)]
  0x0000019a1b6d0cc0 WorkerThread "GC Thread#9"                     [id=36008, stack(0x0000003a6bc00000,0x0000003a6bd00000) (1024K)]
  0x0000019a4eec0580 ConcurrentGCThread "G1 Main Marker"            [id=9700, stack(0x0000003a69400000,0x0000003a69500000) (1024K)]
  0x0000019a4eec0f90 WorkerThread "G1 Conc#0"                       [id=37408, stack(0x0000003a69500000,0x0000003a69600000) (1024K)]
  0x0000019a1b6d01e0 WorkerThread "G1 Conc#1"                       [id=36012, stack(0x0000003a6bd00000,0x0000003a6be00000) (1024K)]
  0x0000019a1b6d0580 WorkerThread "G1 Conc#2"                       [id=36016, stack(0x0000003a6be00000,0x0000003a6bf00000) (1024K)]
  0x0000019a4ef4e940 ConcurrentGCThread "G1 Refine#0"               [id=37936, stack(0x0000003a69600000,0x0000003a69700000) (1024K)]
  0x0000019a6a034270 ConcurrentGCThread "G1 Service"                [id=38524, stack(0x0000003a69700000,0x0000003a69800000) (1024K)]
Total: 18

Threads with active compile tasks:
C2 CompilerThread1  112129 4741   !   4       java.lang.ClassLoader::loadClass (121 bytes)
Total: 1

VM state: not at safepoint (normal execution)

VM Mutex/Monitor currently owned by a thread: None

Heap address: 0x00000000e0000000, size: 512 MB, Compressed Oops mode: 32-bit

CDS archive(s) mapped at: [0x0000019a00000000-0x0000019a00c80000-0x0000019a00c80000), size 13107200, SharedBaseAddress: 0x0000019a00000000, ArchiveRelocationMode: 1.
Compressed class space mapped at: 0x0000019a01000000-0x0000019a15000000, reserved size: 335544320
Narrow klass base: 0x0000019a00000000, Narrow klass shift: 0, Narrow klass range: 0x100000000

GC Precious Log:
 CardTable entry size: 512
 Card Set container configuration: InlinePtr #cards 5 size 8 Array Of Cards #cards 12 size 40 Howl #buckets 4 coarsen threshold 1843 Howl Bitmap #cards 512 size 80 coarsen threshold 460 Card regions per heap region 1 cards per card region 2048
 CPUs: 12 total, 12 available
 Memory: 15724M
 Large Page Support: Disabled
 NUMA Support: Disabled
 Compressed Oops: Enabled (32-bit)
 Heap Region Size: 1M
 Heap Min Capacity: 256M
 Heap Initial Capacity: 256M
 Heap Max Capacity: 512M
 Pre-touch: Disabled
 Parallel Workers: 10
 Concurrent Workers: 3
 Concurrent Refinement Workers: 10
 Periodic GC: Disabled

Heap:
 garbage-first heap   total 262144K, used 42026K [0x00000000e0000000, 0x0000000100000000)
  region size 1024K, 22 young (22528K), 16 survivors (16384K)
 Metaspace       used 35650K, committed 36736K, reserved 393216K
  class space    used 4955K, committed 5504K, reserved 327680K

Heap Regions: E=young(eden), S=young(survivor), O=old, HS=humongous(starts), HC=humongous(continues), CS=collection set, F=free, TAMS=top-at-mark-start, PB=parsable bottom
|   0|0x00000000e0000000, 0x00000000e0100000, 0x00000000e0100000|100%|HS|  |TAMS 0x00000000e0000000| PB 0x00000000e0000000| Complete 
|   1|0x00000000e0100000, 0x00000000e0200000, 0x00000000e0200000|100%|HC|  |TAMS 0x00000000e0100000| PB 0x00000000e0100000| Complete 
|   2|0x00000000e0200000, 0x00000000e0300000, 0x00000000e0300000|100%|HC|  |TAMS 0x00000000e0200000| PB 0x00000000e0200000| Complete 
|   3|0x00000000e0300000, 0x00000000e0400000, 0x00000000e0400000|100%| O|  |TAMS 0x00000000e0300000| PB 0x00000000e0300000| Untracked 
|   4|0x00000000e0400000, 0x00000000e0500000, 0x00000000e0500000|100%| O|  |TAMS 0x00000000e0400000| PB 0x00000000e0400000| Untracked 
|   5|0x00000000e0500000, 0x00000000e0600000, 0x00000000e0600000|100%| O|  |TAMS 0x00000000e0500000| PB 0x00000000e0500000| Untracked 
|   6|0x00000000e0600000, 0x00000000e0700000, 0x00000000e0700000|100%|HS|  |TAMS 0x00000000e0600000| PB 0x00000000e0600000| Complete 
|   7|0x00000000e0700000, 0x00000000e0800000, 0x00000000e0800000|100%| O|  |TAMS 0x00000000e0700000| PB 0x00000000e0700000| Untracked 
|   8|0x00000000e0800000, 0x00000000e0900000, 0x00000000e0900000|100%| O|  |TAMS 0x00000000e0800000| PB 0x00000000e0800000| Untracked 
|   9|0x00000000e0900000, 0x00000000e0a00000, 0x00000000e0a00000|100%| O|Cm|TAMS 0x00000000e0900000| PB 0x00000000e0900000| Complete 
|  10|0x00000000e0a00000, 0x00000000e0b00000, 0x00000000e0b00000|100%| O|  |TAMS 0x00000000e0a00000| PB 0x00000000e0a00000| Untracked 
|  11|0x00000000e0b00000, 0x00000000e0c00000, 0x00000000e0c00000|100%| O|  |TAMS 0x00000000e0b00000| PB 0x00000000e0b00000| Untracked 
|  12|0x00000000e0c00000, 0x00000000e0d00000, 0x00000000e0d00000|100%| O|  |TAMS 0x00000000e0c00000| PB 0x00000000e0c00000| Untracked 
|  13|0x00000000e0d00000, 0x00000000e0e00000, 0x00000000e0e00000|100%| O|  |TAMS 0x00000000e0d00000| PB 0x00000000e0d00000| Untracked 
|  14|0x00000000e0e00000, 0x00000000e0f00000, 0x00000000e0f00000|100%| O|  |TAMS 0x00000000e0e00000| PB 0x00000000e0e00000| Untracked 
|  15|0x00000000e0f00000, 0x00000000e1000000, 0x00000000e1000000|100%| O|  |TAMS 0x00000000e0f00000| PB 0x00000000e0f00000| Untracked 
|  16|0x00000000e1000000, 0x00000000e1094818, 0x00000000e1100000| 58%| O|  |TAMS 0x00000000e1000000| PB 0x00000000e1000000| Untracked 
|  17|0x00000000e1100000, 0x00000000e1200000, 0x00000000e1200000|100%|HS|  |TAMS 0x00000000e1100000| PB 0x00000000e1100000| Complete 
|  18|0x00000000e1200000, 0x00000000e1300000, 0x00000000e1300000|100%|HS|  |TAMS 0x00000000e1200000| PB 0x00000000e1200000| Complete 
|  19|0x00000000e1300000, 0x00000000e1400000, 0x00000000e1400000|100%|HC|  |TAMS 0x00000000e1300000| PB 0x00000000e1300000| Complete 
|  20|0x00000000e1400000, 0x00000000e1500000, 0x00000000e1500000|100%|HS|  |TAMS 0x00000000e1400000| PB 0x00000000e1400000| Complete 
|  21|0x00000000e1500000, 0x00000000e1600000, 0x00000000e1600000|100%|HC|  |TAMS 0x00000000e1500000| PB 0x00000000e1500000| Complete 
|  22|0x00000000e1600000, 0x00000000e1600000, 0x00000000e1700000|  0%| F|  |TAMS 0x00000000e1600000| PB 0x00000000e1600000| Untracked 
|  23|0x00000000e1700000, 0x00000000e1700000, 0x00000000e1800000|  0%| F|  |TAMS 0x00000000e1700000| PB 0x00000000e1700000| Untracked 
|  24|0x00000000e1800000, 0x00000000e1800000, 0x00000000e1900000|  0%| F|  |TAMS 0x00000000e1800000| PB 0x00000000e1800000| Untracked 
|  25|0x00000000e1900000, 0x00000000e1900000, 0x00000000e1a00000|  0%| F|  |TAMS 0x00000000e1900000| PB 0x00000000e1900000| Untracked 
|  26|0x00000000e1a00000, 0x00000000e1a00000, 0x00000000e1b00000|  0%| F|  |TAMS 0x00000000e1a00000| PB 0x00000000e1a00000| Untracked 
|  27|0x00000000e1b00000, 0x00000000e1b00000, 0x00000000e1c00000|  0%| F|  |TAMS 0x00000000e1b00000| PB 0x00000000e1b00000| Untracked 
|  28|0x00000000e1c00000, 0x00000000e1c00000, 0x00000000e1d00000|  0%| F|  |TAMS 0x00000000e1c00000| PB 0x00000000e1c00000| Untracked 
|  29|0x00000000e1d00000, 0x00000000e1d00000, 0x00000000e1e00000|  0%| F|  |TAMS 0x00000000e1d00000| PB 0x00000000e1d00000| Untracked 
|  30|0x00000000e1e00000, 0x00000000e1e00000, 0x00000000e1f00000|  0%| F|  |TAMS 0x00000000e1e00000| PB 0x00000000e1e00000| Untracked 
|  31|0x00000000e1f00000, 0x00000000e1f00000, 0x00000000e2000000|  0%| F|  |TAMS 0x00000000e1f00000| PB 0x00000000e1f00000| Untracked 
|  32|0x00000000e2000000, 0x00000000e2000000, 0x00000000e2100000|  0%| F|  |TAMS 0x00000000e2000000| PB 0x00000000e2000000| Untracked 
|  33|0x00000000e2100000, 0x00000000e2100000, 0x00000000e2200000|  0%| F|  |TAMS 0x00000000e2100000| PB 0x00000000e2100000| Untracked 
|  34|0x00000000e2200000, 0x00000000e2200000, 0x00000000e2300000|  0%| F|  |TAMS 0x00000000e2200000| PB 0x00000000e2200000| Untracked 
|  35|0x00000000e2300000, 0x00000000e2300000, 0x00000000e2400000|  0%| F|  |TAMS 0x00000000e2300000| PB 0x00000000e2300000| Untracked 
|  36|0x00000000e2400000, 0x00000000e2400000, 0x00000000e2500000|  0%| F|  |TAMS 0x00000000e2400000| PB 0x00000000e2400000| Untracked 
|  37|0x00000000e2500000, 0x00000000e2500000, 0x00000000e2600000|  0%| F|  |TAMS 0x00000000e2500000| PB 0x00000000e2500000| Untracked 
|  38|0x00000000e2600000, 0x00000000e2600000, 0x00000000e2700000|  0%| F|  |TAMS 0x00000000e2600000| PB 0x00000000e2600000| Untracked 
|  39|0x00000000e2700000, 0x00000000e2700000, 0x00000000e2800000|  0%| F|  |TAMS 0x00000000e2700000| PB 0x00000000e2700000| Untracked 
|  40|0x00000000e2800000, 0x00000000e2800000, 0x00000000e2900000|  0%| F|  |TAMS 0x00000000e2800000| PB 0x00000000e2800000| Untracked 
|  41|0x00000000e2900000, 0x00000000e2900000, 0x00000000e2a00000|  0%| F|  |TAMS 0x00000000e2900000| PB 0x00000000e2900000| Untracked 
|  42|0x00000000e2a00000, 0x00000000e2a00000, 0x00000000e2b00000|  0%| F|  |TAMS 0x00000000e2a00000| PB 0x00000000e2a00000| Untracked 
|  43|0x00000000e2b00000, 0x00000000e2b00000, 0x00000000e2c00000|  0%| F|  |TAMS 0x00000000e2b00000| PB 0x00000000e2b00000| Untracked 
|  44|0x00000000e2c00000, 0x00000000e2c00000, 0x00000000e2d00000|  0%| F|  |TAMS 0x00000000e2c00000| PB 0x00000000e2c00000| Untracked 
|  45|0x00000000e2d00000, 0x00000000e2d00000, 0x00000000e2e00000|  0%| F|  |TAMS 0x00000000e2d00000| PB 0x00000000e2d00000| Untracked 
|  46|0x00000000e2e00000, 0x00000000e2e00000, 0x00000000e2f00000|  0%| F|  |TAMS 0x00000000e2e00000| PB 0x00000000e2e00000| Untracked 
|  47|0x00000000e2f00000, 0x00000000e2f00000, 0x00000000e3000000|  0%| F|  |TAMS 0x00000000e2f00000| PB 0x00000000e2f00000| Untracked 
|  48|0x00000000e3000000, 0x00000000e3000000, 0x00000000e3100000|  0%| F|  |TAMS 0x00000000e3000000| PB 0x00000000e3000000| Untracked 
|  49|0x00000000e3100000, 0x00000000e3100000, 0x00000000e3200000|  0%| F|  |TAMS 0x00000000e3100000| PB 0x00000000e3100000| Untracked 
|  50|0x00000000e3200000, 0x00000000e3200000, 0x00000000e3300000|  0%| F|  |TAMS 0x00000000e3200000| PB 0x00000000e3200000| Untracked 
|  51|0x00000000e3300000, 0x00000000e3300000, 0x00000000e3400000|  0%| F|  |TAMS 0x00000000e3300000| PB 0x00000000e3300000| Untracked 
|  52|0x00000000e3400000, 0x00000000e3400000, 0x00000000e3500000|  0%| F|  |TAMS 0x00000000e3400000| PB 0x00000000e3400000| Untracked 
|  53|0x00000000e3500000, 0x00000000e3500000, 0x00000000e3600000|  0%| F|  |TAMS 0x00000000e3500000| PB 0x00000000e3500000| Untracked 
|  54|0x00000000e3600000, 0x00000000e3600000, 0x00000000e3700000|  0%| F|  |TAMS 0x00000000e3600000| PB 0x00000000e3600000| Untracked 
|  55|0x00000000e3700000, 0x00000000e3700000, 0x00000000e3800000|  0%| F|  |TAMS 0x00000000e3700000| PB 0x00000000e3700000| Untracked 
|  56|0x00000000e3800000, 0x00000000e3800000, 0x00000000e3900000|  0%| F|  |TAMS 0x00000000e3800000| PB 0x00000000e3800000| Untracked 
|  57|0x00000000e3900000, 0x00000000e3900000, 0x00000000e3a00000|  0%| F|  |TAMS 0x00000000e3900000| PB 0x00000000e3900000| Untracked 
|  58|0x00000000e3a00000, 0x00000000e3a00000, 0x00000000e3b00000|  0%| F|  |TAMS 0x00000000e3a00000| PB 0x00000000e3a00000| Untracked 
|  59|0x00000000e3b00000, 0x00000000e3b00000, 0x00000000e3c00000|  0%| F|  |TAMS 0x00000000e3b00000| PB 0x00000000e3b00000| Untracked 
|  60|0x00000000e3c00000, 0x00000000e3c00000, 0x00000000e3d00000|  0%| F|  |TAMS 0x00000000e3c00000| PB 0x00000000e3c00000| Untracked 
|  61|0x00000000e3d00000, 0x00000000e3d00000, 0x00000000e3e00000|  0%| F|  |TAMS 0x00000000e3d00000| PB 0x00000000e3d00000| Untracked 
|  62|0x00000000e3e00000, 0x00000000e3e00000, 0x00000000e3f00000|  0%| F|  |TAMS 0x00000000e3e00000| PB 0x00000000e3e00000| Untracked 
|  63|0x00000000e3f00000, 0x00000000e3f00000, 0x00000000e4000000|  0%| F|  |TAMS 0x00000000e3f00000| PB 0x00000000e3f00000| Untracked 
|  64|0x00000000e4000000, 0x00000000e4000000, 0x00000000e4100000|  0%| F|  |TAMS 0x00000000e4000000| PB 0x00000000e4000000| Untracked 
|  65|0x00000000e4100000, 0x00000000e4100000, 0x00000000e4200000|  0%| F|  |TAMS 0x00000000e4100000| PB 0x00000000e4100000| Untracked 
|  66|0x00000000e4200000, 0x00000000e4200000, 0x00000000e4300000|  0%| F|  |TAMS 0x00000000e4200000| PB 0x00000000e4200000| Untracked 
|  67|0x00000000e4300000, 0x00000000e4300000, 0x00000000e4400000|  0%| F|  |TAMS 0x00000000e4300000| PB 0x00000000e4300000| Untracked 
|  68|0x00000000e4400000, 0x00000000e4400000, 0x00000000e4500000|  0%| F|  |TAMS 0x00000000e4400000| PB 0x00000000e4400000| Untracked 
|  69|0x00000000e4500000, 0x00000000e4500000, 0x00000000e4600000|  0%| F|  |TAMS 0x00000000e4500000| PB 0x00000000e4500000| Untracked 
|  70|0x00000000e4600000, 0x00000000e4600000, 0x00000000e4700000|  0%| F|  |TAMS 0x00000000e4600000| PB 0x00000000e4600000| Untracked 
|  71|0x00000000e4700000, 0x00000000e4700000, 0x00000000e4800000|  0%| F|  |TAMS 0x00000000e4700000| PB 0x00000000e4700000| Untracked 
|  72|0x00000000e4800000, 0x00000000e4800000, 0x00000000e4900000|  0%| F|  |TAMS 0x00000000e4800000| PB 0x00000000e4800000| Untracked 
|  73|0x00000000e4900000, 0x00000000e4900000, 0x00000000e4a00000|  0%| F|  |TAMS 0x00000000e4900000| PB 0x00000000e4900000| Untracked 
|  74|0x00000000e4a00000, 0x00000000e4a00000, 0x00000000e4b00000|  0%| F|  |TAMS 0x00000000e4a00000| PB 0x00000000e4a00000| Untracked 
|  75|0x00000000e4b00000, 0x00000000e4b00000, 0x00000000e4c00000|  0%| F|  |TAMS 0x00000000e4b00000| PB 0x00000000e4b00000| Untracked 
|  76|0x00000000e4c00000, 0x00000000e4c00000, 0x00000000e4d00000|  0%| F|  |TAMS 0x00000000e4c00000| PB 0x00000000e4c00000| Untracked 
|  77|0x00000000e4d00000, 0x00000000e4d00000, 0x00000000e4e00000|  0%| F|  |TAMS 0x00000000e4d00000| PB 0x00000000e4d00000| Untracked 
|  78|0x00000000e4e00000, 0x00000000e4e00000, 0x00000000e4f00000|  0%| F|  |TAMS 0x00000000e4e00000| PB 0x00000000e4e00000| Untracked 
|  79|0x00000000e4f00000, 0x00000000e4f00000, 0x00000000e5000000|  0%| F|  |TAMS 0x00000000e4f00000| PB 0x00000000e4f00000| Untracked 
|  80|0x00000000e5000000, 0x00000000e5000000, 0x00000000e5100000|  0%| F|  |TAMS 0x00000000e5000000| PB 0x00000000e5000000| Untracked 
|  81|0x00000000e5100000, 0x00000000e5100000, 0x00000000e5200000|  0%| F|  |TAMS 0x00000000e5100000| PB 0x00000000e5100000| Untracked 
|  82|0x00000000e5200000, 0x00000000e5200000, 0x00000000e5300000|  0%| F|  |TAMS 0x00000000e5200000| PB 0x00000000e5200000| Untracked 
|  83|0x00000000e5300000, 0x00000000e5300000, 0x00000000e5400000|  0%| F|  |TAMS 0x00000000e5300000| PB 0x00000000e5300000| Untracked 
|  84|0x00000000e5400000, 0x00000000e5400000, 0x00000000e5500000|  0%| F|  |TAMS 0x00000000e5400000| PB 0x00000000e5400000| Untracked 
|  85|0x00000000e5500000, 0x00000000e5500000, 0x00000000e5600000|  0%| F|  |TAMS 0x00000000e5500000| PB 0x00000000e5500000| Untracked 
|  86|0x00000000e5600000, 0x00000000e5600000, 0x00000000e5700000|  0%| F|  |TAMS 0x00000000e5600000| PB 0x00000000e5600000| Untracked 
|  87|0x00000000e5700000, 0x00000000e5700000, 0x00000000e5800000|  0%| F|  |TAMS 0x00000000e5700000| PB 0x00000000e5700000| Untracked 
|  88|0x00000000e5800000, 0x00000000e5800000, 0x00000000e5900000|  0%| F|  |TAMS 0x00000000e5800000| PB 0x00000000e5800000| Untracked 
|  89|0x00000000e5900000, 0x00000000e5900000, 0x00000000e5a00000|  0%| F|  |TAMS 0x00000000e5900000| PB 0x00000000e5900000| Untracked 
|  90|0x00000000e5a00000, 0x00000000e5a00000, 0x00000000e5b00000|  0%| F|  |TAMS 0x00000000e5a00000| PB 0x00000000e5a00000| Untracked 
|  91|0x00000000e5b00000, 0x00000000e5b00000, 0x00000000e5c00000|  0%| F|  |TAMS 0x00000000e5b00000| PB 0x00000000e5b00000| Untracked 
|  92|0x00000000e5c00000, 0x00000000e5c00000, 0x00000000e5d00000|  0%| F|  |TAMS 0x00000000e5c00000| PB 0x00000000e5c00000| Untracked 
|  93|0x00000000e5d00000, 0x00000000e5d00000, 0x00000000e5e00000|  0%| F|  |TAMS 0x00000000e5d00000| PB 0x00000000e5d00000| Untracked 
|  94|0x00000000e5e00000, 0x00000000e5e00000, 0x00000000e5f00000|  0%| F|  |TAMS 0x00000000e5e00000| PB 0x00000000e5e00000| Untracked 
|  95|0x00000000e5f00000, 0x00000000e5f00000, 0x00000000e6000000|  0%| F|  |TAMS 0x00000000e5f00000| PB 0x00000000e5f00000| Untracked 
|  96|0x00000000e6000000, 0x00000000e6000000, 0x00000000e6100000|  0%| F|  |TAMS 0x00000000e6000000| PB 0x00000000e6000000| Untracked 
|  97|0x00000000e6100000, 0x00000000e6100000, 0x00000000e6200000|  0%| F|  |TAMS 0x00000000e6100000| PB 0x00000000e6100000| Untracked 
|  98|0x00000000e6200000, 0x00000000e6200000, 0x00000000e6300000|  0%| F|  |TAMS 0x00000000e6200000| PB 0x00000000e6200000| Untracked 
|  99|0x00000000e6300000, 0x00000000e6300000, 0x00000000e6400000|  0%| F|  |TAMS 0x00000000e6300000| PB 0x00000000e6300000| Untracked 
| 100|0x00000000e6400000, 0x00000000e6400000, 0x00000000e6500000|  0%| F|  |TAMS 0x00000000e6400000| PB 0x00000000e6400000| Untracked 
| 101|0x00000000e6500000, 0x00000000e6500000, 0x00000000e6600000|  0%| F|  |TAMS 0x00000000e6500000| PB 0x00000000e6500000| Untracked 
| 102|0x00000000e6600000, 0x00000000e6600000, 0x00000000e6700000|  0%| F|  |TAMS 0x00000000e6600000| PB 0x00000000e6600000| Untracked 
| 103|0x00000000e6700000, 0x00000000e6700000, 0x00000000e6800000|  0%| F|  |TAMS 0x00000000e6700000| PB 0x00000000e6700000| Untracked 
| 104|0x00000000e6800000, 0x00000000e6800000, 0x00000000e6900000|  0%| F|  |TAMS 0x00000000e6800000| PB 0x00000000e6800000| Untracked 
| 105|0x00000000e6900000, 0x00000000e6900000, 0x00000000e6a00000|  0%| F|  |TAMS 0x00000000e6900000| PB 0x00000000e6900000| Untracked 
| 106|0x00000000e6a00000, 0x00000000e6a00000, 0x00000000e6b00000|  0%| F|  |TAMS 0x00000000e6a00000| PB 0x00000000e6a00000| Untracked 
| 107|0x00000000e6b00000, 0x00000000e6b00000, 0x00000000e6c00000|  0%| F|  |TAMS 0x00000000e6b00000| PB 0x00000000e6b00000| Untracked 
| 108|0x00000000e6c00000, 0x00000000e6c00000, 0x00000000e6d00000|  0%| F|  |TAMS 0x00000000e6c00000| PB 0x00000000e6c00000| Untracked 
| 109|0x00000000e6d00000, 0x00000000e6d00000, 0x00000000e6e00000|  0%| F|  |TAMS 0x00000000e6d00000| PB 0x00000000e6d00000| Untracked 
| 110|0x00000000e6e00000, 0x00000000e6e00000, 0x00000000e6f00000|  0%| F|  |TAMS 0x00000000e6e00000| PB 0x00000000e6e00000| Untracked 
| 111|0x00000000e6f00000, 0x00000000e6f76190, 0x00000000e7000000| 46%| S|CS|TAMS 0x00000000e6f00000| PB 0x00000000e6f00000| Complete 
| 112|0x00000000e7000000, 0x00000000e7100000, 0x00000000e7100000|100%| S|CS|TAMS 0x00000000e7000000| PB 0x00000000e7000000| Complete 
| 113|0x00000000e7100000, 0x00000000e7200000, 0x00000000e7200000|100%| S|CS|TAMS 0x00000000e7100000| PB 0x00000000e7100000| Complete 
| 114|0x00000000e7200000, 0x00000000e7300000, 0x00000000e7300000|100%| S|CS|TAMS 0x00000000e7200000| PB 0x00000000e7200000| Complete 
| 115|0x00000000e7300000, 0x00000000e7400000, 0x00000000e7400000|100%| S|CS|TAMS 0x00000000e7300000| PB 0x00000000e7300000| Complete 
| 116|0x00000000e7400000, 0x00000000e7500000, 0x00000000e7500000|100%| S|CS|TAMS 0x00000000e7400000| PB 0x00000000e7400000| Complete 
| 117|0x00000000e7500000, 0x00000000e7600000, 0x00000000e7600000|100%| S|CS|TAMS 0x00000000e7500000| PB 0x00000000e7500000| Complete 
| 118|0x00000000e7600000, 0x00000000e7700000, 0x00000000e7700000|100%| S|CS|TAMS 0x00000000e7600000| PB 0x00000000e7600000| Complete 
| 119|0x00000000e7700000, 0x00000000e7800000, 0x00000000e7800000|100%| S|CS|TAMS 0x00000000e7700000| PB 0x00000000e7700000| Complete 
| 120|0x00000000e7800000, 0x00000000e7900000, 0x00000000e7900000|100%| S|CS|TAMS 0x00000000e7800000| PB 0x00000000e7800000| Complete 
| 121|0x00000000e7900000, 0x00000000e7a00000, 0x00000000e7a00000|100%| S|CS|TAMS 0x00000000e7900000| PB 0x00000000e7900000| Complete 
| 122|0x00000000e7a00000, 0x00000000e7b00000, 0x00000000e7b00000|100%| S|CS|TAMS 0x00000000e7a00000| PB 0x00000000e7a00000| Complete 
| 123|0x00000000e7b00000, 0x00000000e7c00000, 0x00000000e7c00000|100%| S|CS|TAMS 0x00000000e7b00000| PB 0x00000000e7b00000| Complete 
| 124|0x00000000e7c00000, 0x00000000e7d00000, 0x00000000e7d00000|100%| S|CS|TAMS 0x00000000e7c00000| PB 0x00000000e7c00000| Complete 
| 125|0x00000000e7d00000, 0x00000000e7e00000, 0x00000000e7e00000|100%| S|CS|TAMS 0x00000000e7d00000| PB 0x00000000e7d00000| Complete 
| 126|0x00000000e7e00000, 0x00000000e7f00000, 0x00000000e7f00000|100%| S|CS|TAMS 0x00000000e7e00000| PB 0x00000000e7e00000| Complete 
| 127|0x00000000e7f00000, 0x00000000e7f00000, 0x00000000e8000000|  0%| F|  |TAMS 0x00000000e7f00000| PB 0x00000000e7f00000| Untracked 
| 128|0x00000000e8000000, 0x00000000e8000000, 0x00000000e8100000|  0%| F|  |TAMS 0x00000000e8000000| PB 0x00000000e8000000| Untracked 
| 129|0x00000000e8100000, 0x00000000e8100000, 0x00000000e8200000|  0%| F|  |TAMS 0x00000000e8100000| PB 0x00000000e8100000| Untracked 
| 130|0x00000000e8200000, 0x00000000e8200000, 0x00000000e8300000|  0%| F|  |TAMS 0x00000000e8200000| PB 0x00000000e8200000| Untracked 
| 131|0x00000000e8300000, 0x00000000e8300000, 0x00000000e8400000|  0%| F|  |TAMS 0x00000000e8300000| PB 0x00000000e8300000| Untracked 
| 132|0x00000000e8400000, 0x00000000e8400000, 0x00000000e8500000|  0%| F|  |TAMS 0x00000000e8400000| PB 0x00000000e8400000| Untracked 
| 133|0x00000000e8500000, 0x00000000e8500000, 0x00000000e8600000|  0%| F|  |TAMS 0x00000000e8500000| PB 0x00000000e8500000| Untracked 
| 134|0x00000000e8600000, 0x00000000e8600000, 0x00000000e8700000|  0%| F|  |TAMS 0x00000000e8600000| PB 0x00000000e8600000| Untracked 
| 135|0x00000000e8700000, 0x00000000e8700000, 0x00000000e8800000|  0%| F|  |TAMS 0x00000000e8700000| PB 0x00000000e8700000| Untracked 
| 136|0x00000000e8800000, 0x00000000e8800000, 0x00000000e8900000|  0%| F|  |TAMS 0x00000000e8800000| PB 0x00000000e8800000| Untracked 
| 137|0x00000000e8900000, 0x00000000e8900000, 0x00000000e8a00000|  0%| F|  |TAMS 0x00000000e8900000| PB 0x00000000e8900000| Untracked 
| 138|0x00000000e8a00000, 0x00000000e8a00000, 0x00000000e8b00000|  0%| F|  |TAMS 0x00000000e8a00000| PB 0x00000000e8a00000| Untracked 
| 139|0x00000000e8b00000, 0x00000000e8b00000, 0x00000000e8c00000|  0%| F|  |TAMS 0x00000000e8b00000| PB 0x00000000e8b00000| Untracked 
| 140|0x00000000e8c00000, 0x00000000e8c00000, 0x00000000e8d00000|  0%| F|  |TAMS 0x00000000e8c00000| PB 0x00000000e8c00000| Untracked 
| 141|0x00000000e8d00000, 0x00000000e8d00000, 0x00000000e8e00000|  0%| F|  |TAMS 0x00000000e8d00000| PB 0x00000000e8d00000| Untracked 
| 142|0x00000000e8e00000, 0x00000000e8e00000, 0x00000000e8f00000|  0%| F|  |TAMS 0x00000000e8e00000| PB 0x00000000e8e00000| Untracked 
| 143|0x00000000e8f00000, 0x00000000e8f00000, 0x00000000e9000000|  0%| F|  |TAMS 0x00000000e8f00000| PB 0x00000000e8f00000| Untracked 
| 144|0x00000000e9000000, 0x00000000e9000000, 0x00000000e9100000|  0%| F|  |TAMS 0x00000000e9000000| PB 0x00000000e9000000| Untracked 
| 145|0x00000000e9100000, 0x00000000e9100000, 0x00000000e9200000|  0%| F|  |TAMS 0x00000000e9100000| PB 0x00000000e9100000| Untracked 
| 146|0x00000000e9200000, 0x00000000e9200000, 0x00000000e9300000|  0%| F|  |TAMS 0x00000000e9200000| PB 0x00000000e9200000| Untracked 
| 147|0x00000000e9300000, 0x00000000e9300000, 0x00000000e9400000|  0%| F|  |TAMS 0x00000000e9300000| PB 0x00000000e9300000| Untracked 
| 148|0x00000000e9400000, 0x00000000e9400000, 0x00000000e9500000|  0%| F|  |TAMS 0x00000000e9400000| PB 0x00000000e9400000| Untracked 
| 149|0x00000000e9500000, 0x00000000e9500000, 0x00000000e9600000|  0%| F|  |TAMS 0x00000000e9500000| PB 0x00000000e9500000| Untracked 
| 150|0x00000000e9600000, 0x00000000e9600000, 0x00000000e9700000|  0%| F|  |TAMS 0x00000000e9600000| PB 0x00000000e9600000| Untracked 
| 151|0x00000000e9700000, 0x00000000e9700000, 0x00000000e9800000|  0%| F|  |TAMS 0x00000000e9700000| PB 0x00000000e9700000| Untracked 
| 152|0x00000000e9800000, 0x00000000e9800000, 0x00000000e9900000|  0%| F|  |TAMS 0x00000000e9800000| PB 0x00000000e9800000| Untracked 
| 153|0x00000000e9900000, 0x00000000e9900000, 0x00000000e9a00000|  0%| F|  |TAMS 0x00000000e9900000| PB 0x00000000e9900000| Untracked 
| 154|0x00000000e9a00000, 0x00000000e9a00000, 0x00000000e9b00000|  0%| F|  |TAMS 0x00000000e9a00000| PB 0x00000000e9a00000| Untracked 
| 155|0x00000000e9b00000, 0x00000000e9b00000, 0x00000000e9c00000|  0%| F|  |TAMS 0x00000000e9b00000| PB 0x00000000e9b00000| Untracked 
| 156|0x00000000e9c00000, 0x00000000e9c00000, 0x00000000e9d00000|  0%| F|  |TAMS 0x00000000e9c00000| PB 0x00000000e9c00000| Untracked 
| 157|0x00000000e9d00000, 0x00000000e9d00000, 0x00000000e9e00000|  0%| F|  |TAMS 0x00000000e9d00000| PB 0x00000000e9d00000| Untracked 
| 158|0x00000000e9e00000, 0x00000000e9e00000, 0x00000000e9f00000|  0%| F|  |TAMS 0x00000000e9e00000| PB 0x00000000e9e00000| Untracked 
| 159|0x00000000e9f00000, 0x00000000e9f00000, 0x00000000ea000000|  0%| F|  |TAMS 0x00000000e9f00000| PB 0x00000000e9f00000| Untracked 
| 160|0x00000000ea000000, 0x00000000ea000000, 0x00000000ea100000|  0%| F|  |TAMS 0x00000000ea000000| PB 0x00000000ea000000| Untracked 
| 161|0x00000000ea100000, 0x00000000ea100000, 0x00000000ea200000|  0%| F|  |TAMS 0x00000000ea100000| PB 0x00000000ea100000| Untracked 
| 162|0x00000000ea200000, 0x00000000ea200000, 0x00000000ea300000|  0%| F|  |TAMS 0x00000000ea200000| PB 0x00000000ea200000| Untracked 
| 163|0x00000000ea300000, 0x00000000ea300000, 0x00000000ea400000|  0%| F|  |TAMS 0x00000000ea300000| PB 0x00000000ea300000| Untracked 
| 164|0x00000000ea400000, 0x00000000ea400000, 0x00000000ea500000|  0%| F|  |TAMS 0x00000000ea400000| PB 0x00000000ea400000| Untracked 
| 165|0x00000000ea500000, 0x00000000ea500000, 0x00000000ea600000|  0%| F|  |TAMS 0x00000000ea500000| PB 0x00000000ea500000| Untracked 
| 166|0x00000000ea600000, 0x00000000ea600000, 0x00000000ea700000|  0%| F|  |TAMS 0x00000000ea600000| PB 0x00000000ea600000| Untracked 
| 167|0x00000000ea700000, 0x00000000ea700000, 0x00000000ea800000|  0%| F|  |TAMS 0x00000000ea700000| PB 0x00000000ea700000| Untracked 
| 168|0x00000000ea800000, 0x00000000ea800000, 0x00000000ea900000|  0%| F|  |TAMS 0x00000000ea800000| PB 0x00000000ea800000| Untracked 
| 169|0x00000000ea900000, 0x00000000ea900000, 0x00000000eaa00000|  0%| F|  |TAMS 0x00000000ea900000| PB 0x00000000ea900000| Untracked 
| 170|0x00000000eaa00000, 0x00000000eaa00000, 0x00000000eab00000|  0%| F|  |TAMS 0x00000000eaa00000| PB 0x00000000eaa00000| Untracked 
| 171|0x00000000eab00000, 0x00000000eab00000, 0x00000000eac00000|  0%| F|  |TAMS 0x00000000eab00000| PB 0x00000000eab00000| Untracked 
| 172|0x00000000eac00000, 0x00000000eac00000, 0x00000000ead00000|  0%| F|  |TAMS 0x00000000eac00000| PB 0x00000000eac00000| Untracked 
| 173|0x00000000ead00000, 0x00000000ead00000, 0x00000000eae00000|  0%| F|  |TAMS 0x00000000ead00000| PB 0x00000000ead00000| Untracked 
| 174|0x00000000eae00000, 0x00000000eae00000, 0x00000000eaf00000|  0%| F|  |TAMS 0x00000000eae00000| PB 0x00000000eae00000| Untracked 
| 175|0x00000000eaf00000, 0x00000000eaf00000, 0x00000000eb000000|  0%| F|  |TAMS 0x00000000eaf00000| PB 0x00000000eaf00000| Untracked 
| 176|0x00000000eb000000, 0x00000000eb000000, 0x00000000eb100000|  0%| F|  |TAMS 0x00000000eb000000| PB 0x00000000eb000000| Untracked 
| 177|0x00000000eb100000, 0x00000000eb100000, 0x00000000eb200000|  0%| F|  |TAMS 0x00000000eb100000| PB 0x00000000eb100000| Untracked 
| 178|0x00000000eb200000, 0x00000000eb200000, 0x00000000eb300000|  0%| F|  |TAMS 0x00000000eb200000| PB 0x00000000eb200000| Untracked 
| 179|0x00000000eb300000, 0x00000000eb300000, 0x00000000eb400000|  0%| F|  |TAMS 0x00000000eb300000| PB 0x00000000eb300000| Untracked 
| 180|0x00000000eb400000, 0x00000000eb400000, 0x00000000eb500000|  0%| F|  |TAMS 0x00000000eb400000| PB 0x00000000eb400000| Untracked 
| 181|0x00000000eb500000, 0x00000000eb500000, 0x00000000eb600000|  0%| F|  |TAMS 0x00000000eb500000| PB 0x00000000eb500000| Untracked 
| 182|0x00000000eb600000, 0x00000000eb600000, 0x00000000eb700000|  0%| F|  |TAMS 0x00000000eb600000| PB 0x00000000eb600000| Untracked 
| 183|0x00000000eb700000, 0x00000000eb700000, 0x00000000eb800000|  0%| F|  |TAMS 0x00000000eb700000| PB 0x00000000eb700000| Untracked 
| 184|0x00000000eb800000, 0x00000000eb800000, 0x00000000eb900000|  0%| F|  |TAMS 0x00000000eb800000| PB 0x00000000eb800000| Untracked 
| 185|0x00000000eb900000, 0x00000000eb900000, 0x00000000eba00000|  0%| F|  |TAMS 0x00000000eb900000| PB 0x00000000eb900000| Untracked 
| 186|0x00000000eba00000, 0x00000000eba00000, 0x00000000ebb00000|  0%| F|  |TAMS 0x00000000eba00000| PB 0x00000000eba00000| Untracked 
| 187|0x00000000ebb00000, 0x00000000ebb00000, 0x00000000ebc00000|  0%| F|  |TAMS 0x00000000ebb00000| PB 0x00000000ebb00000| Untracked 
| 188|0x00000000ebc00000, 0x00000000ebc00000, 0x00000000ebd00000|  0%| F|  |TAMS 0x00000000ebc00000| PB 0x00000000ebc00000| Untracked 
| 189|0x00000000ebd00000, 0x00000000ebd00000, 0x00000000ebe00000|  0%| F|  |TAMS 0x00000000ebd00000| PB 0x00000000ebd00000| Untracked 
| 190|0x00000000ebe00000, 0x00000000ebe00000, 0x00000000ebf00000|  0%| F|  |TAMS 0x00000000ebe00000| PB 0x00000000ebe00000| Untracked 
| 191|0x00000000ebf00000, 0x00000000ebf00000, 0x00000000ec000000|  0%| F|  |TAMS 0x00000000ebf00000| PB 0x00000000ebf00000| Untracked 
| 192|0x00000000ec000000, 0x00000000ec000000, 0x00000000ec100000|  0%| F|  |TAMS 0x00000000ec000000| PB 0x00000000ec000000| Untracked 
| 193|0x00000000ec100000, 0x00000000ec100000, 0x00000000ec200000|  0%| F|  |TAMS 0x00000000ec100000| PB 0x00000000ec100000| Untracked 
| 194|0x00000000ec200000, 0x00000000ec200000, 0x00000000ec300000|  0%| F|  |TAMS 0x00000000ec200000| PB 0x00000000ec200000| Untracked 
| 195|0x00000000ec300000, 0x00000000ec300000, 0x00000000ec400000|  0%| F|  |TAMS 0x00000000ec300000| PB 0x00000000ec300000| Untracked 
| 196|0x00000000ec400000, 0x00000000ec400000, 0x00000000ec500000|  0%| F|  |TAMS 0x00000000ec400000| PB 0x00000000ec400000| Untracked 
| 197|0x00000000ec500000, 0x00000000ec500000, 0x00000000ec600000|  0%| F|  |TAMS 0x00000000ec500000| PB 0x00000000ec500000| Untracked 
| 198|0x00000000ec600000, 0x00000000ec600000, 0x00000000ec700000|  0%| F|  |TAMS 0x00000000ec600000| PB 0x00000000ec600000| Untracked 
| 199|0x00000000ec700000, 0x00000000ec700000, 0x00000000ec800000|  0%| F|  |TAMS 0x00000000ec700000| PB 0x00000000ec700000| Untracked 
| 200|0x00000000ec800000, 0x00000000ec800000, 0x00000000ec900000|  0%| F|  |TAMS 0x00000000ec800000| PB 0x00000000ec800000| Untracked 
| 201|0x00000000ec900000, 0x00000000ec900000, 0x00000000eca00000|  0%| F|  |TAMS 0x00000000ec900000| PB 0x00000000ec900000| Untracked 
| 202|0x00000000eca00000, 0x00000000eca00000, 0x00000000ecb00000|  0%| F|  |TAMS 0x00000000eca00000| PB 0x00000000eca00000| Untracked 
| 203|0x00000000ecb00000, 0x00000000ecb00000, 0x00000000ecc00000|  0%| F|  |TAMS 0x00000000ecb00000| PB 0x00000000ecb00000| Untracked 
| 204|0x00000000ecc00000, 0x00000000ecc00000, 0x00000000ecd00000|  0%| F|  |TAMS 0x00000000ecc00000| PB 0x00000000ecc00000| Untracked 
| 205|0x00000000ecd00000, 0x00000000ecd00000, 0x00000000ece00000|  0%| F|  |TAMS 0x00000000ecd00000| PB 0x00000000ecd00000| Untracked 
| 206|0x00000000ece00000, 0x00000000ece00000, 0x00000000ecf00000|  0%| F|  |TAMS 0x00000000ece00000| PB 0x00000000ece00000| Untracked 
| 207|0x00000000ecf00000, 0x00000000ecf00000, 0x00000000ed000000|  0%| F|  |TAMS 0x00000000ecf00000| PB 0x00000000ecf00000| Untracked 
| 208|0x00000000ed000000, 0x00000000ed000000, 0x00000000ed100000|  0%| F|  |TAMS 0x00000000ed000000| PB 0x00000000ed000000| Untracked 
| 209|0x00000000ed100000, 0x00000000ed100000, 0x00000000ed200000|  0%| F|  |TAMS 0x00000000ed100000| PB 0x00000000ed100000| Untracked 
| 210|0x00000000ed200000, 0x00000000ed200000, 0x00000000ed300000|  0%| F|  |TAMS 0x00000000ed200000| PB 0x00000000ed200000| Untracked 
| 211|0x00000000ed300000, 0x00000000ed300000, 0x00000000ed400000|  0%| F|  |TAMS 0x00000000ed300000| PB 0x00000000ed300000| Untracked 
| 212|0x00000000ed400000, 0x00000000ed400000, 0x00000000ed500000|  0%| F|  |TAMS 0x00000000ed400000| PB 0x00000000ed400000| Untracked 
| 213|0x00000000ed500000, 0x00000000ed500000, 0x00000000ed600000|  0%| F|  |TAMS 0x00000000ed500000| PB 0x00000000ed500000| Untracked 
| 214|0x00000000ed600000, 0x00000000ed600000, 0x00000000ed700000|  0%| F|  |TAMS 0x00000000ed600000| PB 0x00000000ed600000| Untracked 
| 215|0x00000000ed700000, 0x00000000ed700000, 0x00000000ed800000|  0%| F|  |TAMS 0x00000000ed700000| PB 0x00000000ed700000| Untracked 
| 216|0x00000000ed800000, 0x00000000ed800000, 0x00000000ed900000|  0%| F|  |TAMS 0x00000000ed800000| PB 0x00000000ed800000| Untracked 
| 217|0x00000000ed900000, 0x00000000ed900000, 0x00000000eda00000|  0%| F|  |TAMS 0x00000000ed900000| PB 0x00000000ed900000| Untracked 
| 218|0x00000000eda00000, 0x00000000eda00000, 0x00000000edb00000|  0%| F|  |TAMS 0x00000000eda00000| PB 0x00000000eda00000| Untracked 
| 219|0x00000000edb00000, 0x00000000edb00000, 0x00000000edc00000|  0%| F|  |TAMS 0x00000000edb00000| PB 0x00000000edb00000| Untracked 
| 220|0x00000000edc00000, 0x00000000edc00000, 0x00000000edd00000|  0%| F|  |TAMS 0x00000000edc00000| PB 0x00000000edc00000| Untracked 
| 221|0x00000000edd00000, 0x00000000edd00000, 0x00000000ede00000|  0%| F|  |TAMS 0x00000000edd00000| PB 0x00000000edd00000| Untracked 
| 222|0x00000000ede00000, 0x00000000ede00000, 0x00000000edf00000|  0%| F|  |TAMS 0x00000000ede00000| PB 0x00000000ede00000| Untracked 
| 223|0x00000000edf00000, 0x00000000edf00000, 0x00000000ee000000|  0%| F|  |TAMS 0x00000000edf00000| PB 0x00000000edf00000| Untracked 
| 224|0x00000000ee000000, 0x00000000ee000000, 0x00000000ee100000|  0%| F|  |TAMS 0x00000000ee000000| PB 0x00000000ee000000| Untracked 
| 225|0x00000000ee100000, 0x00000000ee100000, 0x00000000ee200000|  0%| F|  |TAMS 0x00000000ee100000| PB 0x00000000ee100000| Untracked 
| 226|0x00000000ee200000, 0x00000000ee200000, 0x00000000ee300000|  0%| F|  |TAMS 0x00000000ee200000| PB 0x00000000ee200000| Untracked 
| 227|0x00000000ee300000, 0x00000000ee300000, 0x00000000ee400000|  0%| F|  |TAMS 0x00000000ee300000| PB 0x00000000ee300000| Untracked 
| 228|0x00000000ee400000, 0x00000000ee400000, 0x00000000ee500000|  0%| F|  |TAMS 0x00000000ee400000| PB 0x00000000ee400000| Untracked 
| 229|0x00000000ee500000, 0x00000000ee500000, 0x00000000ee600000|  0%| F|  |TAMS 0x00000000ee500000| PB 0x00000000ee500000| Untracked 
| 230|0x00000000ee600000, 0x00000000ee600000, 0x00000000ee700000|  0%| F|  |TAMS 0x00000000ee600000| PB 0x00000000ee600000| Untracked 
| 231|0x00000000ee700000, 0x00000000ee700000, 0x00000000ee800000|  0%| F|  |TAMS 0x00000000ee700000| PB 0x00000000ee700000| Untracked 
| 232|0x00000000ee800000, 0x00000000ee800000, 0x00000000ee900000|  0%| F|  |TAMS 0x00000000ee800000| PB 0x00000000ee800000| Untracked 
| 233|0x00000000ee900000, 0x00000000ee900000, 0x00000000eea00000|  0%| F|  |TAMS 0x00000000ee900000| PB 0x00000000ee900000| Untracked 
| 234|0x00000000eea00000, 0x00000000eea00000, 0x00000000eeb00000|  0%| F|  |TAMS 0x00000000eea00000| PB 0x00000000eea00000| Untracked 
| 235|0x00000000eeb00000, 0x00000000eeb00000, 0x00000000eec00000|  0%| F|  |TAMS 0x00000000eeb00000| PB 0x00000000eeb00000| Untracked 
| 236|0x00000000eec00000, 0x00000000eec00000, 0x00000000eed00000|  0%| F|  |TAMS 0x00000000eec00000| PB 0x00000000eec00000| Untracked 
| 237|0x00000000eed00000, 0x00000000eed00000, 0x00000000eee00000|  0%| F|  |TAMS 0x00000000eed00000| PB 0x00000000eed00000| Untracked 
| 238|0x00000000eee00000, 0x00000000eee00000, 0x00000000eef00000|  0%| F|  |TAMS 0x00000000eee00000| PB 0x00000000eee00000| Untracked 
| 239|0x00000000eef00000, 0x00000000eef00000, 0x00000000ef000000|  0%| F|  |TAMS 0x00000000eef00000| PB 0x00000000eef00000| Untracked 
| 240|0x00000000ef000000, 0x00000000ef000000, 0x00000000ef100000|  0%| F|  |TAMS 0x00000000ef000000| PB 0x00000000ef000000| Untracked 
| 241|0x00000000ef100000, 0x00000000ef100000, 0x00000000ef200000|  0%| F|  |TAMS 0x00000000ef100000| PB 0x00000000ef100000| Untracked 
| 242|0x00000000ef200000, 0x00000000ef200000, 0x00000000ef300000|  0%| F|  |TAMS 0x00000000ef200000| PB 0x00000000ef200000| Untracked 
| 243|0x00000000ef300000, 0x00000000ef300000, 0x00000000ef400000|  0%| F|  |TAMS 0x00000000ef300000| PB 0x00000000ef300000| Untracked 
| 244|0x00000000ef400000, 0x00000000ef400000, 0x00000000ef500000|  0%| F|  |TAMS 0x00000000ef400000| PB 0x00000000ef400000| Untracked 
| 245|0x00000000ef500000, 0x00000000ef500000, 0x00000000ef600000|  0%| F|  |TAMS 0x00000000ef500000| PB 0x00000000ef500000| Untracked 
| 246|0x00000000ef600000, 0x00000000ef600000, 0x00000000ef700000|  0%| F|  |TAMS 0x00000000ef600000| PB 0x00000000ef600000| Untracked 
| 247|0x00000000ef700000, 0x00000000ef700000, 0x00000000ef800000|  0%| F|  |TAMS 0x00000000ef700000| PB 0x00000000ef700000| Untracked 
| 248|0x00000000ef800000, 0x00000000ef800000, 0x00000000ef900000|  0%| F|  |TAMS 0x00000000ef800000| PB 0x00000000ef800000| Untracked 
| 249|0x00000000ef900000, 0x00000000ef900000, 0x00000000efa00000|  0%| F|  |TAMS 0x00000000ef900000| PB 0x00000000ef900000| Untracked 
| 250|0x00000000efa00000, 0x00000000efab3ac0, 0x00000000efb00000| 70%| E|  |TAMS 0x00000000efa00000| PB 0x00000000efa00000| Complete 
| 251|0x00000000efb00000, 0x00000000efc00000, 0x00000000efc00000|100%| E|CS|TAMS 0x00000000efb00000| PB 0x00000000efb00000| Complete 
| 252|0x00000000efc00000, 0x00000000efd00000, 0x00000000efd00000|100%| E|CS|TAMS 0x00000000efc00000| PB 0x00000000efc00000| Complete 
| 253|0x00000000efd00000, 0x00000000efe00000, 0x00000000efe00000|100%| E|CS|TAMS 0x00000000efd00000| PB 0x00000000efd00000| Complete 
| 254|0x00000000efe00000, 0x00000000eff00000, 0x00000000eff00000|100%| E|CS|TAMS 0x00000000efe00000| PB 0x00000000efe00000| Complete 
| 255|0x00000000eff00000, 0x00000000f0000000, 0x00000000f0000000|100%| E|  |TAMS 0x00000000eff00000| PB 0x00000000eff00000| Complete 

Card table byte_map: [0x0000019a66bf0000,0x0000019a66cf0000] _byte_map_base: 0x0000019a664f0000

Marking Bits: (CMBitMap*) 0x0000019a4eebbca0
 Bits: [0x0000019a66cf0000, 0x0000019a674f0000)

Polling page: 0x0000019a4ccc0000

Metaspace:

Usage:
  Non-class:     29.98 MB used.
      Class:      4.84 MB used.
       Both:     34.81 MB used.

Virtual space:
  Non-class space:       64.00 MB reserved,      30.50 MB ( 48%) committed,  1 nodes.
      Class space:      320.00 MB reserved,       5.38 MB (  2%) committed,  1 nodes.
             Both:      384.00 MB reserved,      35.88 MB (  9%) committed. 

Chunk freelists:
   Non-Class:  704.00 KB
       Class:  10.48 MB
        Both:  11.17 MB

MaxMetaspaceSize: 384.00 MB
CompressedClassSpaceSize: 320.00 MB
Initial GC threshold: 21.00 MB
Current GC threshold: 35.94 MB
CDS: on
 - commit_granule_bytes: 65536.
 - commit_granule_words: 8192.
 - virtual_space_node_default_size: 8388608.
 - enlarge_chunks_in_place: 1.
 - use_allocation_guard: 0.


Internal statistics:

num_allocs_failed_limit: 6.
num_arena_births: 1720.
num_arena_deaths: 0.
num_vsnodes_births: 2.
num_vsnodes_deaths: 0.
num_space_committed: 574.
num_space_uncommitted: 0.
num_chunks_returned_to_freelist: 6.
num_chunks_taken_from_freelist: 3191.
num_chunk_merges: 3.
num_chunk_splits: 2084.
num_chunks_enlarged: 1340.
num_inconsistent_stats: 0.

CodeHeap 'non-profiled nmethods': size=120000Kb used=2878Kb max_used=2878Kb free=117121Kb
 bounds [0x0000019a5f060000, 0x0000019a5f330000, 0x0000019a66590000]
CodeHeap 'profiled nmethods': size=120000Kb used=9490Kb max_used=9490Kb free=110509Kb
 bounds [0x0000019a57590000, 0x0000019a57ee0000, 0x0000019a5eac0000]
CodeHeap 'non-nmethods': size=5760Kb used=2676Kb max_used=2700Kb free=3083Kb
 bounds [0x0000019a5eac0000, 0x0000019a5ed70000, 0x0000019a5f060000]
CodeCache: size=245760Kb, used=15044Kb, max_used=15068Kb, free=230713Kb
 total_blobs=5601, nmethods=4782, adapters=723, full_count=0
Compilation: enabled, stopped_count=0, restarted_count=0

Compilation events (20 events):
Event: 110.967 Thread 0x0000019a1901a680 4776       1       com.google.common.cache.LocalCache$2::peek (2 bytes)
Event: 110.967 Thread 0x0000019a1901a680 nmethod 4776 0x0000019a5f32f410 code [0x0000019a5f32f5a0, 0x0000019a5f32f670]
Event: 110.967 Thread 0x0000019a1901a680 4777       3       sun.security.provider.MD5::implCompress0 (1407 bytes)
Event: 110.978 Thread 0x0000019a1901a680 nmethod 4777 0x0000019a57ec6c90 code [0x0000019a57ec7860, 0x0000019a57ecec20]
Event: 110.979 Thread 0x0000019a1901a680 4779       3       sun.nio.fs.WindowsPath::checkRead (17 bytes)
Event: 110.979 Thread 0x0000019a1901a680 nmethod 4779 0x0000019a57ed2190 code [0x0000019a57ed2340, 0x0000019a57ed2530]
Event: 110.979 Thread 0x0000019a1901a680 4780       3       org.gradle.internal.snapshot.PathUtil::isFileSeparator (20 bytes)
Event: 110.979 Thread 0x0000019a1901a680 nmethod 4780 0x0000019a57ed2610 code [0x0000019a57ed27a0, 0x0000019a57ed2910]
Event: 110.979 Thread 0x0000019a1901a680 4778       1       com.google.common.cache.LocalCache$StrongAccessEntry::setNextInAccessQueue (6 bytes)
Event: 110.979 Thread 0x0000019a1901a680 nmethod 4778 0x0000019a5f32f710 code [0x0000019a5f32f8a0, 0x0000019a5f32f9b0]
Event: 111.083 Thread 0x0000019a1901a680 4781       3       java.util.concurrent.locks.AbstractQueuedSynchronizer$ConditionObject::enableWait (84 bytes)
Event: 111.084 Thread 0x0000019a1901a680 nmethod 4781 0x0000019a57ed2990 code [0x0000019a57ed2bc0, 0x0000019a57ed3300]
Event: 111.191 Thread 0x0000019a1901a680 4782       3       com.google.common.cache.LocalCache::usesKeyReferences (16 bytes)
Event: 111.191 Thread 0x0000019a1901a680 nmethod 4782 0x0000019a57ed3590 code [0x0000019a57ed3740, 0x0000019a57ed38b0]
Event: 111.191 Thread 0x0000019a1901a680 4783       3       com.google.common.cache.LocalCache::usesValueReferences (16 bytes)
Event: 111.191 Thread 0x0000019a1901a680 nmethod 4783 0x0000019a57ed3990 code [0x0000019a57ed3b40, 0x0000019a57ed3cb0]
Event: 111.691 Thread 0x0000019a1901a680 4784       3       sun.nio.ch.NativeSocketAddress::decode (47 bytes)
Event: 111.692 Thread 0x0000019a1901a680 nmethod 4784 0x0000019a57ed3d90 code [0x0000019a57ed3f80, 0x0000019a57ed4350]
Event: 111.722 Thread 0x0000019a1901a680 4785       3       sun.nio.ch.FileLockImpl::invalidate (27 bytes)
Event: 111.722 Thread 0x0000019a1901a680 nmethod 4785 0x0000019a57ed4510 code [0x0000019a57ed46a0, 0x0000019a57ed47c8]

GC Heap History (10 events):
Event: 5.313 GC heap before
{Heap before GC invocations=0 (full 0):
 garbage-first heap   total 262144K, used 22528K [0x00000000e0000000, 0x0000000100000000)
  region size 1024K, 23 young (23552K), 0 survivors (0K)
 Metaspace       used 919K, committed 1024K, reserved 393216K
  class space    used 72K, committed 128K, reserved 327680K
}
Event: 5.549 GC heap after
{Heap after GC invocations=1 (full 0):
 garbage-first heap   total 262144K, used 1770K [0x00000000e0000000, 0x0000000100000000)
  region size 1024K, 2 young (2048K), 2 survivors (2048K)
 Metaspace       used 919K, committed 1024K, reserved 393216K
  class space    used 72K, committed 128K, reserved 327680K
}
Event: 7.504 GC heap before
{Heap before GC invocations=1 (full 0):
 garbage-first heap   total 262144K, used 40682K [0x00000000e0000000, 0x0000000100000000)
  region size 1024K, 38 young (38912K), 2 survivors (2048K)
 Metaspace       used 4419K, committed 4608K, reserved 393216K
  class space    used 554K, committed 640K, reserved 327680K
}
Event: 7.509 GC heap after
{Heap after GC invocations=2 (full 0):
 garbage-first heap   total 262144K, used 10748K [0x00000000e0000000, 0x0000000100000000)
  region size 1024K, 5 young (5120K), 5 survivors (5120K)
 Metaspace       used 4419K, committed 4608K, reserved 393216K
  class space    used 554K, committed 640K, reserved 327680K
}
Event: 9.338 GC heap before
{Heap before GC invocations=2 (full 0):
 garbage-first heap   total 262144K, used 63996K [0x00000000e0000000, 0x0000000100000000)
  region size 1024K, 55 young (56320K), 5 survivors (5120K)
 Metaspace       used 5684K, committed 5952K, reserved 393216K
  class space    used 762K, committed 896K, reserved 327680K
}
Event: 9.342 GC heap after
{Heap after GC invocations=3 (full 0):
 garbage-first heap   total 262144K, used 17292K [0x00000000e0000000, 0x0000000100000000)
  region size 1024K, 6 young (6144K), 6 survivors (6144K)
 Metaspace       used 5684K, committed 5952K, reserved 393216K
  class space    used 762K, committed 896K, reserved 327680K
}
Event: 19.732 GC heap before
{Heap before GC invocations=3 (full 0):
 garbage-first heap   total 262144K, used 108428K [0x00000000e0000000, 0x0000000100000000)
  region size 1024K, 96 young (98304K), 6 survivors (6144K)
 Metaspace       used 20947K, committed 21504K, reserved 393216K
  class space    used 3067K, committed 3328K, reserved 327680K
}
Event: 19.754 GC heap after
{Heap after GC invocations=4 (full 0):
 garbage-first heap   total 262144K, used 23875K [0x00000000e0000000, 0x0000000100000000)
  region size 1024K, 12 young (12288K), 12 survivors (12288K)
 Metaspace       used 20947K, committed 21504K, reserved 393216K
  class space    used 3067K, committed 3328K, reserved 327680K
}
Event: 108.502 GC heap before
{Heap before GC invocations=5 (full 0):
 garbage-first heap   total 262144K, used 142659K [0x00000000e0000000, 0x0000000100000000)
  region size 1024K, 129 young (132096K), 12 survivors (12288K)
 Metaspace       used 34535K, committed 35584K, reserved 393216K
  class space    used 4903K, committed 5440K, reserved 327680K
}
Event: 108.597 GC heap after
{Heap after GC invocations=6 (full 0):
 garbage-first heap   total 262144K, used 32810K [0x00000000e0000000, 0x0000000100000000)
  region size 1024K, 16 young (16384K), 16 survivors (16384K)
 Metaspace       used 34535K, committed 35584K, reserved 393216K
  class space    used 4903K, committed 5440K, reserved 327680K
}

Dll operation events (15 events):
Event: 0.019 Loaded shared library C:\Users\dduc1\.jdks\ms-21.0.8\bin\java.dll
Event: 2.551 Loaded shared library C:\Users\dduc1\.jdks\ms-21.0.8\bin\jsvml.dll
Event: 4.415 Loaded shared library C:\Users\dduc1\.jdks\ms-21.0.8\bin\zip.dll
Event: 4.420 Loaded shared library C:\Users\dduc1\.jdks\ms-21.0.8\bin\instrument.dll
Event: 4.429 Loaded shared library C:\Users\dduc1\.jdks\ms-21.0.8\bin\net.dll
Event: 4.432 Loaded shared library C:\Users\dduc1\.jdks\ms-21.0.8\bin\nio.dll
Event: 4.438 Loaded shared library C:\Users\dduc1\.jdks\ms-21.0.8\bin\zip.dll
Event: 5.252 Loaded shared library C:\Users\dduc1\.jdks\ms-21.0.8\bin\jimage.dll
Event: 5.830 Loaded shared library C:\Users\dduc1\.jdks\ms-21.0.8\bin\verify.dll
Event: 6.100 Loaded shared library C:\Users\dduc1\.gradle\native\1def1411415f61bf3af743bc5b6707747c0891f09f0c88961ee8f79bc544acac\windows-amd64\native-platform.dll
Event: 6.112 Loaded shared library C:\Users\dduc1\.gradle\native\0.2.7\x86_64-windows-gnu\gradle-fileevents.dll
Event: 9.536 Loaded shared library C:\Users\dduc1\.jdks\ms-21.0.8\bin\management.dll
Event: 9.540 Loaded shared library C:\Users\dduc1\.jdks\ms-21.0.8\bin\management_ext.dll
Event: 10.090 Loaded shared library C:\Users\dduc1\.jdks\ms-21.0.8\bin\extnet.dll
Event: 14.997 Loaded shared library C:\Users\dduc1\.jdks\ms-21.0.8\bin\sunmscapi.dll

Deoptimization events (20 events):
Event: 108.496 Thread 0x0000019a194d91b0 Uncommon trap: trap_request=0xffffff45 fr.pc=0x0000019a5f240450 relative=0x00000000000001b0
Event: 108.496 Thread 0x0000019a194d91b0 Uncommon trap: reason=unstable_if action=reinterpret pc=0x0000019a5f240450 method=java.lang.invoke.InvokerBytecodeGenerator.isStaticallyInvocable(Ljava/lang/invoke/MemberName;)Z @ 142 c2
Event: 108.496 Thread 0x0000019a194d91b0 DEOPT PACKING pc=0x0000019a5f240450 sp=0x0000003a6b0f99c0
Event: 108.496 Thread 0x0000019a194d91b0 DEOPT UNPACKING pc=0x0000019a5eb146a2 sp=0x0000003a6b0f9960 mode 2
Event: 109.744 Thread 0x0000019a194d91b0 Uncommon trap: trap_request=0xffffffc6 fr.pc=0x0000019a5f2ef53c relative=0x000000000000087c
Event: 109.744 Thread 0x0000019a194d91b0 Uncommon trap: reason=bimorphic_or_optimized_type_check action=maybe_recompile pc=0x0000019a5f2ef53c method=java.util.regex.Pattern$Start.match(Ljava/util/regex/Matcher;ILjava/lang/CharSequence;)Z @ 44 c2
Event: 109.744 Thread 0x0000019a194d91b0 DEOPT PACKING pc=0x0000019a5f2ef53c sp=0x0000003a6b0f9160
Event: 109.745 Thread 0x0000019a194d91b0 DEOPT UNPACKING pc=0x0000019a5eb146a2 sp=0x0000003a6b0f9038 mode 2
Event: 109.745 Thread 0x0000019a194d91b0 Uncommon trap: trap_request=0xffffffc6 fr.pc=0x0000019a5f2ef53c relative=0x000000000000087c
Event: 109.745 Thread 0x0000019a194d91b0 Uncommon trap: reason=bimorphic_or_optimized_type_check action=maybe_recompile pc=0x0000019a5f2ef53c method=java.util.regex.Pattern$Start.match(Ljava/util/regex/Matcher;ILjava/lang/CharSequence;)Z @ 44 c2
Event: 109.745 Thread 0x0000019a194d91b0 DEOPT PACKING pc=0x0000019a5f2ef53c sp=0x0000003a6b0f9160
Event: 109.745 Thread 0x0000019a194d91b0 DEOPT UNPACKING pc=0x0000019a5eb146a2 sp=0x0000003a6b0f9038 mode 2
Event: 109.745 Thread 0x0000019a194d91b0 Uncommon trap: trap_request=0xffffffc6 fr.pc=0x0000019a5f2ea4a8 relative=0x0000000000000868
Event: 109.745 Thread 0x0000019a194d91b0 Uncommon trap: reason=bimorphic_or_optimized_type_check action=maybe_recompile pc=0x0000019a5f2ea4a8 method=java.util.regex.Pattern$Start.match(Ljava/util/regex/Matcher;ILjava/lang/CharSequence;)Z @ 44 c2
Event: 109.745 Thread 0x0000019a194d91b0 DEOPT PACKING pc=0x0000019a5f2ea4a8 sp=0x0000003a6b0f90f0
Event: 109.746 Thread 0x0000019a194d91b0 DEOPT UNPACKING pc=0x0000019a5eb146a2 sp=0x0000003a6b0f9040 mode 2
Event: 109.746 Thread 0x0000019a194d91b0 Uncommon trap: trap_request=0xffffffc6 fr.pc=0x0000019a5f2ebe58 relative=0x0000000000000638
Event: 109.746 Thread 0x0000019a194d91b0 Uncommon trap: reason=bimorphic_or_optimized_type_check action=maybe_recompile pc=0x0000019a5f2ebe58 method=java.util.regex.Pattern$Start.match(Ljava/util/regex/Matcher;ILjava/lang/CharSequence;)Z @ 44 c2
Event: 109.746 Thread 0x0000019a194d91b0 DEOPT PACKING pc=0x0000019a5f2ebe58 sp=0x0000003a6b0f9070
Event: 109.746 Thread 0x0000019a194d91b0 DEOPT UNPACKING pc=0x0000019a5eb146a2 sp=0x0000003a6b0f9040 mode 2

Classes loaded (20 events):
Event: 107.605 Loading class java/util/WeakHashMap$HashIterator done
Event: 107.605 Loading class java/util/WeakHashMap$KeyIterator done
Event: 108.360 Loading class sun/invoke/util/ValueConversions$1
Event: 108.360 Loading class sun/invoke/util/ValueConversions$1 done
Event: 108.363 Loading class java/lang/invoke/BoundMethodHandle$Species_LI
Event: 108.363 Loading class java/lang/invoke/BoundMethodHandle$Species_LI done
Event: 108.666 Loading class sun/reflect/MagicAccessorImpl
Event: 108.666 Loading class sun/reflect/MagicAccessorImpl done
Event: 109.744 Loading class sun/reflect/generics/tree/IntSignature
Event: 109.744 Loading class sun/reflect/generics/tree/IntSignature done
Event: 109.744 Loading class sun/reflect/generics/tree/ArrayTypeSignature
Event: 109.744 Loading class sun/reflect/generics/tree/ArrayTypeSignature done
Event: 109.747 Loading class com/sun/beans/finder/MethodFinder
Event: 109.748 Loading class com/sun/beans/finder/AbstractFinder
Event: 109.748 Loading class com/sun/beans/finder/AbstractFinder done
Event: 109.748 Loading class com/sun/beans/finder/MethodFinder done
Event: 109.748 Loading class com/sun/beans/finder/MethodFinder$1
Event: 109.748 Loading class com/sun/beans/finder/MethodFinder$1 done
Event: 109.748 Loading class com/sun/beans/finder/FinderUtils
Event: 109.748 Loading class com/sun/beans/finder/FinderUtils done

Classes unloaded (0 events):
No events

Classes redefined (0 events):
No events

Internal exceptions (20 events):
Event: 107.683 Thread 0x0000019a194d91b0 Exception <a 'java/lang/ClassNotFoundException'{0x00000000e8760930}: org/gradle/initialization/InitScriptCustomizer> (0x00000000e8760930) 
thrown [s\src\hotspot\share\classfile\systemDictionary.cpp, line 312]
Event: 107.684 Thread 0x0000019a194d91b0 Exception <a 'java/lang/ClassNotFoundException'{0x00000000e876ee50}: ijMapper1_34ljlvzqj0py9vehlnd3b1mu6Customizer> (0x00000000e876ee50) 
thrown [s\src\hotspot\share\classfile\systemDictionary.cpp, line 312]
Event: 107.762 Thread 0x0000019a194d91b0 Exception <a 'java/lang/ClassNotFoundException'{0x00000000e8640828}: org/gradle/internal/extensibility/DefaultExtraPropertiesExtensionBeanInfo> (0x00000000e8640828) 
thrown [s\src\hotspot\share\classfile\systemDictionary.cpp, line 312]
Event: 107.763 Thread 0x0000019a194d91b0 Exception <a 'java/lang/ClassNotFoundException'{0x00000000e8649850}: org/gradle/internal/extensibility/DefaultExtraPropertiesExtensionCustomizer> (0x00000000e8649850) 
thrown [s\src\hotspot\share\classfile\systemDictionary.cpp, line 312]
Event: 108.027 Thread 0x0000019a194d91b0 Exception <a 'java/lang/NoSuchMethodError'{0x00000000e859f068}: 'java.lang.Object java.lang.invoke.DirectMethodHandle$Holder.invokeSpecialIFC(java.lang.Object, java.lang.Object, java.lang.Object, java.lang.Object)'> (0x00000000e859f068) 
thrown [s\src\hotspot\share\interpreter\linkResolver.cpp, line 773]
Event: 108.350 Thread 0x0000019a194d91b0 Exception <a 'java/lang/NoSuchMethodError'{0x00000000e82f9d00}: 'void java.lang.invoke.Invokers$Holder.invoke_MT(java.lang.Object, java.lang.Object, java.lang.Object, java.lang.Object)'> (0x00000000e82f9d00) 
thrown [s\src\hotspot\share\interpreter\linkResolver.cpp, line 773]
Event: 108.358 Thread 0x0000019a194d91b0 Implicit null exception at 0x0000019a5f1d9565 to 0x0000019a5f1d97f0
Event: 108.361 Thread 0x0000019a194d91b0 Exception <a 'java/lang/NoSuchMethodError'{0x00000000e8118150}: 'int java.lang.invoke.DirectMethodHandle$Holder.invokeSpecial(java.lang.Object, java.lang.Object, java.lang.Object, int)'> (0x00000000e8118150) 
thrown [s\src\hotspot\share\interpreter\linkResolver.cpp, line 773]
Event: 108.373 Thread 0x0000019a194d91b0 Exception <a 'java/lang/NoSuchMethodError'{0x00000000e8129508}: 'java.lang.Object java.lang.invoke.DirectMethodHandle$Holder.invokeStatic(java.lang.Object, java.lang.Object, java.lang.Object, java.lang.Object, int)'> (0x00000000e8129508) 
thrown [s\src\hotspot\share\interpreter\linkResolver.cpp, line 773]
Event: 108.379 Thread 0x0000019a194d91b0 Exception <a 'java/lang/NoSuchMethodError'{0x00000000e8131ca0}: 'java.lang.Object java.lang.invoke.DirectMethodHandle$Holder.invokeSpecial(java.lang.Object, java.lang.Object, java.lang.Object, java.lang.Object, int)'> (0x00000000e8131ca0) 
thrown [s\src\hotspot\share\interpreter\linkResolver.cpp, line 773]
Event: 108.447 Thread 0x0000019a194d91b0 Exception <a 'java/lang/ClassNotFoundException'{0x00000000e8096218}: org/gradle/invocation/DefaultGradle_DecoratedBeanInfo> (0x00000000e8096218) 
thrown [s\src\hotspot\share\classfile\systemDictionary.cpp, line 312]
Event: 108.449 Thread 0x0000019a194d91b0 Exception <a 'java/lang/ClassNotFoundException'{0x00000000e80a3808}: org/gradle/invocation/DefaultGradleBeanInfo> (0x00000000e80a3808) 
thrown [s\src\hotspot\share\classfile\systemDictionary.cpp, line 312]
Event: 108.450 Thread 0x0000019a194d91b0 Exception <a 'java/lang/ClassNotFoundException'{0x00000000e80b1388}: org/gradle/api/internal/project/AbstractPluginAwareBeanInfo> (0x00000000e80b1388) 
thrown [s\src\hotspot\share\classfile\systemDictionary.cpp, line 312]
Event: 108.452 Thread 0x0000019a194d91b0 Exception <a 'java/lang/ClassNotFoundException'{0x00000000e80bef58}: org/gradle/api/internal/project/AbstractPluginAwareCustomizer> (0x00000000e80bef58) 
thrown [s\src\hotspot\share\classfile\systemDictionary.cpp, line 312]
Event: 108.456 Thread 0x0000019a194d91b0 Exception <a 'java/lang/ClassNotFoundException'{0x00000000e80d3148}: org/gradle/invocation/DefaultGradleCustomizer> (0x00000000e80d3148) 
thrown [s\src\hotspot\share\classfile\systemDictionary.cpp, line 312]
Event: 108.464 Thread 0x0000019a194d91b0 Exception <a 'java/lang/ClassNotFoundException'{0x00000000e7f17c70}: org/gradle/invocation/DefaultGradle_DecoratedCustomizer> (0x00000000e7f17c70) 
thrown [s\src\hotspot\share\classfile\systemDictionary.cpp, line 312]
Event: 109.742 Thread 0x0000019a194d91b0 Exception <a 'java/lang/ClassNotFoundException'{0x00000000efc46ee0}: groovy/lang/Closure$1BeanInfo> (0x00000000efc46ee0) 
thrown [s\src\hotspot\share\classfile\systemDictionary.cpp, line 312]
Event: 109.743 Thread 0x0000019a194d91b0 Exception <a 'java/lang/ClassNotFoundException'{0x00000000efc541e8}: groovy/lang/ClosureBeanInfo> (0x00000000efc541e8) 
thrown [s\src\hotspot\share\classfile\systemDictionary.cpp, line 312]
Event: 109.744 Thread 0x0000019a194d91b0 Exception <a 'java/lang/ClassNotFoundException'{0x00000000efc613f8}: groovy/lang/ClosureCustomizer> (0x00000000efc613f8) 
thrown [s\src\hotspot\share\classfile\systemDictionary.cpp, line 312]
Event: 109.747 Thread 0x0000019a194d91b0 Exception <a 'java/lang/ClassNotFoundException'{0x00000000efc92710}: groovy/lang/Closure$1Customizer> (0x00000000efc92710) 
thrown [s\src\hotspot\share\classfile\systemDictionary.cpp, line 312]

ZGC Phase Switch (0 events):
No events

VM Operations (20 events):
Event: 106.754 Executing VM operation: HandshakeAllThreads (Deoptimize)
Event: 106.754 Executing VM operation: HandshakeAllThreads (Deoptimize) done
Event: 106.942 Executing VM operation: HandshakeAllThreads (Deoptimize)
Event: 106.942 Executing VM operation: HandshakeAllThreads (Deoptimize) done
Event: 106.960 Executing VM operation: HandshakeAllThreads (Deoptimize)
Event: 106.960 Executing VM operation: HandshakeAllThreads (Deoptimize) done
Event: 107.172 Executing VM operation: HandshakeAllThreads (Deoptimize)
Event: 107.172 Executing VM operation: HandshakeAllThreads (Deoptimize) done
Event: 107.172 Executing VM operation: Cleanup
Event: 107.172 Executing VM operation: Cleanup done
Event: 108.186 Executing VM operation: Cleanup
Event: 108.187 Executing VM operation: Cleanup done
Event: 108.501 Executing VM operation: G1CollectForAllocation (G1 Evacuation Pause)
Event: 108.597 Executing VM operation: G1CollectForAllocation (G1 Evacuation Pause) done
Event: 109.610 Executing VM operation: Cleanup
Event: 109.735 Executing VM operation: Cleanup done
Event: 110.746 Executing VM operation: Cleanup
Event: 110.777 Executing VM operation: Cleanup done
Event: 111.777 Executing VM operation: Cleanup
Event: 111.777 Executing VM operation: Cleanup done

Memory protections (0 events):
No events

Nmethod flushes (0 events):
No events

Events (20 events):
Event: 18.405 Thread 0x0000019a194d91b0 Thread added: 0x0000019a19ffb4f0
Event: 18.743 Thread 0x0000019a1901a680 Thread added: 0x0000019a1c5804b0
Event: 19.230 Thread 0x0000019a1901a680 Thread added: 0x0000019a1bdeeef0
Event: 20.201 Thread 0x0000019a194d91b0 Thread added: 0x0000019a19ffa140
Event: 20.249 Thread 0x0000019a194d91b0 Thread added: 0x0000019a19ffa7d0
Event: 20.734 Thread 0x0000019a194d91b0 Thread added: 0x0000019a19ffd5c0
Event: 20.771 Thread 0x0000019a194d91b0 Thread added: 0x0000019a1e67d2f0
Event: 21.065 Thread 0x0000019a1bdeeef0 Thread exited: 0x0000019a1bdeeef0
Event: 21.065 Thread 0x0000019a1c5804b0 Thread exited: 0x0000019a1c5804b0
Event: 47.844 Thread 0x0000019a194d91b0 Thread added: 0x0000019a1e67bf40
Event: 102.499 Thread 0x0000019a194d91b0 Thread added: 0x0000019a1e67fa50
Event: 104.293 Thread 0x0000019a1901a680 Thread added: 0x0000019a1e006ff0
Event: 104.483 Thread 0x0000019a1e006ff0 Thread exited: 0x0000019a1e006ff0
Event: 105.221 Thread 0x0000019a1901a680 Thread added: 0x0000019a1da31a30
Event: 105.227 Thread 0x0000019a1da31a30 Thread added: 0x0000019a1e3af0a0
Event: 105.481 Thread 0x0000019a1e3af0a0 Thread exited: 0x0000019a1e3af0a0
Event: 105.528 Thread 0x0000019a1da31a30 Thread exited: 0x0000019a1da31a30
Event: 107.948 Thread 0x0000019a194d91b0 Thread added: 0x0000019a1e67ed30
Event: 108.132 Thread 0x0000019a194d91b0 Thread added: 0x0000019a1e67e010
Event: 108.494 Thread 0x0000019a1901a680 Thread added: 0x0000019a1e661460


Dynamic libraries:
0x00007ff66d5d0000 - 0x00007ff66d5de000 	C:\Users\dduc1\.jdks\ms-21.0.8\bin\java.exe
0x00007ffcaf400000 - 0x00007ffcaf669000 	C:\WINDOWS\SYSTEM32\ntdll.dll
0x00007ffcaddf0000 - 0x00007ffcadeb9000 	C:\WINDOWS\System32\KERNEL32.DLL
0x00007ffcaca70000 - 0x00007ffcace63000 	C:\WINDOWS\System32\KERNELBASE.dll
0x00007ffcac650000 - 0x00007ffcac79b000 	C:\WINDOWS\System32\ucrtbase.dll
0x00007ffca7610000 - 0x00007ffca762e000 	C:\Users\dduc1\.jdks\ms-21.0.8\bin\VCRUNTIME140.dll
0x00007ffca75d0000 - 0x00007ffca75e8000 	C:\Users\dduc1\.jdks\ms-21.0.8\bin\jli.dll
0x00007ffcad740000 - 0x00007ffcad904000 	C:\WINDOWS\System32\USER32.dll
0x00007ffcac620000 - 0x00007ffcac647000 	C:\WINDOWS\System32\win32u.dll
0x00007ffcadb00000 - 0x00007ffcadb2b000 	C:\WINDOWS\System32\GDI32.dll
0x00007ffcace70000 - 0x00007ffcacf9d000 	C:\WINDOWS\System32\gdi32full.dll
0x00007ffcacfa0000 - 0x00007ffcad043000 	C:\WINDOWS\System32\msvcp_win.dll
0x00007ffc8c6c0000 - 0x00007ffc8c953000 	C:\WINDOWS\WinSxS\amd64_microsoft.windows.common-controls_6595b64144ccf1df_6.0.26100.5074_none_3e0d6f78e32fd63f\COMCTL32.dll
0x00007ffcaf130000 - 0x00007ffcaf1d9000 	C:\WINDOWS\System32\msvcrt.dll
0x00007ffcaefc0000 - 0x00007ffcaefef000 	C:\WINDOWS\System32\IMM32.DLL
0x00007ffca6220000 - 0x00007ffca622c000 	C:\Users\dduc1\.jdks\ms-21.0.8\bin\vcruntime140_1.dll
0x00007ffc9a5a0000 - 0x00007ffc9a629000 	C:\Users\dduc1\.jdks\ms-21.0.8\bin\msvcp140.dll
0x00007ffc58f30000 - 0x00007ffc59cdc000 	C:\Users\dduc1\.jdks\ms-21.0.8\bin\server\jvm.dll
0x00007ffcaf000000 - 0x00007ffcaf0b4000 	C:\WINDOWS\System32\ADVAPI32.dll
0x00007ffcae360000 - 0x00007ffcae406000 	C:\WINDOWS\System32\sechost.dll
0x00007ffcadcd0000 - 0x00007ffcadde8000 	C:\WINDOWS\System32\RPCRT4.dll
0x00007ffcaeb60000 - 0x00007ffcaebd4000 	C:\WINDOWS\System32\WS2_32.dll
0x00007ffca50d0000 - 0x00007ffca50db000 	C:\WINDOWS\SYSTEM32\VERSION.dll
0x00007ffcab510000 - 0x00007ffcab56e000 	C:\WINDOWS\SYSTEM32\POWRPROF.dll
0x00007ffca1400000 - 0x00007ffca1435000 	C:\WINDOWS\SYSTEM32\WINMM.dll
0x00007ffcab4f0000 - 0x00007ffcab504000 	C:\WINDOWS\SYSTEM32\UMPDC.dll
0x00007ffcab3a0000 - 0x00007ffcab3bb000 	C:\WINDOWS\SYSTEM32\kernel.appcore.dll
0x00007ffca6210000 - 0x00007ffca621a000 	C:\Users\dduc1\.jdks\ms-21.0.8\bin\jimage.dll
0x00007ffca9f70000 - 0x00007ffcaa1b2000 	C:\WINDOWS\SYSTEM32\DBGHELP.DLL
0x00007ffcadfe0000 - 0x00007ffcae35b000 	C:\WINDOWS\System32\combase.dll
0x00007ffcaebf0000 - 0x00007ffcaecc7000 	C:\WINDOWS\System32\OLEAUT32.dll
0x00007ffc9f050000 - 0x00007ffc9f08d000 	C:\WINDOWS\SYSTEM32\dbgcore.DLL
0x00007ffcac7a0000 - 0x00007ffcac839000 	C:\WINDOWS\System32\bcryptPrimitives.dll
0x00007ffc9f2e0000 - 0x00007ffc9f2f0000 	C:\Users\dduc1\.jdks\ms-21.0.8\bin\instrument.dll
0x00007ffc9f180000 - 0x00007ffc9f1a1000 	C:\Users\dduc1\.jdks\ms-21.0.8\bin\java.dll
0x00007ffcae410000 - 0x00007ffcaeb5d000 	C:\WINDOWS\System32\SHELL32.dll
0x00007ffcac900000 - 0x00007ffcaca6c000 	C:\WINDOWS\System32\wintypes.dll
0x00007ffcaa1d0000 - 0x00007ffcaaa29000 	C:\WINDOWS\SYSTEM32\windows.storage.dll
0x00007ffcad910000 - 0x00007ffcada00000 	C:\WINDOWS\System32\SHCORE.dll
0x00007ffcaf0c0000 - 0x00007ffcaf122000 	C:\WINDOWS\System32\shlwapi.dll
0x00007ffcac4b0000 - 0x00007ffcac4d9000 	C:\WINDOWS\SYSTEM32\profapi.dll
0x00007ffc6fc90000 - 0x00007ffc6fd66000 	C:\Users\dduc1\.jdks\ms-21.0.8\bin\jsvml.dll
0x00007ffc9f160000 - 0x00007ffc9f178000 	C:\Users\dduc1\.jdks\ms-21.0.8\bin\zip.dll
0x00007ffc99de0000 - 0x00007ffc99df1000 	C:\Users\dduc1\.jdks\ms-21.0.8\bin\net.dll
0x00007ffca5f40000 - 0x00007ffca605f000 	C:\WINDOWS\SYSTEM32\WINHTTP.dll
0x00007ffcab9c0000 - 0x00007ffcaba2b000 	C:\WINDOWS\system32\mswsock.dll
0x00007ffc99dc0000 - 0x00007ffc99dd6000 	C:\Users\dduc1\.jdks\ms-21.0.8\bin\nio.dll
0x00007ffc9f2d0000 - 0x00007ffc9f2e0000 	C:\Users\dduc1\.jdks\ms-21.0.8\bin\verify.dll
0x00007ffca6230000 - 0x00007ffca6257000 	C:\Users\dduc1\.gradle\native\1def1411415f61bf3af743bc5b6707747c0891f09f0c88961ee8f79bc544acac\windows-amd64\native-platform.dll
0x00007ffc99b10000 - 0x00007ffc99b88000 	C:\Users\dduc1\.gradle\native\0.2.7\x86_64-windows-gnu\gradle-fileevents.dll
0x00007ffc9f1f0000 - 0x00007ffc9f1fa000 	C:\Users\dduc1\.jdks\ms-21.0.8\bin\management.dll
0x00007ffc9f150000 - 0x00007ffc9f15c000 	C:\Users\dduc1\.jdks\ms-21.0.8\bin\management_ext.dll
0x00007ffcad1d0000 - 0x00007ffcad1d8000 	C:\WINDOWS\System32\PSAPI.DLL
0x00007ffcaada0000 - 0x00007ffcaadd4000 	C:\WINDOWS\SYSTEM32\IPHLPAPI.DLL
0x00007ffcaefb0000 - 0x00007ffcaefba000 	C:\WINDOWS\System32\NSI.dll
0x00007ffc9a590000 - 0x00007ffc9a599000 	C:\Users\dduc1\.jdks\ms-21.0.8\bin\extnet.dll
0x00007ffcabc90000 - 0x00007ffcabcab000 	C:\WINDOWS\SYSTEM32\CRYPTSP.dll
0x00007ffcab300000 - 0x00007ffcab33b000 	C:\WINDOWS\system32\rsaenh.dll
0x00007ffcaba60000 - 0x00007ffcaba8b000 	C:\WINDOWS\SYSTEM32\USERENV.dll
0x00007ffcac480000 - 0x00007ffcac4a6000 	C:\WINDOWS\SYSTEM32\bcrypt.dll
0x00007ffcabcb0000 - 0x00007ffcabcbc000 	C:\WINDOWS\SYSTEM32\CRYPTBASE.dll
0x00007ffc9a530000 - 0x00007ffc9a53e000 	C:\Users\dduc1\.jdks\ms-21.0.8\bin\sunmscapi.dll
0x00007ffcad050000 - 0x00007ffcad1c7000 	C:\WINDOWS\System32\CRYPT32.dll
0x00007ffcabed0000 - 0x00007ffcabf00000 	C:\WINDOWS\SYSTEM32\ncrypt.dll
0x00007ffcabe80000 - 0x00007ffcabebf000 	C:\WINDOWS\SYSTEM32\NTASN1.dll
0x00007ffc7fe20000 - 0x00007ffc7fe28000 	C:\WINDOWS\system32\wshunix.dll

JVMTI agents:
C:\Users\dduc1\.gradle\wrapper\dists\gradle-8.14.3-bin\cv11ve7ro1n3o1j4so8xd9n66\gradle-8.14.3\lib\agents\gradle-instrumentation-agent-8.14.3.jar path:C:\Users\dduc1\.jdks\ms-21.0.8\bin\instrument.dll, loaded, initialized, instrumentlib options:none

dbghelp: loaded successfully - version: 4.0.5 - missing functions: none
symbol engine: initialized successfully - sym options: 0x614 - pdb path: .;C:\Users\dduc1\.jdks\ms-21.0.8\bin;C:\WINDOWS\SYSTEM32;C:\WINDOWS\WinSxS\amd64_microsoft.windows.common-controls_6595b64144ccf1df_6.0.26100.5074_none_3e0d6f78e32fd63f;C:\Users\dduc1\.jdks\ms-21.0.8\bin\server;C:\Users\dduc1\.gradle\native\1def1411415f61bf3af743bc5b6707747c0891f09f0c88961ee8f79bc544acac\windows-amd64;C:\Users\dduc1\.gradle\native\0.2.7\x86_64-windows-gnu

VM Arguments:
jvm_args: --add-opens=java.base/java.lang=ALL-UNNAMED --add-opens=java.base/java.lang.invoke=ALL-UNNAMED --add-opens=java.base/java.util=ALL-UNNAMED --add-opens=java.prefs/java.util.prefs=ALL-UNNAMED --add-exports=jdk.compiler/com.sun.tools.javac.api=ALL-UNNAMED --add-exports=jdk.compiler/com.sun.tools.javac.util=ALL-UNNAMED --add-opens=java.base/java.util=ALL-UNNAMED --add-opens=java.prefs/java.util.prefs=ALL-UNNAMED --add-opens=java.base/java.nio.charset=ALL-UNNAMED --add-opens=java.base/java.net=ALL-UNNAMED --add-opens=java.base/java.util.concurrent.atomic=ALL-UNNAMED --add-opens=java.xml/javax.xml.namespace=ALL-UNNAMED -XX:MaxMetaspaceSize=384m -XX:+HeapDumpOnOutOfMemoryError -Xms256m -Xmx512m -Dfile.encoding=windows-1252 -Duser.country=US -Duser.language=en -Duser.variant -javaagent:C:\Users\dduc1\.gradle\wrapper\dists\gradle-8.14.3-bin\cv11ve7ro1n3o1j4so8xd9n66\gradle-8.14.3\lib\agents\gradle-instrumentation-agent-8.14.3.jar 
java_command: org.gradle.launcher.daemon.bootstrap.GradleDaemon 8.14.3
java_class_path (initial): C:\Users\dduc1\.gradle\wrapper\dists\gradle-8.14.3-bin\cv11ve7ro1n3o1j4so8xd9n66\gradle-8.14.3\lib\gradle-daemon-main-8.14.3.jar
Launcher Type: SUN_STANDARD

[Global flags]
     intx CICompilerCount                          = 4                                         {product} {ergonomic}
   size_t CompressedClassSpaceSize                 = 335544320                                 {product} {ergonomic}
     uint ConcGCThreads                            = 3                                         {product} {ergonomic}
     uint G1ConcRefinementThreads                  = 10                                        {product} {ergonomic}
   size_t G1HeapRegionSize                         = 1048576                                   {product} {ergonomic}
    uintx GCDrainStackTargetSize                   = 64                                        {product} {ergonomic}
     bool HeapDumpOnOutOfMemoryError               = true                                   {manageable} {command line}
   size_t InitialHeapSize                          = 268435456                                 {product} {command line}
   size_t MarkStackSize                            = 4194304                                   {product} {ergonomic}
   size_t MaxHeapSize                              = 536870912                                 {product} {command line}
   size_t MaxMetaspaceSize                         = 402653184                                 {product} {command line}
   size_t MaxNewSize                               = 321912832                                 {product} {ergonomic}
   size_t MinHeapDeltaBytes                        = 1048576                                   {product} {ergonomic}
   size_t MinHeapSize                              = 268435456                                 {product} {command line}
    uintx NonNMethodCodeHeapSize                   = 5839372                                {pd product} {ergonomic}
    uintx NonProfiledCodeHeapSize                  = 122909434                              {pd product} {ergonomic}
    uintx ProfiledCodeHeapSize                     = 122909434                              {pd product} {ergonomic}
    uintx ReservedCodeCacheSize                    = 251658240                              {pd product} {ergonomic}
     bool SegmentedCodeCache                       = true                                      {product} {ergonomic}
   size_t SoftMaxHeapSize                          = 536870912                              {manageable} {ergonomic}
     bool UseCompressedOops                        = true                           {product lp64_product} {ergonomic}
     bool UseG1GC                                  = true                                      {product} {ergonomic}
     bool UseLargePagesIndividualAllocation        = false                                  {pd product} {ergonomic}

Logging:
Log output configuration:
 #0: stdout all=warning uptime,level,tags foldmultilines=false
 #1: stderr all=off uptime,level,tags foldmultilines=false

Environment Variables:
PATH=E:\PYTHON\Scripts\;E:\PYTHON\;C:\Program Files\Common Files\Oracle\Java\javapath;C:\Windows\system32;C:\Windows;C:\Windows\System32\Wbem;C:\Windows\System32\WindowsPowerShell\v1.0\;C:\Windows\System32\OpenSSH\;C:\Program Files (x86)\NVIDIA Corporation\PhysX\Common;C:\Program Files\NVIDIA Corporation\NVIDIA NvDLISR;C:\WINDOWS\system32;C:\WINDOWS;C:\WINDOWS\System32\Wbem;C:\WINDOWS\System32\WindowsPowerShell\v1.0\;C:\WINDOWS\System32\OpenSSH\;E:\GIT\cmd;D:\important file JAVA\bin;C:\ProgramData\chocolatey\bin;C:\msys64\ucrt64\bin;C:\Program Files\Microsoft SQL Server\150\Tools\Binn\;C:\Program Files\Microsoft SQL Server\Client SDK\ODBC\170\Tools\Binn\;D:\gradle-8.12\bin;C:\Program Files\dotnet\;C:\Program Files (x86)\Windows Kits\10\Windows Performance Toolkit\;C:\Users\dduc1\AppData\Local\nvm;C:\nvm4w\nodejs;C:\Program Files\Docker\Docker\resources\bin;C:\Users\dduc1\AppData\Local\Programs\Python\Launcher\;C:\Users\dduc1\AppData\Local\Microsoft\WindowsApps;D:\VScode\Microsoft VS Code\bin;E:\PYTHON;C:\Users\dduc1\AppData\Roaming\npm;E:\PYTHON\Lib;E:\PYTHON\Scripts;D:\Intellij IDEA\IntelliJ IDEA 2024.1.4\bin;;C:\Users\dduc1\.dotnet\tools;C:\Program Files\dotnet\sdk\9.0.101;%JetBrains Rider%;D:\gradle-8.12\bin;C:\Users\dduc1\AppData\Local\nvm;C:\nvm4w\nodejs
USERNAME=dduc1
OS=Windows_NT
PROCESSOR_IDENTIFIER=AMD64 Family 25 Model 80 Stepping 0, AuthenticAMD
TMP=C:\Users\dduc1\AppData\Local\Temp
TEMP=C:\Users\dduc1\AppData\Local\Temp




Periodic native trim disabled

---------------  S Y S T E M  ---------------

OS:
 Windows 11 , 64 bit Build 26100 (10.0.26100.5074)
OS uptime: 4 days 2:55 hours
Hyper-V role detected

CPU: total 12 (initial active 12) (12 cores per cpu, 2 threads per core) family 25 model 80 stepping 0 microcode 0xa50000c, cx8, cmov, fxsr, ht, mmx, 3dnowpref, sse, sse2, sse3, ssse3, sse4a, sse4.1, sse4.2, popcnt, lzcnt, tsc, tscinvbit, avx, avx2, aes, erms, clmul, bmi1, bmi2, adx, sha, fma, vzeroupper, clflush, clflushopt, hv, rdtscp, rdpid, fsrm, f16c, cet_ss
Processor Information for processor 0
  Max Mhz: 3301, Current Mhz: 2011, Mhz Limit: 3301
Processor Information for processor 1
  Max Mhz: 3301, Current Mhz: 3301, Mhz Limit: 3301
Processor Information for processor 2
  Max Mhz: 3301, Current Mhz: 2011, Mhz Limit: 3301
Processor Information for processor 3
  Max Mhz: 3301, Current Mhz: 3301, Mhz Limit: 3301
Processor Information for processor 4
  Max Mhz: 3301, Current Mhz: 3301, Mhz Limit: 3301
Processor Information for processor 5
  Max Mhz: 3301, Current Mhz: 2011, Mhz Limit: 3301
Processor Information for processor 6
  Max Mhz: 3301, Current Mhz: 3301, Mhz Limit: 3301
Processor Information for processor 7
  Max Mhz: 3301, Current Mhz: 3301, Mhz Limit: 3301
Processor Information for processor 8
  Max Mhz: 3301, Current Mhz: 3301, Mhz Limit: 3301
Processor Information for processor 9
  Max Mhz: 3301, Current Mhz: 2011, Mhz Limit: 3301
Processor Information for processor 10
  Max Mhz: 3301, Current Mhz: 3301, Mhz Limit: 3301
Processor Information for processor 11
  Max Mhz: 3301, Current Mhz: 2011, Mhz Limit: 3301

Memory: 4k page, system-wide physical 15724M (958M free)
TotalPageFile size 46992M (AvailPageFile size 1M)
current process WorkingSet (physical memory assigned to process): 233M, peak: 262M
current process commit charge ("private bytes"): 460M, peak: 462M

vm_info: OpenJDK 64-Bit Server VM (21.0.8+9-LTS) for windows-amd64 JRE (21.0.8+9-LTS), built on 2025-07-10T20:22:44Z by "MicrosoftCorporation" with unknown MS VC++:1944

END.
