#
# There is insufficient memory for the Java Runtime Environment to continue.
# Native memory allocation (malloc) failed to allocate 2078400 bytes. Error detail: Chunk::new
# Possible reasons:
#   The system is out of physical RAM or swap space
#   This process is running with CompressedOops enabled, and the Java Heap may be blocking the growth of the native heap
# Possible solutions:
#   Reduce memory load on the system
#   Increase physical memory or swap space
#   Check if swap backing store is full
#   Decrease Java heap size (-Xmx/-Xms)
#   Decrease number of Java threads
#   Decrease Java thread stack sizes (-Xss)
#   Set larger code cache with -XX:ReservedCodeCacheSize=
#   JVM is running with Unscaled Compressed Oops mode in which the Java heap is
#     placed in the first 4GB address space. The Java Heap base address is the
#     maximum limit for the native heap growth. Please use -XX:HeapBaseMinAddress
#     to set the Java Heap base and to place the Java Heap above 4GB virtual address.
# This output file may be truncated or incomplete.
#
#  Out of Memory Error (arena.cpp:168), pid=19152, tid=21964
#
# JRE version: OpenJDK Runtime Environment Microsoft-11933218 (21.0.8+9) (build 21.0.8+9-LTS)
# Java VM: OpenJDK 64-Bit Server VM Microsoft-11933218 (21.0.8+9-LTS, mixed mode, sharing, tiered, compressed oops, compressed class ptrs, g1 gc, windows-amd64)
# No core dump will be written. Minidumps are not enabled by default on client versions of Windows
#

---------------  S U M M A R Y ------------

Command Line: --add-opens=java.base/java.lang=ALL-UNNAMED --add-opens=java.base/java.lang.invoke=ALL-UNNAMED --add-opens=java.base/java.util=ALL-UNNAMED --add-opens=java.prefs/java.util.prefs=ALL-UNNAMED --add-exports=jdk.compiler/com.sun.tools.javac.api=ALL-UNNAMED --add-exports=jdk.compiler/com.sun.tools.javac.util=ALL-UNNAMED --add-opens=java.base/java.util=ALL-UNNAMED --add-opens=java.prefs/java.util.prefs=ALL-UNNAMED --add-opens=java.base/java.nio.charset=ALL-UNNAMED --add-opens=java.base/java.net=ALL-UNNAMED --add-opens=java.base/java.util.concurrent.atomic=ALL-UNNAMED --add-opens=java.xml/javax.xml.namespace=ALL-UNNAMED -XX:MaxMetaspaceSize=384m -XX:+HeapDumpOnOutOfMemoryError -Xms256m -Xmx512m -Dfile.encoding=windows-1252 -Duser.country=US -Duser.language=en -Duser.variant -javaagent:C:\Users\dduc1\.gradle\wrapper\dists\gradle-8.14.3-bin\cv11ve7ro1n3o1j4so8xd9n66\gradle-8.14.3\lib\agents\gradle-instrumentation-agent-8.14.3.jar org.gradle.launcher.daemon.bootstrap.GradleDaemon 8.14.3

Host: AMD Ryzen 5 5600H with Radeon Graphics         , 12 cores, 15G,  Windows 11 , 64 bit Build 26100 (10.0.26100.6725)
Time: Tue Nov  4 12:11:06 2025 SE Asia Standard Time elapsed time: 100.711854 seconds (0d 0h 1m 40s)

---------------  T H R E A D  ---------------

Current thread (0x0000024f6da66b30):  JavaThread "C2 CompilerThread1" daemon [_thread_in_native, id=21964, stack(0x0000006b8ed00000,0x0000006b8ee00000) (1024K)]


Current CompileTask:
C2:100711 3908   !   4       java.net.URLClassLoader::findClass (47 bytes)

Stack: [0x0000006b8ed00000,0x0000006b8ee00000]
Native frames: (J=compiled Java code, j=interpreted, Vv=VM code, C=native code)
V  [jvm.dll+0x6e1729]
V  [jvm.dll+0x8bf47b]
V  [jvm.dll+0x8c19aa]
V  [jvm.dll+0x8c2083]
V  [jvm.dll+0x289fd6]
V  [jvm.dll+0xc903d]
V  [jvm.dll+0xc958c]
V  [jvm.dll+0x3c771c]
V  [jvm.dll+0x393f22]
V  [jvm.dll+0x39337a]
V  [jvm.dll+0x251c60]
V  [jvm.dll+0x251283]
V  [jvm.dll+0x1d18bf]
V  [jvm.dll+0x260f4a]
V  [jvm.dll+0x25f2b5]
V  [jvm.dll+0x40151d]
V  [jvm.dll+0x86975d]
V  [jvm.dll+0x6dff2d]
C  [ucrtbase.dll+0x37b0]
C  [KERNEL32.DLL+0x2e8d7]
C  [ntdll.dll+0x8c53c]


---------------  P R O C E S S  ---------------

Threads class SMR info:
_java_thread_list=0x0000024f6e6e04e0, length=33, elements={
0x0000024f353397b0, 0x0000024f529556b0, 0x0000024f52956200, 0x0000024f52958c60,
0x0000024f5295b6c0, 0x0000024f5295c110, 0x0000024f5295cb60, 0x0000024f5295d8e0,
0x0000024f52966e50, 0x0000024f52a422f0, 0x0000024f52bcac40, 0x0000024f6d635aa0,
0x0000024f6d67c5b0, 0x0000024f6c426180, 0x0000024f6c3f1610, 0x0000024f6c07c5c0,
0x0000024f52a25a30, 0x0000024f6c410cf0, 0x0000024f6c531990, 0x0000024f6c52ff50,
0x0000024f6c5305e0, 0x0000024f6c52f8c0, 0x0000024f6c530c70, 0x0000024f6c531300,
0x0000024f6c52e510, 0x0000024f6c52eba0, 0x0000024f6f2d4980, 0x0000024f6f2d28b0,
0x0000024f6f2d35d0, 0x0000024f6f2d5010, 0x0000024f6f2d3c60, 0x0000024f6f2d56a0,
0x0000024f6da66b30
}

Java Threads: ( => current thread )
  0x0000024f353397b0 JavaThread "main"                              [_thread_blocked, id=20328, stack(0x0000006b8bd00000,0x0000006b8be00000) (1024K)]
  0x0000024f529556b0 JavaThread "Reference Handler"          daemon [_thread_blocked, id=41696, stack(0x0000006b8c500000,0x0000006b8c600000) (1024K)]
  0x0000024f52956200 JavaThread "Finalizer"                  daemon [_thread_blocked, id=61916, stack(0x0000006b8c600000,0x0000006b8c700000) (1024K)]
  0x0000024f52958c60 JavaThread "Signal Dispatcher"          daemon [_thread_blocked, id=61028, stack(0x0000006b8c700000,0x0000006b8c800000) (1024K)]
  0x0000024f5295b6c0 JavaThread "Attach Listener"            daemon [_thread_blocked, id=45644, stack(0x0000006b8c800000,0x0000006b8c900000) (1024K)]
  0x0000024f5295c110 JavaThread "Service Thread"             daemon [_thread_blocked, id=39032, stack(0x0000006b8c900000,0x0000006b8ca00000) (1024K)]
  0x0000024f5295cb60 JavaThread "Monitor Deflation Thread"   daemon [_thread_blocked, id=9508, stack(0x0000006b8ca00000,0x0000006b8cb00000) (1024K)]
  0x0000024f5295d8e0 JavaThread "C2 CompilerThread0"         daemon [_thread_blocked, id=49420, stack(0x0000006b8cb00000,0x0000006b8cc00000) (1024K)]
  0x0000024f52966e50 JavaThread "C1 CompilerThread0"         daemon [_thread_blocked, id=49372, stack(0x0000006b8cc00000,0x0000006b8cd00000) (1024K)]
  0x0000024f52a422f0 JavaThread "Common-Cleaner"             daemon [_thread_blocked, id=41812, stack(0x0000006b8cd00000,0x0000006b8ce00000) (1024K)]
  0x0000024f52bcac40 JavaThread "Notification Thread"        daemon [_thread_blocked, id=13780, stack(0x0000006b8ce00000,0x0000006b8cf00000) (1024K)]
  0x0000024f6d635aa0 JavaThread "Daemon health stats"               [_thread_blocked, id=52532, stack(0x0000006b8d000000,0x0000006b8d100000) (1024K)]
  0x0000024f6d67c5b0 JavaThread "Incoming local TCP Connector on port 65103"        [_thread_in_native, id=61940, stack(0x0000006b8cf00000,0x0000006b8d000000) (1024K)]
  0x0000024f6c426180 JavaThread "Daemon periodic checks"            [_thread_blocked, id=49904, stack(0x0000006b8d600000,0x0000006b8d700000) (1024K)]
  0x0000024f6c3f1610 JavaThread "Daemon"                            [_thread_blocked, id=52664, stack(0x0000006b8d800000,0x0000006b8d900000) (1024K)]
  0x0000024f6c07c5c0 JavaThread "Handler for socket connection from /127.0.0.1:65103 to /127.0.0.1:65104"        [_thread_in_native, id=44096, stack(0x0000006b8d900000,0x0000006b8da00000) (1024K)]
  0x0000024f52a25a30 JavaThread "Cancel handler"                    [_thread_blocked, id=59576, stack(0x0000006b8da00000,0x0000006b8db00000) (1024K)]
  0x0000024f6c410cf0 JavaThread "Daemon worker"                     [_thread_in_Java, id=60332, stack(0x0000006b8d700000,0x0000006b8d800000) (1024K)]
  0x0000024f6c531990 JavaThread "Asynchronous log dispatcher for DefaultDaemonConnection: socket connection from /127.0.0.1:65103 to /127.0.0.1:65104"        [_thread_blocked, id=58936, stack(0x0000006b8db00000,0x0000006b8dc00000) (1024K)]
  0x0000024f6c52ff50 JavaThread "Stdin handler"                     [_thread_blocked, id=47528, stack(0x0000006b8dc00000,0x0000006b8dd00000) (1024K)]
  0x0000024f6c5305e0 JavaThread "Daemon client event forwarder"        [_thread_blocked, id=37700, stack(0x0000006b8dd00000,0x0000006b8de00000) (1024K)]
  0x0000024f6c52f8c0 JavaThread "Cache worker for journal cache (C:\Users\dduc1\.gradle\caches\journal-1)"        [_thread_blocked, id=58968, stack(0x0000006b8de00000,0x0000006b8df00000) (1024K)]
  0x0000024f6c530c70 JavaThread "File lock request listener"        [_thread_in_native, id=49140, stack(0x0000006b8df00000,0x0000006b8e000000) (1024K)]
  0x0000024f6c531300 JavaThread "File lock release action executor"        [_thread_blocked, id=7408, stack(0x0000006b8e000000,0x0000006b8e100000) (1024K)]
  0x0000024f6c52e510 JavaThread "Cache worker for file hash cache (C:\Users\dduc1\.gradle\caches\8.14.3\fileHashes)"        [_thread_blocked, id=47028, stack(0x0000006b8e100000,0x0000006b8e200000) (1024K)]
  0x0000024f6c52eba0 JavaThread "Cache worker for file hash cache (E:\J2EE\SpringBoot_ToursManagement\Java_Microservice_BE\tour-service\.gradle\8.14.3\fileHashes)"        [_thread_blocked, id=61388, stack(0x0000006b8e800000,0x0000006b8e900000) (1024K)]
  0x0000024f6f2d4980 JavaThread "Cache worker for Build Output Cleanup Cache (E:\J2EE\SpringBoot_ToursManagement\Java_Microservice_BE\tour-service\.gradle\buildOutputCleanup)"        [_thread_blocked, id=59444, stack(0x0000006b8e900000,0x0000006b8ea00000) (1024K)]
  0x0000024f6f2d28b0 JavaThread "File watcher server"        daemon [_thread_in_native, id=39536, stack(0x0000006b8ea00000,0x0000006b8eb00000) (1024K)]
  0x0000024f6f2d35d0 JavaThread "File watcher consumer"      daemon [_thread_blocked, id=14564, stack(0x0000006b8eb00000,0x0000006b8ec00000) (1024K)]
  0x0000024f6f2d5010 JavaThread "jar transforms"                    [_thread_blocked, id=19448, stack(0x0000006b8ec00000,0x0000006b8ed00000) (1024K)]
  0x0000024f6f2d3c60 JavaThread "Daemon Thread 2"                   [_thread_blocked, id=46804, stack(0x0000006b8bb00000,0x0000006b8bc00000) (1024K)]
  0x0000024f6f2d56a0 JavaThread "jar transforms Thread 2"           [_thread_blocked, id=59632, stack(0x0000006b8bc00000,0x0000006b8bd00000) (1024K)]
=>0x0000024f6da66b30 JavaThread "C2 CompilerThread1"         daemon [_thread_in_native, id=21964, stack(0x0000006b8ed00000,0x0000006b8ee00000) (1024K)]
Total: 33

Other Threads:
  0x0000024f5293c5f0 VMThread "VM Thread"                           [id=34336, stack(0x0000006b8c400000,0x0000006b8c500000) (1024K)]
  0x0000024f5292be40 WatcherThread "VM Periodic Task Thread"        [id=61688, stack(0x0000006b8c300000,0x0000006b8c400000) (1024K)]
  0x0000024f355c9f50 WorkerThread "GC Thread#0"                     [id=55580, stack(0x0000006b8be00000,0x0000006b8bf00000) (1024K)]
  0x0000024f52d0a2a0 WorkerThread "GC Thread#1"                     [id=5056, stack(0x0000006b8d100000,0x0000006b8d200000) (1024K)]
  0x0000024f52d0a640 WorkerThread "GC Thread#2"                     [id=43880, stack(0x0000006b8d200000,0x0000006b8d300000) (1024K)]
  0x0000024f52d0a9e0 WorkerThread "GC Thread#3"                     [id=21640, stack(0x0000006b8d300000,0x0000006b8d400000) (1024K)]
  0x0000024f52d0ad80 WorkerThread "GC Thread#4"                     [id=49992, stack(0x0000006b8d400000,0x0000006b8d500000) (1024K)]
  0x0000024f52d0b120 WorkerThread "GC Thread#5"                     [id=39428, stack(0x0000006b8d500000,0x0000006b8d600000) (1024K)]
  0x0000024f6eee0f30 WorkerThread "GC Thread#6"                     [id=13396, stack(0x0000006b8e200000,0x0000006b8e300000) (1024K)]
  0x0000024f6eee1670 WorkerThread "GC Thread#7"                     [id=55480, stack(0x0000006b8e300000,0x0000006b8e400000) (1024K)]
  0x0000024f6eee1a10 WorkerThread "GC Thread#8"                     [id=60604, stack(0x0000006b8e400000,0x0000006b8e500000) (1024K)]
  0x0000024f6eee00b0 WorkerThread "GC Thread#9"                     [id=7416, stack(0x0000006b8e500000,0x0000006b8e600000) (1024K)]
  0x0000024f355cee40 ConcurrentGCThread "G1 Main Marker"            [id=42656, stack(0x0000006b8bf00000,0x0000006b8c000000) (1024K)]
  0x0000024f355cf850 WorkerThread "G1 Conc#0"                       [id=48908, stack(0x0000006b8c000000,0x0000006b8c100000) (1024K)]
  0x0000024f6f5bad80 WorkerThread "G1 Conc#1"                       [id=50560, stack(0x0000006b8e600000,0x0000006b8e700000) (1024K)]
  0x0000024f6f5b9f00 WorkerThread "G1 Conc#2"                       [id=21232, stack(0x0000006b8e700000,0x0000006b8e800000) (1024K)]
  0x0000024f527f9610 ConcurrentGCThread "G1 Refine#0"               [id=33404, stack(0x0000006b8c100000,0x0000006b8c200000) (1024K)]
  0x0000024f527f9e30 ConcurrentGCThread "G1 Service"                [id=28044, stack(0x0000006b8c200000,0x0000006b8c300000) (1024K)]
Total: 18

Threads with active compile tasks:
C2 CompilerThread1  100769 3908   !   4       java.net.URLClassLoader::findClass (47 bytes)
Total: 1

VM state: not at safepoint (normal execution)

VM Mutex/Monitor currently owned by a thread: None

Heap address: 0x00000000e0000000, size: 512 MB, Compressed Oops mode: 32-bit

CDS archive(s) mapped at: [0x0000024f53000000-0x0000024f53c80000-0x0000024f53c80000), size 13107200, SharedBaseAddress: 0x0000024f53000000, ArchiveRelocationMode: 1.
Compressed class space mapped at: 0x0000024f54000000-0x0000024f68000000, reserved size: 335544320
Narrow klass base: 0x0000024f53000000, Narrow klass shift: 0, Narrow klass range: 0x100000000

GC Precious Log:
 CardTable entry size: 512
 Card Set container configuration: InlinePtr #cards 5 size 8 Array Of Cards #cards 12 size 40 Howl #buckets 4 coarsen threshold 1843 Howl Bitmap #cards 512 size 80 coarsen threshold 460 Card regions per heap region 1 cards per card region 2048
 CPUs: 12 total, 12 available
 Memory: 15724M
 Large Page Support: Disabled
 NUMA Support: Disabled
 Compressed Oops: Enabled (32-bit)
 Heap Region Size: 1M
 Heap Min Capacity: 256M
 Heap Initial Capacity: 256M
 Heap Max Capacity: 512M
 Pre-touch: Disabled
 Parallel Workers: 10
 Concurrent Workers: 3
 Concurrent Refinement Workers: 10
 Periodic GC: Disabled

Heap:
 garbage-first heap   total 262144K, used 83505K [0x00000000e0000000, 0x0000000100000000)
  region size 1024K, 71 young (72704K), 12 survivors (12288K)
 Metaspace       used 28009K, committed 28992K, reserved 393216K
  class space    used 4195K, committed 4672K, reserved 327680K

Heap Regions: E=young(eden), S=young(survivor), O=old, HS=humongous(starts), HC=humongous(continues), CS=collection set, F=free, TAMS=top-at-mark-start, PB=parsable bottom
|   0|0x00000000e0000000, 0x00000000e0100000, 0x00000000e0100000|100%|HS|  |TAMS 0x00000000e0000000| PB 0x00000000e0000000| Complete 
|   1|0x00000000e0100000, 0x00000000e0200000, 0x00000000e0200000|100%|HC|  |TAMS 0x00000000e0100000| PB 0x00000000e0100000| Complete 
|   2|0x00000000e0200000, 0x00000000e0300000, 0x00000000e0300000|100%|HC|  |TAMS 0x00000000e0200000| PB 0x00000000e0200000| Complete 
|   3|0x00000000e0300000, 0x00000000e0400000, 0x00000000e0400000|100%| O|  |TAMS 0x00000000e0300000| PB 0x00000000e0300000| Untracked 
|   4|0x00000000e0400000, 0x00000000e0500000, 0x00000000e0500000|100%| O|  |TAMS 0x00000000e0400000| PB 0x00000000e0400000| Untracked 
|   5|0x00000000e0500000, 0x00000000e0600000, 0x00000000e0600000|100%| O|  |TAMS 0x00000000e0500000| PB 0x00000000e0500000| Untracked 
|   6|0x00000000e0600000, 0x00000000e0700000, 0x00000000e0700000|100%|HS|  |TAMS 0x00000000e0600000| PB 0x00000000e0600000| Complete 
|   7|0x00000000e0700000, 0x00000000e0700000, 0x00000000e0800000|  0%| F|  |TAMS 0x00000000e0700000| PB 0x00000000e0700000| Untracked 
|   8|0x00000000e0800000, 0x00000000e0900000, 0x00000000e0900000|100%| O|  |TAMS 0x00000000e0800000| PB 0x00000000e0800000| Untracked 
|   9|0x00000000e0900000, 0x00000000e0a00000, 0x00000000e0a00000|100%| O|  |TAMS 0x00000000e0900000| PB 0x00000000e0900000| Untracked 
|  10|0x00000000e0a00000, 0x00000000e0b00000, 0x00000000e0b00000|100%| O|  |TAMS 0x00000000e0a00000| PB 0x00000000e0a00000| Untracked 
|  11|0x00000000e0b00000, 0x00000000e0c00000, 0x00000000e0c00000|100%| O|  |TAMS 0x00000000e0b00000| PB 0x00000000e0b00000| Untracked 
|  12|0x00000000e0c00000, 0x00000000e0c8c518, 0x00000000e0d00000| 54%| O|  |TAMS 0x00000000e0c00000| PB 0x00000000e0c00000| Untracked 
|  13|0x00000000e0d00000, 0x00000000e0d00000, 0x00000000e0e00000|  0%| F|  |TAMS 0x00000000e0d00000| PB 0x00000000e0d00000| Untracked 
|  14|0x00000000e0e00000, 0x00000000e0e00000, 0x00000000e0f00000|  0%| F|  |TAMS 0x00000000e0e00000| PB 0x00000000e0e00000| Untracked 
|  15|0x00000000e0f00000, 0x00000000e0f00000, 0x00000000e1000000|  0%| F|  |TAMS 0x00000000e0f00000| PB 0x00000000e0f00000| Untracked 
|  16|0x00000000e1000000, 0x00000000e1000000, 0x00000000e1100000|  0%| F|  |TAMS 0x00000000e1000000| PB 0x00000000e1000000| Untracked 
|  17|0x00000000e1100000, 0x00000000e1100000, 0x00000000e1200000|  0%| F|  |TAMS 0x00000000e1100000| PB 0x00000000e1100000| Untracked 
|  18|0x00000000e1200000, 0x00000000e1200000, 0x00000000e1300000|  0%| F|  |TAMS 0x00000000e1200000| PB 0x00000000e1200000| Untracked 
|  19|0x00000000e1300000, 0x00000000e1300000, 0x00000000e1400000|  0%| F|  |TAMS 0x00000000e1300000| PB 0x00000000e1300000| Untracked 
|  20|0x00000000e1400000, 0x00000000e1400000, 0x00000000e1500000|  0%| F|  |TAMS 0x00000000e1400000| PB 0x00000000e1400000| Untracked 
|  21|0x00000000e1500000, 0x00000000e1500000, 0x00000000e1600000|  0%| F|  |TAMS 0x00000000e1500000| PB 0x00000000e1500000| Untracked 
|  22|0x00000000e1600000, 0x00000000e1600000, 0x00000000e1700000|  0%| F|  |TAMS 0x00000000e1600000| PB 0x00000000e1600000| Untracked 
|  23|0x00000000e1700000, 0x00000000e1700000, 0x00000000e1800000|  0%| F|  |TAMS 0x00000000e1700000| PB 0x00000000e1700000| Untracked 
|  24|0x00000000e1800000, 0x00000000e1800000, 0x00000000e1900000|  0%| F|  |TAMS 0x00000000e1800000| PB 0x00000000e1800000| Untracked 
|  25|0x00000000e1900000, 0x00000000e1900000, 0x00000000e1a00000|  0%| F|  |TAMS 0x00000000e1900000| PB 0x00000000e1900000| Untracked 
|  26|0x00000000e1a00000, 0x00000000e1a00000, 0x00000000e1b00000|  0%| F|  |TAMS 0x00000000e1a00000| PB 0x00000000e1a00000| Untracked 
|  27|0x00000000e1b00000, 0x00000000e1b00000, 0x00000000e1c00000|  0%| F|  |TAMS 0x00000000e1b00000| PB 0x00000000e1b00000| Untracked 
|  28|0x00000000e1c00000, 0x00000000e1c00000, 0x00000000e1d00000|  0%| F|  |TAMS 0x00000000e1c00000| PB 0x00000000e1c00000| Untracked 
|  29|0x00000000e1d00000, 0x00000000e1d00000, 0x00000000e1e00000|  0%| F|  |TAMS 0x00000000e1d00000| PB 0x00000000e1d00000| Untracked 
|  30|0x00000000e1e00000, 0x00000000e1e00000, 0x00000000e1f00000|  0%| F|  |TAMS 0x00000000e1e00000| PB 0x00000000e1e00000| Untracked 
|  31|0x00000000e1f00000, 0x00000000e1f00000, 0x00000000e2000000|  0%| F|  |TAMS 0x00000000e1f00000| PB 0x00000000e1f00000| Untracked 
|  32|0x00000000e2000000, 0x00000000e2000000, 0x00000000e2100000|  0%| F|  |TAMS 0x00000000e2000000| PB 0x00000000e2000000| Untracked 
|  33|0x00000000e2100000, 0x00000000e2100000, 0x00000000e2200000|  0%| F|  |TAMS 0x00000000e2100000| PB 0x00000000e2100000| Untracked 
|  34|0x00000000e2200000, 0x00000000e2200000, 0x00000000e2300000|  0%| F|  |TAMS 0x00000000e2200000| PB 0x00000000e2200000| Untracked 
|  35|0x00000000e2300000, 0x00000000e2300000, 0x00000000e2400000|  0%| F|  |TAMS 0x00000000e2300000| PB 0x00000000e2300000| Untracked 
|  36|0x00000000e2400000, 0x00000000e2400000, 0x00000000e2500000|  0%| F|  |TAMS 0x00000000e2400000| PB 0x00000000e2400000| Untracked 
|  37|0x00000000e2500000, 0x00000000e2500000, 0x00000000e2600000|  0%| F|  |TAMS 0x00000000e2500000| PB 0x00000000e2500000| Untracked 
|  38|0x00000000e2600000, 0x00000000e2600000, 0x00000000e2700000|  0%| F|  |TAMS 0x00000000e2600000| PB 0x00000000e2600000| Untracked 
|  39|0x00000000e2700000, 0x00000000e2700000, 0x00000000e2800000|  0%| F|  |TAMS 0x00000000e2700000| PB 0x00000000e2700000| Untracked 
|  40|0x00000000e2800000, 0x00000000e2800000, 0x00000000e2900000|  0%| F|  |TAMS 0x00000000e2800000| PB 0x00000000e2800000| Untracked 
|  41|0x00000000e2900000, 0x00000000e2900000, 0x00000000e2a00000|  0%| F|  |TAMS 0x00000000e2900000| PB 0x00000000e2900000| Untracked 
|  42|0x00000000e2a00000, 0x00000000e2a00000, 0x00000000e2b00000|  0%| F|  |TAMS 0x00000000e2a00000| PB 0x00000000e2a00000| Untracked 
|  43|0x00000000e2b00000, 0x00000000e2b00000, 0x00000000e2c00000|  0%| F|  |TAMS 0x00000000e2b00000| PB 0x00000000e2b00000| Untracked 
|  44|0x00000000e2c00000, 0x00000000e2c00000, 0x00000000e2d00000|  0%| F|  |TAMS 0x00000000e2c00000| PB 0x00000000e2c00000| Untracked 
|  45|0x00000000e2d00000, 0x00000000e2d00000, 0x00000000e2e00000|  0%| F|  |TAMS 0x00000000e2d00000| PB 0x00000000e2d00000| Untracked 
|  46|0x00000000e2e00000, 0x00000000e2e00000, 0x00000000e2f00000|  0%| F|  |TAMS 0x00000000e2e00000| PB 0x00000000e2e00000| Untracked 
|  47|0x00000000e2f00000, 0x00000000e2f00000, 0x00000000e3000000|  0%| F|  |TAMS 0x00000000e2f00000| PB 0x00000000e2f00000| Untracked 
|  48|0x00000000e3000000, 0x00000000e3000000, 0x00000000e3100000|  0%| F|  |TAMS 0x00000000e3000000| PB 0x00000000e3000000| Untracked 
|  49|0x00000000e3100000, 0x00000000e3100000, 0x00000000e3200000|  0%| F|  |TAMS 0x00000000e3100000| PB 0x00000000e3100000| Untracked 
|  50|0x00000000e3200000, 0x00000000e3200000, 0x00000000e3300000|  0%| F|  |TAMS 0x00000000e3200000| PB 0x00000000e3200000| Untracked 
|  51|0x00000000e3300000, 0x00000000e3300000, 0x00000000e3400000|  0%| F|  |TAMS 0x00000000e3300000| PB 0x00000000e3300000| Untracked 
|  52|0x00000000e3400000, 0x00000000e3400000, 0x00000000e3500000|  0%| F|  |TAMS 0x00000000e3400000| PB 0x00000000e3400000| Untracked 
|  53|0x00000000e3500000, 0x00000000e3500000, 0x00000000e3600000|  0%| F|  |TAMS 0x00000000e3500000| PB 0x00000000e3500000| Untracked 
|  54|0x00000000e3600000, 0x00000000e3600000, 0x00000000e3700000|  0%| F|  |TAMS 0x00000000e3600000| PB 0x00000000e3600000| Untracked 
|  55|0x00000000e3700000, 0x00000000e3700000, 0x00000000e3800000|  0%| F|  |TAMS 0x00000000e3700000| PB 0x00000000e3700000| Untracked 
|  56|0x00000000e3800000, 0x00000000e3800000, 0x00000000e3900000|  0%| F|  |TAMS 0x00000000e3800000| PB 0x00000000e3800000| Untracked 
|  57|0x00000000e3900000, 0x00000000e3900000, 0x00000000e3a00000|  0%| F|  |TAMS 0x00000000e3900000| PB 0x00000000e3900000| Untracked 
|  58|0x00000000e3a00000, 0x00000000e3a00000, 0x00000000e3b00000|  0%| F|  |TAMS 0x00000000e3a00000| PB 0x00000000e3a00000| Untracked 
|  59|0x00000000e3b00000, 0x00000000e3b00000, 0x00000000e3c00000|  0%| F|  |TAMS 0x00000000e3b00000| PB 0x00000000e3b00000| Untracked 
|  60|0x00000000e3c00000, 0x00000000e3c00000, 0x00000000e3d00000|  0%| F|  |TAMS 0x00000000e3c00000| PB 0x00000000e3c00000| Untracked 
|  61|0x00000000e3d00000, 0x00000000e3d00000, 0x00000000e3e00000|  0%| F|  |TAMS 0x00000000e3d00000| PB 0x00000000e3d00000| Untracked 
|  62|0x00000000e3e00000, 0x00000000e3e00000, 0x00000000e3f00000|  0%| F|  |TAMS 0x00000000e3e00000| PB 0x00000000e3e00000| Untracked 
|  63|0x00000000e3f00000, 0x00000000e3f00000, 0x00000000e4000000|  0%| F|  |TAMS 0x00000000e3f00000| PB 0x00000000e3f00000| Untracked 
|  64|0x00000000e4000000, 0x00000000e4000000, 0x00000000e4100000|  0%| F|  |TAMS 0x00000000e4000000| PB 0x00000000e4000000| Untracked 
|  65|0x00000000e4100000, 0x00000000e4100000, 0x00000000e4200000|  0%| F|  |TAMS 0x00000000e4100000| PB 0x00000000e4100000| Untracked 
|  66|0x00000000e4200000, 0x00000000e4200000, 0x00000000e4300000|  0%| F|  |TAMS 0x00000000e4200000| PB 0x00000000e4200000| Untracked 
|  67|0x00000000e4300000, 0x00000000e4300000, 0x00000000e4400000|  0%| F|  |TAMS 0x00000000e4300000| PB 0x00000000e4300000| Untracked 
|  68|0x00000000e4400000, 0x00000000e4400000, 0x00000000e4500000|  0%| F|  |TAMS 0x00000000e4400000| PB 0x00000000e4400000| Untracked 
|  69|0x00000000e4500000, 0x00000000e4500000, 0x00000000e4600000|  0%| F|  |TAMS 0x00000000e4500000| PB 0x00000000e4500000| Untracked 
|  70|0x00000000e4600000, 0x00000000e4600000, 0x00000000e4700000|  0%| F|  |TAMS 0x00000000e4600000| PB 0x00000000e4600000| Untracked 
|  71|0x00000000e4700000, 0x00000000e4700000, 0x00000000e4800000|  0%| F|  |TAMS 0x00000000e4700000| PB 0x00000000e4700000| Untracked 
|  72|0x00000000e4800000, 0x00000000e4800000, 0x00000000e4900000|  0%| F|  |TAMS 0x00000000e4800000| PB 0x00000000e4800000| Untracked 
|  73|0x00000000e4900000, 0x00000000e4900000, 0x00000000e4a00000|  0%| F|  |TAMS 0x00000000e4900000| PB 0x00000000e4900000| Untracked 
|  74|0x00000000e4a00000, 0x00000000e4a00000, 0x00000000e4b00000|  0%| F|  |TAMS 0x00000000e4a00000| PB 0x00000000e4a00000| Untracked 
|  75|0x00000000e4b00000, 0x00000000e4b00000, 0x00000000e4c00000|  0%| F|  |TAMS 0x00000000e4b00000| PB 0x00000000e4b00000| Untracked 
|  76|0x00000000e4c00000, 0x00000000e4c00000, 0x00000000e4d00000|  0%| F|  |TAMS 0x00000000e4c00000| PB 0x00000000e4c00000| Untracked 
|  77|0x00000000e4d00000, 0x00000000e4d00000, 0x00000000e4e00000|  0%| F|  |TAMS 0x00000000e4d00000| PB 0x00000000e4d00000| Untracked 
|  78|0x00000000e4e00000, 0x00000000e4e00000, 0x00000000e4f00000|  0%| F|  |TAMS 0x00000000e4e00000| PB 0x00000000e4e00000| Untracked 
|  79|0x00000000e4f00000, 0x00000000e4f00000, 0x00000000e5000000|  0%| F|  |TAMS 0x00000000e4f00000| PB 0x00000000e4f00000| Untracked 
|  80|0x00000000e5000000, 0x00000000e5000000, 0x00000000e5100000|  0%| F|  |TAMS 0x00000000e5000000| PB 0x00000000e5000000| Untracked 
|  81|0x00000000e5100000, 0x00000000e5100000, 0x00000000e5200000|  0%| F|  |TAMS 0x00000000e5100000| PB 0x00000000e5100000| Untracked 
|  82|0x00000000e5200000, 0x00000000e5200000, 0x00000000e5300000|  0%| F|  |TAMS 0x00000000e5200000| PB 0x00000000e5200000| Untracked 
|  83|0x00000000e5300000, 0x00000000e5300000, 0x00000000e5400000|  0%| F|  |TAMS 0x00000000e5300000| PB 0x00000000e5300000| Untracked 
|  84|0x00000000e5400000, 0x00000000e5400000, 0x00000000e5500000|  0%| F|  |TAMS 0x00000000e5400000| PB 0x00000000e5400000| Untracked 
|  85|0x00000000e5500000, 0x00000000e5500000, 0x00000000e5600000|  0%| F|  |TAMS 0x00000000e5500000| PB 0x00000000e5500000| Untracked 
|  86|0x00000000e5600000, 0x00000000e5600000, 0x00000000e5700000|  0%| F|  |TAMS 0x00000000e5600000| PB 0x00000000e5600000| Untracked 
|  87|0x00000000e5700000, 0x00000000e5700000, 0x00000000e5800000|  0%| F|  |TAMS 0x00000000e5700000| PB 0x00000000e5700000| Untracked 
|  88|0x00000000e5800000, 0x00000000e5800000, 0x00000000e5900000|  0%| F|  |TAMS 0x00000000e5800000| PB 0x00000000e5800000| Untracked 
|  89|0x00000000e5900000, 0x00000000e5900000, 0x00000000e5a00000|  0%| F|  |TAMS 0x00000000e5900000| PB 0x00000000e5900000| Untracked 
|  90|0x00000000e5a00000, 0x00000000e5a00000, 0x00000000e5b00000|  0%| F|  |TAMS 0x00000000e5a00000| PB 0x00000000e5a00000| Untracked 
|  91|0x00000000e5b00000, 0x00000000e5b00000, 0x00000000e5c00000|  0%| F|  |TAMS 0x00000000e5b00000| PB 0x00000000e5b00000| Untracked 
|  92|0x00000000e5c00000, 0x00000000e5c00000, 0x00000000e5d00000|  0%| F|  |TAMS 0x00000000e5c00000| PB 0x00000000e5c00000| Untracked 
|  93|0x00000000e5d00000, 0x00000000e5d00000, 0x00000000e5e00000|  0%| F|  |TAMS 0x00000000e5d00000| PB 0x00000000e5d00000| Untracked 
|  94|0x00000000e5e00000, 0x00000000e5e00000, 0x00000000e5f00000|  0%| F|  |TAMS 0x00000000e5e00000| PB 0x00000000e5e00000| Untracked 
|  95|0x00000000e5f00000, 0x00000000e5f00000, 0x00000000e6000000|  0%| F|  |TAMS 0x00000000e5f00000| PB 0x00000000e5f00000| Untracked 
|  96|0x00000000e6000000, 0x00000000e6000000, 0x00000000e6100000|  0%| F|  |TAMS 0x00000000e6000000| PB 0x00000000e6000000| Untracked 
|  97|0x00000000e6100000, 0x00000000e6100000, 0x00000000e6200000|  0%| F|  |TAMS 0x00000000e6100000| PB 0x00000000e6100000| Untracked 
|  98|0x00000000e6200000, 0x00000000e6200000, 0x00000000e6300000|  0%| F|  |TAMS 0x00000000e6200000| PB 0x00000000e6200000| Untracked 
|  99|0x00000000e6300000, 0x00000000e6300000, 0x00000000e6400000|  0%| F|  |TAMS 0x00000000e6300000| PB 0x00000000e6300000| Untracked 
| 100|0x00000000e6400000, 0x00000000e6400000, 0x00000000e6500000|  0%| F|  |TAMS 0x00000000e6400000| PB 0x00000000e6400000| Untracked 
| 101|0x00000000e6500000, 0x00000000e6500000, 0x00000000e6600000|  0%| F|  |TAMS 0x00000000e6500000| PB 0x00000000e6500000| Untracked 
| 102|0x00000000e6600000, 0x00000000e6600000, 0x00000000e6700000|  0%| F|  |TAMS 0x00000000e6600000| PB 0x00000000e6600000| Untracked 
| 103|0x00000000e6700000, 0x00000000e6700000, 0x00000000e6800000|  0%| F|  |TAMS 0x00000000e6700000| PB 0x00000000e6700000| Untracked 
| 104|0x00000000e6800000, 0x00000000e6800000, 0x00000000e6900000|  0%| F|  |TAMS 0x00000000e6800000| PB 0x00000000e6800000| Untracked 
| 105|0x00000000e6900000, 0x00000000e6900000, 0x00000000e6a00000|  0%| F|  |TAMS 0x00000000e6900000| PB 0x00000000e6900000| Untracked 
| 106|0x00000000e6a00000, 0x00000000e6a00000, 0x00000000e6b00000|  0%| F|  |TAMS 0x00000000e6a00000| PB 0x00000000e6a00000| Untracked 
| 107|0x00000000e6b00000, 0x00000000e6b00000, 0x00000000e6c00000|  0%| F|  |TAMS 0x00000000e6b00000| PB 0x00000000e6b00000| Untracked 
| 108|0x00000000e6c00000, 0x00000000e6c00000, 0x00000000e6d00000|  0%| F|  |TAMS 0x00000000e6c00000| PB 0x00000000e6c00000| Untracked 
| 109|0x00000000e6d00000, 0x00000000e6d00000, 0x00000000e6e00000|  0%| F|  |TAMS 0x00000000e6d00000| PB 0x00000000e6d00000| Untracked 
| 110|0x00000000e6e00000, 0x00000000e6e00000, 0x00000000e6f00000|  0%| F|  |TAMS 0x00000000e6e00000| PB 0x00000000e6e00000| Untracked 
| 111|0x00000000e6f00000, 0x00000000e6f00000, 0x00000000e7000000|  0%| F|  |TAMS 0x00000000e6f00000| PB 0x00000000e6f00000| Untracked 
| 112|0x00000000e7000000, 0x00000000e7000000, 0x00000000e7100000|  0%| F|  |TAMS 0x00000000e7000000| PB 0x00000000e7000000| Untracked 
| 113|0x00000000e7100000, 0x00000000e7100000, 0x00000000e7200000|  0%| F|  |TAMS 0x00000000e7100000| PB 0x00000000e7100000| Untracked 
| 114|0x00000000e7200000, 0x00000000e7200000, 0x00000000e7300000|  0%| F|  |TAMS 0x00000000e7200000| PB 0x00000000e7200000| Untracked 
| 115|0x00000000e7300000, 0x00000000e7300000, 0x00000000e7400000|  0%| F|  |TAMS 0x00000000e7300000| PB 0x00000000e7300000| Untracked 
| 116|0x00000000e7400000, 0x00000000e7400000, 0x00000000e7500000|  0%| F|  |TAMS 0x00000000e7400000| PB 0x00000000e7400000| Untracked 
| 117|0x00000000e7500000, 0x00000000e7500000, 0x00000000e7600000|  0%| F|  |TAMS 0x00000000e7500000| PB 0x00000000e7500000| Untracked 
| 118|0x00000000e7600000, 0x00000000e7600000, 0x00000000e7700000|  0%| F|  |TAMS 0x00000000e7600000| PB 0x00000000e7600000| Untracked 
| 119|0x00000000e7700000, 0x00000000e7700000, 0x00000000e7800000|  0%| F|  |TAMS 0x00000000e7700000| PB 0x00000000e7700000| Untracked 
| 120|0x00000000e7800000, 0x00000000e7800000, 0x00000000e7900000|  0%| F|  |TAMS 0x00000000e7800000| PB 0x00000000e7800000| Untracked 
| 121|0x00000000e7900000, 0x00000000e7900000, 0x00000000e7a00000|  0%| F|  |TAMS 0x00000000e7900000| PB 0x00000000e7900000| Untracked 
| 122|0x00000000e7a00000, 0x00000000e7a00000, 0x00000000e7b00000|  0%| F|  |TAMS 0x00000000e7a00000| PB 0x00000000e7a00000| Untracked 
| 123|0x00000000e7b00000, 0x00000000e7b00000, 0x00000000e7c00000|  0%| F|  |TAMS 0x00000000e7b00000| PB 0x00000000e7b00000| Untracked 
| 124|0x00000000e7c00000, 0x00000000e7c00000, 0x00000000e7d00000|  0%| F|  |TAMS 0x00000000e7c00000| PB 0x00000000e7c00000| Untracked 
| 125|0x00000000e7d00000, 0x00000000e7d00000, 0x00000000e7e00000|  0%| F|  |TAMS 0x00000000e7d00000| PB 0x00000000e7d00000| Untracked 
| 126|0x00000000e7e00000, 0x00000000e7e00000, 0x00000000e7f00000|  0%| F|  |TAMS 0x00000000e7e00000| PB 0x00000000e7e00000| Untracked 
| 127|0x00000000e7f00000, 0x00000000e7f00000, 0x00000000e8000000|  0%| F|  |TAMS 0x00000000e7f00000| PB 0x00000000e7f00000| Untracked 
| 128|0x00000000e8000000, 0x00000000e8000000, 0x00000000e8100000|  0%| F|  |TAMS 0x00000000e8000000| PB 0x00000000e8000000| Untracked 
| 129|0x00000000e8100000, 0x00000000e8100000, 0x00000000e8200000|  0%| F|  |TAMS 0x00000000e8100000| PB 0x00000000e8100000| Untracked 
| 130|0x00000000e8200000, 0x00000000e8200000, 0x00000000e8300000|  0%| F|  |TAMS 0x00000000e8200000| PB 0x00000000e8200000| Untracked 
| 131|0x00000000e8300000, 0x00000000e8300000, 0x00000000e8400000|  0%| F|  |TAMS 0x00000000e8300000| PB 0x00000000e8300000| Untracked 
| 132|0x00000000e8400000, 0x00000000e8400000, 0x00000000e8500000|  0%| F|  |TAMS 0x00000000e8400000| PB 0x00000000e8400000| Untracked 
| 133|0x00000000e8500000, 0x00000000e8500000, 0x00000000e8600000|  0%| F|  |TAMS 0x00000000e8500000| PB 0x00000000e8500000| Untracked 
| 134|0x00000000e8600000, 0x00000000e8600000, 0x00000000e8700000|  0%| F|  |TAMS 0x00000000e8600000| PB 0x00000000e8600000| Untracked 
| 135|0x00000000e8700000, 0x00000000e8700000, 0x00000000e8800000|  0%| F|  |TAMS 0x00000000e8700000| PB 0x00000000e8700000| Untracked 
| 136|0x00000000e8800000, 0x00000000e8800000, 0x00000000e8900000|  0%| F|  |TAMS 0x00000000e8800000| PB 0x00000000e8800000| Untracked 
| 137|0x00000000e8900000, 0x00000000e8900000, 0x00000000e8a00000|  0%| F|  |TAMS 0x00000000e8900000| PB 0x00000000e8900000| Untracked 
| 138|0x00000000e8a00000, 0x00000000e8a00000, 0x00000000e8b00000|  0%| F|  |TAMS 0x00000000e8a00000| PB 0x00000000e8a00000| Untracked 
| 139|0x00000000e8b00000, 0x00000000e8b00000, 0x00000000e8c00000|  0%| F|  |TAMS 0x00000000e8b00000| PB 0x00000000e8b00000| Untracked 
| 140|0x00000000e8c00000, 0x00000000e8c00000, 0x00000000e8d00000|  0%| F|  |TAMS 0x00000000e8c00000| PB 0x00000000e8c00000| Untracked 
| 141|0x00000000e8d00000, 0x00000000e8d00000, 0x00000000e8e00000|  0%| F|  |TAMS 0x00000000e8d00000| PB 0x00000000e8d00000| Untracked 
| 142|0x00000000e8e00000, 0x00000000e8e00000, 0x00000000e8f00000|  0%| F|  |TAMS 0x00000000e8e00000| PB 0x00000000e8e00000| Untracked 
| 143|0x00000000e8f00000, 0x00000000e8f00000, 0x00000000e9000000|  0%| F|  |TAMS 0x00000000e8f00000| PB 0x00000000e8f00000| Untracked 
| 144|0x00000000e9000000, 0x00000000e9000000, 0x00000000e9100000|  0%| F|  |TAMS 0x00000000e9000000| PB 0x00000000e9000000| Untracked 
| 145|0x00000000e9100000, 0x00000000e9100000, 0x00000000e9200000|  0%| F|  |TAMS 0x00000000e9100000| PB 0x00000000e9100000| Untracked 
| 146|0x00000000e9200000, 0x00000000e9300000, 0x00000000e9300000|100%| S|CS|TAMS 0x00000000e9200000| PB 0x00000000e9200000| Complete 
| 147|0x00000000e9300000, 0x00000000e9400000, 0x00000000e9400000|100%| S|CS|TAMS 0x00000000e9300000| PB 0x00000000e9300000| Complete 
| 148|0x00000000e9400000, 0x00000000e9500000, 0x00000000e9500000|100%| S|CS|TAMS 0x00000000e9400000| PB 0x00000000e9400000| Complete 
| 149|0x00000000e9500000, 0x00000000e9600000, 0x00000000e9600000|100%| S|CS|TAMS 0x00000000e9500000| PB 0x00000000e9500000| Complete 
| 150|0x00000000e9600000, 0x00000000e9700000, 0x00000000e9700000|100%| S|CS|TAMS 0x00000000e9600000| PB 0x00000000e9600000| Complete 
| 151|0x00000000e9700000, 0x00000000e9800000, 0x00000000e9800000|100%| S|CS|TAMS 0x00000000e9700000| PB 0x00000000e9700000| Complete 
| 152|0x00000000e9800000, 0x00000000e9900000, 0x00000000e9900000|100%| S|CS|TAMS 0x00000000e9800000| PB 0x00000000e9800000| Complete 
| 153|0x00000000e9900000, 0x00000000e9a00000, 0x00000000e9a00000|100%| S|CS|TAMS 0x00000000e9900000| PB 0x00000000e9900000| Complete 
| 154|0x00000000e9a00000, 0x00000000e9b00000, 0x00000000e9b00000|100%| S|CS|TAMS 0x00000000e9a00000| PB 0x00000000e9a00000| Complete 
| 155|0x00000000e9b00000, 0x00000000e9c00000, 0x00000000e9c00000|100%| S|CS|TAMS 0x00000000e9b00000| PB 0x00000000e9b00000| Complete 
| 156|0x00000000e9c00000, 0x00000000e9d00000, 0x00000000e9d00000|100%| S|CS|TAMS 0x00000000e9c00000| PB 0x00000000e9c00000| Complete 
| 157|0x00000000e9d00000, 0x00000000e9e00000, 0x00000000e9e00000|100%| S|CS|TAMS 0x00000000e9d00000| PB 0x00000000e9d00000| Complete 
| 158|0x00000000e9e00000, 0x00000000e9e00000, 0x00000000e9f00000|  0%| F|  |TAMS 0x00000000e9e00000| PB 0x00000000e9e00000| Untracked 
| 159|0x00000000e9f00000, 0x00000000e9f00000, 0x00000000ea000000|  0%| F|  |TAMS 0x00000000e9f00000| PB 0x00000000e9f00000| Untracked 
| 160|0x00000000ea000000, 0x00000000ea000000, 0x00000000ea100000|  0%| F|  |TAMS 0x00000000ea000000| PB 0x00000000ea000000| Untracked 
| 161|0x00000000ea100000, 0x00000000ea100000, 0x00000000ea200000|  0%| F|  |TAMS 0x00000000ea100000| PB 0x00000000ea100000| Untracked 
| 162|0x00000000ea200000, 0x00000000ea200000, 0x00000000ea300000|  0%| F|  |TAMS 0x00000000ea200000| PB 0x00000000ea200000| Untracked 
| 163|0x00000000ea300000, 0x00000000ea300000, 0x00000000ea400000|  0%| F|  |TAMS 0x00000000ea300000| PB 0x00000000ea300000| Untracked 
| 164|0x00000000ea400000, 0x00000000ea400000, 0x00000000ea500000|  0%| F|  |TAMS 0x00000000ea400000| PB 0x00000000ea400000| Untracked 
| 165|0x00000000ea500000, 0x00000000ea500000, 0x00000000ea600000|  0%| F|  |TAMS 0x00000000ea500000| PB 0x00000000ea500000| Untracked 
| 166|0x00000000ea600000, 0x00000000ea600000, 0x00000000ea700000|  0%| F|  |TAMS 0x00000000ea600000| PB 0x00000000ea600000| Untracked 
| 167|0x00000000ea700000, 0x00000000ea700000, 0x00000000ea800000|  0%| F|  |TAMS 0x00000000ea700000| PB 0x00000000ea700000| Untracked 
| 168|0x00000000ea800000, 0x00000000ea800000, 0x00000000ea900000|  0%| F|  |TAMS 0x00000000ea800000| PB 0x00000000ea800000| Untracked 
| 169|0x00000000ea900000, 0x00000000ea900000, 0x00000000eaa00000|  0%| F|  |TAMS 0x00000000ea900000| PB 0x00000000ea900000| Untracked 
| 170|0x00000000eaa00000, 0x00000000eaa00000, 0x00000000eab00000|  0%| F|  |TAMS 0x00000000eaa00000| PB 0x00000000eaa00000| Untracked 
| 171|0x00000000eab00000, 0x00000000eab00000, 0x00000000eac00000|  0%| F|  |TAMS 0x00000000eab00000| PB 0x00000000eab00000| Untracked 
| 172|0x00000000eac00000, 0x00000000eac00000, 0x00000000ead00000|  0%| F|  |TAMS 0x00000000eac00000| PB 0x00000000eac00000| Untracked 
| 173|0x00000000ead00000, 0x00000000ead00000, 0x00000000eae00000|  0%| F|  |TAMS 0x00000000ead00000| PB 0x00000000ead00000| Untracked 
| 174|0x00000000eae00000, 0x00000000eae00000, 0x00000000eaf00000|  0%| F|  |TAMS 0x00000000eae00000| PB 0x00000000eae00000| Untracked 
| 175|0x00000000eaf00000, 0x00000000eaf00000, 0x00000000eb000000|  0%| F|  |TAMS 0x00000000eaf00000| PB 0x00000000eaf00000| Untracked 
| 176|0x00000000eb000000, 0x00000000eb000000, 0x00000000eb100000|  0%| F|  |TAMS 0x00000000eb000000| PB 0x00000000eb000000| Untracked 
| 177|0x00000000eb100000, 0x00000000eb100000, 0x00000000eb200000|  0%| F|  |TAMS 0x00000000eb100000| PB 0x00000000eb100000| Untracked 
| 178|0x00000000eb200000, 0x00000000eb200000, 0x00000000eb300000|  0%| F|  |TAMS 0x00000000eb200000| PB 0x00000000eb200000| Untracked 
| 179|0x00000000eb300000, 0x00000000eb300000, 0x00000000eb400000|  0%| F|  |TAMS 0x00000000eb300000| PB 0x00000000eb300000| Untracked 
| 180|0x00000000eb400000, 0x00000000eb400000, 0x00000000eb500000|  0%| F|  |TAMS 0x00000000eb400000| PB 0x00000000eb400000| Untracked 
| 181|0x00000000eb500000, 0x00000000eb500000, 0x00000000eb600000|  0%| F|  |TAMS 0x00000000eb500000| PB 0x00000000eb500000| Untracked 
| 182|0x00000000eb600000, 0x00000000eb600000, 0x00000000eb700000|  0%| F|  |TAMS 0x00000000eb600000| PB 0x00000000eb600000| Untracked 
| 183|0x00000000eb700000, 0x00000000eb700000, 0x00000000eb800000|  0%| F|  |TAMS 0x00000000eb700000| PB 0x00000000eb700000| Untracked 
| 184|0x00000000eb800000, 0x00000000eb800000, 0x00000000eb900000|  0%| F|  |TAMS 0x00000000eb800000| PB 0x00000000eb800000| Untracked 
| 185|0x00000000eb900000, 0x00000000eb900000, 0x00000000eba00000|  0%| F|  |TAMS 0x00000000eb900000| PB 0x00000000eb900000| Untracked 
| 186|0x00000000eba00000, 0x00000000eba00000, 0x00000000ebb00000|  0%| F|  |TAMS 0x00000000eba00000| PB 0x00000000eba00000| Untracked 
| 187|0x00000000ebb00000, 0x00000000ebb00000, 0x00000000ebc00000|  0%| F|  |TAMS 0x00000000ebb00000| PB 0x00000000ebb00000| Untracked 
| 188|0x00000000ebc00000, 0x00000000ebc00000, 0x00000000ebd00000|  0%| F|  |TAMS 0x00000000ebc00000| PB 0x00000000ebc00000| Untracked 
| 189|0x00000000ebd00000, 0x00000000ebd00000, 0x00000000ebe00000|  0%| F|  |TAMS 0x00000000ebd00000| PB 0x00000000ebd00000| Untracked 
| 190|0x00000000ebe00000, 0x00000000ebe00000, 0x00000000ebf00000|  0%| F|  |TAMS 0x00000000ebe00000| PB 0x00000000ebe00000| Untracked 
| 191|0x00000000ebf00000, 0x00000000ebf00000, 0x00000000ec000000|  0%| F|  |TAMS 0x00000000ebf00000| PB 0x00000000ebf00000| Untracked 
| 192|0x00000000ec000000, 0x00000000ec000000, 0x00000000ec100000|  0%| F|  |TAMS 0x00000000ec000000| PB 0x00000000ec000000| Untracked 
| 193|0x00000000ec100000, 0x00000000ec100000, 0x00000000ec200000|  0%| F|  |TAMS 0x00000000ec100000| PB 0x00000000ec100000| Untracked 
| 194|0x00000000ec200000, 0x00000000ec200000, 0x00000000ec300000|  0%| F|  |TAMS 0x00000000ec200000| PB 0x00000000ec200000| Untracked 
| 195|0x00000000ec300000, 0x00000000ec300000, 0x00000000ec400000|  0%| F|  |TAMS 0x00000000ec300000| PB 0x00000000ec300000| Untracked 
| 196|0x00000000ec400000, 0x00000000ec400000, 0x00000000ec500000|  0%| F|  |TAMS 0x00000000ec400000| PB 0x00000000ec400000| Untracked 
| 197|0x00000000ec500000, 0x00000000ec580000, 0x00000000ec600000| 50%| E|  |TAMS 0x00000000ec500000| PB 0x00000000ec500000| Complete 
| 198|0x00000000ec600000, 0x00000000ec700000, 0x00000000ec700000|100%| E|CS|TAMS 0x00000000ec600000| PB 0x00000000ec600000| Complete 
| 199|0x00000000ec700000, 0x00000000ec800000, 0x00000000ec800000|100%| E|CS|TAMS 0x00000000ec700000| PB 0x00000000ec700000| Complete 
| 200|0x00000000ec800000, 0x00000000ec900000, 0x00000000ec900000|100%| E|CS|TAMS 0x00000000ec800000| PB 0x00000000ec800000| Complete 
| 201|0x00000000ec900000, 0x00000000eca00000, 0x00000000eca00000|100%| E|CS|TAMS 0x00000000ec900000| PB 0x00000000ec900000| Complete 
| 202|0x00000000eca00000, 0x00000000ecb00000, 0x00000000ecb00000|100%| E|CS|TAMS 0x00000000eca00000| PB 0x00000000eca00000| Complete 
| 203|0x00000000ecb00000, 0x00000000ecc00000, 0x00000000ecc00000|100%| E|CS|TAMS 0x00000000ecb00000| PB 0x00000000ecb00000| Complete 
| 204|0x00000000ecc00000, 0x00000000ecd00000, 0x00000000ecd00000|100%| E|CS|TAMS 0x00000000ecc00000| PB 0x00000000ecc00000| Complete 
| 205|0x00000000ecd00000, 0x00000000ece00000, 0x00000000ece00000|100%| E|CS|TAMS 0x00000000ecd00000| PB 0x00000000ecd00000| Complete 
| 206|0x00000000ece00000, 0x00000000ecf00000, 0x00000000ecf00000|100%| E|CS|TAMS 0x00000000ece00000| PB 0x00000000ece00000| Complete 
| 207|0x00000000ecf00000, 0x00000000ed000000, 0x00000000ed000000|100%| E|CS|TAMS 0x00000000ecf00000| PB 0x00000000ecf00000| Complete 
| 208|0x00000000ed000000, 0x00000000ed100000, 0x00000000ed100000|100%| E|CS|TAMS 0x00000000ed000000| PB 0x00000000ed000000| Complete 
| 209|0x00000000ed100000, 0x00000000ed200000, 0x00000000ed200000|100%| E|CS|TAMS 0x00000000ed100000| PB 0x00000000ed100000| Complete 
| 210|0x00000000ed200000, 0x00000000ed300000, 0x00000000ed300000|100%| E|CS|TAMS 0x00000000ed200000| PB 0x00000000ed200000| Complete 
| 211|0x00000000ed300000, 0x00000000ed400000, 0x00000000ed400000|100%| E|CS|TAMS 0x00000000ed300000| PB 0x00000000ed300000| Complete 
| 212|0x00000000ed400000, 0x00000000ed500000, 0x00000000ed500000|100%| E|CS|TAMS 0x00000000ed400000| PB 0x00000000ed400000| Complete 
| 213|0x00000000ed500000, 0x00000000ed600000, 0x00000000ed600000|100%| E|CS|TAMS 0x00000000ed500000| PB 0x00000000ed500000| Complete 
| 214|0x00000000ed600000, 0x00000000ed700000, 0x00000000ed700000|100%| E|CS|TAMS 0x00000000ed600000| PB 0x00000000ed600000| Complete 
| 215|0x00000000ed700000, 0x00000000ed800000, 0x00000000ed800000|100%| E|CS|TAMS 0x00000000ed700000| PB 0x00000000ed700000| Complete 
| 216|0x00000000ed800000, 0x00000000ed900000, 0x00000000ed900000|100%| E|CS|TAMS 0x00000000ed800000| PB 0x00000000ed800000| Complete 
| 217|0x00000000ed900000, 0x00000000eda00000, 0x00000000eda00000|100%| E|CS|TAMS 0x00000000ed900000| PB 0x00000000ed900000| Complete 
| 218|0x00000000eda00000, 0x00000000edb00000, 0x00000000edb00000|100%| E|CS|TAMS 0x00000000eda00000| PB 0x00000000eda00000| Complete 
| 219|0x00000000edb00000, 0x00000000edc00000, 0x00000000edc00000|100%| E|CS|TAMS 0x00000000edb00000| PB 0x00000000edb00000| Complete 
| 220|0x00000000edc00000, 0x00000000edd00000, 0x00000000edd00000|100%| E|CS|TAMS 0x00000000edc00000| PB 0x00000000edc00000| Complete 
| 221|0x00000000edd00000, 0x00000000ede00000, 0x00000000ede00000|100%| E|CS|TAMS 0x00000000edd00000| PB 0x00000000edd00000| Complete 
| 222|0x00000000ede00000, 0x00000000edf00000, 0x00000000edf00000|100%| E|CS|TAMS 0x00000000ede00000| PB 0x00000000ede00000| Complete 
| 223|0x00000000edf00000, 0x00000000ee000000, 0x00000000ee000000|100%| E|CS|TAMS 0x00000000edf00000| PB 0x00000000edf00000| Complete 
| 224|0x00000000ee000000, 0x00000000ee100000, 0x00000000ee100000|100%| E|CS|TAMS 0x00000000ee000000| PB 0x00000000ee000000| Complete 
| 225|0x00000000ee100000, 0x00000000ee200000, 0x00000000ee200000|100%| E|CS|TAMS 0x00000000ee100000| PB 0x00000000ee100000| Complete 
| 226|0x00000000ee200000, 0x00000000ee300000, 0x00000000ee300000|100%| E|CS|TAMS 0x00000000ee200000| PB 0x00000000ee200000| Complete 
| 227|0x00000000ee300000, 0x00000000ee400000, 0x00000000ee400000|100%| E|CS|TAMS 0x00000000ee300000| PB 0x00000000ee300000| Complete 
| 228|0x00000000ee400000, 0x00000000ee500000, 0x00000000ee500000|100%| E|CS|TAMS 0x00000000ee400000| PB 0x00000000ee400000| Complete 
| 229|0x00000000ee500000, 0x00000000ee600000, 0x00000000ee600000|100%| E|CS|TAMS 0x00000000ee500000| PB 0x00000000ee500000| Complete 
| 230|0x00000000ee600000, 0x00000000ee700000, 0x00000000ee700000|100%| E|CS|TAMS 0x00000000ee600000| PB 0x00000000ee600000| Complete 
| 231|0x00000000ee700000, 0x00000000ee800000, 0x00000000ee800000|100%| E|CS|TAMS 0x00000000ee700000| PB 0x00000000ee700000| Complete 
| 232|0x00000000ee800000, 0x00000000ee900000, 0x00000000ee900000|100%| E|CS|TAMS 0x00000000ee800000| PB 0x00000000ee800000| Complete 
| 233|0x00000000ee900000, 0x00000000eea00000, 0x00000000eea00000|100%| E|CS|TAMS 0x00000000ee900000| PB 0x00000000ee900000| Complete 
| 234|0x00000000eea00000, 0x00000000eeb00000, 0x00000000eeb00000|100%| E|CS|TAMS 0x00000000eea00000| PB 0x00000000eea00000| Complete 
| 235|0x00000000eeb00000, 0x00000000eec00000, 0x00000000eec00000|100%| E|CS|TAMS 0x00000000eeb00000| PB 0x00000000eeb00000| Complete 
| 236|0x00000000eec00000, 0x00000000eed00000, 0x00000000eed00000|100%| E|CS|TAMS 0x00000000eec00000| PB 0x00000000eec00000| Complete 
| 237|0x00000000eed00000, 0x00000000eee00000, 0x00000000eee00000|100%| E|CS|TAMS 0x00000000eed00000| PB 0x00000000eed00000| Complete 
| 238|0x00000000eee00000, 0x00000000eef00000, 0x00000000eef00000|100%| E|CS|TAMS 0x00000000eee00000| PB 0x00000000eee00000| Complete 
| 239|0x00000000eef00000, 0x00000000ef000000, 0x00000000ef000000|100%| E|CS|TAMS 0x00000000eef00000| PB 0x00000000eef00000| Complete 
| 240|0x00000000ef000000, 0x00000000ef100000, 0x00000000ef100000|100%| E|CS|TAMS 0x00000000ef000000| PB 0x00000000ef000000| Complete 
| 241|0x00000000ef100000, 0x00000000ef200000, 0x00000000ef200000|100%| E|CS|TAMS 0x00000000ef100000| PB 0x00000000ef100000| Complete 
| 242|0x00000000ef200000, 0x00000000ef300000, 0x00000000ef300000|100%| E|CS|TAMS 0x00000000ef200000| PB 0x00000000ef200000| Complete 
| 243|0x00000000ef300000, 0x00000000ef400000, 0x00000000ef400000|100%| E|CS|TAMS 0x00000000ef300000| PB 0x00000000ef300000| Complete 
| 244|0x00000000ef400000, 0x00000000ef500000, 0x00000000ef500000|100%| E|CS|TAMS 0x00000000ef400000| PB 0x00000000ef400000| Complete 
| 245|0x00000000ef500000, 0x00000000ef600000, 0x00000000ef600000|100%| E|CS|TAMS 0x00000000ef500000| PB 0x00000000ef500000| Complete 
| 246|0x00000000ef600000, 0x00000000ef700000, 0x00000000ef700000|100%| E|CS|TAMS 0x00000000ef600000| PB 0x00000000ef600000| Complete 
| 247|0x00000000ef700000, 0x00000000ef800000, 0x00000000ef800000|100%| E|CS|TAMS 0x00000000ef700000| PB 0x00000000ef700000| Complete 
| 248|0x00000000ef800000, 0x00000000ef900000, 0x00000000ef900000|100%| E|CS|TAMS 0x00000000ef800000| PB 0x00000000ef800000| Complete 
| 249|0x00000000ef900000, 0x00000000efa00000, 0x00000000efa00000|100%| E|CS|TAMS 0x00000000ef900000| PB 0x00000000ef900000| Complete 
| 250|0x00000000efa00000, 0x00000000efb00000, 0x00000000efb00000|100%| E|CS|TAMS 0x00000000efa00000| PB 0x00000000efa00000| Complete 
| 251|0x00000000efb00000, 0x00000000efc00000, 0x00000000efc00000|100%| E|CS|TAMS 0x00000000efb00000| PB 0x00000000efb00000| Complete 
| 252|0x00000000efc00000, 0x00000000efd00000, 0x00000000efd00000|100%| E|CS|TAMS 0x00000000efc00000| PB 0x00000000efc00000| Complete 
| 253|0x00000000efd00000, 0x00000000efe00000, 0x00000000efe00000|100%| E|CS|TAMS 0x00000000efd00000| PB 0x00000000efd00000| Complete 
| 254|0x00000000efe00000, 0x00000000eff00000, 0x00000000eff00000|100%| E|CS|TAMS 0x00000000efe00000| PB 0x00000000efe00000| Complete 
| 255|0x00000000eff00000, 0x00000000f0000000, 0x00000000f0000000|100%| E|CS|TAMS 0x00000000eff00000| PB 0x00000000eff00000| Complete 

Card table byte_map: [0x0000024f4f3c0000,0x0000024f4f4c0000] _byte_map_base: 0x0000024f4ecc0000

Marking Bits: (CMBitMap*) 0x0000024f355ca560
 Bits: [0x0000024f4f4c0000, 0x0000024f4fcc0000)

Polling page: 0x0000024f36f20000

Metaspace:

Usage:
  Non-class:     23.28 MB used.
      Class:      4.10 MB used.
       Both:     27.38 MB used.

Virtual space:
  Non-class space:       64.00 MB reserved,      23.75 MB ( 37%) committed,  1 nodes.
      Class space:      320.00 MB reserved,       4.56 MB (  1%) committed,  1 nodes.
             Both:      384.00 MB reserved,      28.31 MB (  7%) committed. 

Chunk freelists:
   Non-Class:  8.19 MB
       Class:  11.31 MB
        Both:  19.50 MB

MaxMetaspaceSize: 384.00 MB
CompressedClassSpaceSize: 320.00 MB
Initial GC threshold: 21.00 MB
Current GC threshold: 35.31 MB
CDS: on
 - commit_granule_bytes: 65536.
 - commit_granule_words: 8192.
 - virtual_space_node_default_size: 8388608.
 - enlarge_chunks_in_place: 1.
 - use_allocation_guard: 0.


Internal statistics:

num_allocs_failed_limit: 3.
num_arena_births: 1566.
num_arena_deaths: 0.
num_vsnodes_births: 2.
num_vsnodes_deaths: 0.
num_space_committed: 453.
num_space_uncommitted: 0.
num_chunks_returned_to_freelist: 3.
num_chunks_taken_from_freelist: 2814.
num_chunk_merges: 3.
num_chunk_splits: 1813.
num_chunks_enlarged: 1141.
num_inconsistent_stats: 0.

CodeHeap 'non-profiled nmethods': size=120000Kb used=2224Kb max_used=2224Kb free=117775Kb
 bounds [0x0000024f47110000, 0x0000024f47380000, 0x0000024f4e640000]
CodeHeap 'profiled nmethods': size=120000Kb used=7802Kb max_used=7802Kb free=112197Kb
 bounds [0x0000024f3f640000, 0x0000024f3fde0000, 0x0000024f46b70000]
CodeHeap 'non-nmethods': size=5760Kb used=1519Kb max_used=1568Kb free=4240Kb
 bounds [0x0000024f46b70000, 0x0000024f46de0000, 0x0000024f47110000]
CodeCache: size=245760Kb, used=11545Kb, max_used=11594Kb, free=234212Kb
 total_blobs=4511, nmethods=3924, adapters=490, full_count=0
Compilation: enabled, stopped_count=0, restarted_count=0

Compilation events (20 events):
Event: 98.297 Thread 0x0000024f52966e50 3915       3       org.gradle.launcher.daemon.registry.PersistentDaemonRegistry$1::isSatisfiedBy (16 bytes)
Event: 98.297 Thread 0x0000024f52966e50 nmethod 3915 0x0000024f3fdd6e10 code [0x0000024f3fdd6fc0, 0x0000024f3fdd7158]
Event: 98.334 Thread 0x0000024f52966e50 3917       3       org.gradle.internal.instantiation.generator.AbstractClassGenerator$ClassValidator::validateProperty (1 bytes)
Event: 98.335 Thread 0x0000024f52966e50 nmethod 3917 0x0000024f3fdd7210 code [0x0000024f3fdd73a0, 0x0000024f3fdd74a8]
Event: 98.335 Thread 0x0000024f52966e50 3918       3       org.gradle.internal.instantiation.generator.AbstractClassGenerator$ClassGenerationHandler::visitProperty (1 bytes)
Event: 98.335 Thread 0x0000024f52966e50 nmethod 3918 0x0000024f3fdd7510 code [0x0000024f3fdd76a0, 0x0000024f3fdd77a8]
Event: 98.335 Thread 0x0000024f52966e50 3919       3       org.gradle.internal.instantiation.generator.AbstractClassGenerator$PropertyMetadata::isReadOnly (20 bytes)
Event: 98.335 Thread 0x0000024f52966e50 nmethod 3919 0x0000024f3fdd7810 code [0x0000024f3fdd79e0, 0x0000024f3fdd7db8]
Event: 98.347 Thread 0x0000024f52966e50 3922       3       org.gradle.internal.instantiation.generator.AbstractClassGenerator$PropertyMetadata::hasAnnotation (14 bytes)
Event: 98.349 Thread 0x0000024f52966e50 nmethod 3922 0x0000024f3fdd7f10 code [0x0000024f3fdd8220, 0x0000024f3fdd9448]
Event: 98.350 Thread 0x0000024f52966e50 3923       3       org.gradle.internal.instantiation.generator.AbstractClassGenerator$PropertyMetadata::findAnnotation (22 bytes)
Event: 98.351 Thread 0x0000024f52966e50 nmethod 3923 0x0000024f3fdd9a10 code [0x0000024f3fdd9d00, 0x0000024f3fddae70]
Event: 98.351 Thread 0x0000024f52966e50 3924       3       java.util.stream.MatchOps$1MatchSink::accept (44 bytes)
Event: 98.351 Thread 0x0000024f6da66b30 3921       4       java.lang.Thread::interrupted (7 bytes)
Event: 98.351 Thread 0x0000024f52966e50 nmethod 3924 0x0000024f3fddb410 code [0x0000024f3fddb5c0, 0x0000024f3fddb818]
Event: 98.352 Thread 0x0000024f6da66b30 nmethod 3921 0x0000024f47324c90 code [0x0000024f47324e20, 0x0000024f47324ed8]
Event: 98.352 Thread 0x0000024f6da66b30 3908   !   4       java.net.URLClassLoader::findClass (47 bytes)
Event: 99.630 Thread 0x0000024f5295d8e0 nmethod 3905 0x0000024f47324f90 code [0x0000024f473258e0, 0x0000024f47330578]
Event: 99.636 Thread 0x0000024f5295d8e0 3916       4       jdk.internal.org.objectweb.asm.Label::<init> (5 bytes)
Event: 99.637 Thread 0x0000024f5295d8e0 nmethod 3916 0x0000024f47337e90 code [0x0000024f47338020, 0x0000024f473380a8]

GC Heap History (8 events):
Event: 1.303 GC heap before
{Heap before GC invocations=0 (full 0):
 garbage-first heap   total 262144K, used 22528K [0x00000000e0000000, 0x0000000100000000)
  region size 1024K, 23 young (23552K), 0 survivors (0K)
 Metaspace       used 1001K, committed 1152K, reserved 393216K
  class space    used 79K, committed 128K, reserved 327680K
}
Event: 1.874 GC heap after
{Heap after GC invocations=1 (full 0):
 garbage-first heap   total 262144K, used 1770K [0x00000000e0000000, 0x0000000100000000)
  region size 1024K, 2 young (2048K), 2 survivors (2048K)
 Metaspace       used 1001K, committed 1152K, reserved 393216K
  class space    used 79K, committed 128K, reserved 327680K
}
Event: 3.352 GC heap before
{Heap before GC invocations=1 (full 0):
 garbage-first heap   total 262144K, used 38634K [0x00000000e0000000, 0x0000000100000000)
  region size 1024K, 36 young (36864K), 2 survivors (2048K)
 Metaspace       used 4362K, committed 4544K, reserved 393216K
  class space    used 553K, committed 640K, reserved 327680K
}
Event: 3.356 GC heap after
{Heap after GC invocations=2 (full 0):
 garbage-first heap   total 262144K, used 10592K [0x00000000e0000000, 0x0000000100000000)
  region size 1024K, 5 young (5120K), 5 survivors (5120K)
 Metaspace       used 4362K, committed 4544K, reserved 393216K
  class space    used 553K, committed 640K, reserved 327680K
}
Event: 4.760 GC heap before
{Heap before GC invocations=2 (full 0):
 garbage-first heap   total 262144K, used 61792K [0x00000000e0000000, 0x0000000100000000)
  region size 1024K, 54 young (55296K), 5 survivors (5120K)
 Metaspace       used 5057K, committed 5248K, reserved 393216K
  class space    used 668K, committed 768K, reserved 327680K
}
Event: 4.765 GC heap after
{Heap after GC invocations=3 (full 0):
 garbage-first heap   total 262144K, used 16591K [0x00000000e0000000, 0x0000000100000000)
  region size 1024K, 5 young (5120K), 5 survivors (5120K)
 Metaspace       used 5057K, committed 5248K, reserved 393216K
  class space    used 668K, committed 768K, reserved 327680K
}
Event: 23.859 GC heap before
{Heap before GC invocations=3 (full 0):
 garbage-first heap   total 262144K, used 110799K [0x00000000e0000000, 0x0000000100000000)
  region size 1024K, 98 young (100352K), 5 survivors (5120K)
 Metaspace       used 20950K, committed 21504K, reserved 393216K
  class space    used 3077K, committed 3328K, reserved 327680K
}
Event: 23.922 GC heap after
{Heap after GC invocations=4 (full 0):
 garbage-first heap   total 262144K, used 24113K [0x00000000e0000000, 0x0000000100000000)
  region size 1024K, 12 young (12288K), 12 survivors (12288K)
 Metaspace       used 20950K, committed 21504K, reserved 393216K
  class space    used 3077K, committed 3328K, reserved 327680K
}

Dll operation events (15 events):
Event: 0.035 Loaded shared library C:\Users\dduc1\.jdks\ms-21.0.8\bin\java.dll
Event: 0.144 Loaded shared library C:\Users\dduc1\.jdks\ms-21.0.8\bin\jsvml.dll
Event: 0.223 Loaded shared library C:\Users\dduc1\.jdks\ms-21.0.8\bin\zip.dll
Event: 0.229 Loaded shared library C:\Users\dduc1\.jdks\ms-21.0.8\bin\instrument.dll
Event: 0.234 Loaded shared library C:\Users\dduc1\.jdks\ms-21.0.8\bin\net.dll
Event: 0.261 Loaded shared library C:\Users\dduc1\.jdks\ms-21.0.8\bin\nio.dll
Event: 0.291 Loaded shared library C:\Users\dduc1\.jdks\ms-21.0.8\bin\zip.dll
Event: 1.118 Loaded shared library C:\Users\dduc1\.jdks\ms-21.0.8\bin\jimage.dll
Event: 2.126 Loaded shared library C:\Users\dduc1\.jdks\ms-21.0.8\bin\verify.dll
Event: 2.419 Loaded shared library C:\Users\dduc1\.gradle\native\1def1411415f61bf3af743bc5b6707747c0891f09f0c88961ee8f79bc544acac\windows-amd64\native-platform.dll
Event: 2.439 Loaded shared library C:\Users\dduc1\.gradle\native\0.2.7\x86_64-windows-gnu\gradle-fileevents.dll
Event: 5.056 Loaded shared library C:\Users\dduc1\.jdks\ms-21.0.8\bin\management.dll
Event: 5.060 Loaded shared library C:\Users\dduc1\.jdks\ms-21.0.8\bin\management_ext.dll
Event: 7.922 Loaded shared library C:\Users\dduc1\.jdks\ms-21.0.8\bin\extnet.dll
Event: 9.408 Loaded shared library C:\Users\dduc1\.jdks\ms-21.0.8\bin\sunmscapi.dll

Deoptimization events (20 events):
Event: 96.930 Thread 0x0000024f6c410cf0 Uncommon trap: trap_request=0xffffff45 fr.pc=0x0000024f472d7530 relative=0x0000000000002d10
Event: 96.930 Thread 0x0000024f6c410cf0 Uncommon trap: reason=unstable_if action=reinterpret pc=0x0000024f472d7530 method=java.lang.String.regionMatches(ZILjava/lang/String;II)Z @ 36 c2
Event: 96.930 Thread 0x0000024f6c410cf0 DEOPT PACKING pc=0x0000024f472d7530 sp=0x0000006b8d7f9fa0
Event: 96.930 Thread 0x0000024f6c410cf0 DEOPT UNPACKING pc=0x0000024f46bc46a2 sp=0x0000006b8d7f9ea0 mode 2
Event: 96.931 Thread 0x0000024f6c410cf0 Uncommon trap: trap_request=0xffffffde fr.pc=0x0000024f47176f34 relative=0x00000000000007b4
Event: 96.931 Thread 0x0000024f6c410cf0 Uncommon trap: reason=class_check action=maybe_recompile pc=0x0000024f47176f34 method=jdk.internal.loader.URLClassPath.getLoader(I)Ljdk/internal/loader/URLClassPath$Loader; @ 88 c2
Event: 96.931 Thread 0x0000024f6c410cf0 DEOPT PACKING pc=0x0000024f47176f34 sp=0x0000006b8d7fa300
Event: 96.931 Thread 0x0000024f6c410cf0 DEOPT UNPACKING pc=0x0000024f46bc46a2 sp=0x0000006b8d7fa2c0 mode 2
Event: 96.931 Thread 0x0000024f6c410cf0 Uncommon trap: trap_request=0xffffffde fr.pc=0x0000024f472984fc relative=0x000000000000419c
Event: 96.932 Thread 0x0000024f6c410cf0 Uncommon trap: reason=class_check action=maybe_recompile pc=0x0000024f472984fc method=jdk.internal.loader.URLClassPath.getResource(Ljava/lang/String;Z)Ljdk/internal/loader/Resource; @ 53 c2
Event: 96.932 Thread 0x0000024f6c410cf0 DEOPT PACKING pc=0x0000024f472984fc sp=0x0000006b8d7fa390
Event: 96.932 Thread 0x0000024f6c410cf0 DEOPT UNPACKING pc=0x0000024f46bc46a2 sp=0x0000006b8d7fa1b0 mode 2
Event: 96.970 Thread 0x0000024f6c410cf0 Uncommon trap: trap_request=0xffffff45 fr.pc=0x0000024f4722b898 relative=0x00000000000000f8
Event: 96.970 Thread 0x0000024f6c410cf0 Uncommon trap: reason=unstable_if action=reinterpret pc=0x0000024f4722b898 method=java.lang.ClassLoader.getClassLoadingLock(Ljava/lang/String;)Ljava/lang/Object; @ 6 c2
Event: 96.970 Thread 0x0000024f6c410cf0 DEOPT PACKING pc=0x0000024f4722b898 sp=0x0000006b8d7f8920
Event: 96.970 Thread 0x0000024f6c410cf0 DEOPT UNPACKING pc=0x0000024f46bc46a2 sp=0x0000006b8d7f88b0 mode 2
Event: 96.990 Thread 0x0000024f6c410cf0 Uncommon trap: trap_request=0xffffff45 fr.pc=0x0000024f4729255c relative=0x00000000000008bc
Event: 96.990 Thread 0x0000024f6c410cf0 Uncommon trap: reason=unstable_if action=reinterpret pc=0x0000024f4729255c method=java.lang.Class.getPackageName()Ljava/lang/String; @ 55 c2
Event: 96.990 Thread 0x0000024f6c410cf0 DEOPT PACKING pc=0x0000024f4729255c sp=0x0000006b8d7f9f60
Event: 96.990 Thread 0x0000024f6c410cf0 DEOPT UNPACKING pc=0x0000024f46bc46a2 sp=0x0000006b8d7f9f30 mode 2

Classes loaded (20 events):
Event: 62.883 Loading class jdk/internal/reflect/MethodHandleLongFieldAccessorImpl
Event: 62.883 Loading class jdk/internal/reflect/MethodHandleLongFieldAccessorImpl done
Event: 62.885 Loading class java/io/ObjectStreamClass$ExceptionInfo
Event: 62.885 Loading class java/io/ObjectStreamClass$ExceptionInfo done
Event: 62.887 Loading class java/io/SerialCallbackContext
Event: 62.887 Loading class java/io/SerialCallbackContext done
Event: 96.925 Loading class jdk/internal/loader/URLClassPath$FileLoader
Event: 96.926 Loading class jdk/internal/loader/URLClassPath$FileLoader done
Event: 96.932 Loading class jdk/internal/loader/URLClassPath$FileLoader$1
Event: 96.933 Loading class jdk/internal/loader/URLClassPath$FileLoader$1 done
Event: 98.244 Loading class java/beans/Transient
Event: 98.246 Loading class java/beans/Transient done
Event: 99.484 Loading class java/util/stream/IntPipeline$1
Event: 99.485 Loading class java/util/stream/IntPipeline$1 done
Event: 99.647 Loading class java/util/stream/IntPipeline$1$1
Event: 99.648 Loading class java/util/stream/Sink$ChainedInt
Event: 99.649 Loading class java/util/stream/Sink$OfInt
Event: 99.665 Loading class java/util/stream/Sink$OfInt done
Event: 99.665 Loading class java/util/stream/Sink$ChainedInt done
Event: 99.665 Loading class java/util/stream/IntPipeline$1$1 done

Classes unloaded (0 events):
No events

Classes redefined (0 events):
No events

Internal exceptions (20 events):
Event: 26.138 Thread 0x0000024f6c410cf0 Exception <a 'java/lang/NoSuchMethodError'{0x00000000eeca1368}: 'void java.lang.invoke.DirectMethodHandle$Holder.invokeStaticInit(java.lang.Object, java.lang.Object)'> (0x00000000eeca1368) 
thrown [s\src\hotspot\share\interpreter\linkResolver.cpp, line 773]
Event: 26.613 Thread 0x0000024f6c410cf0 Exception <a 'java/lang/NoSuchMethodError'{0x00000000ee8686c0}: 'java.lang.Object java.lang.invoke.DirectMethodHandle$Holder.newInvokeSpecial(java.lang.Object, java.lang.Object, java.lang.Object, java.lang.Object, java.lang.Object, java.lang.Object, java.lang.Object, java.lang.Object, java.lang.Object)'> (0x00000000ee8686c0) 
thrown [s\src\hotspot\share\interpreter\linkResolver.cpp, line 773]
Event: 27.640 Thread 0x0000024f6c410cf0 Exception <a 'java/lang/NoSuchMethodError'{0x00000000ee59f058}: 'int java.lang.invoke.DirectMethodHandle$Holder.invokeVirtual(java.lang.Object, java.lang.Object)'> (0x00000000ee59f058) 
thrown [s\src\hotspot\share\interpreter\linkResolver.cpp, line 773]
Event: 29.252 Thread 0x0000024f6c410cf0 Exception <a 'java/lang/NoSuchMethodError'{0x00000000ee2fb800}: 'void java.lang.invoke.DirectMethodHandle$Holder.invokeInterface(java.lang.Object, java.lang.Object, java.lang.Object, java.lang.Object, java.lang.Object)'> (0x00000000ee2fb800) 
thrown [s\src\hotspot\share\interpreter\linkResolver.cpp, line 773]
Event: 30.007 Thread 0x0000024f6c410cf0 Exception <a 'java/lang/NoSuchMethodError'{0x00000000ee1782d0}: 'void java.lang.invoke.DirectMethodHandle$Holder.invokeStatic(java.lang.Object, java.lang.Object, java.lang.Object, java.lang.Object, java.lang.Object, java.lang.Object)'> (0x00000000ee1782d0) 
thrown [s\src\hotspot\share\interpreter\linkResolver.cpp, line 773]
Event: 32.155 Thread 0x0000024f6c410cf0 Exception <a 'java/lang/IncompatibleClassChangeError'{0x00000000ed979eb0}: Found class java.lang.Object, but interface was expected> (0x00000000ed979eb0) 
thrown [s\src\hotspot\share\interpreter\linkResolver.cpp, line 840]
Event: 34.602 Thread 0x0000024f6c410cf0 Exception <a 'java/lang/NoSuchMethodError'{0x00000000ed8deff8}: 'java.lang.Object java.lang.invoke.DirectMethodHandle$Holder.newInvokeSpecial(java.lang.Object, java.lang.Object, long)'> (0x00000000ed8deff8) 
thrown [s\src\hotspot\share\interpreter\linkResolver.cpp, line 773]
Event: 34.602 Thread 0x0000024f6c410cf0 Exception <a 'java/lang/NoSuchMethodError'{0x00000000ed8e33e0}: 'java.lang.Object java.lang.invoke.Invokers$Holder.linkToTargetMethod(java.lang.Object, long, java.lang.Object)'> (0x00000000ed8e33e0) 
thrown [s\src\hotspot\share\interpreter\linkResolver.cpp, line 773]
Event: 34.935 Thread 0x0000024f6c410cf0 Exception <a 'java/lang/NoSuchMethodError'{0x00000000ed5743e0}: 'int java.lang.invoke.DirectMethodHandle$Holder.invokeInterface(java.lang.Object, java.lang.Object)'> (0x00000000ed5743e0) 
thrown [s\src\hotspot\share\interpreter\linkResolver.cpp, line 773]
Event: 35.126 Thread 0x0000024f6c410cf0 Exception <a 'java/lang/NoSuchMethodError'{0x00000000ed5fe990}: 'java.lang.Object java.lang.invoke.DirectMethodHandle$Holder.invokeVirtual(java.lang.Object, java.lang.Object, int)'> (0x00000000ed5fe990) 
thrown [s\src\hotspot\share\interpreter\linkResolver.cpp, line 773]
Event: 53.371 Thread 0x0000024f6c410cf0 Exception <a 'java/lang/NoSuchMethodError'{0x00000000ed2c6728}: 'java.lang.Object java.lang.invoke.DirectMethodHandle$Holder.invokeStatic(java.lang.Object, java.lang.Object, int, java.lang.Object)'> (0x00000000ed2c6728) 
thrown [s\src\hotspot\share\interpreter\linkResolver.cpp, line 773]
Event: 53.372 Thread 0x0000024f6c410cf0 Exception <a 'java/lang/NoSuchMethodError'{0x00000000ed2cdb80}: 'java.lang.Object java.lang.invoke.DirectMethodHandle$Holder.newInvokeSpecial(java.lang.Object, java.lang.Object, int, java.lang.Object)'> (0x00000000ed2cdb80) 
thrown [s\src\hotspot\share\interpreter\linkResolver.cpp, line 773]
Event: 53.372 Thread 0x0000024f6c410cf0 Exception <a 'java/lang/NoSuchMethodError'{0x00000000ed2d2358}: 'java.lang.Object java.lang.invoke.DirectMethodHandle$Holder.invokeSpecial(java.lang.Object, java.lang.Object, java.lang.Object, int, java.lang.Object)'> (0x00000000ed2d2358) 
thrown [s\src\hotspot\share\interpreter\linkResolver.cpp, line 773]
Event: 62.862 Thread 0x0000024f6f2d5d30 Exception <a 'java/lang/NoSuchMethodError'{0x00000000ecc04230}: 'void java.lang.invoke.DirectMethodHandle$Holder.invokeSpecial(java.lang.Object, java.lang.Object, java.lang.Object, int)'> (0x00000000ecc04230) 
thrown [s\src\hotspot\share\interpreter\linkResolver.cpp, line 773]
Event: 62.880 Thread 0x0000024f6f2d5d30 Exception <a 'java/lang/NoSuchMethodError'{0x00000000ecc57740}: static Lorg/gradle/launcher/daemon/protocol/Command;.<clinit>()V> (0x00000000ecc57740) 
thrown [s\src\hotspot\share\prims\jni.cpp, line 1111]
Event: 62.881 Thread 0x0000024f6f2d5d30 Exception <a 'java/lang/NoSuchMethodError'{0x00000000ecc630a0}: static Lorg/gradle/launcher/daemon/protocol/InvalidateVirtualFileSystemAfterChange;.<clinit>()V> (0x00000000ecc630a0) 
thrown [s\src\hotspot\share\prims\jni.cpp, line 1111]
Event: 62.883 Thread 0x0000024f6f2d5d30 Exception <a 'java/lang/NoSuchMethodError'{0x00000000ecc69400}: 'long java.lang.invoke.DirectMethodHandle$Holder.invokeSpecial(java.lang.Object, java.lang.Object)'> (0x00000000ecc69400) 
thrown [s\src\hotspot\share\interpreter\linkResolver.cpp, line 773]
Event: 62.884 Thread 0x0000024f6f2d5d30 Exception <a 'java/lang/NoSuchMethodError'{0x00000000ecc6c628}: 'long java.lang.invoke.Invokers$Holder.invokeExact_MT(java.lang.Object, java.lang.Object)'> (0x00000000ecc6c628) 
thrown [s\src\hotspot\share\interpreter\linkResolver.cpp, line 773]
Event: 95.879 Thread 0x0000024f6c410cf0 Exception <a 'java/lang/NoSuchMethodError'{0x00000000ec87c1f8}: 'void java.lang.invoke.DirectMethodHandle$Holder.invokeInterface(java.lang.Object, java.lang.Object, java.lang.Object, java.lang.Object, java.lang.Object, java.lang.Object, java.lang.Object)'> (0x00000000ec87c1f8) 
thrown [s\src\hotspot\share\interpreter\linkResolver.cpp, line 773]
Event: 96.033 Thread 0x0000024f6c410cf0 Exception <a 'java/lang/NoSuchMethodError'{0x00000000ec700ec0}: 'void java.lang.invoke.DelegatingMethodHandle$Holder.reinvoke_L(java.lang.Object, java.lang.Object, java.lang.Object, java.lang.Object, java.lang.Object, java.lang.Object, java.lang.Object)'> (0x00000000ec700ec0) 
thrown [s\src\hotspot\share\interpreter\linkResolver.cpp, line 773]

ZGC Phase Switch (0 events):
No events

VM Operations (20 events):
Event: 79.218 Executing VM operation: Cleanup
Event: 79.218 Executing VM operation: Cleanup done
Event: 80.228 Executing VM operation: Cleanup
Event: 80.228 Executing VM operation: Cleanup done
Event: 88.309 Executing VM operation: Cleanup
Event: 88.309 Executing VM operation: Cleanup done
Event: 95.359 Executing VM operation: Cleanup
Event: 95.670 Executing VM operation: Cleanup done
Event: 96.679 Executing VM operation: Cleanup
Event: 96.912 Executing VM operation: Cleanup done
Event: 96.962 Executing VM operation: HandshakeAllThreads (Deoptimize)
Event: 96.965 Executing VM operation: HandshakeAllThreads (Deoptimize) done
Event: 96.967 Executing VM operation: HandshakeAllThreads (Deoptimize)
Event: 96.967 Executing VM operation: HandshakeAllThreads (Deoptimize) done
Event: 97.976 Executing VM operation: Cleanup
Event: 98.022 Executing VM operation: Cleanup done
Event: 99.035 Executing VM operation: Cleanup
Event: 99.081 Executing VM operation: Cleanup done
Event: 100.083 Executing VM operation: Cleanup
Event: 100.083 Executing VM operation: Cleanup done

Memory protections (0 events):
No events

Nmethod flushes (0 events):
No events

Events (20 events):
Event: 10.783 Thread 0x0000024f6c3f1610 Thread added: 0x0000024f6c410cf0
Event: 11.217 Thread 0x0000024f6c410cf0 Thread added: 0x0000024f6c531990
Event: 11.230 Thread 0x0000024f6c410cf0 Thread added: 0x0000024f6c52ff50
Event: 11.233 Thread 0x0000024f6c410cf0 Thread added: 0x0000024f6c5305e0
Event: 15.660 Thread 0x0000024f6c410cf0 Thread added: 0x0000024f6c52f8c0
Event: 15.669 Thread 0x0000024f6c410cf0 Thread added: 0x0000024f6c530c70
Event: 17.489 Thread 0x0000024f6c530c70 Thread added: 0x0000024f6c531300
Event: 17.546 Thread 0x0000024f6c410cf0 Thread added: 0x0000024f6c52e510
Event: 17.787 Thread 0x0000024f52966e50 Thread added: 0x0000024f6e309320
Event: 18.271 Thread 0x0000024f6e309320 Thread exited: 0x0000024f6e309320
Event: 25.349 Thread 0x0000024f6c410cf0 Thread added: 0x0000024f6c52eba0
Event: 25.379 Thread 0x0000024f6c410cf0 Thread added: 0x0000024f6f2d4980
Event: 27.061 Thread 0x0000024f6c410cf0 Thread added: 0x0000024f6f2d28b0
Event: 27.637 Thread 0x0000024f6c410cf0 Thread added: 0x0000024f6f2d35d0
Event: 53.373 Thread 0x0000024f6c410cf0 Thread added: 0x0000024f6f2d5010
Event: 62.859 Thread 0x0000024f6d67c5b0 Thread added: 0x0000024f6f2d3c60
Event: 62.860 Thread 0x0000024f6f2d3c60 Thread added: 0x0000024f6f2d5d30
Event: 62.899 Thread 0x0000024f6f2d5d30 Thread exited: 0x0000024f6f2d5d30
Event: 94.825 Thread 0x0000024f6c410cf0 Thread added: 0x0000024f6f2d56a0
Event: 98.349 Thread 0x0000024f52966e50 Thread added: 0x0000024f6da66b30


Dynamic libraries:
0x00007ff780060000 - 0x00007ff78006e000 	C:\Users\dduc1\.jdks\ms-21.0.8\bin\java.exe
0x00007ffe8dbe0000 - 0x00007ffe8de48000 	C:\WINDOWS\SYSTEM32\ntdll.dll
0x00007ffe8d9a0000 - 0x00007ffe8da69000 	C:\WINDOWS\System32\KERNEL32.DLL
0x00007ffe8b2f0000 - 0x00007ffe8b6e2000 	C:\WINDOWS\System32\KERNELBASE.dll
0x00007ffe8ae00000 - 0x00007ffe8af4b000 	C:\WINDOWS\System32\ucrtbase.dll
0x00007ffe59530000 - 0x00007ffe59548000 	C:\Users\dduc1\.jdks\ms-21.0.8\bin\jli.dll
0x00007ffe8c510000 - 0x00007ffe8c6d5000 	C:\WINDOWS\System32\USER32.dll
0x00007ffe8b2c0000 - 0x00007ffe8b2e7000 	C:\WINDOWS\System32\win32u.dll
0x00007ffe8c9b0000 - 0x00007ffe8c9db000 	C:\WINDOWS\System32\GDI32.dll
0x00007ffe8b190000 - 0x00007ffe8b2bd000 	C:\WINDOWS\System32\gdi32full.dll
0x00007ffe8b6f0000 - 0x00007ffe8b793000 	C:\WINDOWS\System32\msvcp_win.dll
0x00007ffe52cb0000 - 0x00007ffe52cce000 	C:\Users\dduc1\.jdks\ms-21.0.8\bin\VCRUNTIME140.dll
0x00007ffe68930000 - 0x00007ffe68bc3000 	C:\WINDOWS\WinSxS\amd64_microsoft.windows.common-controls_6595b64144ccf1df_6.0.26100.6899_none_3e0efeeae32e88c1\COMCTL32.dll
0x00007ffe8c2c0000 - 0x00007ffe8c369000 	C:\WINDOWS\System32\msvcrt.dll
0x00007ffe8d960000 - 0x00007ffe8d98f000 	C:\WINDOWS\System32\IMM32.DLL
0x00007ffe61a80000 - 0x00007ffe61a8c000 	C:\Users\dduc1\.jdks\ms-21.0.8\bin\vcruntime140_1.dll
0x00007ffe495f0000 - 0x00007ffe49679000 	C:\Users\dduc1\.jdks\ms-21.0.8\bin\msvcp140.dll
0x00007ffe03d10000 - 0x00007ffe04abc000 	C:\Users\dduc1\.jdks\ms-21.0.8\bin\server\jvm.dll
0x00007ffe8ca70000 - 0x00007ffe8cb24000 	C:\WINDOWS\System32\ADVAPI32.dll
0x00007ffe8daf0000 - 0x00007ffe8db96000 	C:\WINDOWS\System32\sechost.dll
0x00007ffe8cd00000 - 0x00007ffe8ce18000 	C:\WINDOWS\System32\RPCRT4.dll
0x00007ffe8c6f0000 - 0x00007ffe8c764000 	C:\WINDOWS\System32\WS2_32.dll
0x00007ffe89cd0000 - 0x00007ffe89d2e000 	C:\WINDOWS\SYSTEM32\POWRPROF.dll
0x00007ffe80470000 - 0x00007ffe804a5000 	C:\WINDOWS\SYSTEM32\WINMM.dll
0x00007ffe83a40000 - 0x00007ffe83a4b000 	C:\WINDOWS\SYSTEM32\VERSION.dll
0x00007ffe89cb0000 - 0x00007ffe89cc4000 	C:\WINDOWS\SYSTEM32\UMPDC.dll
0x00007ffe89b70000 - 0x00007ffe89b8b000 	C:\WINDOWS\SYSTEM32\kernel.appcore.dll
0x00007ffe619c0000 - 0x00007ffe619ca000 	C:\Users\dduc1\.jdks\ms-21.0.8\bin\jimage.dll
0x00007ffe88740000 - 0x00007ffe88982000 	C:\WINDOWS\SYSTEM32\DBGHELP.DLL
0x00007ffe8b9e0000 - 0x00007ffe8bd5b000 	C:\WINDOWS\System32\combase.dll
0x00007ffe8c8d0000 - 0x00007ffe8c9a7000 	C:\WINDOWS\System32\OLEAUT32.dll
0x00007ffe7d410000 - 0x00007ffe7d44c000 	C:\WINDOWS\SYSTEM32\dbgcore.DLL
0x00007ffe8b7a0000 - 0x00007ffe8b838000 	C:\WINDOWS\System32\bcryptPrimitives.dll
0x00007ffe60360000 - 0x00007ffe60370000 	C:\Users\dduc1\.jdks\ms-21.0.8\bin\instrument.dll
0x00007ffe495c0000 - 0x00007ffe495e1000 	C:\Users\dduc1\.jdks\ms-21.0.8\bin\java.dll
0x00007ffe8d110000 - 0x00007ffe8d85d000 	C:\WINDOWS\System32\SHELL32.dll
0x00007ffe8b840000 - 0x00007ffe8b9ab000 	C:\WINDOWS\System32\wintypes.dll
0x00007ffe889a0000 - 0x00007ffe891fd000 	C:\WINDOWS\SYSTEM32\windows.storage.dll
0x00007ffe8cc00000 - 0x00007ffe8ccf2000 	C:\WINDOWS\System32\SHCORE.dll
0x00007ffe8cb30000 - 0x00007ffe8cb92000 	C:\WINDOWS\System32\shlwapi.dll
0x00007ffe8ac90000 - 0x00007ffe8acb9000 	C:\WINDOWS\SYSTEM32\profapi.dll
0x00007ffe2de30000 - 0x00007ffe2df06000 	C:\Users\dduc1\.jdks\ms-21.0.8\bin\jsvml.dll
0x00007ffe49520000 - 0x00007ffe49538000 	C:\Users\dduc1\.jdks\ms-21.0.8\bin\zip.dll
0x00007ffe49500000 - 0x00007ffe49511000 	C:\Users\dduc1\.jdks\ms-21.0.8\bin\net.dll
0x00007ffe846a0000 - 0x00007ffe847bf000 	C:\WINDOWS\SYSTEM32\WINHTTP.dll
0x00007ffe8a180000 - 0x00007ffe8a1eb000 	C:\WINDOWS\system32\mswsock.dll
0x00007ffe47b20000 - 0x00007ffe47b36000 	C:\Users\dduc1\.jdks\ms-21.0.8\bin\nio.dll
0x00007ffe5e9f0000 - 0x00007ffe5ea00000 	C:\Users\dduc1\.jdks\ms-21.0.8\bin\verify.dll
0x00007ffe54250000 - 0x00007ffe54277000 	C:\Users\dduc1\.gradle\native\1def1411415f61bf3af743bc5b6707747c0891f09f0c88961ee8f79bc544acac\windows-amd64\native-platform.dll
0x00007ffe2ddb0000 - 0x00007ffe2de28000 	C:\Users\dduc1\.gradle\native\0.2.7\x86_64-windows-gnu\gradle-fileevents.dll
0x00007ffe5e840000 - 0x00007ffe5e84a000 	C:\Users\dduc1\.jdks\ms-21.0.8\bin\management.dll
0x00007ffe5d9b0000 - 0x00007ffe5d9bc000 	C:\Users\dduc1\.jdks\ms-21.0.8\bin\management_ext.dll
0x00007ffe8bde0000 - 0x00007ffe8bde8000 	C:\WINDOWS\System32\PSAPI.DLL
0x00007ffe89570000 - 0x00007ffe895a4000 	C:\WINDOWS\SYSTEM32\IPHLPAPI.DLL
0x00007ffe8c280000 - 0x00007ffe8c28a000 	C:\WINDOWS\System32\NSI.dll
0x00007ffe5c850000 - 0x00007ffe5c859000 	C:\Users\dduc1\.jdks\ms-21.0.8\bin\extnet.dll
0x00007ffe8a470000 - 0x00007ffe8a48b000 	C:\WINDOWS\SYSTEM32\CRYPTSP.dll
0x00007ffe89ad0000 - 0x00007ffe89b0b000 	C:\WINDOWS\system32\rsaenh.dll
0x00007ffe8a220000 - 0x00007ffe8a24b000 	C:\WINDOWS\SYSTEM32\USERENV.dll
0x00007ffe8ac60000 - 0x00007ffe8ac86000 	C:\WINDOWS\SYSTEM32\bcrypt.dll
0x00007ffe8a460000 - 0x00007ffe8a46c000 	C:\WINDOWS\SYSTEM32\CRYPTBASE.dll
0x00007ffe5c440000 - 0x00007ffe5c44e000 	C:\Users\dduc1\.jdks\ms-21.0.8\bin\sunmscapi.dll
0x00007ffe8af50000 - 0x00007ffe8b0c7000 	C:\WINDOWS\System32\CRYPT32.dll
0x00007ffe8a6a0000 - 0x00007ffe8a6d0000 	C:\WINDOWS\SYSTEM32\ncrypt.dll
0x00007ffe8a650000 - 0x00007ffe8a68f000 	C:\WINDOWS\SYSTEM32\NTASN1.dll
0x00007ffe715d0000 - 0x00007ffe715d8000 	C:\WINDOWS\system32\wshunix.dll

JVMTI agents:
C:\Users\dduc1\.gradle\wrapper\dists\gradle-8.14.3-bin\cv11ve7ro1n3o1j4so8xd9n66\gradle-8.14.3\lib\agents\gradle-instrumentation-agent-8.14.3.jar path:C:\Users\dduc1\.jdks\ms-21.0.8\bin\instrument.dll, loaded, initialized, instrumentlib options:none

dbghelp: loaded successfully - version: 4.0.5 - missing functions: none
symbol engine: initialized successfully - sym options: 0x614 - pdb path: .;C:\Users\dduc1\.jdks\ms-21.0.8\bin;C:\WINDOWS\SYSTEM32;C:\WINDOWS\WinSxS\amd64_microsoft.windows.common-controls_6595b64144ccf1df_6.0.26100.6899_none_3e0efeeae32e88c1;C:\Users\dduc1\.jdks\ms-21.0.8\bin\server;C:\Users\dduc1\.gradle\native\1def1411415f61bf3af743bc5b6707747c0891f09f0c88961ee8f79bc544acac\windows-amd64;C:\Users\dduc1\.gradle\native\0.2.7\x86_64-windows-gnu

VM Arguments:
jvm_args: --add-opens=java.base/java.lang=ALL-UNNAMED --add-opens=java.base/java.lang.invoke=ALL-UNNAMED --add-opens=java.base/java.util=ALL-UNNAMED --add-opens=java.prefs/java.util.prefs=ALL-UNNAMED --add-exports=jdk.compiler/com.sun.tools.javac.api=ALL-UNNAMED --add-exports=jdk.compiler/com.sun.tools.javac.util=ALL-UNNAMED --add-opens=java.base/java.util=ALL-UNNAMED --add-opens=java.prefs/java.util.prefs=ALL-UNNAMED --add-opens=java.base/java.nio.charset=ALL-UNNAMED --add-opens=java.base/java.net=ALL-UNNAMED --add-opens=java.base/java.util.concurrent.atomic=ALL-UNNAMED --add-opens=java.xml/javax.xml.namespace=ALL-UNNAMED -XX:MaxMetaspaceSize=384m -XX:+HeapDumpOnOutOfMemoryError -Xms256m -Xmx512m -Dfile.encoding=windows-1252 -Duser.country=US -Duser.language=en -Duser.variant -javaagent:C:\Users\dduc1\.gradle\wrapper\dists\gradle-8.14.3-bin\cv11ve7ro1n3o1j4so8xd9n66\gradle-8.14.3\lib\agents\gradle-instrumentation-agent-8.14.3.jar 
java_command: org.gradle.launcher.daemon.bootstrap.GradleDaemon 8.14.3
java_class_path (initial): C:\Users\dduc1\.gradle\wrapper\dists\gradle-8.14.3-bin\cv11ve7ro1n3o1j4so8xd9n66\gradle-8.14.3\lib\gradle-daemon-main-8.14.3.jar
Launcher Type: SUN_STANDARD

[Global flags]
     intx CICompilerCount                          = 4                                         {product} {ergonomic}
   size_t CompressedClassSpaceSize                 = 335544320                                 {product} {ergonomic}
     uint ConcGCThreads                            = 3                                         {product} {ergonomic}
     uint G1ConcRefinementThreads                  = 10                                        {product} {ergonomic}
   size_t G1HeapRegionSize                         = 1048576                                   {product} {ergonomic}
    uintx GCDrainStackTargetSize                   = 64                                        {product} {ergonomic}
     bool HeapDumpOnOutOfMemoryError               = true                                   {manageable} {command line}
   size_t InitialHeapSize                          = 268435456                                 {product} {command line}
   size_t MarkStackSize                            = 4194304                                   {product} {ergonomic}
   size_t MaxHeapSize                              = 536870912                                 {product} {command line}
   size_t MaxMetaspaceSize                         = 402653184                                 {product} {command line}
   size_t MaxNewSize                               = 321912832                                 {product} {ergonomic}
   size_t MinHeapDeltaBytes                        = 1048576                                   {product} {ergonomic}
   size_t MinHeapSize                              = 268435456                                 {product} {command line}
    uintx NonNMethodCodeHeapSize                   = 5839372                                {pd product} {ergonomic}
    uintx NonProfiledCodeHeapSize                  = 122909434                              {pd product} {ergonomic}
    uintx ProfiledCodeHeapSize                     = 122909434                              {pd product} {ergonomic}
    uintx ReservedCodeCacheSize                    = 251658240                              {pd product} {ergonomic}
     bool SegmentedCodeCache                       = true                                      {product} {ergonomic}
   size_t SoftMaxHeapSize                          = 536870912                              {manageable} {ergonomic}
     bool UseCompressedOops                        = true                           {product lp64_product} {ergonomic}
     bool UseG1GC                                  = true                                      {product} {ergonomic}
     bool UseLargePagesIndividualAllocation        = false                                  {pd product} {ergonomic}

Logging:
Log output configuration:
 #0: stdout all=warning uptime,level,tags foldmultilines=false
 #1: stderr all=off uptime,level,tags foldmultilines=false

Environment Variables:
PATH=E:\PYTHON\Scripts\;E:\PYTHON\;C:\Program Files\Common Files\Oracle\Java\javapath;C:\Windows\system32;C:\Windows;C:\Windows\System32\Wbem;C:\Windows\System32\WindowsPowerShell\v1.0\;C:\Windows\System32\OpenSSH\;C:\Program Files (x86)\NVIDIA Corporation\PhysX\Common;C:\Program Files\NVIDIA Corporation\NVIDIA NvDLISR;C:\WINDOWS\system32;C:\WINDOWS;C:\WINDOWS\System32\Wbem;C:\WINDOWS\System32\WindowsPowerShell\v1.0\;C:\WINDOWS\System32\OpenSSH\;E:\GIT\cmd;D:\important file JAVA\bin;C:\ProgramData\chocolatey\bin;C:\msys64\ucrt64\bin;C:\Program Files\Microsoft SQL Server\150\Tools\Binn\;C:\Program Files\Microsoft SQL Server\Client SDK\ODBC\170\Tools\Binn\;D:\gradle-8.12\bin;C:\Program Files\dotnet\;C:\Program Files (x86)\Windows Kits\10\Windows Performance Toolkit\;C:\Users\dduc1\AppData\Local\nvm;C:\nvm4w\nodejs;C:\Program Files\Docker\Docker\resources\bin;C:\Users\dduc1\AppData\Local\Programs\Python\Launcher\;C:\Users\dduc1\AppData\Local\Microsoft\WindowsApps;D:\VScode\Microsoft VS Code\bin;E:\PYTHON;C:\Users\dduc1\AppData\Roaming\npm;E:\PYTHON\Lib;E:\PYTHON\Scripts;D:\Intellij IDEA\IntelliJ IDEA 2024.1.4\bin;;C:\Users\dduc1\.dotnet\tools;C:\Program Files\dotnet\sdk\9.0.101;%JetBrains Rider%;D:\gradle-8.12\bin;C:\Users\dduc1\AppData\Local\nvm;C:\nvm4w\nodejs
USERNAME=dduc1
OS=Windows_NT
PROCESSOR_IDENTIFIER=AMD64 Family 25 Model 80 Stepping 0, AuthenticAMD
TMP=C:\Users\dduc1\AppData\Local\Temp
TEMP=C:\Users\dduc1\AppData\Local\Temp




Periodic native trim disabled

---------------  S Y S T E M  ---------------

OS:
 Windows 11 , 64 bit Build 26100 (10.0.26100.6725)
OS uptime: 9 days 21:46 hours
Hyper-V role detected

CPU: total 12 (initial active 12) (12 cores per cpu, 2 threads per core) family 25 model 80 stepping 0 microcode 0xa50000c, cx8, cmov, fxsr, ht, mmx, 3dnowpref, sse, sse2, sse3, ssse3, sse4a, sse4.1, sse4.2, popcnt, lzcnt, tsc, tscinvbit, avx, avx2, aes, erms, clmul, bmi1, bmi2, adx, sha, fma, vzeroupper, clflush, clflushopt, hv, rdtscp, rdpid, fsrm, f16c, cet_ss
Processor Information for the first 12 processors :
  Max Mhz: 3301, Current Mhz: 3301, Mhz Limit: 3301

Memory: 4k page, system-wide physical 15724M (817M free)
TotalPageFile size 46992M (AvailPageFile size 89M)
current process WorkingSet (physical memory assigned to process): 102M, peak: 242M
current process commit charge ("private bytes"): 453M, peak: 456M

vm_info: OpenJDK 64-Bit Server VM (21.0.8+9-LTS) for windows-amd64 JRE (21.0.8+9-LTS), built on 2025-07-10T20:22:44Z by "MicrosoftCorporation" with unknown MS VC++:1944

END.
