#
# There is insufficient memory for the Java Runtime Environment to continue.
# Native memory allocation (malloc) failed to allocate 1210736 bytes. Error detail: Chunk::new
# Possible reasons:
#   The system is out of physical RAM or swap space
#   This process is running with CompressedOops enabled, and the Java Heap may be blocking the growth of the native heap
# Possible solutions:
#   Reduce memory load on the system
#   Increase physical memory or swap space
#   Check if swap backing store is full
#   Decrease Java heap size (-Xmx/-Xms)
#   Decrease number of Java threads
#   Decrease Java thread stack sizes (-Xss)
#   Set larger code cache with -XX:ReservedCodeCacheSize=
#   JVM is running with Unscaled Compressed Oops mode in which the Java heap is
#     placed in the first 4GB address space. The Java Heap base address is the
#     maximum limit for the native heap growth. Please use -XX:HeapBaseMinAddress
#     to set the Java Heap base and to place the Java Heap above 4GB virtual address.
# This output file may be truncated or incomplete.
#
#  Out of Memory Error (arena.cpp:168), pid=2656, tid=14204
#
# JRE version: OpenJDK Runtime Environment Microsoft-11933218 (21.0.8+9) (build 21.0.8+9-LTS)
# Java VM: OpenJDK 64-Bit Server VM Microsoft-11933218 (21.0.8+9-LTS, mixed mode, sharing, tiered, compressed oops, compressed class ptrs, g1 gc, windows-amd64)
# No core dump will be written. Minidumps are not enabled by default on client versions of Windows
#

---------------  S U M M A R Y ------------

Command Line: --add-opens=java.base/java.lang=ALL-UNNAMED --add-opens=java.base/java.lang.invoke=ALL-UNNAMED --add-opens=java.base/java.util=ALL-UNNAMED --add-opens=java.prefs/java.util.prefs=ALL-UNNAMED --add-exports=jdk.compiler/com.sun.tools.javac.api=ALL-UNNAMED --add-exports=jdk.compiler/com.sun.tools.javac.util=ALL-UNNAMED --add-opens=java.base/java.util=ALL-UNNAMED --add-opens=java.prefs/java.util.prefs=ALL-UNNAMED --add-opens=java.base/java.nio.charset=ALL-UNNAMED --add-opens=java.base/java.net=ALL-UNNAMED --add-opens=java.base/java.util.concurrent.atomic=ALL-UNNAMED --add-opens=java.xml/javax.xml.namespace=ALL-UNNAMED -XX:MaxMetaspaceSize=384m -XX:+HeapDumpOnOutOfMemoryError -Xms256m -Xmx512m -Dfile.encoding=windows-1252 -Duser.country=US -Duser.language=en -Duser.variant -javaagent:C:\Users\dduc1\.gradle\wrapper\dists\gradle-8.14.3-bin\cv11ve7ro1n3o1j4so8xd9n66\gradle-8.14.3\lib\agents\gradle-instrumentation-agent-8.14.3.jar org.gradle.launcher.daemon.bootstrap.GradleDaemon 8.14.3

Host: AMD Ryzen 5 5600H with Radeon Graphics         , 12 cores, 15G,  Windows 11 , 64 bit Build 26100 (10.0.26100.5074)
Time: Mon Oct  6 10:26:18 2025 SE Asia Standard Time elapsed time: 228.998103 seconds (0d 0h 3m 48s)

---------------  T H R E A D  ---------------

Current thread (0x000001c65b8e6a60):  JavaThread "C2 CompilerThread0" daemon [_thread_in_native, id=14204, stack(0x0000005ddd200000,0x0000005ddd300000) (1024K)]


Current CompileTask:
C2:228998 6106       4       java.lang.invoke.MethodType::makeImpl (109 bytes)

Stack: [0x0000005ddd200000,0x0000005ddd300000]
Native frames: (J=compiled Java code, j=interpreted, Vv=VM code, C=native code)
V  [jvm.dll+0x6e1729]
V  [jvm.dll+0x8bf47b]
V  [jvm.dll+0x8c19aa]
V  [jvm.dll+0x8c2083]
V  [jvm.dll+0x289fd6]
V  [jvm.dll+0xc903d]
V  [jvm.dll+0xc958c]
V  [jvm.dll+0x3c76e2]
V  [jvm.dll+0x1ea3a6]
V  [jvm.dll+0x251db3]
V  [jvm.dll+0x251283]
V  [jvm.dll+0x1d18bf]
V  [jvm.dll+0x260f4a]
V  [jvm.dll+0x25f2b5]
V  [jvm.dll+0x40151d]
V  [jvm.dll+0x86975d]
V  [jvm.dll+0x6dff2d]
C  [ucrtbase.dll+0x37b0]
C  [KERNEL32.DLL+0x2e8d7]
C  [ntdll.dll+0x8d9c]


---------------  P R O C E S S  ---------------

Threads class SMR info:
_java_thread_list=0x000001c6790931f0, length=62, elements={
0x000001c6405bfb40, 0x000001c65b8c9630, 0x000001c65b8ccfb0, 0x000001c65b8d40a0,
0x000001c65b8d4d70, 0x000001c65b8d7200, 0x000001c65b8dfc60, 0x000001c65b8e6a60,
0x000001c65b8e8210, 0x000001c65b8a2670, 0x000001c65bc5d770, 0x000001c676680ce0,
0x000001c6767accf0, 0x000001c6766e3270, 0x000001c67683e5f0, 0x000001c67671ef40,
0x000001c6768b8a50, 0x000001c6768cdbe0, 0x000001c6768d1cf0, 0x000001c6768d2a10,
0x000001c6768d3730, 0x000001c6768d3dc0, 0x000001c6768d1660, 0x000001c6768d4450,
0x000001c6768d2380, 0x000001c6768d30a0, 0x000001c6770446f0, 0x000001c6770474e0,
0x000001c677046e50, 0x000001c6770467c0, 0x000001c677045aa0, 0x000001c677044060,
0x000001c677046130, 0x000001c677044d80, 0x000001c675ad3050, 0x000001c675ad0f80,
0x000001c675ad08f0, 0x000001c675ad1610, 0x000001c675ad0260, 0x000001c675acfbd0,
0x000001c675ad4a90, 0x000001c675ad5120, 0x000001c675ad1ca0, 0x000001c675ad29c0,
0x000001c675ad57b0, 0x000001c675ad6b60, 0x000001c675ad36e0, 0x000001c675ad3d70,
0x000001c675ad71f0, 0x000001c675ad5e40, 0x000001c675ad64d0, 0x000001c675ad4400,
0x000001c6768d0fd0, 0x000001c65bbd16b0, 0x000001c65bbd44a0, 0x000001c65bbd3e10,
0x000001c65bbd3780, 0x000001c65bbd30f0, 0x000001c65bbd1d40, 0x000001c65bbd23d0,
0x000001c65bbd1020, 0x000001c65bbd4b30
}

Java Threads: ( => current thread )
  0x000001c6405bfb40 JavaThread "main"                              [_thread_blocked, id=17092, stack(0x0000005ddc400000,0x0000005ddc500000) (1024K)]
  0x000001c65b8c9630 JavaThread "Reference Handler"          daemon [_thread_blocked, id=31340, stack(0x0000005ddcc00000,0x0000005ddcd00000) (1024K)]
  0x000001c65b8ccfb0 JavaThread "Finalizer"                  daemon [_thread_blocked, id=21952, stack(0x0000005ddcd00000,0x0000005ddce00000) (1024K)]
  0x000001c65b8d40a0 JavaThread "Signal Dispatcher"          daemon [_thread_blocked, id=28400, stack(0x0000005ddce00000,0x0000005ddcf00000) (1024K)]
  0x000001c65b8d4d70 JavaThread "Attach Listener"            daemon [_thread_blocked, id=22144, stack(0x0000005ddcf00000,0x0000005ddd000000) (1024K)]
  0x000001c65b8d7200 JavaThread "Service Thread"             daemon [_thread_blocked, id=12692, stack(0x0000005ddd000000,0x0000005ddd100000) (1024K)]
  0x000001c65b8dfc60 JavaThread "Monitor Deflation Thread"   daemon [_thread_blocked, id=12004, stack(0x0000005ddd100000,0x0000005ddd200000) (1024K)]
=>0x000001c65b8e6a60 JavaThread "C2 CompilerThread0"         daemon [_thread_in_native, id=14204, stack(0x0000005ddd200000,0x0000005ddd300000) (1024K)]
  0x000001c65b8e8210 JavaThread "C1 CompilerThread0"         daemon [_thread_blocked, id=20148, stack(0x0000005ddd300000,0x0000005ddd400000) (1024K)]
  0x000001c65b8a2670 JavaThread "Common-Cleaner"             daemon [_thread_blocked, id=1948, stack(0x0000005ddd400000,0x0000005ddd500000) (1024K)]
  0x000001c65bc5d770 JavaThread "Notification Thread"        daemon [_thread_blocked, id=19580, stack(0x0000005ddd500000,0x0000005ddd600000) (1024K)]
  0x000001c676680ce0 JavaThread "Daemon health stats"               [_thread_blocked, id=10296, stack(0x0000005ddd600000,0x0000005ddd700000) (1024K)]
  0x000001c6767accf0 JavaThread "Incoming local TCP Connector on port 49204"        [_thread_in_native, id=23432, stack(0x0000005ddd700000,0x0000005ddd800000) (1024K)]
  0x000001c6766e3270 JavaThread "Daemon periodic checks"            [_thread_blocked, id=30984, stack(0x0000005ddde00000,0x0000005dddf00000) (1024K)]
  0x000001c67683e5f0 JavaThread "Daemon"                            [_thread_blocked, id=31124, stack(0x0000005dddf00000,0x0000005dde000000) (1024K)]
  0x000001c67671ef40 JavaThread "Handler for socket connection from /127.0.0.1:49204 to /127.0.0.1:49205"        [_thread_in_native, id=21720, stack(0x0000005dde000000,0x0000005dde100000) (1024K)]
  0x000001c6768b8a50 JavaThread "Cancel handler"                    [_thread_blocked, id=4844, stack(0x0000005dde100000,0x0000005dde200000) (1024K)]
  0x000001c6768cdbe0 JavaThread "Daemon worker"                     [_thread_blocked, id=21404, stack(0x0000005dde200000,0x0000005dde300000) (1024K)]
  0x000001c6768d1cf0 JavaThread "Asynchronous log dispatcher for DefaultDaemonConnection: socket connection from /127.0.0.1:49204 to /127.0.0.1:49205"        [_thread_blocked, id=2024, stack(0x0000005dde300000,0x0000005dde400000) (1024K)]
  0x000001c6768d2a10 JavaThread "Stdin handler"                     [_thread_blocked, id=4000, stack(0x0000005dde400000,0x0000005dde500000) (1024K)]
  0x000001c6768d3730 JavaThread "Daemon client event forwarder"        [_thread_blocked, id=31408, stack(0x0000005dde500000,0x0000005dde600000) (1024K)]
  0x000001c6768d3dc0 JavaThread "Cache worker for journal cache (C:\Users\dduc1\.gradle\caches\journal-1)"        [_thread_blocked, id=13736, stack(0x0000005dde600000,0x0000005dde700000) (1024K)]
  0x000001c6768d1660 JavaThread "File lock request listener"        [_thread_in_native, id=29136, stack(0x0000005dde700000,0x0000005dde800000) (1024K)]
  0x000001c6768d4450 JavaThread "Cache worker for file hash cache (C:\Users\dduc1\.gradle\caches\8.14.3\fileHashes)"        [_thread_blocked, id=28860, stack(0x0000005dde800000,0x0000005dde900000) (1024K)]
  0x000001c6768d2380 JavaThread "Cache worker for file hash cache (E:\J2EE\Java_Microservice_BE\user-service\.gradle\8.14.3\fileHashes)"        [_thread_blocked, id=28096, stack(0x0000005ddf100000,0x0000005ddf200000) (1024K)]
  0x000001c6768d30a0 JavaThread "Cache worker for Build Output Cleanup Cache (E:\J2EE\Java_Microservice_BE\user-service\.gradle\buildOutputCleanup)"        [_thread_blocked, id=29404, stack(0x0000005ddf200000,0x0000005ddf300000) (1024K)]
  0x000001c6770446f0 JavaThread "File watcher server"        daemon [_thread_in_native, id=19948, stack(0x0000005ddf300000,0x0000005ddf400000) (1024K)]
  0x000001c6770474e0 JavaThread "File watcher consumer"      daemon [_thread_blocked, id=18056, stack(0x0000005ddf400000,0x0000005ddf500000) (1024K)]
  0x000001c677046e50 JavaThread "jar transforms"                    [_thread_blocked, id=380, stack(0x0000005ddf000000,0x0000005ddf100000) (1024K)]
  0x000001c6770467c0 JavaThread "jar transforms Thread 2"           [_thread_blocked, id=27116, stack(0x0000005dddd00000,0x0000005ddde00000) (1024K)]
  0x000001c677045aa0 JavaThread "Cache worker for checksums cache (E:\J2EE\Java_Microservice_BE\user-service\.gradle\8.14.3\checksums)"        [_thread_blocked, id=29820, stack(0x0000005ddf700000,0x0000005ddf800000) (1024K)]
  0x000001c677044060 JavaThread "Cache worker for file content cache (C:\Users\dduc1\.gradle\caches\8.14.3\fileContent)"        [_thread_blocked, id=29144, stack(0x0000005ddf800000,0x0000005ddf900000) (1024K)]
  0x000001c677046130 JavaThread "jar transforms Thread 3"           [_thread_blocked, id=21956, stack(0x0000005ddf500000,0x0000005ddf600000) (1024K)]
  0x000001c677044d80 JavaThread "jar transforms Thread 4"           [_thread_blocked, id=10276, stack(0x0000005ddf600000,0x0000005ddf700000) (1024K)]
  0x000001c675ad3050 JavaThread "jar transforms Thread 5"           [_thread_blocked, id=25464, stack(0x0000005ddf900000,0x0000005ddfa00000) (1024K)]
  0x000001c675ad0f80 JavaThread "jar transforms Thread 6"           [_thread_blocked, id=26348, stack(0x0000005ddfa00000,0x0000005ddfb00000) (1024K)]
  0x000001c675ad08f0 JavaThread "Cache worker for cache directory md-supplier (C:\Users\dduc1\.gradle\caches\8.14.3\md-supplier)"        [_thread_blocked, id=31916, stack(0x0000005ddfc00000,0x0000005ddfd00000) (1024K)]
  0x000001c675ad1610 JavaThread "Cache worker for cache directory md-rule (C:\Users\dduc1\.gradle\caches\8.14.3\md-rule)"        [_thread_blocked, id=32008, stack(0x0000005ddfb00000,0x0000005ddfc00000) (1024K)]
  0x000001c675ad0260 JavaThread "File lock release action executor Thread 3"        [_thread_blocked, id=19144, stack(0x0000005ddc100000,0x0000005ddc200000) (1024K)]
  0x000001c675acfbd0 JavaThread "jar transforms Thread 7"           [_thread_blocked, id=23040, stack(0x0000005ddc200000,0x0000005ddc300000) (1024K)]
  0x000001c675ad4a90 JavaThread "Unconstrained build operations"        [_thread_blocked, id=41320, stack(0x0000005ddc300000,0x0000005ddc400000) (1024K)]
  0x000001c675ad5120 JavaThread "Unconstrained build operations Thread 2"        [_thread_blocked, id=9128, stack(0x0000005dde900000,0x0000005ddea00000) (1024K)]
  0x000001c675ad1ca0 JavaThread "Unconstrained build operations Thread 3"        [_thread_blocked, id=12880, stack(0x0000005ddfd00000,0x0000005ddfe00000) (1024K)]
  0x000001c675ad29c0 JavaThread "Unconstrained build operations Thread 4"        [_thread_blocked, id=7340, stack(0x0000005ddfe00000,0x0000005ddff00000) (1024K)]
  0x000001c675ad57b0 JavaThread "Unconstrained build operations Thread 5"        [_thread_blocked, id=14892, stack(0x0000005ddff00000,0x0000005de0000000) (1024K)]
  0x000001c675ad6b60 JavaThread "Unconstrained build operations Thread 6"        [_thread_blocked, id=16008, stack(0x0000005de0000000,0x0000005de0100000) (1024K)]
  0x000001c675ad36e0 JavaThread "Unconstrained build operations Thread 7"        [_thread_blocked, id=20916, stack(0x0000005de0100000,0x0000005de0200000) (1024K)]
  0x000001c675ad3d70 JavaThread "Unconstrained build operations Thread 8"        [_thread_blocked, id=24240, stack(0x0000005de0200000,0x0000005de0300000) (1024K)]
  0x000001c675ad71f0 JavaThread "Unconstrained build operations Thread 9"        [_thread_blocked, id=21048, stack(0x0000005de0300000,0x0000005de0400000) (1024K)]
  0x000001c675ad5e40 JavaThread "Unconstrained build operations Thread 10"        [_thread_blocked, id=20596, stack(0x0000005de0400000,0x0000005de0500000) (1024K)]
  0x000001c675ad64d0 JavaThread "Unconstrained build operations Thread 11"        [_thread_blocked, id=36084, stack(0x0000005de0500000,0x0000005de0600000) (1024K)]
  0x000001c675ad4400 JavaThread "Unconstrained build operations Thread 12"        [_thread_blocked, id=37084, stack(0x0000005de0600000,0x0000005de0700000) (1024K)]
  0x000001c6768d0fd0 JavaThread "Unconstrained build operations Thread 13"        [_thread_blocked, id=13872, stack(0x0000005de0700000,0x0000005de0800000) (1024K)]
  0x000001c65bbd16b0 JavaThread "Unconstrained build operations Thread 14"        [_thread_blocked, id=35068, stack(0x0000005de0800000,0x0000005de0900000) (1024K)]
  0x000001c65bbd44a0 JavaThread "Unconstrained build operations Thread 15"        [_thread_blocked, id=40916, stack(0x0000005de0900000,0x0000005de0a00000) (1024K)]
  0x000001c65bbd3e10 JavaThread "Unconstrained build operations Thread 16"        [_thread_blocked, id=41028, stack(0x0000005de0a00000,0x0000005de0b00000) (1024K)]
  0x000001c65bbd3780 JavaThread "Unconstrained build operations Thread 17"        [_thread_blocked, id=42884, stack(0x0000005de0b00000,0x0000005de0c00000) (1024K)]
  0x000001c65bbd30f0 JavaThread "Unconstrained build operations Thread 18"        [_thread_blocked, id=40892, stack(0x0000005de0c00000,0x0000005de0d00000) (1024K)]
  0x000001c65bbd1d40 JavaThread "Unconstrained build operations Thread 19"        [_thread_blocked, id=21712, stack(0x0000005de0d00000,0x0000005de0e00000) (1024K)]
  0x000001c65bbd23d0 JavaThread "Unconstrained build operations Thread 20"        [_thread_blocked, id=36556, stack(0x0000005de0e00000,0x0000005de0f00000) (1024K)]
  0x000001c65bbd1020 JavaThread "Unconstrained build operations Thread 21"        [_thread_in_native, id=39532, stack(0x0000005de0f00000,0x0000005de1000000) (1024K)]
  0x000001c65bbd4b30 JavaThread "Unconstrained build operations Thread 22"        [_thread_blocked, id=33840, stack(0x0000005de1000000,0x0000005de1100000) (1024K)]
Total: 62

Other Threads:
  0x000001c65b8b17f0 VMThread "VM Thread"                           [id=23244, stack(0x0000005ddcb00000,0x0000005ddcc00000) (1024K)]
  0x000001c65b8a0cd0 WatcherThread "VM Periodic Task Thread"        [id=22464, stack(0x0000005ddca00000,0x0000005ddcb00000) (1024K)]
  0x000001c6405ea840 WorkerThread "GC Thread#0"                     [id=31008, stack(0x0000005ddc500000,0x0000005ddc600000) (1024K)]
  0x000001c65bcbe460 WorkerThread "GC Thread#1"                     [id=8676, stack(0x0000005ddd800000,0x0000005ddd900000) (1024K)]
  0x000001c65bccbb30 WorkerThread "GC Thread#2"                     [id=17472, stack(0x0000005ddd900000,0x0000005ddda00000) (1024K)]
  0x000001c65bccbed0 WorkerThread "GC Thread#3"                     [id=21624, stack(0x0000005ddda00000,0x0000005dddb00000) (1024K)]
  0x000001c65bc81440 WorkerThread "GC Thread#4"                     [id=7848, stack(0x0000005dddb00000,0x0000005dddc00000) (1024K)]
  0x000001c65bc817e0 WorkerThread "GC Thread#5"                     [id=23452, stack(0x0000005dddc00000,0x0000005dddd00000) (1024K)]
  0x000001c677cec850 WorkerThread "GC Thread#6"                     [id=18828, stack(0x0000005ddea00000,0x0000005ddeb00000) (1024K)]
  0x000001c677cec110 WorkerThread "GC Thread#7"                     [id=28212, stack(0x0000005ddeb00000,0x0000005ddec00000) (1024K)]
  0x000001c677cec4b0 WorkerThread "GC Thread#8"                     [id=21500, stack(0x0000005ddec00000,0x0000005dded00000) (1024K)]
  0x000001c677ced330 WorkerThread "GC Thread#9"                     [id=27004, stack(0x0000005dded00000,0x0000005ddee00000) (1024K)]
  0x000001c6405ef730 ConcurrentGCThread "G1 Main Marker"            [id=6864, stack(0x0000005ddc600000,0x0000005ddc700000) (1024K)]
  0x000001c6405f0950 WorkerThread "G1 Conc#0"                       [id=22704, stack(0x0000005ddc700000,0x0000005ddc800000) (1024K)]
  0x000001c678457360 WorkerThread "G1 Conc#1"                       [id=13692, stack(0x0000005ddee00000,0x0000005ddef00000) (1024K)]
  0x000001c678457700 WorkerThread "G1 Conc#2"                       [id=21688, stack(0x0000005ddef00000,0x0000005ddf000000) (1024K)]
  0x000001c65b775600 ConcurrentGCThread "G1 Refine#0"               [id=12976, stack(0x0000005ddc800000,0x0000005ddc900000) (1024K)]
  0x000001c65b775f20 ConcurrentGCThread "G1 Service"                [id=5556, stack(0x0000005ddc900000,0x0000005ddca00000) (1024K)]
Total: 18

Threads with active compile tasks:
C2 CompilerThread0  229059 6106       4       java.lang.invoke.MethodType::makeImpl (109 bytes)
Total: 1

VM state: not at safepoint (normal execution)

VM Mutex/Monitor currently owned by a thread: None

Heap address: 0x00000000e0000000, size: 512 MB, Compressed Oops mode: 32-bit

CDS archive(s) mapped at: [0x000001c65c000000-0x000001c65cc80000-0x000001c65cc80000), size 13107200, SharedBaseAddress: 0x000001c65c000000, ArchiveRelocationMode: 1.
Compressed class space mapped at: 0x000001c65d000000-0x000001c671000000, reserved size: 335544320
Narrow klass base: 0x000001c65c000000, Narrow klass shift: 0, Narrow klass range: 0x100000000

GC Precious Log:
 CardTable entry size: 512
 Card Set container configuration: InlinePtr #cards 5 size 8 Array Of Cards #cards 12 size 40 Howl #buckets 4 coarsen threshold 1843 Howl Bitmap #cards 512 size 80 coarsen threshold 460 Card regions per heap region 1 cards per card region 2048
 CPUs: 12 total, 12 available
 Memory: 15724M
 Large Page Support: Disabled
 NUMA Support: Disabled
 Compressed Oops: Enabled (32-bit)
 Heap Region Size: 1M
 Heap Min Capacity: 256M
 Heap Initial Capacity: 256M
 Heap Max Capacity: 512M
 Pre-touch: Disabled
 Parallel Workers: 10
 Concurrent Workers: 3
 Concurrent Refinement Workers: 10
 Periodic GC: Disabled

Heap:
 garbage-first heap   total 262144K, used 53400K [0x00000000e0000000, 0x0000000100000000)
  region size 1024K, 31 young (31744K), 16 survivors (16384K)
 Metaspace       used 50972K, committed 52736K, reserved 393216K
  class space    used 7389K, committed 8256K, reserved 327680K

Heap Regions: E=young(eden), S=young(survivor), O=old, HS=humongous(starts), HC=humongous(continues), CS=collection set, F=free, TAMS=top-at-mark-start, PB=parsable bottom
|   0|0x00000000e0000000, 0x00000000e0100000, 0x00000000e0100000|100%|HS|  |TAMS 0x00000000e0000000| PB 0x00000000e0000000| Complete 
|   1|0x00000000e0100000, 0x00000000e0200000, 0x00000000e0200000|100%|HC|  |TAMS 0x00000000e0100000| PB 0x00000000e0100000| Complete 
|   2|0x00000000e0200000, 0x00000000e0300000, 0x00000000e0300000|100%|HC|  |TAMS 0x00000000e0200000| PB 0x00000000e0200000| Complete 
|   3|0x00000000e0300000, 0x00000000e0300000, 0x00000000e0400000|  0%| F|  |TAMS 0x00000000e0300000| PB 0x00000000e0300000| Untracked 
|   4|0x00000000e0400000, 0x00000000e0500000, 0x00000000e0500000|100%| O|  |TAMS 0x00000000e0400000| PB 0x00000000e0400000| Untracked 
|   5|0x00000000e0500000, 0x00000000e0600000, 0x00000000e0600000|100%| O|  |TAMS 0x00000000e0500000| PB 0x00000000e0500000| Untracked 
|   6|0x00000000e0600000, 0x00000000e0700000, 0x00000000e0700000|100%|HS|  |TAMS 0x00000000e0600000| PB 0x00000000e0600000| Complete 
|   7|0x00000000e0700000, 0x00000000e0800000, 0x00000000e0800000|100%| O|  |TAMS 0x00000000e0700000| PB 0x00000000e0700000| Untracked 
|   8|0x00000000e0800000, 0x00000000e0900000, 0x00000000e0900000|100%| O|  |TAMS 0x00000000e0800000| PB 0x00000000e0800000| Untracked 
|   9|0x00000000e0900000, 0x00000000e0a00000, 0x00000000e0a00000|100%| O|  |TAMS 0x00000000e0900000| PB 0x00000000e0900000| Untracked 
|  10|0x00000000e0a00000, 0x00000000e0b00000, 0x00000000e0b00000|100%| O|Cm|TAMS 0x00000000e0a00000| PB 0x00000000e0a00000| Complete 
|  11|0x00000000e0b00000, 0x00000000e0c00000, 0x00000000e0c00000|100%| O|  |TAMS 0x00000000e0b00000| PB 0x00000000e0b00000| Untracked 
|  12|0x00000000e0c00000, 0x00000000e0d00000, 0x00000000e0d00000|100%| O|  |TAMS 0x00000000e0c00000| PB 0x00000000e0c00000| Untracked 
|  13|0x00000000e0d00000, 0x00000000e0d00000, 0x00000000e0e00000|  0%| F|  |TAMS 0x00000000e0d00000| PB 0x00000000e0d00000| Untracked 
|  14|0x00000000e0e00000, 0x00000000e0e00000, 0x00000000e0f00000|  0%| F|  |TAMS 0x00000000e0e00000| PB 0x00000000e0e00000| Untracked 
|  15|0x00000000e0f00000, 0x00000000e1000000, 0x00000000e1000000|100%| O|  |TAMS 0x00000000e0f00000| PB 0x00000000e0f00000| Untracked 
|  16|0x00000000e1000000, 0x00000000e1100000, 0x00000000e1100000|100%| O|  |TAMS 0x00000000e1000000| PB 0x00000000e1000000| Untracked 
|  17|0x00000000e1100000, 0x00000000e1200000, 0x00000000e1200000|100%| O|  |TAMS 0x00000000e1100000| PB 0x00000000e1100000| Untracked 
|  18|0x00000000e1200000, 0x00000000e1300000, 0x00000000e1300000|100%| O|  |TAMS 0x00000000e1200000| PB 0x00000000e1200000| Untracked 
|  19|0x00000000e1300000, 0x00000000e1400000, 0x00000000e1400000|100%| O|  |TAMS 0x00000000e1300000| PB 0x00000000e1300000| Untracked 
|  20|0x00000000e1400000, 0x00000000e1500000, 0x00000000e1500000|100%| O|  |TAMS 0x00000000e1400000| PB 0x00000000e1400000| Untracked 
|  21|0x00000000e1500000, 0x00000000e1600000, 0x00000000e1600000|100%| O|  |TAMS 0x00000000e1500000| PB 0x00000000e1500000| Untracked 
|  22|0x00000000e1600000, 0x00000000e1700000, 0x00000000e1700000|100%| O|  |TAMS 0x00000000e1600000| PB 0x00000000e1600000| Untracked 
|  23|0x00000000e1700000, 0x00000000e1800000, 0x00000000e1800000|100%| O|  |TAMS 0x00000000e1700000| PB 0x00000000e1700000| Untracked 
|  24|0x00000000e1800000, 0x00000000e1900000, 0x00000000e1900000|100%| O|  |TAMS 0x00000000e1800000| PB 0x00000000e1800000| Untracked 
|  25|0x00000000e1900000, 0x00000000e19fcfe0, 0x00000000e1a00000| 98%| O|  |TAMS 0x00000000e1900000| PB 0x00000000e1900000| Untracked 
|  26|0x00000000e1a00000, 0x00000000e1a00000, 0x00000000e1b00000|  0%| F|  |TAMS 0x00000000e1a00000| PB 0x00000000e1a00000| Untracked 
|  27|0x00000000e1b00000, 0x00000000e1b00000, 0x00000000e1c00000|  0%| F|  |TAMS 0x00000000e1b00000| PB 0x00000000e1b00000| Untracked 
|  28|0x00000000e1c00000, 0x00000000e1c00000, 0x00000000e1d00000|  0%| F|  |TAMS 0x00000000e1c00000| PB 0x00000000e1c00000| Untracked 
|  29|0x00000000e1d00000, 0x00000000e1d00000, 0x00000000e1e00000|  0%| F|  |TAMS 0x00000000e1d00000| PB 0x00000000e1d00000| Untracked 
|  30|0x00000000e1e00000, 0x00000000e1e00000, 0x00000000e1f00000|  0%| F|  |TAMS 0x00000000e1e00000| PB 0x00000000e1e00000| Untracked 
|  31|0x00000000e1f00000, 0x00000000e1f00000, 0x00000000e2000000|  0%| F|  |TAMS 0x00000000e1f00000| PB 0x00000000e1f00000| Untracked 
|  32|0x00000000e2000000, 0x00000000e2000000, 0x00000000e2100000|  0%| F|  |TAMS 0x00000000e2000000| PB 0x00000000e2000000| Untracked 
|  33|0x00000000e2100000, 0x00000000e2100000, 0x00000000e2200000|  0%| F|  |TAMS 0x00000000e2100000| PB 0x00000000e2100000| Untracked 
|  34|0x00000000e2200000, 0x00000000e2200000, 0x00000000e2300000|  0%| F|  |TAMS 0x00000000e2200000| PB 0x00000000e2200000| Untracked 
|  35|0x00000000e2300000, 0x00000000e2300000, 0x00000000e2400000|  0%| F|  |TAMS 0x00000000e2300000| PB 0x00000000e2300000| Untracked 
|  36|0x00000000e2400000, 0x00000000e2400000, 0x00000000e2500000|  0%| F|  |TAMS 0x00000000e2400000| PB 0x00000000e2400000| Untracked 
|  37|0x00000000e2500000, 0x00000000e2500000, 0x00000000e2600000|  0%| F|  |TAMS 0x00000000e2500000| PB 0x00000000e2500000| Untracked 
|  38|0x00000000e2600000, 0x00000000e2600000, 0x00000000e2700000|  0%| F|  |TAMS 0x00000000e2600000| PB 0x00000000e2600000| Untracked 
|  39|0x00000000e2700000, 0x00000000e2700000, 0x00000000e2800000|  0%| F|  |TAMS 0x00000000e2700000| PB 0x00000000e2700000| Untracked 
|  40|0x00000000e2800000, 0x00000000e2800000, 0x00000000e2900000|  0%| F|  |TAMS 0x00000000e2800000| PB 0x00000000e2800000| Untracked 
|  41|0x00000000e2900000, 0x00000000e2900000, 0x00000000e2a00000|  0%| F|  |TAMS 0x00000000e2900000| PB 0x00000000e2900000| Untracked 
|  42|0x00000000e2a00000, 0x00000000e2a00000, 0x00000000e2b00000|  0%| F|  |TAMS 0x00000000e2a00000| PB 0x00000000e2a00000| Untracked 
|  43|0x00000000e2b00000, 0x00000000e2b00000, 0x00000000e2c00000|  0%| F|  |TAMS 0x00000000e2b00000| PB 0x00000000e2b00000| Untracked 
|  44|0x00000000e2c00000, 0x00000000e2c00000, 0x00000000e2d00000|  0%| F|  |TAMS 0x00000000e2c00000| PB 0x00000000e2c00000| Untracked 
|  45|0x00000000e2d00000, 0x00000000e2d00000, 0x00000000e2e00000|  0%| F|  |TAMS 0x00000000e2d00000| PB 0x00000000e2d00000| Untracked 
|  46|0x00000000e2e00000, 0x00000000e2e00000, 0x00000000e2f00000|  0%| F|  |TAMS 0x00000000e2e00000| PB 0x00000000e2e00000| Untracked 
|  47|0x00000000e2f00000, 0x00000000e2f00000, 0x00000000e3000000|  0%| F|  |TAMS 0x00000000e2f00000| PB 0x00000000e2f00000| Untracked 
|  48|0x00000000e3000000, 0x00000000e3000000, 0x00000000e3100000|  0%| F|  |TAMS 0x00000000e3000000| PB 0x00000000e3000000| Untracked 
|  49|0x00000000e3100000, 0x00000000e3100000, 0x00000000e3200000|  0%| F|  |TAMS 0x00000000e3100000| PB 0x00000000e3100000| Untracked 
|  50|0x00000000e3200000, 0x00000000e3200000, 0x00000000e3300000|  0%| F|  |TAMS 0x00000000e3200000| PB 0x00000000e3200000| Untracked 
|  51|0x00000000e3300000, 0x00000000e3300000, 0x00000000e3400000|  0%| F|  |TAMS 0x00000000e3300000| PB 0x00000000e3300000| Untracked 
|  52|0x00000000e3400000, 0x00000000e3400000, 0x00000000e3500000|  0%| F|  |TAMS 0x00000000e3400000| PB 0x00000000e3400000| Untracked 
|  53|0x00000000e3500000, 0x00000000e3500000, 0x00000000e3600000|  0%| F|  |TAMS 0x00000000e3500000| PB 0x00000000e3500000| Untracked 
|  54|0x00000000e3600000, 0x00000000e3600000, 0x00000000e3700000|  0%| F|  |TAMS 0x00000000e3600000| PB 0x00000000e3600000| Untracked 
|  55|0x00000000e3700000, 0x00000000e3700000, 0x00000000e3800000|  0%| F|  |TAMS 0x00000000e3700000| PB 0x00000000e3700000| Untracked 
|  56|0x00000000e3800000, 0x00000000e3800000, 0x00000000e3900000|  0%| F|  |TAMS 0x00000000e3800000| PB 0x00000000e3800000| Untracked 
|  57|0x00000000e3900000, 0x00000000e3900000, 0x00000000e3a00000|  0%| F|  |TAMS 0x00000000e3900000| PB 0x00000000e3900000| Untracked 
|  58|0x00000000e3a00000, 0x00000000e3a00000, 0x00000000e3b00000|  0%| F|  |TAMS 0x00000000e3a00000| PB 0x00000000e3a00000| Untracked 
|  59|0x00000000e3b00000, 0x00000000e3b00000, 0x00000000e3c00000|  0%| F|  |TAMS 0x00000000e3b00000| PB 0x00000000e3b00000| Untracked 
|  60|0x00000000e3c00000, 0x00000000e3c00000, 0x00000000e3d00000|  0%| F|  |TAMS 0x00000000e3c00000| PB 0x00000000e3c00000| Untracked 
|  61|0x00000000e3d00000, 0x00000000e3d00000, 0x00000000e3e00000|  0%| F|  |TAMS 0x00000000e3d00000| PB 0x00000000e3d00000| Untracked 
|  62|0x00000000e3e00000, 0x00000000e3e00000, 0x00000000e3f00000|  0%| F|  |TAMS 0x00000000e3e00000| PB 0x00000000e3e00000| Untracked 
|  63|0x00000000e3f00000, 0x00000000e3f00000, 0x00000000e4000000|  0%| F|  |TAMS 0x00000000e3f00000| PB 0x00000000e3f00000| Untracked 
|  64|0x00000000e4000000, 0x00000000e4000000, 0x00000000e4100000|  0%| F|  |TAMS 0x00000000e4000000| PB 0x00000000e4000000| Untracked 
|  65|0x00000000e4100000, 0x00000000e4100000, 0x00000000e4200000|  0%| F|  |TAMS 0x00000000e4100000| PB 0x00000000e4100000| Untracked 
|  66|0x00000000e4200000, 0x00000000e4200000, 0x00000000e4300000|  0%| F|  |TAMS 0x00000000e4200000| PB 0x00000000e4200000| Untracked 
|  67|0x00000000e4300000, 0x00000000e4300000, 0x00000000e4400000|  0%| F|  |TAMS 0x00000000e4300000| PB 0x00000000e4300000| Untracked 
|  68|0x00000000e4400000, 0x00000000e4400000, 0x00000000e4500000|  0%| F|  |TAMS 0x00000000e4400000| PB 0x00000000e4400000| Untracked 
|  69|0x00000000e4500000, 0x00000000e4500000, 0x00000000e4600000|  0%| F|  |TAMS 0x00000000e4500000| PB 0x00000000e4500000| Untracked 
|  70|0x00000000e4600000, 0x00000000e4600000, 0x00000000e4700000|  0%| F|  |TAMS 0x00000000e4600000| PB 0x00000000e4600000| Untracked 
|  71|0x00000000e4700000, 0x00000000e4700000, 0x00000000e4800000|  0%| F|  |TAMS 0x00000000e4700000| PB 0x00000000e4700000| Untracked 
|  72|0x00000000e4800000, 0x00000000e4800000, 0x00000000e4900000|  0%| F|  |TAMS 0x00000000e4800000| PB 0x00000000e4800000| Untracked 
|  73|0x00000000e4900000, 0x00000000e4900000, 0x00000000e4a00000|  0%| F|  |TAMS 0x00000000e4900000| PB 0x00000000e4900000| Untracked 
|  74|0x00000000e4a00000, 0x00000000e4a00000, 0x00000000e4b00000|  0%| F|  |TAMS 0x00000000e4a00000| PB 0x00000000e4a00000| Untracked 
|  75|0x00000000e4b00000, 0x00000000e4b00000, 0x00000000e4c00000|  0%| F|  |TAMS 0x00000000e4b00000| PB 0x00000000e4b00000| Untracked 
|  76|0x00000000e4c00000, 0x00000000e4c00000, 0x00000000e4d00000|  0%| F|  |TAMS 0x00000000e4c00000| PB 0x00000000e4c00000| Untracked 
|  77|0x00000000e4d00000, 0x00000000e4d00000, 0x00000000e4e00000|  0%| F|  |TAMS 0x00000000e4d00000| PB 0x00000000e4d00000| Untracked 
|  78|0x00000000e4e00000, 0x00000000e4e00000, 0x00000000e4f00000|  0%| F|  |TAMS 0x00000000e4e00000| PB 0x00000000e4e00000| Untracked 
|  79|0x00000000e4f00000, 0x00000000e4f00000, 0x00000000e5000000|  0%| F|  |TAMS 0x00000000e4f00000| PB 0x00000000e4f00000| Untracked 
|  80|0x00000000e5000000, 0x00000000e5000000, 0x00000000e5100000|  0%| F|  |TAMS 0x00000000e5000000| PB 0x00000000e5000000| Untracked 
|  81|0x00000000e5100000, 0x00000000e5100000, 0x00000000e5200000|  0%| F|  |TAMS 0x00000000e5100000| PB 0x00000000e5100000| Untracked 
|  82|0x00000000e5200000, 0x00000000e5200000, 0x00000000e5300000|  0%| F|  |TAMS 0x00000000e5200000| PB 0x00000000e5200000| Untracked 
|  83|0x00000000e5300000, 0x00000000e5300000, 0x00000000e5400000|  0%| F|  |TAMS 0x00000000e5300000| PB 0x00000000e5300000| Untracked 
|  84|0x00000000e5400000, 0x00000000e5400000, 0x00000000e5500000|  0%| F|  |TAMS 0x00000000e5400000| PB 0x00000000e5400000| Untracked 
|  85|0x00000000e5500000, 0x00000000e5500000, 0x00000000e5600000|  0%| F|  |TAMS 0x00000000e5500000| PB 0x00000000e5500000| Untracked 
|  86|0x00000000e5600000, 0x00000000e5600000, 0x00000000e5700000|  0%| F|  |TAMS 0x00000000e5600000| PB 0x00000000e5600000| Untracked 
|  87|0x00000000e5700000, 0x00000000e57292a8, 0x00000000e5800000| 16%| S|CS|TAMS 0x00000000e5700000| PB 0x00000000e5700000| Complete 
|  88|0x00000000e5800000, 0x00000000e5900000, 0x00000000e5900000|100%| S|CS|TAMS 0x00000000e5800000| PB 0x00000000e5800000| Complete 
|  89|0x00000000e5900000, 0x00000000e5a00000, 0x00000000e5a00000|100%| S|CS|TAMS 0x00000000e5900000| PB 0x00000000e5900000| Complete 
|  90|0x00000000e5a00000, 0x00000000e5b00000, 0x00000000e5b00000|100%| S|CS|TAMS 0x00000000e5a00000| PB 0x00000000e5a00000| Complete 
|  91|0x00000000e5b00000, 0x00000000e5c00000, 0x00000000e5c00000|100%| S|CS|TAMS 0x00000000e5b00000| PB 0x00000000e5b00000| Complete 
|  92|0x00000000e5c00000, 0x00000000e5d00000, 0x00000000e5d00000|100%| S|CS|TAMS 0x00000000e5c00000| PB 0x00000000e5c00000| Complete 
|  93|0x00000000e5d00000, 0x00000000e5e00000, 0x00000000e5e00000|100%| S|CS|TAMS 0x00000000e5d00000| PB 0x00000000e5d00000| Complete 
|  94|0x00000000e5e00000, 0x00000000e5f00000, 0x00000000e5f00000|100%| S|CS|TAMS 0x00000000e5e00000| PB 0x00000000e5e00000| Complete 
|  95|0x00000000e5f00000, 0x00000000e6000000, 0x00000000e6000000|100%| S|CS|TAMS 0x00000000e5f00000| PB 0x00000000e5f00000| Complete 
|  96|0x00000000e6000000, 0x00000000e6100000, 0x00000000e6100000|100%| S|CS|TAMS 0x00000000e6000000| PB 0x00000000e6000000| Complete 
|  97|0x00000000e6100000, 0x00000000e6200000, 0x00000000e6200000|100%| S|CS|TAMS 0x00000000e6100000| PB 0x00000000e6100000| Complete 
|  98|0x00000000e6200000, 0x00000000e6300000, 0x00000000e6300000|100%| S|CS|TAMS 0x00000000e6200000| PB 0x00000000e6200000| Complete 
|  99|0x00000000e6300000, 0x00000000e6400000, 0x00000000e6400000|100%| S|CS|TAMS 0x00000000e6300000| PB 0x00000000e6300000| Complete 
| 100|0x00000000e6400000, 0x00000000e6500000, 0x00000000e6500000|100%| S|CS|TAMS 0x00000000e6400000| PB 0x00000000e6400000| Complete 
| 101|0x00000000e6500000, 0x00000000e6600000, 0x00000000e6600000|100%| S|CS|TAMS 0x00000000e6500000| PB 0x00000000e6500000| Complete 
| 102|0x00000000e6600000, 0x00000000e6700000, 0x00000000e6700000|100%| S|CS|TAMS 0x00000000e6600000| PB 0x00000000e6600000| Complete 
| 103|0x00000000e6700000, 0x00000000e6700000, 0x00000000e6800000|  0%| F|  |TAMS 0x00000000e6700000| PB 0x00000000e6700000| Untracked 
| 104|0x00000000e6800000, 0x00000000e6800000, 0x00000000e6900000|  0%| F|  |TAMS 0x00000000e6800000| PB 0x00000000e6800000| Untracked 
| 105|0x00000000e6900000, 0x00000000e6900000, 0x00000000e6a00000|  0%| F|  |TAMS 0x00000000e6900000| PB 0x00000000e6900000| Untracked 
| 106|0x00000000e6a00000, 0x00000000e6a00000, 0x00000000e6b00000|  0%| F|  |TAMS 0x00000000e6a00000| PB 0x00000000e6a00000| Untracked 
| 107|0x00000000e6b00000, 0x00000000e6b00000, 0x00000000e6c00000|  0%| F|  |TAMS 0x00000000e6b00000| PB 0x00000000e6b00000| Untracked 
| 108|0x00000000e6c00000, 0x00000000e6c00000, 0x00000000e6d00000|  0%| F|  |TAMS 0x00000000e6c00000| PB 0x00000000e6c00000| Untracked 
| 109|0x00000000e6d00000, 0x00000000e6d00000, 0x00000000e6e00000|  0%| F|  |TAMS 0x00000000e6d00000| PB 0x00000000e6d00000| Untracked 
| 110|0x00000000e6e00000, 0x00000000e6e00000, 0x00000000e6f00000|  0%| F|  |TAMS 0x00000000e6e00000| PB 0x00000000e6e00000| Untracked 
| 111|0x00000000e6f00000, 0x00000000e6f00000, 0x00000000e7000000|  0%| F|  |TAMS 0x00000000e6f00000| PB 0x00000000e6f00000| Untracked 
| 112|0x00000000e7000000, 0x00000000e7000000, 0x00000000e7100000|  0%| F|  |TAMS 0x00000000e7000000| PB 0x00000000e7000000| Untracked 
| 113|0x00000000e7100000, 0x00000000e7100000, 0x00000000e7200000|  0%| F|  |TAMS 0x00000000e7100000| PB 0x00000000e7100000| Untracked 
| 114|0x00000000e7200000, 0x00000000e7200000, 0x00000000e7300000|  0%| F|  |TAMS 0x00000000e7200000| PB 0x00000000e7200000| Untracked 
| 115|0x00000000e7300000, 0x00000000e7300000, 0x00000000e7400000|  0%| F|  |TAMS 0x00000000e7300000| PB 0x00000000e7300000| Untracked 
| 116|0x00000000e7400000, 0x00000000e7400000, 0x00000000e7500000|  0%| F|  |TAMS 0x00000000e7400000| PB 0x00000000e7400000| Untracked 
| 117|0x00000000e7500000, 0x00000000e7500000, 0x00000000e7600000|  0%| F|  |TAMS 0x00000000e7500000| PB 0x00000000e7500000| Untracked 
| 118|0x00000000e7600000, 0x00000000e7600000, 0x00000000e7700000|  0%| F|  |TAMS 0x00000000e7600000| PB 0x00000000e7600000| Untracked 
| 119|0x00000000e7700000, 0x00000000e7700000, 0x00000000e7800000|  0%| F|  |TAMS 0x00000000e7700000| PB 0x00000000e7700000| Untracked 
| 120|0x00000000e7800000, 0x00000000e7800000, 0x00000000e7900000|  0%| F|  |TAMS 0x00000000e7800000| PB 0x00000000e7800000| Untracked 
| 121|0x00000000e7900000, 0x00000000e7900000, 0x00000000e7a00000|  0%| F|  |TAMS 0x00000000e7900000| PB 0x00000000e7900000| Untracked 
| 122|0x00000000e7a00000, 0x00000000e7a00000, 0x00000000e7b00000|  0%| F|  |TAMS 0x00000000e7a00000| PB 0x00000000e7a00000| Untracked 
| 123|0x00000000e7b00000, 0x00000000e7b00000, 0x00000000e7c00000|  0%| F|  |TAMS 0x00000000e7b00000| PB 0x00000000e7b00000| Untracked 
| 124|0x00000000e7c00000, 0x00000000e7c00000, 0x00000000e7d00000|  0%| F|  |TAMS 0x00000000e7c00000| PB 0x00000000e7c00000| Untracked 
| 125|0x00000000e7d00000, 0x00000000e7d00000, 0x00000000e7e00000|  0%| F|  |TAMS 0x00000000e7d00000| PB 0x00000000e7d00000| Untracked 
| 126|0x00000000e7e00000, 0x00000000e7e00000, 0x00000000e7f00000|  0%| F|  |TAMS 0x00000000e7e00000| PB 0x00000000e7e00000| Untracked 
| 127|0x00000000e7f00000, 0x00000000e7f00000, 0x00000000e8000000|  0%| F|  |TAMS 0x00000000e7f00000| PB 0x00000000e7f00000| Untracked 
| 128|0x00000000e8000000, 0x00000000e8000000, 0x00000000e8100000|  0%| F|  |TAMS 0x00000000e8000000| PB 0x00000000e8000000| Untracked 
| 129|0x00000000e8100000, 0x00000000e8100000, 0x00000000e8200000|  0%| F|  |TAMS 0x00000000e8100000| PB 0x00000000e8100000| Untracked 
| 130|0x00000000e8200000, 0x00000000e8200000, 0x00000000e8300000|  0%| F|  |TAMS 0x00000000e8200000| PB 0x00000000e8200000| Untracked 
| 131|0x00000000e8300000, 0x00000000e8300000, 0x00000000e8400000|  0%| F|  |TAMS 0x00000000e8300000| PB 0x00000000e8300000| Untracked 
| 132|0x00000000e8400000, 0x00000000e8400000, 0x00000000e8500000|  0%| F|  |TAMS 0x00000000e8400000| PB 0x00000000e8400000| Untracked 
| 133|0x00000000e8500000, 0x00000000e8500000, 0x00000000e8600000|  0%| F|  |TAMS 0x00000000e8500000| PB 0x00000000e8500000| Untracked 
| 134|0x00000000e8600000, 0x00000000e8600000, 0x00000000e8700000|  0%| F|  |TAMS 0x00000000e8600000| PB 0x00000000e8600000| Untracked 
| 135|0x00000000e8700000, 0x00000000e8700000, 0x00000000e8800000|  0%| F|  |TAMS 0x00000000e8700000| PB 0x00000000e8700000| Untracked 
| 136|0x00000000e8800000, 0x00000000e8800000, 0x00000000e8900000|  0%| F|  |TAMS 0x00000000e8800000| PB 0x00000000e8800000| Untracked 
| 137|0x00000000e8900000, 0x00000000e8900000, 0x00000000e8a00000|  0%| F|  |TAMS 0x00000000e8900000| PB 0x00000000e8900000| Untracked 
| 138|0x00000000e8a00000, 0x00000000e8a00000, 0x00000000e8b00000|  0%| F|  |TAMS 0x00000000e8a00000| PB 0x00000000e8a00000| Untracked 
| 139|0x00000000e8b00000, 0x00000000e8b00000, 0x00000000e8c00000|  0%| F|  |TAMS 0x00000000e8b00000| PB 0x00000000e8b00000| Untracked 
| 140|0x00000000e8c00000, 0x00000000e8c00000, 0x00000000e8d00000|  0%| F|  |TAMS 0x00000000e8c00000| PB 0x00000000e8c00000| Untracked 
| 141|0x00000000e8d00000, 0x00000000e8d00000, 0x00000000e8e00000|  0%| F|  |TAMS 0x00000000e8d00000| PB 0x00000000e8d00000| Untracked 
| 142|0x00000000e8e00000, 0x00000000e8e00000, 0x00000000e8f00000|  0%| F|  |TAMS 0x00000000e8e00000| PB 0x00000000e8e00000| Untracked 
| 143|0x00000000e8f00000, 0x00000000e8f00000, 0x00000000e9000000|  0%| F|  |TAMS 0x00000000e8f00000| PB 0x00000000e8f00000| Untracked 
| 144|0x00000000e9000000, 0x00000000e9000000, 0x00000000e9100000|  0%| F|  |TAMS 0x00000000e9000000| PB 0x00000000e9000000| Untracked 
| 145|0x00000000e9100000, 0x00000000e9100000, 0x00000000e9200000|  0%| F|  |TAMS 0x00000000e9100000| PB 0x00000000e9100000| Untracked 
| 146|0x00000000e9200000, 0x00000000e9200000, 0x00000000e9300000|  0%| F|  |TAMS 0x00000000e9200000| PB 0x00000000e9200000| Untracked 
| 147|0x00000000e9300000, 0x00000000e9300000, 0x00000000e9400000|  0%| F|  |TAMS 0x00000000e9300000| PB 0x00000000e9300000| Untracked 
| 148|0x00000000e9400000, 0x00000000e9400000, 0x00000000e9500000|  0%| F|  |TAMS 0x00000000e9400000| PB 0x00000000e9400000| Untracked 
| 149|0x00000000e9500000, 0x00000000e9500000, 0x00000000e9600000|  0%| F|  |TAMS 0x00000000e9500000| PB 0x00000000e9500000| Untracked 
| 150|0x00000000e9600000, 0x00000000e9600000, 0x00000000e9700000|  0%| F|  |TAMS 0x00000000e9600000| PB 0x00000000e9600000| Untracked 
| 151|0x00000000e9700000, 0x00000000e9700000, 0x00000000e9800000|  0%| F|  |TAMS 0x00000000e9700000| PB 0x00000000e9700000| Untracked 
| 152|0x00000000e9800000, 0x00000000e9800000, 0x00000000e9900000|  0%| F|  |TAMS 0x00000000e9800000| PB 0x00000000e9800000| Untracked 
| 153|0x00000000e9900000, 0x00000000e9900000, 0x00000000e9a00000|  0%| F|  |TAMS 0x00000000e9900000| PB 0x00000000e9900000| Untracked 
| 154|0x00000000e9a00000, 0x00000000e9a00000, 0x00000000e9b00000|  0%| F|  |TAMS 0x00000000e9a00000| PB 0x00000000e9a00000| Untracked 
| 155|0x00000000e9b00000, 0x00000000e9b00000, 0x00000000e9c00000|  0%| F|  |TAMS 0x00000000e9b00000| PB 0x00000000e9b00000| Untracked 
| 156|0x00000000e9c00000, 0x00000000e9c00000, 0x00000000e9d00000|  0%| F|  |TAMS 0x00000000e9c00000| PB 0x00000000e9c00000| Untracked 
| 157|0x00000000e9d00000, 0x00000000e9d00000, 0x00000000e9e00000|  0%| F|  |TAMS 0x00000000e9d00000| PB 0x00000000e9d00000| Untracked 
| 158|0x00000000e9e00000, 0x00000000e9e00000, 0x00000000e9f00000|  0%| F|  |TAMS 0x00000000e9e00000| PB 0x00000000e9e00000| Untracked 
| 159|0x00000000e9f00000, 0x00000000e9f00000, 0x00000000ea000000|  0%| F|  |TAMS 0x00000000e9f00000| PB 0x00000000e9f00000| Untracked 
| 160|0x00000000ea000000, 0x00000000ea000000, 0x00000000ea100000|  0%| F|  |TAMS 0x00000000ea000000| PB 0x00000000ea000000| Untracked 
| 161|0x00000000ea100000, 0x00000000ea100000, 0x00000000ea200000|  0%| F|  |TAMS 0x00000000ea100000| PB 0x00000000ea100000| Untracked 
| 162|0x00000000ea200000, 0x00000000ea200000, 0x00000000ea300000|  0%| F|  |TAMS 0x00000000ea200000| PB 0x00000000ea200000| Untracked 
| 163|0x00000000ea300000, 0x00000000ea300000, 0x00000000ea400000|  0%| F|  |TAMS 0x00000000ea300000| PB 0x00000000ea300000| Untracked 
| 164|0x00000000ea400000, 0x00000000ea400000, 0x00000000ea500000|  0%| F|  |TAMS 0x00000000ea400000| PB 0x00000000ea400000| Untracked 
| 165|0x00000000ea500000, 0x00000000ea500000, 0x00000000ea600000|  0%| F|  |TAMS 0x00000000ea500000| PB 0x00000000ea500000| Untracked 
| 166|0x00000000ea600000, 0x00000000ea600000, 0x00000000ea700000|  0%| F|  |TAMS 0x00000000ea600000| PB 0x00000000ea600000| Untracked 
| 167|0x00000000ea700000, 0x00000000ea700000, 0x00000000ea800000|  0%| F|  |TAMS 0x00000000ea700000| PB 0x00000000ea700000| Untracked 
| 168|0x00000000ea800000, 0x00000000ea800000, 0x00000000ea900000|  0%| F|  |TAMS 0x00000000ea800000| PB 0x00000000ea800000| Untracked 
| 169|0x00000000ea900000, 0x00000000ea900000, 0x00000000eaa00000|  0%| F|  |TAMS 0x00000000ea900000| PB 0x00000000ea900000| Untracked 
| 170|0x00000000eaa00000, 0x00000000eaa00000, 0x00000000eab00000|  0%| F|  |TAMS 0x00000000eaa00000| PB 0x00000000eaa00000| Untracked 
| 171|0x00000000eab00000, 0x00000000eab00000, 0x00000000eac00000|  0%| F|  |TAMS 0x00000000eab00000| PB 0x00000000eab00000| Untracked 
| 172|0x00000000eac00000, 0x00000000eac00000, 0x00000000ead00000|  0%| F|  |TAMS 0x00000000eac00000| PB 0x00000000eac00000| Untracked 
| 173|0x00000000ead00000, 0x00000000ead00000, 0x00000000eae00000|  0%| F|  |TAMS 0x00000000ead00000| PB 0x00000000ead00000| Untracked 
| 174|0x00000000eae00000, 0x00000000eae00000, 0x00000000eaf00000|  0%| F|  |TAMS 0x00000000eae00000| PB 0x00000000eae00000| Untracked 
| 175|0x00000000eaf00000, 0x00000000eaf00000, 0x00000000eb000000|  0%| F|  |TAMS 0x00000000eaf00000| PB 0x00000000eaf00000| Untracked 
| 176|0x00000000eb000000, 0x00000000eb000000, 0x00000000eb100000|  0%| F|  |TAMS 0x00000000eb000000| PB 0x00000000eb000000| Untracked 
| 177|0x00000000eb100000, 0x00000000eb100000, 0x00000000eb200000|  0%| F|  |TAMS 0x00000000eb100000| PB 0x00000000eb100000| Untracked 
| 178|0x00000000eb200000, 0x00000000eb200000, 0x00000000eb300000|  0%| F|  |TAMS 0x00000000eb200000| PB 0x00000000eb200000| Untracked 
| 179|0x00000000eb300000, 0x00000000eb300000, 0x00000000eb400000|  0%| F|  |TAMS 0x00000000eb300000| PB 0x00000000eb300000| Untracked 
| 180|0x00000000eb400000, 0x00000000eb400000, 0x00000000eb500000|  0%| F|  |TAMS 0x00000000eb400000| PB 0x00000000eb400000| Untracked 
| 181|0x00000000eb500000, 0x00000000eb500000, 0x00000000eb600000|  0%| F|  |TAMS 0x00000000eb500000| PB 0x00000000eb500000| Untracked 
| 182|0x00000000eb600000, 0x00000000eb600000, 0x00000000eb700000|  0%| F|  |TAMS 0x00000000eb600000| PB 0x00000000eb600000| Untracked 
| 183|0x00000000eb700000, 0x00000000eb700000, 0x00000000eb800000|  0%| F|  |TAMS 0x00000000eb700000| PB 0x00000000eb700000| Untracked 
| 184|0x00000000eb800000, 0x00000000eb800000, 0x00000000eb900000|  0%| F|  |TAMS 0x00000000eb800000| PB 0x00000000eb800000| Untracked 
| 185|0x00000000eb900000, 0x00000000eb900000, 0x00000000eba00000|  0%| F|  |TAMS 0x00000000eb900000| PB 0x00000000eb900000| Untracked 
| 186|0x00000000eba00000, 0x00000000eba00000, 0x00000000ebb00000|  0%| F|  |TAMS 0x00000000eba00000| PB 0x00000000eba00000| Untracked 
| 187|0x00000000ebb00000, 0x00000000ebb00000, 0x00000000ebc00000|  0%| F|  |TAMS 0x00000000ebb00000| PB 0x00000000ebb00000| Untracked 
| 188|0x00000000ebc00000, 0x00000000ebc00000, 0x00000000ebd00000|  0%| F|  |TAMS 0x00000000ebc00000| PB 0x00000000ebc00000| Untracked 
| 189|0x00000000ebd00000, 0x00000000ebd00000, 0x00000000ebe00000|  0%| F|  |TAMS 0x00000000ebd00000| PB 0x00000000ebd00000| Untracked 
| 190|0x00000000ebe00000, 0x00000000ebe00000, 0x00000000ebf00000|  0%| F|  |TAMS 0x00000000ebe00000| PB 0x00000000ebe00000| Untracked 
| 191|0x00000000ebf00000, 0x00000000ebf00000, 0x00000000ec000000|  0%| F|  |TAMS 0x00000000ebf00000| PB 0x00000000ebf00000| Untracked 
| 192|0x00000000ec000000, 0x00000000ec000000, 0x00000000ec100000|  0%| F|  |TAMS 0x00000000ec000000| PB 0x00000000ec000000| Untracked 
| 193|0x00000000ec100000, 0x00000000ec100000, 0x00000000ec200000|  0%| F|  |TAMS 0x00000000ec100000| PB 0x00000000ec100000| Untracked 
| 194|0x00000000ec200000, 0x00000000ec200000, 0x00000000ec300000|  0%| F|  |TAMS 0x00000000ec200000| PB 0x00000000ec200000| Untracked 
| 195|0x00000000ec300000, 0x00000000ec300000, 0x00000000ec400000|  0%| F|  |TAMS 0x00000000ec300000| PB 0x00000000ec300000| Untracked 
| 196|0x00000000ec400000, 0x00000000ec400000, 0x00000000ec500000|  0%| F|  |TAMS 0x00000000ec400000| PB 0x00000000ec400000| Untracked 
| 197|0x00000000ec500000, 0x00000000ec500000, 0x00000000ec600000|  0%| F|  |TAMS 0x00000000ec500000| PB 0x00000000ec500000| Untracked 
| 198|0x00000000ec600000, 0x00000000ec600000, 0x00000000ec700000|  0%| F|  |TAMS 0x00000000ec600000| PB 0x00000000ec600000| Untracked 
| 199|0x00000000ec700000, 0x00000000ec700000, 0x00000000ec800000|  0%| F|  |TAMS 0x00000000ec700000| PB 0x00000000ec700000| Untracked 
| 200|0x00000000ec800000, 0x00000000ec800000, 0x00000000ec900000|  0%| F|  |TAMS 0x00000000ec800000| PB 0x00000000ec800000| Untracked 
| 201|0x00000000ec900000, 0x00000000ec900000, 0x00000000eca00000|  0%| F|  |TAMS 0x00000000ec900000| PB 0x00000000ec900000| Untracked 
| 202|0x00000000eca00000, 0x00000000eca00000, 0x00000000ecb00000|  0%| F|  |TAMS 0x00000000eca00000| PB 0x00000000eca00000| Untracked 
| 203|0x00000000ecb00000, 0x00000000ecb00000, 0x00000000ecc00000|  0%| F|  |TAMS 0x00000000ecb00000| PB 0x00000000ecb00000| Untracked 
| 204|0x00000000ecc00000, 0x00000000ecc00000, 0x00000000ecd00000|  0%| F|  |TAMS 0x00000000ecc00000| PB 0x00000000ecc00000| Untracked 
| 205|0x00000000ecd00000, 0x00000000ecd00000, 0x00000000ece00000|  0%| F|  |TAMS 0x00000000ecd00000| PB 0x00000000ecd00000| Untracked 
| 206|0x00000000ece00000, 0x00000000ece00000, 0x00000000ecf00000|  0%| F|  |TAMS 0x00000000ece00000| PB 0x00000000ece00000| Untracked 
| 207|0x00000000ecf00000, 0x00000000ecf00000, 0x00000000ed000000|  0%| F|  |TAMS 0x00000000ecf00000| PB 0x00000000ecf00000| Untracked 
| 208|0x00000000ed000000, 0x00000000ed000000, 0x00000000ed100000|  0%| F|  |TAMS 0x00000000ed000000| PB 0x00000000ed000000| Untracked 
| 209|0x00000000ed100000, 0x00000000ed100000, 0x00000000ed200000|  0%| F|  |TAMS 0x00000000ed100000| PB 0x00000000ed100000| Untracked 
| 210|0x00000000ed200000, 0x00000000ed200000, 0x00000000ed300000|  0%| F|  |TAMS 0x00000000ed200000| PB 0x00000000ed200000| Untracked 
| 211|0x00000000ed300000, 0x00000000ed300000, 0x00000000ed400000|  0%| F|  |TAMS 0x00000000ed300000| PB 0x00000000ed300000| Untracked 
| 212|0x00000000ed400000, 0x00000000ed400000, 0x00000000ed500000|  0%| F|  |TAMS 0x00000000ed400000| PB 0x00000000ed400000| Untracked 
| 213|0x00000000ed500000, 0x00000000ed500000, 0x00000000ed600000|  0%| F|  |TAMS 0x00000000ed500000| PB 0x00000000ed500000| Untracked 
| 214|0x00000000ed600000, 0x00000000ed600000, 0x00000000ed700000|  0%| F|  |TAMS 0x00000000ed600000| PB 0x00000000ed600000| Untracked 
| 215|0x00000000ed700000, 0x00000000ed700000, 0x00000000ed800000|  0%| F|  |TAMS 0x00000000ed700000| PB 0x00000000ed700000| Untracked 
| 216|0x00000000ed800000, 0x00000000ed800000, 0x00000000ed900000|  0%| F|  |TAMS 0x00000000ed800000| PB 0x00000000ed800000| Untracked 
| 217|0x00000000ed900000, 0x00000000ed900000, 0x00000000eda00000|  0%| F|  |TAMS 0x00000000ed900000| PB 0x00000000ed900000| Untracked 
| 218|0x00000000eda00000, 0x00000000eda00000, 0x00000000edb00000|  0%| F|  |TAMS 0x00000000eda00000| PB 0x00000000eda00000| Untracked 
| 219|0x00000000edb00000, 0x00000000edb00000, 0x00000000edc00000|  0%| F|  |TAMS 0x00000000edb00000| PB 0x00000000edb00000| Untracked 
| 220|0x00000000edc00000, 0x00000000edc00000, 0x00000000edd00000|  0%| F|  |TAMS 0x00000000edc00000| PB 0x00000000edc00000| Untracked 
| 221|0x00000000edd00000, 0x00000000edd00000, 0x00000000ede00000|  0%| F|  |TAMS 0x00000000edd00000| PB 0x00000000edd00000| Untracked 
| 222|0x00000000ede00000, 0x00000000ede00000, 0x00000000edf00000|  0%| F|  |TAMS 0x00000000ede00000| PB 0x00000000ede00000| Untracked 
| 223|0x00000000edf00000, 0x00000000edf00000, 0x00000000ee000000|  0%| F|  |TAMS 0x00000000edf00000| PB 0x00000000edf00000| Untracked 
| 224|0x00000000ee000000, 0x00000000ee000000, 0x00000000ee100000|  0%| F|  |TAMS 0x00000000ee000000| PB 0x00000000ee000000| Untracked 
| 225|0x00000000ee100000, 0x00000000ee100000, 0x00000000ee200000|  0%| F|  |TAMS 0x00000000ee100000| PB 0x00000000ee100000| Untracked 
| 226|0x00000000ee200000, 0x00000000ee200000, 0x00000000ee300000|  0%| F|  |TAMS 0x00000000ee200000| PB 0x00000000ee200000| Untracked 
| 227|0x00000000ee300000, 0x00000000ee300000, 0x00000000ee400000|  0%| F|  |TAMS 0x00000000ee300000| PB 0x00000000ee300000| Untracked 
| 228|0x00000000ee400000, 0x00000000ee400000, 0x00000000ee500000|  0%| F|  |TAMS 0x00000000ee400000| PB 0x00000000ee400000| Untracked 
| 229|0x00000000ee500000, 0x00000000ee500000, 0x00000000ee600000|  0%| F|  |TAMS 0x00000000ee500000| PB 0x00000000ee500000| Untracked 
| 230|0x00000000ee600000, 0x00000000ee600000, 0x00000000ee700000|  0%| F|  |TAMS 0x00000000ee600000| PB 0x00000000ee600000| Untracked 
| 231|0x00000000ee700000, 0x00000000ee700000, 0x00000000ee800000|  0%| F|  |TAMS 0x00000000ee700000| PB 0x00000000ee700000| Untracked 
| 232|0x00000000ee800000, 0x00000000ee800000, 0x00000000ee900000|  0%| F|  |TAMS 0x00000000ee800000| PB 0x00000000ee800000| Untracked 
| 233|0x00000000ee900000, 0x00000000ee900000, 0x00000000eea00000|  0%| F|  |TAMS 0x00000000ee900000| PB 0x00000000ee900000| Untracked 
| 234|0x00000000eea00000, 0x00000000eea00000, 0x00000000eeb00000|  0%| F|  |TAMS 0x00000000eea00000| PB 0x00000000eea00000| Untracked 
| 235|0x00000000eeb00000, 0x00000000eeb00000, 0x00000000eec00000|  0%| F|  |TAMS 0x00000000eeb00000| PB 0x00000000eeb00000| Untracked 
| 236|0x00000000eec00000, 0x00000000eec00000, 0x00000000eed00000|  0%| F|  |TAMS 0x00000000eec00000| PB 0x00000000eec00000| Untracked 
| 237|0x00000000eed00000, 0x00000000eed00000, 0x00000000eee00000|  0%| F|  |TAMS 0x00000000eed00000| PB 0x00000000eed00000| Untracked 
| 238|0x00000000eee00000, 0x00000000eee00000, 0x00000000eef00000|  0%| F|  |TAMS 0x00000000eee00000| PB 0x00000000eee00000| Untracked 
| 239|0x00000000eef00000, 0x00000000eef00000, 0x00000000ef000000|  0%| F|  |TAMS 0x00000000eef00000| PB 0x00000000eef00000| Untracked 
| 240|0x00000000ef000000, 0x00000000ef000000, 0x00000000ef100000|  0%| F|  |TAMS 0x00000000ef000000| PB 0x00000000ef000000| Untracked 
| 241|0x00000000ef100000, 0x00000000ef13a0c8, 0x00000000ef200000| 22%| E|  |TAMS 0x00000000ef100000| PB 0x00000000ef100000| Complete 
| 242|0x00000000ef200000, 0x00000000ef300000, 0x00000000ef300000|100%| E|CS|TAMS 0x00000000ef200000| PB 0x00000000ef200000| Complete 
| 243|0x00000000ef300000, 0x00000000ef400000, 0x00000000ef400000|100%| E|CS|TAMS 0x00000000ef300000| PB 0x00000000ef300000| Complete 
| 244|0x00000000ef400000, 0x00000000ef500000, 0x00000000ef500000|100%| E|CS|TAMS 0x00000000ef400000| PB 0x00000000ef400000| Complete 
| 245|0x00000000ef500000, 0x00000000ef600000, 0x00000000ef600000|100%| E|CS|TAMS 0x00000000ef500000| PB 0x00000000ef500000| Complete 
| 246|0x00000000ef600000, 0x00000000ef700000, 0x00000000ef700000|100%| E|CS|TAMS 0x00000000ef600000| PB 0x00000000ef600000| Complete 
| 247|0x00000000ef700000, 0x00000000ef800000, 0x00000000ef800000|100%| E|CS|TAMS 0x00000000ef700000| PB 0x00000000ef700000| Complete 
| 248|0x00000000ef800000, 0x00000000ef900000, 0x00000000ef900000|100%| E|CS|TAMS 0x00000000ef800000| PB 0x00000000ef800000| Complete 
| 249|0x00000000ef900000, 0x00000000efa00000, 0x00000000efa00000|100%| E|CS|TAMS 0x00000000ef900000| PB 0x00000000ef900000| Complete 
| 250|0x00000000efa00000, 0x00000000efb00000, 0x00000000efb00000|100%| E|CS|TAMS 0x00000000efa00000| PB 0x00000000efa00000| Complete 
| 251|0x00000000efb00000, 0x00000000efc00000, 0x00000000efc00000|100%| E|CS|TAMS 0x00000000efb00000| PB 0x00000000efb00000| Complete 
| 252|0x00000000efc00000, 0x00000000efd00000, 0x00000000efd00000|100%| E|CS|TAMS 0x00000000efc00000| PB 0x00000000efc00000| Complete 
| 253|0x00000000efd00000, 0x00000000efe00000, 0x00000000efe00000|100%| E|CS|TAMS 0x00000000efd00000| PB 0x00000000efd00000| Complete 
| 254|0x00000000efe00000, 0x00000000eff00000, 0x00000000eff00000|100%| E|CS|TAMS 0x00000000efe00000| PB 0x00000000efe00000| Complete 
| 255|0x00000000eff00000, 0x00000000f0000000, 0x00000000f0000000|100%| E|CS|TAMS 0x00000000eff00000| PB 0x00000000eff00000| Complete 

Card table byte_map: [0x000001c658320000,0x000001c658420000] _byte_map_base: 0x000001c657c20000

Marking Bits: (CMBitMap*) 0x000001c6405eae50
 Bits: [0x000001c658420000, 0x000001c658c20000)

Polling page: 0x000001c63e5b0000

Metaspace:

Usage:
  Non-class:     42.56 MB used.
      Class:      7.22 MB used.
       Both:     49.78 MB used.

Virtual space:
  Non-class space:       64.00 MB reserved,      43.44 MB ( 68%) committed,  1 nodes.
      Class space:      320.00 MB reserved,       8.06 MB (  3%) committed,  1 nodes.
             Both:      384.00 MB reserved,      51.50 MB ( 13%) committed. 

Chunk freelists:
   Non-Class:  3.94 MB
       Class:  7.86 MB
        Both:  11.80 MB

MaxMetaspaceSize: 384.00 MB
CompressedClassSpaceSize: 320.00 MB
Initial GC threshold: 21.00 MB
Current GC threshold: 59.69 MB
CDS: on
 - commit_granule_bytes: 65536.
 - commit_granule_words: 8192.
 - virtual_space_node_default_size: 8388608.
 - enlarge_chunks_in_place: 1.
 - use_allocation_guard: 0.


Internal statistics:

num_allocs_failed_limit: 12.
num_arena_births: 3108.
num_arena_deaths: 0.
num_vsnodes_births: 2.
num_vsnodes_deaths: 0.
num_space_committed: 824.
num_space_uncommitted: 0.
num_chunks_returned_to_freelist: 12.
num_chunks_taken_from_freelist: 5535.
num_chunk_merges: 12.
num_chunk_splits: 3569.
num_chunks_enlarged: 2168.
num_inconsistent_stats: 0.

CodeHeap 'non-profiled nmethods': size=120000Kb used=3835Kb max_used=3835Kb free=116164Kb
 bounds [0x000001c650790000, 0x000001c650b50000, 0x000001c657cc0000]
CodeHeap 'profiled nmethods': size=120000Kb used=11026Kb max_used=11026Kb free=108973Kb
 bounds [0x000001c648cc0000, 0x000001c649790000, 0x000001c6501f0000]
CodeHeap 'non-nmethods': size=5760Kb used=2740Kb max_used=2755Kb free=3019Kb
 bounds [0x000001c6501f0000, 0x000001c6504b0000, 0x000001c650790000]
CodeCache: size=245760Kb, used=17601Kb, max_used=17616Kb, free=228156Kb
 total_blobs=6616, nmethods=5749, adapters=771, full_count=0
Compilation: enabled, stopped_count=0, restarted_count=0

Compilation events (20 events):
Event: 227.981 Thread 0x000001c65b8e8210 nmethod 6261 0x000001c649779590 code [0x000001c6497797a0, 0x000001c649779ea8]
Event: 227.981 Thread 0x000001c65b8e8210 6260   !   3       com.google.common.cache.LocalCache$Segment::get (210 bytes)
Event: 227.983 Thread 0x000001c65b8e8210 nmethod 6260 0x000001c64977a090 code [0x000001c64977a4a0, 0x000001c64977be00]
Event: 227.983 Thread 0x000001c65b8e8210 6262       3       com.google.common.cache.LocalCache$StrongEntry::<init> (27 bytes)
Event: 227.984 Thread 0x000001c65b8e8210 nmethod 6262 0x000001c64977cb10 code [0x000001c64977cce0, 0x000001c64977d028]
Event: 227.985 Thread 0x000001c65b8e8210 6263       3       java.util.Arrays::sort (47 bytes)
Event: 227.986 Thread 0x000001c65b8e8210 nmethod 6263 0x000001c64977d110 code [0x000001c64977d2e0, 0x000001c64977d528]
Event: 227.986 Thread 0x000001c65b8e8210 6264       3       org.gradle.internal.snapshot.FileSystemLocationSnapshot$$Lambda/0x000001c65d432468::apply (10 bytes)
Event: 227.986 Thread 0x000001c65b8e8210 nmethod 6264 0x000001c64977d610 code [0x000001c64977d7c0, 0x000001c64977dab8]
Event: 227.986 Thread 0x000001c65b8e8210 6265       3       com.google.common.collect.ImmutableMap$Builder::<init> (6 bytes)
Event: 227.988 Thread 0x000001c65b8e8210 nmethod 6265 0x000001c64977dc10 code [0x000001c64977ddc0, 0x000001c64977e090]
Event: 227.988 Thread 0x000001c65b8e8210 6266       3       java.util.concurrent.atomic.AtomicBoolean::set (14 bytes)
Event: 227.989 Thread 0x000001c65b8e8210 nmethod 6266 0x000001c64977e190 code [0x000001c64977e320, 0x000001c64977e488]
Event: 227.989 Thread 0x000001c65b8e8210 6267       1       java.util.stream.Streams$AbstractStreamBuilderImpl::characteristics (4 bytes)
Event: 227.989 Thread 0x000001c65b8e8210 nmethod 6267 0x000001c650b4c190 code [0x000001c650b4c320, 0x000001c650b4c3e8]
Event: 227.989 Thread 0x000001c65b8e8210 6268       1       org.gradle.internal.logging.events.ProgressCompleteEvent::getProgressOperationId (5 bytes)
Event: 227.989 Thread 0x000001c65b8e8210 nmethod 6268 0x000001c650b4c490 code [0x000001c650b4c620, 0x000001c650b4c6e8]
Event: 227.989 Thread 0x000001c65b8e8210 6269   !   3       org.gradle.cache.internal.LockOnDemandCrossProcessCacheAccess::incrementLockCount (191 bytes)
Event: 227.993 Thread 0x000001c65b8e8210 nmethod 6269 0x000001c64977e510 code [0x000001c64977e860, 0x000001c64977f9c0]
Event: 227.994 Thread 0x000001c65b8e8210 6270       3       com.google.common.collect.ImmutableSortedMap::get (27 bytes)

GC Heap History (16 events):
Event: 0.654 GC heap before
{Heap before GC invocations=0 (full 0):
 garbage-first heap   total 262144K, used 22528K [0x00000000e0000000, 0x0000000100000000)
  region size 1024K, 23 young (23552K), 0 survivors (0K)
 Metaspace       used 935K, committed 1088K, reserved 393216K
  class space    used 72K, committed 128K, reserved 327680K
}
Event: 0.658 GC heap after
{Heap after GC invocations=1 (full 0):
 garbage-first heap   total 262144K, used 1663K [0x00000000e0000000, 0x0000000100000000)
  region size 1024K, 2 young (2048K), 2 survivors (2048K)
 Metaspace       used 935K, committed 1088K, reserved 393216K
  class space    used 72K, committed 128K, reserved 327680K
}
Event: 1.753 GC heap before
{Heap before GC invocations=1 (full 0):
 garbage-first heap   total 262144K, used 40575K [0x00000000e0000000, 0x0000000100000000)
  region size 1024K, 38 young (38912K), 2 survivors (2048K)
 Metaspace       used 4435K, committed 4608K, reserved 393216K
  class space    used 556K, committed 640K, reserved 327680K
}
Event: 1.757 GC heap after
{Heap after GC invocations=2 (full 0):
 garbage-first heap   total 262144K, used 10975K [0x00000000e0000000, 0x0000000100000000)
  region size 1024K, 5 young (5120K), 5 survivors (5120K)
 Metaspace       used 4435K, committed 4608K, reserved 393216K
  class space    used 556K, committed 640K, reserved 327680K
}
Event: 2.785 GC heap before
{Heap before GC invocations=2 (full 0):
 garbage-first heap   total 262144K, used 64223K [0x00000000e0000000, 0x0000000100000000)
  region size 1024K, 55 young (56320K), 5 survivors (5120K)
 Metaspace       used 5521K, committed 5696K, reserved 393216K
  class space    used 737K, committed 832K, reserved 327680K
}
Event: 2.789 GC heap after
{Heap after GC invocations=3 (full 0):
 garbage-first heap   total 262144K, used 16898K [0x00000000e0000000, 0x0000000100000000)
  region size 1024K, 5 young (5120K), 5 survivors (5120K)
 Metaspace       used 5521K, committed 5696K, reserved 393216K
  class space    used 737K, committed 832K, reserved 327680K
}
Event: 5.957 GC heap before
{Heap before GC invocations=3 (full 0):
 garbage-first heap   total 262144K, used 108034K [0x00000000e0000000, 0x0000000100000000)
  region size 1024K, 95 young (97280K), 5 survivors (5120K)
 Metaspace       used 20844K, committed 21504K, reserved 393216K
  class space    used 3067K, committed 3328K, reserved 327680K
}
Event: 5.964 GC heap after
{Heap after GC invocations=4 (full 0):
 garbage-first heap   total 262144K, used 24280K [0x00000000e0000000, 0x0000000100000000)
  region size 1024K, 12 young (12288K), 12 survivors (12288K)
 Metaspace       used 20844K, committed 21504K, reserved 393216K
  class space    used 3067K, committed 3328K, reserved 327680K
}
Event: 10.660 GC heap before
{Heap before GC invocations=5 (full 0):
 garbage-first heap   total 262144K, used 133848K [0x00000000e0000000, 0x0000000100000000)
  region size 1024K, 116 young (118784K), 12 survivors (12288K)
 Metaspace       used 34913K, committed 35968K, reserved 393216K
  class space    used 4901K, committed 5440K, reserved 327680K
}
Event: 10.671 GC heap after
{Heap after GC invocations=6 (full 0):
 garbage-first heap   total 262144K, used 34992K [0x00000000e0000000, 0x0000000100000000)
  region size 1024K, 16 young (16384K), 16 survivors (16384K)
 Metaspace       used 34913K, committed 35968K, reserved 393216K
  class space    used 4901K, committed 5440K, reserved 327680K
}
Event: 10.825 GC heap before
{Heap before GC invocations=6 (full 0):
 garbage-first heap   total 262144K, used 37040K [0x00000000e0000000, 0x0000000100000000)
  region size 1024K, 19 young (19456K), 16 survivors (16384K)
 Metaspace       used 35268K, committed 36288K, reserved 393216K
  class space    used 4936K, committed 5440K, reserved 327680K
}
Event: 10.835 GC heap after
{Heap after GC invocations=7 (full 0):
 garbage-first heap   total 262144K, used 32719K [0x00000000e0000000, 0x0000000100000000)
  region size 1024K, 9 young (9216K), 9 survivors (9216K)
 Metaspace       used 35268K, committed 36288K, reserved 393216K
  class space    used 4936K, committed 5440K, reserved 327680K
}
Event: 11.640 GC heap before
{Heap before GC invocations=7 (full 0):
 garbage-first heap   total 262144K, used 37839K [0x00000000e0000000, 0x0000000100000000)
  region size 1024K, 15 young (15360K), 9 survivors (9216K)
 Metaspace       used 35546K, committed 36608K, reserved 393216K
  class space    used 4969K, committed 5504K, reserved 327680K
}
Event: 11.645 GC heap after
{Heap after GC invocations=8 (full 0):
 garbage-first heap   total 262144K, used 32593K [0x00000000e0000000, 0x0000000100000000)
  region size 1024K, 9 young (9216K), 9 survivors (9216K)
 Metaspace       used 35546K, committed 36608K, reserved 393216K
  class space    used 4969K, committed 5504K, reserved 327680K
}
Event: 227.104 GC heap before
{Heap before GC invocations=9 (full 0):
 garbage-first heap   total 262144K, used 181073K [0x00000000e0000000, 0x0000000100000000)
  region size 1024K, 153 young (156672K), 9 survivors (9216K)
 Metaspace       used 49927K, committed 51648K, reserved 393216K
  class space    used 7196K, committed 8064K, reserved 327680K
}
Event: 227.314 GC heap after
{Heap after GC invocations=10 (full 0):
 garbage-first heap   total 262144K, used 39064K [0x00000000e0000000, 0x0000000100000000)
  region size 1024K, 16 young (16384K), 16 survivors (16384K)
 Metaspace       used 49927K, committed 51648K, reserved 393216K
  class space    used 7196K, committed 8064K, reserved 327680K
}

Dll operation events (15 events):
Event: 0.020 Loaded shared library C:\Users\dduc1\.jdks\ms-21.0.8\bin\java.dll
Event: 0.056 Loaded shared library C:\Users\dduc1\.jdks\ms-21.0.8\bin\jsvml.dll
Event: 0.117 Loaded shared library C:\Users\dduc1\.jdks\ms-21.0.8\bin\zip.dll
Event: 0.123 Loaded shared library C:\Users\dduc1\.jdks\ms-21.0.8\bin\instrument.dll
Event: 0.129 Loaded shared library C:\Users\dduc1\.jdks\ms-21.0.8\bin\net.dll
Event: 0.132 Loaded shared library C:\Users\dduc1\.jdks\ms-21.0.8\bin\nio.dll
Event: 0.136 Loaded shared library C:\Users\dduc1\.jdks\ms-21.0.8\bin\zip.dll
Event: 0.604 Loaded shared library C:\Users\dduc1\.jdks\ms-21.0.8\bin\jimage.dll
Event: 0.911 Loaded shared library C:\Users\dduc1\.jdks\ms-21.0.8\bin\verify.dll
Event: 1.054 Loaded shared library C:\Users\dduc1\.gradle\native\1def1411415f61bf3af743bc5b6707747c0891f09f0c88961ee8f79bc544acac\windows-amd64\native-platform.dll
Event: 1.069 Loaded shared library C:\Users\dduc1\.gradle\native\0.2.7\x86_64-windows-gnu\gradle-fileevents.dll
Event: 2.901 Loaded shared library C:\Users\dduc1\.jdks\ms-21.0.8\bin\management.dll
Event: 2.909 Loaded shared library C:\Users\dduc1\.jdks\ms-21.0.8\bin\management_ext.dll
Event: 3.213 Loaded shared library C:\Users\dduc1\.jdks\ms-21.0.8\bin\extnet.dll
Event: 3.735 Loaded shared library C:\Users\dduc1\.jdks\ms-21.0.8\bin\sunmscapi.dll

Deoptimization events (20 events):
Event: 227.684 Thread 0x000001c675ad36e0 DEOPT UNPACKING pc=0x000001c6502446a2 sp=0x0000005de01fd9c0 mode 2
Event: 227.684 Thread 0x000001c675ad1ca0 DEOPT UNPACKING pc=0x000001c6502446a2 sp=0x0000005ddfdfdc08 mode 2
Event: 227.684 Thread 0x000001c675ad36e0 Uncommon trap: trap_request=0xffffff54 fr.pc=0x000001c650a72600 relative=0x0000000000000640
Event: 227.684 Thread 0x000001c675ad4a90 Uncommon trap: trap_request=0xffffff54 fr.pc=0x000001c6508e9130 relative=0x0000000000005bd0
Event: 227.684 Thread 0x000001c675ad1ca0 Uncommon trap: trap_request=0xffffff54 fr.pc=0x000001c650a72600 relative=0x0000000000000640
Event: 227.684 Thread 0x000001c675ad36e0 Uncommon trap: reason=speculate_null_assert action=make_not_entrant pc=0x000001c650a72600 method=jdk.internal.util.ReferencedKeyMap.internKey(Ljdk/internal/util/ReferencedKeyMap;Ljava/lang/Object;)Ljava/lang/Object; @ 28 c2
Event: 227.684 Thread 0x000001c675ad1ca0 Uncommon trap: reason=speculate_null_assert action=make_not_entrant pc=0x000001c650a72600 method=jdk.internal.util.ReferencedKeyMap.internKey(Ljdk/internal/util/ReferencedKeyMap;Ljava/lang/Object;)Ljava/lang/Object; @ 28 c2
Event: 227.684 Thread 0x000001c675ad36e0 DEOPT PACKING pc=0x000001c650a72600 sp=0x0000005de01fdaf0
Event: 227.684 Thread 0x000001c675ad36e0 DEOPT UNPACKING pc=0x000001c6502446a2 sp=0x0000005de01fdac8 mode 2
Event: 227.684 Thread 0x000001c675ad1ca0 DEOPT PACKING pc=0x000001c650a72600 sp=0x0000005ddfdfdd30
Event: 227.684 Thread 0x000001c675ad1ca0 DEOPT UNPACKING pc=0x000001c6502446a2 sp=0x0000005ddfdfdd08 mode 2
Event: 227.685 Thread 0x000001c675ad4a90 Uncommon trap: reason=speculate_null_assert action=make_not_entrant pc=0x000001c6508e9130 method=jdk.internal.util.ReferencedKeyMap.existingKey(Ljdk/internal/util/ReferencedKeyMap;Ljava/lang/Object;)Ljava/lang/Object; @ 18 c2
Event: 227.685 Thread 0x000001c675ad4a90 DEOPT PACKING pc=0x000001c6508e9130 sp=0x0000005ddc3fdc20
Event: 227.685 Thread 0x000001c675ad4a90 DEOPT UNPACKING pc=0x000001c6502446a2 sp=0x0000005ddc3fdb00 mode 2
Event: 227.687 Thread 0x000001c675ad64d0 Uncommon trap: trap_request=0xffffff45 fr.pc=0x000001c6508a642c relative=0x000000000000016c
Event: 227.687 Thread 0x000001c675ad64d0 Uncommon trap: reason=unstable_if action=reinterpret pc=0x000001c6508a642c method=java.util.concurrent.ConcurrentHashMap.addCount(JI)V @ 34 c2
Event: 227.687 Thread 0x000001c675ad64d0 DEOPT PACKING pc=0x000001c6508a642c sp=0x0000005de05fe4f0
Event: 227.687 Thread 0x000001c675ad64d0 DEOPT UNPACKING pc=0x000001c6502446a2 sp=0x0000005de05fe450 mode 2
Event: 227.939 Thread 0x000001c65bbd16b0 DEOPT PACKING pc=0x000001c649749573 sp=0x0000005de08fbf40
Event: 227.939 Thread 0x000001c65bbd16b0 DEOPT UNPACKING pc=0x000001c650244e42 sp=0x0000005de08fb3e0 mode 3

Classes loaded (20 events):
Event: 223.863 Loading class java/io/DeleteOnExitHook$1
Event: 223.863 Loading class java/io/DeleteOnExitHook$1 done
Event: 227.705 Loading class java/util/stream/DistinctOps
Event: 227.706 Loading class java/util/stream/DistinctOps done
Event: 227.706 Loading class java/util/stream/DistinctOps$1
Event: 227.707 Loading class java/util/stream/ReferencePipeline$StatefulOp
Event: 227.707 Loading class java/util/stream/ReferencePipeline$StatefulOp done
Event: 227.707 Loading class java/util/stream/DistinctOps$1 done
Event: 227.708 Loading class java/util/stream/DistinctOps$1$2
Event: 227.708 Loading class java/util/stream/DistinctOps$1$2 done
Event: 227.737 Loading class sun/reflect/ReflectionFactory
Event: 227.738 Loading class sun/reflect/ReflectionFactory done
Event: 227.738 Loading class sun/reflect/ReflectionFactory$1
Event: 227.738 Loading class sun/reflect/ReflectionFactory$1 done
Event: 227.975 Loading class java/nio/channels/Channels
Event: 227.976 Loading class java/nio/channels/Channels done
Event: 227.976 Loading class sun/nio/ch/Streams
Event: 227.977 Loading class sun/nio/ch/Streams done
Event: 227.977 Loading class sun/nio/ch/ChannelInputStream
Event: 227.978 Loading class sun/nio/ch/ChannelInputStream done

Classes unloaded (0 events):
No events

Classes redefined (0 events):
No events

Internal exceptions (20 events):
Event: 226.201 Thread 0x000001c6768cdbe0 Exception <a 'java/lang/NoSuchMethodError'{0x00000000e7527740}: 'java.lang.Object java.lang.invoke.DirectMethodHandle$Holder.invokeSpecial(java.lang.Object, java.lang.Object, java.lang.Object, java.lang.Object, java.lang.Object, int)'> (0x00000000e7527740) 
thrown [s\src\hotspot\share\interpreter\linkResolver.cpp, line 773]
Event: 226.201 Thread 0x000001c6768cdbe0 Exception <a 'java/lang/NoSuchMethodError'{0x00000000e752c0f0}: 'java.lang.Object java.lang.invoke.Invokers$Holder.linkToTargetMethod(java.lang.Object, java.lang.Object, java.lang.Object, int, java.lang.Object)'> (0x00000000e752c0f0) 
thrown [s\src\hotspot\share\interpreter\linkResolver.cpp, line 773]
Event: 226.231 Thread 0x000001c6768cdbe0 Exception <a 'java/lang/NoSuchMethodError'{0x00000000e7575560}: 'java.lang.Object java.lang.invoke.DirectMethodHandle$Holder.newInvokeSpecial(java.lang.Object, java.lang.Object, long, java.lang.Object)'> (0x00000000e7575560) 
thrown [s\src\hotspot\share\interpreter\linkResolver.cpp, line 773]
Event: 226.231 Thread 0x000001c6768cdbe0 Exception <a 'java/lang/NoSuchMethodError'{0x00000000e757a0c0}: 'java.lang.Object java.lang.invoke.DirectMethodHandle$Holder.invokeSpecial(java.lang.Object, java.lang.Object, java.lang.Object, long, java.lang.Object)'> (0x00000000e757a0c0) 
thrown [s\src\hotspot\share\interpreter\linkResolver.cpp, line 773]
Event: 226.232 Thread 0x000001c6768cdbe0 Exception <a 'java/lang/NoSuchMethodError'{0x00000000e757e6a0}: 'java.lang.Object java.lang.invoke.Invokers$Holder.linkToTargetMethod(java.lang.Object, long, java.lang.Object, java.lang.Object)'> (0x00000000e757e6a0) 
thrown [s\src\hotspot\share\interpreter\linkResolver.cpp, line 773]
Event: 226.241 Thread 0x000001c6768cdbe0 Exception <a 'java/lang/NoSuchMethodError'{0x00000000e75a38f8}: 'void java.lang.invoke.DirectMethodHandle$Holder.invokeStatic(java.lang.Object, java.lang.Object, java.lang.Object, int, java.lang.Object)'> (0x00000000e75a38f8) 
thrown [s\src\hotspot\share\interpreter\linkResolver.cpp, line 773]
Event: 226.315 Thread 0x000001c6768cdbe0 Exception <a 'java/lang/NoSuchMethodError'{0x00000000e733e368}: 'int java.lang.invoke.DirectMethodHandle$Holder.invokeInterface(java.lang.Object, java.lang.Object, java.lang.Object, java.lang.Object, java.lang.Object)'> (0x00000000e733e368) 
thrown [s\src\hotspot\share\interpreter\linkResolver.cpp, line 773]
Event: 226.581 Thread 0x000001c6768cdbe0 Exception <a 'java/lang/NoSuchMethodError'{0x00000000e71302a0}: 'java.lang.Object java.lang.invoke.DirectMethodHandle$Holder.invokeVirtual(java.lang.Object, java.lang.Object, java.lang.Object, java.lang.Object, java.lang.Object, java.lang.Object, java.lang.Object, java.lang.Object, java.lang.Object, java.lang.Object, java.lang.Object, java.lang.Object, java.lang.Object, java.lang.Object, java.lang.Object)'> (0x00000000e71302a0) 
thrown [s\src\hotspot\share\interpreter\linkResolver.cpp, line 773]
Event: 226.663 Thread 0x000001c6768cdbe0 Exception <a 'java/lang/NoSuchMethodError'{0x00000000e7008cf0}: 'java.lang.Object java.lang.invoke.DirectMethodHandle$Holder.newInvokeSpecial(java.lang.Object, java.lang.Object, java.lang.Object, java.lang.Object, java.lang.Object, java.lang.Object, java.lang.Object, java.lang.Object, java.lang.Object, java.lang.Object, java.lang.Object, java.lang.Object, java.lang.Object)'> (0x00000000e7008cf0) 
thrown [s\src\hotspot\share\interpreter\linkResolver.cpp, line 773]
Event: 226.914 Thread 0x000001c6768cdbe0 Exception <a 'java/lang/NoSuchMethodError'{0x00000000e6b06f08}: 'int java.lang.invoke.DirectMethodHandle$Holder.invokeInterface(java.lang.Object, java.lang.Object, java.lang.Object, java.lang.Object)'> (0x00000000e6b06f08) 
thrown [s\src\hotspot\share\interpreter\linkResolver.cpp, line 773]
Event: 226.981 Thread 0x000001c6768cdbe0 Exception <a 'java/lang/NoSuchMethodError'{0x00000000e6ac6610}: 'java.lang.Object java.lang.invoke.DirectMethodHandle$Holder.invokeStatic(java.lang.Object, long, java.lang.Object)'> (0x00000000e6ac6610) 
thrown [s\src\hotspot\share\interpreter\linkResolver.cpp, line 773]
Event: 226.982 Thread 0x000001c6768cdbe0 Exception <a 'java/lang/NoSuchMethodError'{0x00000000e6acd6b0}: 'java.lang.Object java.lang.invoke.DirectMethodHandle$Holder.newInvokeSpecial(java.lang.Object, long)'> (0x00000000e6acd6b0) 
thrown [s\src\hotspot\share\interpreter\linkResolver.cpp, line 773]
Event: 226.996 Thread 0x000001c6768cdbe0 Exception <a 'java/lang/NoSuchMethodError'{0x00000000e69313d0}: 'java.lang.Object java.lang.invoke.DirectMethodHandle$Holder.newInvokeSpecial(java.lang.Object, java.lang.Object, java.lang.Object, java.lang.Object, java.lang.Object, long, java.lang.Object)'> (0x00000000e69313d0) 
thrown [s\src\hotspot\share\interpreter\linkResolver.cpp, line 773]
Event: 226.997 Thread 0x000001c6768cdbe0 Exception <a 'java/lang/NoSuchMethodError'{0x00000000e6939aa8}: 'java.lang.Object java.lang.invoke.Invokers$Holder.linkToTargetMethod(java.lang.Object, java.lang.Object, java.lang.Object, java.lang.Object, long, java.lang.Object, java.lang.Object)'> (0x00000000e6939aa8) 
thrown [s\src\hotspot\share\interpreter\linkResolver.cpp, line 773]
Event: 227.002 Thread 0x000001c6768cdbe0 Exception <a 'java/lang/NoSuchMethodError'{0x00000000e697eea0}: 'java.lang.Object java.lang.invoke.DirectMethodHandle$Holder.newInvokeSpecial(java.lang.Object, java.lang.Object, java.lang.Object, long, java.lang.Object)'> (0x00000000e697eea0) 
thrown [s\src\hotspot\share\interpreter\linkResolver.cpp, line 773]
Event: 227.002 Thread 0x000001c6768cdbe0 Exception <a 'java/lang/NoSuchMethodError'{0x00000000e69ac738}: 'java.lang.Object java.lang.invoke.DirectMethodHandle$Holder.invokeSpecial(java.lang.Object, java.lang.Object, java.lang.Object, java.lang.Object, long, java.lang.Object)'> (0x00000000e69ac738) 
thrown [s\src\hotspot\share\interpreter\linkResolver.cpp, line 773]
Event: 227.002 Thread 0x000001c6768cdbe0 Exception <a 'java/lang/NoSuchMethodError'{0x00000000e69b0c38}: 'java.lang.Object java.lang.invoke.Invokers$Holder.linkToTargetMethod(java.lang.Object, java.lang.Object, long, java.lang.Object, java.lang.Object)'> (0x00000000e69b0c38) 
thrown [s\src\hotspot\share\interpreter\linkResolver.cpp, line 773]
Event: 227.099 Thread 0x000001c6768cdbe0 Exception <a 'java/lang/NoSuchMethodError'{0x00000000e67f0398}: 'java.lang.Object java.lang.invoke.DirectMethodHandle$Holder.invokeSpecial(java.lang.Object, java.lang.Object, long, java.lang.Object, java.lang.Object)'> (0x00000000e67f0398) 
thrown [s\src\hotspot\share\interpreter\linkResolver.cpp, line 773]
Event: 227.746 Thread 0x000001c6768cdbe0 Exception <a 'java/lang/NoSuchMethodError'{0x00000000ef8ac230}: 'java.lang.Object java.lang.invoke.DirectMethodHandle$Holder.newInvokeSpecial(java.lang.Object, java.lang.Object, java.lang.Object, java.lang.Object, int, java.lang.Object)'> (0x00000000ef8ac230) 
thrown [s\src\hotspot\share\interpreter\linkResolver.cpp, line 773]
Event: 227.746 Thread 0x000001c6768cdbe0 Exception <a 'java/lang/NoSuchMethodError'{0x00000000ef8b4860}: 'java.lang.Object java.lang.invoke.Invokers$Holder.linkToTargetMethod(java.lang.Object, java.lang.Object, java.lang.Object, int, java.lang.Object, java.lang.Object)'> (0x00000000ef8b4860) 
thrown [s\src\hotspot\share\interpreter\linkResolver.cpp, line 773]

ZGC Phase Switch (0 events):
No events

VM Operations (20 events):
Event: 224.147 Executing VM operation: Cleanup done
Event: 225.861 Executing VM operation: HandshakeAllThreads (Deoptimize)
Event: 225.869 Executing VM operation: HandshakeAllThreads (Deoptimize) done
Event: 225.869 Executing VM operation: Cleanup
Event: 225.869 Executing VM operation: Cleanup done
Event: 226.879 Executing VM operation: Cleanup
Event: 226.879 Executing VM operation: Cleanup done
Event: 226.912 Executing VM operation: HandshakeAllThreads (Deoptimize)
Event: 226.912 Executing VM operation: HandshakeAllThreads (Deoptimize) done
Event: 227.070 Executing VM operation: HandshakeAllThreads (Deoptimize)
Event: 227.070 Executing VM operation: HandshakeAllThreads (Deoptimize) done
Event: 227.073 Executing VM operation: HandshakeAllThreads (Deoptimize)
Event: 227.073 Executing VM operation: HandshakeAllThreads (Deoptimize) done
Event: 227.102 Executing VM operation: G1CollectForAllocation (G1 Evacuation Pause)
Event: 227.314 Executing VM operation: G1CollectForAllocation (G1 Evacuation Pause) done
Event: 227.708 Executing VM operation: HandshakeAllThreads (Deoptimize)
Event: 227.708 Executing VM operation: HandshakeAllThreads (Deoptimize) done
Event: 227.987 Executing VM operation: ICBufferFull
Event: 227.988 Executing VM operation: ICBufferFull done
Event: 228.994 Executing VM operation: Cleanup

Memory protections (0 events):
No events

Nmethod flushes (20 events):
Event: 11.685 Thread 0x000001c65b8b17f0 flushing  nmethod 0x000001c648d86510
Event: 11.685 Thread 0x000001c65b8b17f0 flushing  nmethod 0x000001c648d86d90
Event: 11.685 Thread 0x000001c65b8b17f0 flushing  nmethod 0x000001c648d88690
Event: 11.685 Thread 0x000001c65b8b17f0 flushing  nmethod 0x000001c648d88b10
Event: 11.685 Thread 0x000001c65b8b17f0 flushing  nmethod 0x000001c648d89490
Event: 11.685 Thread 0x000001c65b8b17f0 flushing  nmethod 0x000001c648d89790
Event: 11.685 Thread 0x000001c65b8b17f0 flushing  nmethod 0x000001c648d95590
Event: 11.685 Thread 0x000001c65b8b17f0 flushing  nmethod 0x000001c648d96910
Event: 11.685 Thread 0x000001c65b8b17f0 flushing  nmethod 0x000001c648d97610
Event: 11.685 Thread 0x000001c65b8b17f0 flushing  nmethod 0x000001c648d97c10
Event: 11.685 Thread 0x000001c65b8b17f0 flushing  nmethod 0x000001c648d98f10
Event: 11.685 Thread 0x000001c65b8b17f0 flushing  nmethod 0x000001c648da2790
Event: 11.685 Thread 0x000001c65b8b17f0 flushing  nmethod 0x000001c648da5510
Event: 11.685 Thread 0x000001c65b8b17f0 flushing  nmethod 0x000001c648f30510
Event: 11.685 Thread 0x000001c65b8b17f0 flushing  nmethod 0x000001c648f32610
Event: 11.685 Thread 0x000001c65b8b17f0 flushing  nmethod 0x000001c648f34a10
Event: 11.685 Thread 0x000001c65b8b17f0 flushing  nmethod 0x000001c648f34d90
Event: 11.685 Thread 0x000001c65b8b17f0 flushing  nmethod 0x000001c648f37710
Event: 11.685 Thread 0x000001c65b8b17f0 flushing  nmethod 0x000001c648f38f10
Event: 11.685 Thread 0x000001c65b8b17f0 flushing  nmethod 0x000001c648f7fe10

Events (20 events):
Event: 227.682 Thread 0x000001c6768cdbe0 Thread added: 0x000001c675ad1ca0
Event: 227.682 Thread 0x000001c6768cdbe0 Thread added: 0x000001c675ad29c0
Event: 227.682 Thread 0x000001c6768cdbe0 Thread added: 0x000001c675ad57b0
Event: 227.682 Thread 0x000001c6768cdbe0 Thread added: 0x000001c675ad6b60
Event: 227.683 Thread 0x000001c6768cdbe0 Thread added: 0x000001c675ad36e0
Event: 227.683 Thread 0x000001c6768cdbe0 Thread added: 0x000001c675ad3d70
Event: 227.683 Thread 0x000001c6768cdbe0 Thread added: 0x000001c675ad71f0
Event: 227.683 Thread 0x000001c6768cdbe0 Thread added: 0x000001c675ad5e40
Event: 227.683 Thread 0x000001c6768cdbe0 Thread added: 0x000001c675ad64d0
Event: 227.892 Thread 0x000001c6768cdbe0 Thread added: 0x000001c675ad4400
Event: 227.902 Thread 0x000001c6768cdbe0 Thread added: 0x000001c6768d0fd0
Event: 227.906 Thread 0x000001c6768cdbe0 Thread added: 0x000001c65bbd16b0
Event: 227.909 Thread 0x000001c6768cdbe0 Thread added: 0x000001c65bbd44a0
Event: 227.913 Thread 0x000001c6768cdbe0 Thread added: 0x000001c65bbd3e10
Event: 227.925 Thread 0x000001c6768cdbe0 Thread added: 0x000001c65bbd3780
Event: 227.937 Thread 0x000001c6768cdbe0 Thread added: 0x000001c65bbd30f0
Event: 227.943 Thread 0x000001c6768cdbe0 Thread added: 0x000001c65bbd1d40
Event: 227.953 Thread 0x000001c6768cdbe0 Thread added: 0x000001c65bbd23d0
Event: 227.960 Thread 0x000001c6768cdbe0 Thread added: 0x000001c65bbd1020
Event: 227.962 Thread 0x000001c6768cdbe0 Thread added: 0x000001c65bbd4b30


Dynamic libraries:
0x00007ff66d5d0000 - 0x00007ff66d5de000 	C:\Users\dduc1\.jdks\ms-21.0.8\bin\java.exe
0x00007ffcaf400000 - 0x00007ffcaf669000 	C:\WINDOWS\SYSTEM32\ntdll.dll
0x00007ffcaddf0000 - 0x00007ffcadeb9000 	C:\WINDOWS\System32\KERNEL32.DLL
0x00007ffcaca70000 - 0x00007ffcace63000 	C:\WINDOWS\System32\KERNELBASE.dll
0x00007ffcac650000 - 0x00007ffcac79b000 	C:\WINDOWS\System32\ucrtbase.dll
0x00007ffca75d0000 - 0x00007ffca75e8000 	C:\Users\dduc1\.jdks\ms-21.0.8\bin\jli.dll
0x00007ffca7610000 - 0x00007ffca762e000 	C:\Users\dduc1\.jdks\ms-21.0.8\bin\VCRUNTIME140.dll
0x00007ffcad740000 - 0x00007ffcad904000 	C:\WINDOWS\System32\USER32.dll
0x00007ffcac620000 - 0x00007ffcac647000 	C:\WINDOWS\System32\win32u.dll
0x00007ffcadb00000 - 0x00007ffcadb2b000 	C:\WINDOWS\System32\GDI32.dll
0x00007ffcace70000 - 0x00007ffcacf9d000 	C:\WINDOWS\System32\gdi32full.dll
0x00007ffcacfa0000 - 0x00007ffcad043000 	C:\WINDOWS\System32\msvcp_win.dll
0x00007ffc8c6c0000 - 0x00007ffc8c953000 	C:\WINDOWS\WinSxS\amd64_microsoft.windows.common-controls_6595b64144ccf1df_6.0.26100.5074_none_3e0d6f78e32fd63f\COMCTL32.dll
0x00007ffcaf130000 - 0x00007ffcaf1d9000 	C:\WINDOWS\System32\msvcrt.dll
0x00007ffcaefc0000 - 0x00007ffcaefef000 	C:\WINDOWS\System32\IMM32.DLL
0x00007ffca6220000 - 0x00007ffca622c000 	C:\Users\dduc1\.jdks\ms-21.0.8\bin\vcruntime140_1.dll
0x00007ffc9a5a0000 - 0x00007ffc9a629000 	C:\Users\dduc1\.jdks\ms-21.0.8\bin\msvcp140.dll
0x00007ffc58f30000 - 0x00007ffc59cdc000 	C:\Users\dduc1\.jdks\ms-21.0.8\bin\server\jvm.dll
0x00007ffcaf000000 - 0x00007ffcaf0b4000 	C:\WINDOWS\System32\ADVAPI32.dll
0x00007ffcae360000 - 0x00007ffcae406000 	C:\WINDOWS\System32\sechost.dll
0x00007ffcadcd0000 - 0x00007ffcadde8000 	C:\WINDOWS\System32\RPCRT4.dll
0x00007ffcaeb60000 - 0x00007ffcaebd4000 	C:\WINDOWS\System32\WS2_32.dll
0x00007ffcab510000 - 0x00007ffcab56e000 	C:\WINDOWS\SYSTEM32\POWRPROF.dll
0x00007ffca1400000 - 0x00007ffca1435000 	C:\WINDOWS\SYSTEM32\WINMM.dll
0x00007ffca50d0000 - 0x00007ffca50db000 	C:\WINDOWS\SYSTEM32\VERSION.dll
0x00007ffcab4f0000 - 0x00007ffcab504000 	C:\WINDOWS\SYSTEM32\UMPDC.dll
0x00007ffcab3a0000 - 0x00007ffcab3bb000 	C:\WINDOWS\SYSTEM32\kernel.appcore.dll
0x00007ffca6210000 - 0x00007ffca621a000 	C:\Users\dduc1\.jdks\ms-21.0.8\bin\jimage.dll
0x00007ffca9f70000 - 0x00007ffcaa1b2000 	C:\WINDOWS\SYSTEM32\DBGHELP.DLL
0x00007ffcadfe0000 - 0x00007ffcae35b000 	C:\WINDOWS\System32\combase.dll
0x00007ffcaebf0000 - 0x00007ffcaecc7000 	C:\WINDOWS\System32\OLEAUT32.dll
0x00007ffc9f050000 - 0x00007ffc9f08d000 	C:\WINDOWS\SYSTEM32\dbgcore.DLL
0x00007ffcac7a0000 - 0x00007ffcac839000 	C:\WINDOWS\System32\bcryptPrimitives.dll
0x00007ffc9f2e0000 - 0x00007ffc9f2f0000 	C:\Users\dduc1\.jdks\ms-21.0.8\bin\instrument.dll
0x00007ffc9f180000 - 0x00007ffc9f1a1000 	C:\Users\dduc1\.jdks\ms-21.0.8\bin\java.dll
0x00007ffcae410000 - 0x00007ffcaeb5d000 	C:\WINDOWS\System32\SHELL32.dll
0x00007ffcac900000 - 0x00007ffcaca6c000 	C:\WINDOWS\System32\wintypes.dll
0x00007ffcaa1d0000 - 0x00007ffcaaa29000 	C:\WINDOWS\SYSTEM32\windows.storage.dll
0x00007ffcad910000 - 0x00007ffcada00000 	C:\WINDOWS\System32\SHCORE.dll
0x00007ffcaf0c0000 - 0x00007ffcaf122000 	C:\WINDOWS\System32\shlwapi.dll
0x00007ffcac4b0000 - 0x00007ffcac4d9000 	C:\WINDOWS\SYSTEM32\profapi.dll
0x00007ffc6fc90000 - 0x00007ffc6fd66000 	C:\Users\dduc1\.jdks\ms-21.0.8\bin\jsvml.dll
0x00007ffc9f160000 - 0x00007ffc9f178000 	C:\Users\dduc1\.jdks\ms-21.0.8\bin\zip.dll
0x00007ffc99de0000 - 0x00007ffc99df1000 	C:\Users\dduc1\.jdks\ms-21.0.8\bin\net.dll
0x00007ffca5f40000 - 0x00007ffca605f000 	C:\WINDOWS\SYSTEM32\WINHTTP.dll
0x00007ffcab9c0000 - 0x00007ffcaba2b000 	C:\WINDOWS\system32\mswsock.dll
0x00007ffc99dc0000 - 0x00007ffc99dd6000 	C:\Users\dduc1\.jdks\ms-21.0.8\bin\nio.dll
0x00007ffc9f2d0000 - 0x00007ffc9f2e0000 	C:\Users\dduc1\.jdks\ms-21.0.8\bin\verify.dll
0x00007ffca6230000 - 0x00007ffca6257000 	C:\Users\dduc1\.gradle\native\1def1411415f61bf3af743bc5b6707747c0891f09f0c88961ee8f79bc544acac\windows-amd64\native-platform.dll
0x00007ffc99b10000 - 0x00007ffc99b88000 	C:\Users\dduc1\.gradle\native\0.2.7\x86_64-windows-gnu\gradle-fileevents.dll
0x00007ffc9f1f0000 - 0x00007ffc9f1fa000 	C:\Users\dduc1\.jdks\ms-21.0.8\bin\management.dll
0x00007ffc9f150000 - 0x00007ffc9f15c000 	C:\Users\dduc1\.jdks\ms-21.0.8\bin\management_ext.dll
0x00007ffcad1d0000 - 0x00007ffcad1d8000 	C:\WINDOWS\System32\PSAPI.DLL
0x00007ffcaada0000 - 0x00007ffcaadd4000 	C:\WINDOWS\SYSTEM32\IPHLPAPI.DLL
0x00007ffcaefb0000 - 0x00007ffcaefba000 	C:\WINDOWS\System32\NSI.dll
0x00007ffc9a590000 - 0x00007ffc9a599000 	C:\Users\dduc1\.jdks\ms-21.0.8\bin\extnet.dll
0x00007ffcabc90000 - 0x00007ffcabcab000 	C:\WINDOWS\SYSTEM32\CRYPTSP.dll
0x00007ffcab300000 - 0x00007ffcab33b000 	C:\WINDOWS\system32\rsaenh.dll
0x00007ffcaba60000 - 0x00007ffcaba8b000 	C:\WINDOWS\SYSTEM32\USERENV.dll
0x00007ffcac480000 - 0x00007ffcac4a6000 	C:\WINDOWS\SYSTEM32\bcrypt.dll
0x00007ffcabcb0000 - 0x00007ffcabcbc000 	C:\WINDOWS\SYSTEM32\CRYPTBASE.dll
0x00007ffc9a530000 - 0x00007ffc9a53e000 	C:\Users\dduc1\.jdks\ms-21.0.8\bin\sunmscapi.dll
0x00007ffcad050000 - 0x00007ffcad1c7000 	C:\WINDOWS\System32\CRYPT32.dll
0x00007ffcabed0000 - 0x00007ffcabf00000 	C:\WINDOWS\SYSTEM32\ncrypt.dll
0x00007ffcabe80000 - 0x00007ffcabebf000 	C:\WINDOWS\SYSTEM32\NTASN1.dll
0x00007ffc7fe20000 - 0x00007ffc7fe28000 	C:\WINDOWS\system32\wshunix.dll

JVMTI agents:
C:\Users\dduc1\.gradle\wrapper\dists\gradle-8.14.3-bin\cv11ve7ro1n3o1j4so8xd9n66\gradle-8.14.3\lib\agents\gradle-instrumentation-agent-8.14.3.jar path:C:\Users\dduc1\.jdks\ms-21.0.8\bin\instrument.dll, loaded, initialized, instrumentlib options:none

dbghelp: loaded successfully - version: 4.0.5 - missing functions: none
symbol engine: initialized successfully - sym options: 0x614 - pdb path: .;C:\Users\dduc1\.jdks\ms-21.0.8\bin;C:\WINDOWS\SYSTEM32;C:\WINDOWS\WinSxS\amd64_microsoft.windows.common-controls_6595b64144ccf1df_6.0.26100.5074_none_3e0d6f78e32fd63f;C:\Users\dduc1\.jdks\ms-21.0.8\bin\server;C:\Users\dduc1\.gradle\native\1def1411415f61bf3af743bc5b6707747c0891f09f0c88961ee8f79bc544acac\windows-amd64;C:\Users\dduc1\.gradle\native\0.2.7\x86_64-windows-gnu

VM Arguments:
jvm_args: --add-opens=java.base/java.lang=ALL-UNNAMED --add-opens=java.base/java.lang.invoke=ALL-UNNAMED --add-opens=java.base/java.util=ALL-UNNAMED --add-opens=java.prefs/java.util.prefs=ALL-UNNAMED --add-exports=jdk.compiler/com.sun.tools.javac.api=ALL-UNNAMED --add-exports=jdk.compiler/com.sun.tools.javac.util=ALL-UNNAMED --add-opens=java.base/java.util=ALL-UNNAMED --add-opens=java.prefs/java.util.prefs=ALL-UNNAMED --add-opens=java.base/java.nio.charset=ALL-UNNAMED --add-opens=java.base/java.net=ALL-UNNAMED --add-opens=java.base/java.util.concurrent.atomic=ALL-UNNAMED --add-opens=java.xml/javax.xml.namespace=ALL-UNNAMED -XX:MaxMetaspaceSize=384m -XX:+HeapDumpOnOutOfMemoryError -Xms256m -Xmx512m -Dfile.encoding=windows-1252 -Duser.country=US -Duser.language=en -Duser.variant -javaagent:C:\Users\dduc1\.gradle\wrapper\dists\gradle-8.14.3-bin\cv11ve7ro1n3o1j4so8xd9n66\gradle-8.14.3\lib\agents\gradle-instrumentation-agent-8.14.3.jar 
java_command: org.gradle.launcher.daemon.bootstrap.GradleDaemon 8.14.3
java_class_path (initial): C:\Users\dduc1\.gradle\wrapper\dists\gradle-8.14.3-bin\cv11ve7ro1n3o1j4so8xd9n66\gradle-8.14.3\lib\gradle-daemon-main-8.14.3.jar
Launcher Type: SUN_STANDARD

[Global flags]
     intx CICompilerCount                          = 4                                         {product} {ergonomic}
   size_t CompressedClassSpaceSize                 = 335544320                                 {product} {ergonomic}
     uint ConcGCThreads                            = 3                                         {product} {ergonomic}
     uint G1ConcRefinementThreads                  = 10                                        {product} {ergonomic}
   size_t G1HeapRegionSize                         = 1048576                                   {product} {ergonomic}
    uintx GCDrainStackTargetSize                   = 64                                        {product} {ergonomic}
     bool HeapDumpOnOutOfMemoryError               = true                                   {manageable} {command line}
   size_t InitialHeapSize                          = 268435456                                 {product} {command line}
   size_t MarkStackSize                            = 4194304                                   {product} {ergonomic}
   size_t MaxHeapSize                              = 536870912                                 {product} {command line}
   size_t MaxMetaspaceSize                         = 402653184                                 {product} {command line}
   size_t MaxNewSize                               = 321912832                                 {product} {ergonomic}
   size_t MinHeapDeltaBytes                        = 1048576                                   {product} {ergonomic}
   size_t MinHeapSize                              = 268435456                                 {product} {command line}
    uintx NonNMethodCodeHeapSize                   = 5839372                                {pd product} {ergonomic}
    uintx NonProfiledCodeHeapSize                  = 122909434                              {pd product} {ergonomic}
    uintx ProfiledCodeHeapSize                     = 122909434                              {pd product} {ergonomic}
    uintx ReservedCodeCacheSize                    = 251658240                              {pd product} {ergonomic}
     bool SegmentedCodeCache                       = true                                      {product} {ergonomic}
   size_t SoftMaxHeapSize                          = 536870912                              {manageable} {ergonomic}
     bool UseCompressedOops                        = true                           {product lp64_product} {ergonomic}
     bool UseG1GC                                  = true                                      {product} {ergonomic}
     bool UseLargePagesIndividualAllocation        = false                                  {pd product} {ergonomic}

Logging:
Log output configuration:
 #0: stdout all=warning uptime,level,tags foldmultilines=false
 #1: stderr all=off uptime,level,tags foldmultilines=false

Environment Variables:
PATH=E:\PYTHON\Scripts\;E:\PYTHON\;C:\Program Files\Common Files\Oracle\Java\javapath;C:\Windows\system32;C:\Windows;C:\Windows\System32\Wbem;C:\Windows\System32\WindowsPowerShell\v1.0\;C:\Windows\System32\OpenSSH\;C:\Program Files (x86)\NVIDIA Corporation\PhysX\Common;C:\Program Files\NVIDIA Corporation\NVIDIA NvDLISR;C:\WINDOWS\system32;C:\WINDOWS;C:\WINDOWS\System32\Wbem;C:\WINDOWS\System32\WindowsPowerShell\v1.0\;C:\WINDOWS\System32\OpenSSH\;E:\GIT\cmd;D:\important file JAVA\bin;C:\ProgramData\chocolatey\bin;C:\msys64\ucrt64\bin;C:\Program Files\Microsoft SQL Server\150\Tools\Binn\;C:\Program Files\Microsoft SQL Server\Client SDK\ODBC\170\Tools\Binn\;D:\gradle-8.12\bin;C:\Program Files\dotnet\;C:\Program Files (x86)\Windows Kits\10\Windows Performance Toolkit\;C:\Users\dduc1\AppData\Local\nvm;C:\nvm4w\nodejs;C:\Program Files\Docker\Docker\resources\bin;C:\Users\dduc1\AppData\Local\Programs\Python\Launcher\;C:\Users\dduc1\AppData\Local\Microsoft\WindowsApps;D:\VScode\Microsoft VS Code\bin;E:\PYTHON;C:\Users\dduc1\AppData\Roaming\npm;E:\PYTHON\Lib;E:\PYTHON\Scripts;D:\Intellij IDEA\IntelliJ IDEA 2024.1.4\bin;;C:\Users\dduc1\.dotnet\tools;C:\Program Files\dotnet\sdk\9.0.101;%JetBrains Rider%;D:\gradle-8.12\bin;C:\Users\dduc1\AppData\Local\nvm;C:\nvm4w\nodejs
USERNAME=dduc1
OS=Windows_NT
PROCESSOR_IDENTIFIER=AMD64 Family 25 Model 80 Stepping 0, AuthenticAMD
TMP=C:\Users\dduc1\AppData\Local\Temp
TEMP=C:\Users\dduc1\AppData\Local\Temp




Periodic native trim disabled

---------------  S Y S T E M  ---------------

OS:
 Windows 11 , 64 bit Build 26100 (10.0.26100.5074)
OS uptime: 4 days 2:56 hours
Hyper-V role detected

CPU: total 12 (initial active 12) (12 cores per cpu, 2 threads per core) family 25 model 80 stepping 0 microcode 0xa50000c, cx8, cmov, fxsr, ht, mmx, 3dnowpref, sse, sse2, sse3, ssse3, sse4a, sse4.1, sse4.2, popcnt, lzcnt, tsc, tscinvbit, avx, avx2, aes, erms, clmul, bmi1, bmi2, adx, sha, fma, vzeroupper, clflush, clflushopt, hv, rdtscp, rdpid, fsrm, f16c, cet_ss
Processor Information for the first 12 processors :
  Max Mhz: 3301, Current Mhz: 3301, Mhz Limit: 3301

Memory: 4k page, system-wide physical 15724M (243M free)
TotalPageFile size 46992M (AvailPageFile size 190M)
current process WorkingSet (physical memory assigned to process): 238M, peak: 325M
current process commit charge ("private bytes"): 485M, peak: 491M

vm_info: OpenJDK 64-Bit Server VM (21.0.8+9-LTS) for windows-amd64 JRE (21.0.8+9-LTS), built on 2025-07-10T20:22:44Z by "MicrosoftCorporation" with unknown MS VC++:1944

END.
